nohup: ignoring input
QCY: cuda is available
YQC: you will use sumo~
building world...
Connection ID debug
QCY: agent: SOTL Agent has no Network model
QCY: num_agent:  49
QCY: model_mapping setting name:  sotl
QCY: task_mapping:  {'base': <class 'task.task.BaseTask'>, 'tsc': <class 'task.task.TSCTask'>}
QCY: GPU: 0
QCY: model_mapping setting train_model:  False
QCY: model_mapping setting test_model:  True
QCY: testing step0   2023-06-23 11:56:55.733250
QCY: testing step10   2023-06-23 11:56:55.904476
QCY: testing step20   2023-06-23 11:56:56.043777
QCY: testing step30   2023-06-23 11:56:56.183327
QCY: testing step40   2023-06-23 11:56:56.320949
intersection_3_1 malfunction
QCY: testing step50   2023-06-23 11:56:56.465305
QCY: testing step60   2023-06-23 11:56:56.610365
QCY: testing step70   2023-06-23 11:56:56.761342
QCY: testing step80   2023-06-23 11:56:56.928489
QCY: testing step90   2023-06-23 11:56:57.106357
QCY: testing step100   2023-06-23 11:56:57.290280
QCY: testing step110   2023-06-23 11:56:57.464790
QCY: testing step120   2023-06-23 11:56:57.636209
QCY: testing step130   2023-06-23 11:56:57.821365
QCY: testing step140   2023-06-23 11:56:58.018419
QCY: testing step150   2023-06-23 11:56:58.215636
QCY: testing step160   2023-06-23 11:56:58.421652
QCY: testing step170   2023-06-23 11:56:58.632811
QCY: testing step180   2023-06-23 11:56:58.847931
QCY: testing step190   2023-06-23 11:56:59.071540
QCY: testing step200   2023-06-23 11:56:59.305358
QCY: testing step210   2023-06-23 11:56:59.610063
QCY: testing step220   2023-06-23 11:56:59.866141
QCY: testing step230   2023-06-23 11:57:00.207154
QCY: testing step240   2023-06-23 11:57:00.461966
QCY: testing step250   2023-06-23 11:57:00.778089
QCY: testing step260   2023-06-23 11:57:01.041145
QCY: testing step270   2023-06-23 11:57:01.308457
QCY: testing step280   2023-06-23 11:57:01.581727
QCY: testing step290   2023-06-23 11:57:01.860851
intersection_4_1 malfunction
QCY: testing step300   2023-06-23 11:57:02.143351
QCY: testing step310   2023-06-23 11:57:02.442852
QCY: testing step320   2023-06-23 11:57:02.749447
QCY: testing step330   2023-06-23 11:57:03.066839
intersection_5_2 malfunction
intersection_6_4 malfunction
QCY: testing step340   2023-06-23 11:57:03.394069
QCY: testing step350   2023-06-23 11:57:03.715626
QCY: testing step360   2023-06-23 11:57:04.036304
QCY: testing step370   2023-06-23 11:57:04.363888
intersection_5_6 malfunction
QCY: testing step380   2023-06-23 11:57:04.704261
QCY: testing step390   2023-06-23 11:57:05.053240
intersection_7_3 malfunction
QCY: testing step400   2023-06-23 11:57:05.484642
QCY: testing step410   2023-06-23 11:57:05.937955
QCY: testing step420   2023-06-23 11:57:06.308236
QCY: testing step430   2023-06-23 11:57:06.681805
QCY: testing step440   2023-06-23 11:57:07.074323
QCY: testing step450   2023-06-23 11:57:07.512910
QCY: testing step460   2023-06-23 11:57:07.931217
QCY: testing step470   2023-06-23 11:57:08.337302
intersection_6_7 malfunction
QCY: testing step480   2023-06-23 11:57:08.753971
QCY: testing step490   2023-06-23 11:57:09.218236
QCY: testing step500   2023-06-23 11:57:09.652788
intersection_1_7 malfunction
QCY: testing step510   2023-06-23 11:57:10.105198
intersection_4_1 repaired
QCY: testing step520   2023-06-23 11:57:10.622429
intersection_4_5 malfunction
QCY: testing step530   2023-06-23 11:57:11.065392
intersection_3_1 repaired
QCY: testing step540   2023-06-23 11:57:11.515856
QCY: testing step550   2023-06-23 11:57:11.978093
QCY: testing step560   2023-06-23 11:57:12.727257
QCY: testing step570   2023-06-23 11:57:13.252757
QCY: testing step580   2023-06-23 11:57:13.724222
QCY: testing step590   2023-06-23 11:57:14.211933
QCY: testing step600   2023-06-23 11:57:14.699303
QCY: testing step610   2023-06-23 11:57:15.260537
QCY: testing step620   2023-06-23 11:57:15.759457
intersection_2_6 malfunction
QCY: testing step630   2023-06-23 11:57:16.251949
QCY: testing step640   2023-06-23 11:57:16.762960
QCY: testing step650   2023-06-23 11:57:17.390739
QCY: testing step660   2023-06-23 11:57:17.956183
QCY: testing step670   2023-06-23 11:57:18.477702
QCY: testing step680   2023-06-23 11:57:18.995126
QCY: testing step690   2023-06-23 11:57:19.549306
QCY: testing step700   2023-06-23 11:57:20.070273
intersection_2_3 malfunction
QCY: testing step710   2023-06-23 11:57:20.593964
QCY: testing step720   2023-06-23 11:57:21.138340
QCY: testing step730   2023-06-23 11:57:21.669292
QCY: testing step740   2023-06-23 11:57:22.205095
QCY: testing step750   2023-06-23 11:57:22.747623
QCY: testing step760   2023-06-23 11:57:23.295903
QCY: testing step770   2023-06-23 11:57:23.889814
QCY: testing step780   2023-06-23 11:57:24.464874
QCY: testing step790   2023-06-23 11:57:25.036358
QCY: testing step800   2023-06-23 11:57:25.613528
QCY: testing step810   2023-06-23 11:57:26.279825
intersection_5_2 repaired
QCY: testing step820   2023-06-23 11:57:26.867431
QCY: testing step830   2023-06-23 11:57:27.519987
intersection_6_4 repaired
QCY: testing step840   2023-06-23 11:57:28.098965
QCY: testing step850   2023-06-23 11:57:28.691991
QCY: testing step860   2023-06-23 11:57:29.306425
QCY: testing step870   2023-06-23 11:57:29.939341
intersection_7_5 malfunction
QCY: testing step880   2023-06-23 11:57:30.583989
QCY: testing step890   2023-06-23 11:57:31.215645
QCY: testing step900   2023-06-23 11:57:31.832136
intersection_7_3 repaired
QCY: testing step910   2023-06-23 11:57:32.442655
QCY: testing step920   2023-06-23 11:57:33.066144
QCY: testing step930   2023-06-23 11:57:33.683661
QCY: testing step940   2023-06-23 11:57:34.384702
intersection_2_3 repaired
QCY: testing step950   2023-06-23 11:57:35.044928
QCY: testing step960   2023-06-23 11:57:35.757900
QCY: testing step970   2023-06-23 11:57:36.479468
QCY: testing step980   2023-06-23 11:57:37.129212
QCY: testing step990   2023-06-23 11:57:37.841084
QCY: testing step1000   2023-06-23 11:57:38.501981
QCY: testing step1010   2023-06-23 11:57:39.261633
intersection_2_2 malfunction
QCY: testing step1020   2023-06-23 11:57:39.960574
QCY: testing step1030   2023-06-23 11:57:40.654760
QCY: testing step1040   2023-06-23 11:57:41.350549
QCY: testing step1050   2023-06-23 11:57:42.109473
QCY: testing step1060   2023-06-23 11:57:42.829057
QCY: testing step1070   2023-06-23 11:57:43.515276
intersection_2_2 repaired
QCY: testing step1080   2023-06-23 11:57:44.205099
QCY: testing step1090   2023-06-23 11:57:44.916672
intersection_3_5 malfunction
QCY: testing step1100   2023-06-23 11:57:45.663885
QCY: testing step1110   2023-06-23 11:57:46.401214
intersection_7_5 repaired
QCY: testing step1120   2023-06-23 11:57:47.146763
QCY: testing step1130   2023-06-23 11:57:47.906529
QCY: testing step1140   2023-06-23 11:57:48.680393
QCY: testing step1150   2023-06-23 11:57:49.439595
intersection_6_7 repaired
QCY: testing step1160   2023-06-23 11:57:50.227446
QCY: testing step1170   2023-06-23 11:57:51.008148
QCY: testing step1180   2023-06-23 11:57:51.769035
QCY: testing step1190   2023-06-23 11:57:52.526253
intersection_6_3 malfunction
QCY: testing step1200   2023-06-23 11:57:53.527457
intersection_1_7 repaired
intersection_4_5 repaired
QCY: testing step1210   2023-06-23 11:57:54.364934
QCY: testing step1220   2023-06-23 11:57:55.146512
QCY: testing step1230   2023-06-23 11:57:55.949506
QCY: testing step1240   2023-06-23 11:57:56.764034
intersection_4_3 malfunction
QCY: testing step1250   2023-06-23 11:57:57.569076
QCY: testing step1260   2023-06-23 11:57:58.571053
QCY: testing step1270   2023-06-23 11:57:59.367914
intersection_6_3 repaired
QCY: testing step1280   2023-06-23 11:58:00.176756
intersection_2_6 repaired
QCY: testing step1290   2023-06-23 11:58:00.984288
QCY: testing step1300   2023-06-23 11:58:01.799355
QCY: testing step1310   2023-06-23 11:58:02.613907
QCY: testing step1320   2023-06-23 11:58:03.472385
intersection_4_4 malfunction
QCY: testing step1330   2023-06-23 11:58:04.427980
QCY: testing step1340   2023-06-23 11:58:05.583844
QCY: testing step1350   2023-06-23 11:58:06.537428
QCY: testing step1360   2023-06-23 11:58:07.484373
QCY: testing step1370   2023-06-23 11:58:08.488597
QCY: testing step1380   2023-06-23 11:58:09.438357
QCY: testing step1390   2023-06-23 11:58:10.334913
QCY: testing step1400   2023-06-23 11:58:11.223454
intersection_5_7 malfunction
QCY: testing step1410   2023-06-23 11:58:12.091549
QCY: testing step1420   2023-06-23 11:58:13.090976
QCY: testing step1430   2023-06-23 11:58:14.003038
QCY: testing step1440   2023-06-23 11:58:14.871916
intersection_4_4 repaired
QCY: testing step1450   2023-06-23 11:58:15.737014
intersection_3_5 repaired
QCY: testing step1460   2023-06-23 11:58:16.608012
QCY: testing step1470   2023-06-23 11:58:17.480283
QCY: testing step1480   2023-06-23 11:58:18.440490
QCY: testing step1490   2023-06-23 11:58:19.320784
QCY: testing step1500   2023-06-23 11:58:20.304197
intersection_2_7 malfunction
intersection_4_3 repaired
QCY: testing step1510   2023-06-23 11:58:21.219192
QCY: testing step1520   2023-06-23 11:58:22.102412
QCY: testing step1530   2023-06-23 11:58:23.083272
QCY: testing step1540   2023-06-23 11:58:24.050870
intersection_2_5 malfunction
QCY: testing step1550   2023-06-23 11:58:24.950718
intersection_5_6 repaired
QCY: testing step1560   2023-06-23 11:58:25.869992
QCY: testing step1570   2023-06-23 11:58:26.766000
QCY: testing step1580   2023-06-23 11:58:27.651441
QCY: testing step1590   2023-06-23 11:58:28.591065
QCY: testing step1600   2023-06-23 11:58:29.485664
QCY: testing step1610   2023-06-23 11:58:30.407106
QCY: testing step1620   2023-06-23 11:58:31.380383
QCY: testing step1630   2023-06-23 11:58:32.304149
intersection_2_5 repaired
QCY: testing step1640   2023-06-23 11:58:33.186031
QCY: testing step1650   2023-06-23 11:58:34.080854
QCY: testing step1660   2023-06-23 11:58:34.961872
QCY: testing step1670   2023-06-23 11:58:35.858889
intersection_1_5 malfunction
intersection_2_4 malfunction
QCY: testing step1680   2023-06-23 11:58:36.807092
QCY: testing step1690   2023-06-23 11:58:37.771211
QCY: testing step1700   2023-06-23 11:58:38.747324
QCY: testing step1710   2023-06-23 11:58:39.689669
QCY: testing step1720   2023-06-23 11:58:40.626371
QCY: testing step1730   2023-06-23 11:58:41.550278
QCY: testing step1740   2023-06-23 11:58:42.454526
QCY: testing step1750   2023-06-23 11:58:43.382877
QCY: testing step1760   2023-06-23 11:58:44.341593
QCY: testing step1770   2023-06-23 11:58:45.299011
intersection_2_7 repaired
QCY: testing step1780   2023-06-23 11:58:46.225764
QCY: testing step1790   2023-06-23 11:58:47.163250
intersection_4_4 malfunction
QCY: testing step1800   2023-06-23 11:58:48.107146
QCY: testing step1810   2023-06-23 11:58:49.050815
intersection_4_4 repaired
QCY: testing step1820   2023-06-23 11:58:50.097423
QCY: testing step1830   2023-06-23 11:58:51.060032
QCY: testing step1840   2023-06-23 11:58:52.082513
QCY: testing step1850   2023-06-23 11:58:53.030304
QCY: testing step1860   2023-06-23 11:58:54.080821
QCY: testing step1870   2023-06-23 11:58:55.026153
QCY: testing step1880   2023-06-23 11:58:55.991099
QCY: testing step1890   2023-06-23 11:58:56.953855
QCY: testing step1900   2023-06-23 11:58:57.922914
QCY: testing step1910   2023-06-23 11:58:58.885472
intersection_7_1 malfunction
QCY: testing step1920   2023-06-23 11:58:59.866712
QCY: testing step1930   2023-06-23 11:59:00.835900
QCY: testing step1940   2023-06-23 11:59:01.805850
QCY: testing step1950   2023-06-23 11:59:02.779287
QCY: testing step1960   2023-06-23 11:59:03.749472
QCY: testing step1970   2023-06-23 11:59:04.728519
intersection_1_7 malfunction
QCY: testing step1980   2023-06-23 11:59:05.763870
QCY: testing step1990   2023-06-23 11:59:06.756424
QCY: testing step2000   2023-06-23 11:59:07.747330
QCY: testing step2010   2023-06-23 11:59:08.712568
QCY: testing step2020   2023-06-23 11:59:09.729560
QCY: testing step2030   2023-06-23 11:59:10.693684
QCY: testing step2040   2023-06-23 11:59:11.666626
QCY: testing step2050   2023-06-23 11:59:12.641765
QCY: testing step2060   2023-06-23 11:59:13.641619
QCY: testing step2070   2023-06-23 11:59:14.644881
QCY: testing step2080   2023-06-23 11:59:15.651947
intersection_7_1 repaired
QCY: testing step2090   2023-06-23 11:59:16.653173
QCY: testing step2100   2023-06-23 11:59:17.654748
QCY: testing step2110   2023-06-23 11:59:18.639395
QCY: testing step2120   2023-06-23 11:59:19.628351
QCY: testing step2130   2023-06-23 11:59:20.625225
QCY: testing step2140   2023-06-23 11:59:21.617257
QCY: testing step2150   2023-06-23 11:59:22.617686
QCY: testing step2160   2023-06-23 11:59:23.637649
QCY: testing step2170   2023-06-23 11:59:24.655390
QCY: testing step2180   2023-06-23 11:59:25.677071
QCY: testing step2190   2023-06-23 11:59:26.697613
QCY: testing step2200   2023-06-23 11:59:27.717701
QCY: testing step2210   2023-06-23 11:59:28.721782
QCY: testing step2220   2023-06-23 11:59:29.797948
QCY: testing step2230   2023-06-23 11:59:30.815582
QCY: testing step2240   2023-06-23 11:59:31.876287
QCY: testing step2250   2023-06-23 11:59:32.855259
intersection_5_2 malfunction
QCY: testing step2260   2023-06-23 11:59:33.857392
QCY: testing step2270   2023-06-23 11:59:34.861210
QCY: testing step2280   2023-06-23 11:59:35.876987
QCY: testing step2290   2023-06-23 11:59:36.968911
QCY: testing step2300   2023-06-23 11:59:37.978996
QCY: testing step2310   2023-06-23 11:59:39.006961
QCY: testing step2320   2023-06-23 11:59:40.029886
QCY: testing step2330   2023-06-23 11:59:41.042090
QCY: testing step2340   2023-06-23 11:59:42.079863
QCY: testing step2350   2023-06-23 11:59:43.086456
QCY: testing step2360   2023-06-23 11:59:44.102195
intersection_5_2 repaired
QCY: testing step2370   2023-06-23 11:59:45.123439
QCY: testing step2380   2023-06-23 11:59:46.153087
QCY: testing step2390   2023-06-23 11:59:47.186001
QCY: testing step2400   2023-06-23 11:59:48.201272
QCY: testing step2410   2023-06-23 11:59:49.228114
QCY: testing step2420   2023-06-23 11:59:50.315086
QCY: testing step2430   2023-06-23 11:59:51.325547
QCY: testing step2440   2023-06-23 11:59:52.349268
QCY: testing step2450   2023-06-23 11:59:53.371317
QCY: testing step2460   2023-06-23 11:59:54.401137
QCY: testing step2470   2023-06-23 11:59:55.429664
QCY: testing step2480   2023-06-23 11:59:56.482087
QCY: testing step2490   2023-06-23 11:59:57.475384
intersection_1_2 malfunction
QCY: testing step2500   2023-06-23 11:59:58.497071
QCY: testing step2510   2023-06-23 11:59:59.566644
QCY: testing step2520   2023-06-23 12:00:00.625120
QCY: testing step2530   2023-06-23 12:00:01.702077
QCY: testing step2540   2023-06-23 12:00:02.861759
QCY: testing step2550   2023-06-23 12:00:03.961514
QCY: testing step2560   2023-06-23 12:00:05.048025
QCY: testing step2570   2023-06-23 12:00:06.116383
intersection_2_4 repaired
QCY: testing step2580   2023-06-23 12:00:07.186290
QCY: testing step2590   2023-06-23 12:00:08.261161
intersection_1_7 repaired
QCY: testing step2600   2023-06-23 12:00:09.337590
QCY: testing step2610   2023-06-23 12:00:10.437193
QCY: testing step2620   2023-06-23 12:00:11.595831
intersection_2_3 malfunction
QCY: testing step2630   2023-06-23 12:00:12.659778
QCY: testing step2640   2023-06-23 12:00:13.713653
QCY: testing step2650   2023-06-23 12:00:14.784985
QCY: testing step2660   2023-06-23 12:00:15.825754
intersection_2_3 repaired
QCY: testing step2670   2023-06-23 12:00:16.928655
QCY: testing step2680   2023-06-23 12:00:17.955367
QCY: testing step2690   2023-06-23 12:00:19.020911
QCY: testing step2700   2023-06-23 12:00:20.064638
QCY: testing step2710   2023-06-23 12:00:21.112669
QCY: testing step2720   2023-06-23 12:00:22.149661
QCY: testing step2730   2023-06-23 12:00:23.193746
QCY: testing step2740   2023-06-23 12:00:24.251404
QCY: testing step2750   2023-06-23 12:00:25.295554
QCY: testing step2760   2023-06-23 12:00:26.334237
QCY: testing step2770   2023-06-23 12:00:27.386278
QCY: testing step2780   2023-06-23 12:00:28.440047
intersection_3_2 malfunction
QCY: testing step2790   2023-06-23 12:00:29.496023
QCY: testing step2800   2023-06-23 12:00:30.539446
QCY: testing step2810   2023-06-23 12:00:31.590015
QCY: testing step2820   2023-06-23 12:00:32.735084
QCY: testing step2830   2023-06-23 12:00:33.822808
QCY: testing step2840   2023-06-23 12:00:34.924966
QCY: testing step2850   2023-06-23 12:00:36.005660
QCY: testing step2860   2023-06-23 12:00:37.093764
intersection_3_5 malfunction
QCY: testing step2870   2023-06-23 12:00:38.185884
QCY: testing step2880   2023-06-23 12:00:39.280998
QCY: testing step2890   2023-06-23 12:00:40.394873
intersection_6_7 malfunction
QCY: testing step2900   2023-06-23 12:00:41.512827
QCY: testing step2910   2023-06-23 12:00:42.629296
QCY: testing step2920   2023-06-23 12:00:43.735236
QCY: testing step2930   2023-06-23 12:00:44.845319
QCY: testing step2940   2023-06-23 12:00:45.970569
QCY: testing step2950   2023-06-23 12:00:47.095520
QCY: testing step2960   2023-06-23 12:00:48.242853
QCY: testing step2970   2023-06-23 12:00:49.356675
QCY: testing step2980   2023-06-23 12:00:50.473417
QCY: testing step2990   2023-06-23 12:00:51.659039
intersection_1_5 repaired
QCY: testing step3000   2023-06-23 12:00:52.777664
intersection_3_5 repaired
QCY: testing step3010   2023-06-23 12:00:53.921476
QCY: testing step3020   2023-06-23 12:00:55.201129
QCY: testing step3030   2023-06-23 12:00:56.367950
intersection_6_7 repaired
QCY: testing step3040   2023-06-23 12:00:57.485148
QCY: testing step3050   2023-06-23 12:00:58.621573
QCY: testing step3060   2023-06-23 12:00:59.762950
QCY: testing step3070   2023-06-23 12:01:00.930558
QCY: testing step3080   2023-06-23 12:01:02.105621
QCY: testing step3090   2023-06-23 12:01:03.251343
QCY: testing step3100   2023-06-23 12:01:04.364397
QCY: testing step3110   2023-06-23 12:01:05.466426
QCY: testing step3120   2023-06-23 12:01:06.569337
QCY: testing step3130   2023-06-23 12:01:07.665959
QCY: testing step3140   2023-06-23 12:01:08.819766
QCY: testing step3150   2023-06-23 12:01:09.952650
QCY: testing step3160   2023-06-23 12:01:11.070653
QCY: testing step3170   2023-06-23 12:01:12.182243
QCY: testing step3180   2023-06-23 12:01:13.315644
QCY: testing step3190   2023-06-23 12:01:14.428764
intersection_5_7 repaired
QCY: testing step3200   2023-06-23 12:01:15.543644
QCY: testing step3210   2023-06-23 12:01:16.669510
QCY: testing step3220   2023-06-23 12:01:17.802665
QCY: testing step3230   2023-06-23 12:01:18.980911
QCY: testing step3240   2023-06-23 12:01:20.078207
QCY: testing step3250   2023-06-23 12:01:21.171302
QCY: testing step3260   2023-06-23 12:01:22.262252
QCY: testing step3270   2023-06-23 12:01:23.351947
QCY: testing step3280   2023-06-23 12:01:24.437505
QCY: testing step3290   2023-06-23 12:01:25.517257
intersection_3_1 malfunction
QCY: testing step3300   2023-06-23 12:01:26.597266
intersection_5_5 malfunction
QCY: testing step3310   2023-06-23 12:01:27.704074
QCY: testing step3320   2023-06-23 12:01:28.828285
QCY: testing step3330   2023-06-23 12:01:29.910300
QCY: testing step3340   2023-06-23 12:01:30.948979
QCY: testing step3350   2023-06-23 12:01:31.975331
QCY: testing step3360   2023-06-23 12:01:33.004010
QCY: testing step3370   2023-06-23 12:01:34.031303
QCY: testing step3380   2023-06-23 12:01:35.072072
QCY: testing step3390   2023-06-23 12:01:36.115651
QCY: testing step3400   2023-06-23 12:01:37.151935
QCY: testing step3410   2023-06-23 12:01:38.210054
QCY: testing step3420   2023-06-23 12:01:39.236466
QCY: testing step3430   2023-06-23 12:01:40.359372
QCY: testing step3440   2023-06-23 12:01:41.399454
QCY: testing step3450   2023-06-23 12:01:42.422757
QCY: testing step3460   2023-06-23 12:01:43.446826
QCY: testing step3470   2023-06-23 12:01:44.489299
QCY: testing step3480   2023-06-23 12:01:45.556399
QCY: testing step3490   2023-06-23 12:01:46.611912
intersection_1_6 malfunction
QCY: testing step3500   2023-06-23 12:01:47.657240
intersection_7_3 malfunction
QCY: testing step3510   2023-06-23 12:01:48.714641
intersection_4_2 malfunction
QCY: testing step3520   2023-06-23 12:01:49.789785
intersection_1_6 repaired
QCY: testing step3530   2023-06-23 12:01:50.835116
QCY: testing step3540   2023-06-23 12:01:51.871059
QCY: testing step3550   2023-06-23 12:01:52.918716
QCY: testing step3560   2023-06-23 12:01:53.959495
intersection_3_1 repaired
QCY: testing step3570   2023-06-23 12:01:55.011075
QCY: testing step3580   2023-06-23 12:01:56.064722
QCY: testing step3590   2023-06-23 12:01:57.112860
2023-06-23 12:01:58 (INFO): Final Travel Time is 811.7290, mean rewards: -1770.7738, queue: 36.1989, delay: 2.2279, throughput: 1956
2023-06-23 12:01:58 (INFO): Total time taken: 303.1995544433594
