nohup: ignoring input
QCY: cuda is available
YQC: you will use sumo~
building world...
Connection ID debug
QCY: agent: FixedTime Agent has no Network model
QCY: num_agent:  49
QCY: model_mapping setting name:  fixedtime
QCY: task_mapping:  {'base': <class 'task.task.BaseTask'>, 'tsc': <class 'task.task.TSCTask'>}
QCY: GPU: 0
QCY: model_mapping setting train_model:  False
QCY: model_mapping setting test_model:  True
QCY: testing step0   2023-06-26 03:02:22.573460
QCY: testing step10   2023-06-26 03:02:22.723752
QCY: testing step20   2023-06-26 03:02:22.853336
QCY: testing step30   2023-06-26 03:02:22.981760
QCY: testing step40   2023-06-26 03:02:23.113204
QCY: testing step50   2023-06-26 03:02:23.244897
QCY: testing step60   2023-06-26 03:02:23.377588
QCY: testing step70   2023-06-26 03:02:23.514004
QCY: testing step80   2023-06-26 03:02:23.654151
QCY: testing step90   2023-06-26 03:02:23.796639
QCY: testing step100   2023-06-26 03:02:23.942788
QCY: testing step110   2023-06-26 03:02:24.095148
QCY: testing step120   2023-06-26 03:02:24.242771
QCY: testing step130   2023-06-26 03:02:24.398418
QCY: testing step140   2023-06-26 03:02:24.559056
QCY: testing step150   2023-06-26 03:02:24.743016
QCY: testing step160   2023-06-26 03:02:24.930668
QCY: testing step170   2023-06-26 03:02:25.110412
QCY: testing step180   2023-06-26 03:02:25.295299
QCY: testing step190   2023-06-26 03:02:25.483896
QCY: testing step200   2023-06-26 03:02:25.693108
QCY: testing step210   2023-06-26 03:02:25.945500
QCY: testing step220   2023-06-26 03:02:26.160777
QCY: testing step230   2023-06-26 03:02:26.381754
QCY: testing step240   2023-06-26 03:02:26.605704
QCY: testing step250   2023-06-26 03:02:26.835728
QCY: testing step260   2023-06-26 03:02:27.078291
QCY: testing step270   2023-06-26 03:02:27.317051
QCY: testing step280   2023-06-26 03:02:27.565295
QCY: testing step290   2023-06-26 03:02:27.860446
QCY: testing step300   2023-06-26 03:02:28.132079
QCY: testing step310   2023-06-26 03:02:28.382717
QCY: testing step320   2023-06-26 03:02:28.635841
QCY: testing step330   2023-06-26 03:02:28.896582
QCY: testing step340   2023-06-26 03:02:29.166788
QCY: testing step350   2023-06-26 03:02:29.439326
QCY: testing step360   2023-06-26 03:02:29.712391
QCY: testing step370   2023-06-26 03:02:29.975584
QCY: testing step380   2023-06-26 03:02:30.256516
QCY: testing step390   2023-06-26 03:02:30.541642
QCY: testing step400   2023-06-26 03:02:30.832688
QCY: testing step410   2023-06-26 03:02:31.183080
QCY: testing step420   2023-06-26 03:02:31.507639
QCY: testing step430   2023-06-26 03:02:31.832673
QCY: testing step440   2023-06-26 03:02:32.157816
QCY: testing step450   2023-06-26 03:02:32.500513
QCY: testing step460   2023-06-26 03:02:32.866313
QCY: testing step470   2023-06-26 03:02:33.218474
QCY: testing step480   2023-06-26 03:02:33.558730
QCY: testing step490   2023-06-26 03:02:33.922496
QCY: testing step500   2023-06-26 03:02:34.283948
QCY: testing step510   2023-06-26 03:02:34.717744
QCY: testing step520   2023-06-26 03:02:35.081205
QCY: testing step530   2023-06-26 03:02:35.450689
QCY: testing step540   2023-06-26 03:02:35.824563
QCY: testing step550   2023-06-26 03:02:36.201478
QCY: testing step560   2023-06-26 03:02:36.578126
QCY: testing step570   2023-06-26 03:02:36.958173
QCY: testing step580   2023-06-26 03:02:37.340866
QCY: testing step590   2023-06-26 03:02:37.745693
QCY: testing step600   2023-06-26 03:02:38.153053
QCY: testing step610   2023-06-26 03:02:38.647616
QCY: testing step620   2023-06-26 03:02:39.064703
QCY: testing step630   2023-06-26 03:02:39.485715
QCY: testing step640   2023-06-26 03:02:39.893464
QCY: testing step650   2023-06-26 03:02:40.310852
QCY: testing step660   2023-06-26 03:02:40.808384
QCY: testing step670   2023-06-26 03:02:41.221618
QCY: testing step680   2023-06-26 03:02:41.632091
QCY: testing step690   2023-06-26 03:02:42.038901
QCY: testing step700   2023-06-26 03:02:42.454320
QCY: testing step710   2023-06-26 03:02:42.863947
QCY: testing step720   2023-06-26 03:02:43.287539
QCY: testing step730   2023-06-26 03:02:43.718767
QCY: testing step740   2023-06-26 03:02:44.154191
QCY: testing step750   2023-06-26 03:02:44.597885
QCY: testing step760   2023-06-26 03:02:45.042748
QCY: testing step770   2023-06-26 03:02:45.498298
QCY: testing step780   2023-06-26 03:02:45.973978
QCY: testing step790   2023-06-26 03:02:46.436728
QCY: testing step800   2023-06-26 03:02:46.897017
QCY: testing step810   2023-06-26 03:02:47.434078
QCY: testing step820   2023-06-26 03:02:48.046929
QCY: testing step830   2023-06-26 03:02:48.564597
QCY: testing step840   2023-06-26 03:02:49.035882
QCY: testing step850   2023-06-26 03:02:49.504595
QCY: testing step860   2023-06-26 03:02:49.971690
QCY: testing step870   2023-06-26 03:02:50.443712
QCY: testing step880   2023-06-26 03:02:50.928430
QCY: testing step890   2023-06-26 03:02:51.418109
QCY: testing step900   2023-06-26 03:02:51.910185
QCY: testing step910   2023-06-26 03:02:52.394318
QCY: testing step920   2023-06-26 03:02:52.899808
QCY: testing step930   2023-06-26 03:02:53.386322
QCY: testing step940   2023-06-26 03:02:53.888894
QCY: testing step950   2023-06-26 03:02:54.390887
QCY: testing step960   2023-06-26 03:02:54.884757
QCY: testing step970   2023-06-26 03:02:55.374395
QCY: testing step980   2023-06-26 03:02:55.871258
QCY: testing step990   2023-06-26 03:02:56.370229
QCY: testing step1000   2023-06-26 03:02:56.889368
QCY: testing step1010   2023-06-26 03:02:57.467122
QCY: testing step1020   2023-06-26 03:02:57.987031
QCY: testing step1030   2023-06-26 03:02:58.518079
QCY: testing step1040   2023-06-26 03:02:59.057382
QCY: testing step1050   2023-06-26 03:02:59.596341
QCY: testing step1060   2023-06-26 03:03:00.126644
QCY: testing step1070   2023-06-26 03:03:00.660755
QCY: testing step1080   2023-06-26 03:03:01.196651
QCY: testing step1090   2023-06-26 03:03:01.758462
QCY: testing step1100   2023-06-26 03:03:02.310592
QCY: testing step1110   2023-06-26 03:03:02.866653
QCY: testing step1120   2023-06-26 03:03:03.421747
QCY: testing step1130   2023-06-26 03:03:03.973091
QCY: testing step1140   2023-06-26 03:03:04.524726
QCY: testing step1150   2023-06-26 03:03:05.093694
QCY: testing step1160   2023-06-26 03:03:05.671828
QCY: testing step1170   2023-06-26 03:03:06.242031
QCY: testing step1180   2023-06-26 03:03:06.798262
QCY: testing step1190   2023-06-26 03:03:07.369630
QCY: testing step1200   2023-06-26 03:03:07.945742
QCY: testing step1210   2023-06-26 03:03:08.573028
QCY: testing step1220   2023-06-26 03:03:09.191719
QCY: testing step1230   2023-06-26 03:03:09.780218
QCY: testing step1240   2023-06-26 03:03:10.371672
QCY: testing step1250   2023-06-26 03:03:10.959941
QCY: testing step1260   2023-06-26 03:03:11.556017
QCY: testing step1270   2023-06-26 03:03:12.155651
QCY: testing step1280   2023-06-26 03:03:12.789984
QCY: testing step1290   2023-06-26 03:03:13.407191
QCY: testing step1300   2023-06-26 03:03:14.035452
QCY: testing step1310   2023-06-26 03:03:14.692055
QCY: testing step1320   2023-06-26 03:03:15.336046
QCY: testing step1330   2023-06-26 03:03:15.968286
QCY: testing step1340   2023-06-26 03:03:16.613830
QCY: testing step1350   2023-06-26 03:03:17.262922
QCY: testing step1360   2023-06-26 03:03:17.905620
QCY: testing step1370   2023-06-26 03:03:18.560656
QCY: testing step1380   2023-06-26 03:03:19.210716
QCY: testing step1390   2023-06-26 03:03:19.845868
QCY: testing step1400   2023-06-26 03:03:20.487641
QCY: testing step1410   2023-06-26 03:03:21.127028
QCY: testing step1420   2023-06-26 03:03:21.840676
QCY: testing step1430   2023-06-26 03:03:22.514620
QCY: testing step1440   2023-06-26 03:03:23.183461
QCY: testing step1450   2023-06-26 03:03:23.836495
QCY: testing step1460   2023-06-26 03:03:24.500445
QCY: testing step1470   2023-06-26 03:03:25.162464
QCY: testing step1480   2023-06-26 03:03:25.826428
QCY: testing step1490   2023-06-26 03:03:26.501372
QCY: testing step1500   2023-06-26 03:03:27.169039
QCY: testing step1510   2023-06-26 03:03:27.843928
QCY: testing step1520   2023-06-26 03:03:28.515374
QCY: testing step1530   2023-06-26 03:03:29.186755
QCY: testing step1540   2023-06-26 03:03:29.870183
QCY: testing step1550   2023-06-26 03:03:30.562098
QCY: testing step1560   2023-06-26 03:03:31.247159
QCY: testing step1570   2023-06-26 03:03:31.924901
QCY: testing step1580   2023-06-26 03:03:32.622768
QCY: testing step1590   2023-06-26 03:03:33.304896
QCY: testing step1600   2023-06-26 03:03:33.985259
QCY: testing step1610   2023-06-26 03:03:34.672646
QCY: testing step1620   2023-06-26 03:03:35.398280
QCY: testing step1630   2023-06-26 03:03:36.082335
QCY: testing step1640   2023-06-26 03:03:36.787580
QCY: testing step1650   2023-06-26 03:03:37.482855
QCY: testing step1660   2023-06-26 03:03:38.168463
QCY: testing step1670   2023-06-26 03:03:38.869849
QCY: testing step1680   2023-06-26 03:03:39.556136
QCY: testing step1690   2023-06-26 03:03:40.260905
QCY: testing step1700   2023-06-26 03:03:40.956978
QCY: testing step1710   2023-06-26 03:03:41.658203
QCY: testing step1720   2023-06-26 03:03:42.334525
QCY: testing step1730   2023-06-26 03:03:43.011383
QCY: testing step1740   2023-06-26 03:03:43.699848
QCY: testing step1750   2023-06-26 03:03:44.383035
QCY: testing step1760   2023-06-26 03:03:45.073805
QCY: testing step1770   2023-06-26 03:03:45.763574
QCY: testing step1780   2023-06-26 03:03:46.452221
QCY: testing step1790   2023-06-26 03:03:47.148938
QCY: testing step1800   2023-06-26 03:03:47.848574
QCY: testing step1810   2023-06-26 03:03:48.557191
QCY: testing step1820   2023-06-26 03:03:49.325181
QCY: testing step1830   2023-06-26 03:03:50.050775
QCY: testing step1840   2023-06-26 03:03:50.785165
QCY: testing step1850   2023-06-26 03:03:51.536609
QCY: testing step1860   2023-06-26 03:03:52.274051
QCY: testing step1870   2023-06-26 03:03:52.999661
QCY: testing step1880   2023-06-26 03:03:53.735283
QCY: testing step1890   2023-06-26 03:03:54.476912
QCY: testing step1900   2023-06-26 03:03:55.202914
QCY: testing step1910   2023-06-26 03:03:55.933730
QCY: testing step1920   2023-06-26 03:03:56.675870
QCY: testing step1930   2023-06-26 03:03:57.407173
QCY: testing step1940   2023-06-26 03:03:58.129312
QCY: testing step1950   2023-06-26 03:03:58.861552
QCY: testing step1960   2023-06-26 03:03:59.606840
QCY: testing step1970   2023-06-26 03:04:00.359999
QCY: testing step1980   2023-06-26 03:04:01.123271
QCY: testing step1990   2023-06-26 03:04:01.856791
QCY: testing step2000   2023-06-26 03:04:02.593109
QCY: testing step2010   2023-06-26 03:04:03.363333
QCY: testing step2020   2023-06-26 03:04:04.176837
QCY: testing step2030   2023-06-26 03:04:04.951740
QCY: testing step2040   2023-06-26 03:04:05.732847
QCY: testing step2050   2023-06-26 03:04:06.609409
QCY: testing step2060   2023-06-26 03:04:07.390867
QCY: testing step2070   2023-06-26 03:04:08.181924
QCY: testing step2080   2023-06-26 03:04:08.968856
QCY: testing step2090   2023-06-26 03:04:09.769182
QCY: testing step2100   2023-06-26 03:04:10.580928
QCY: testing step2110   2023-06-26 03:04:11.397729
QCY: testing step2120   2023-06-26 03:04:12.309339
QCY: testing step2130   2023-06-26 03:04:13.350920
QCY: testing step2140   2023-06-26 03:04:14.223591
QCY: testing step2150   2023-06-26 03:04:15.065492
QCY: testing step2160   2023-06-26 03:04:15.919110
QCY: testing step2170   2023-06-26 03:04:16.753249
QCY: testing step2180   2023-06-26 03:04:17.596056
QCY: testing step2190   2023-06-26 03:04:18.432850
QCY: testing step2200   2023-06-26 03:04:19.255037
QCY: testing step2210   2023-06-26 03:04:20.068907
QCY: testing step2220   2023-06-26 03:04:20.918754
QCY: testing step2230   2023-06-26 03:04:21.766360
QCY: testing step2240   2023-06-26 03:04:22.616321
QCY: testing step2250   2023-06-26 03:04:23.463908
QCY: testing step2260   2023-06-26 03:04:24.275537
QCY: testing step2270   2023-06-26 03:04:25.092881
QCY: testing step2280   2023-06-26 03:04:25.924014
QCY: testing step2290   2023-06-26 03:04:26.754652
QCY: testing step2300   2023-06-26 03:04:27.594352
QCY: testing step2310   2023-06-26 03:04:28.428289
QCY: testing step2320   2023-06-26 03:04:29.269795
QCY: testing step2330   2023-06-26 03:04:30.128574
QCY: testing step2340   2023-06-26 03:04:30.981929
QCY: testing step2350   2023-06-26 03:04:31.855031
QCY: testing step2360   2023-06-26 03:04:32.754576
QCY: testing step2370   2023-06-26 03:04:33.654169
QCY: testing step2380   2023-06-26 03:04:34.551689
QCY: testing step2390   2023-06-26 03:04:35.463639
QCY: testing step2400   2023-06-26 03:04:36.378532
QCY: testing step2410   2023-06-26 03:04:37.253685
QCY: testing step2420   2023-06-26 03:04:38.194515
QCY: testing step2430   2023-06-26 03:04:39.099079
QCY: testing step2440   2023-06-26 03:04:39.980070
QCY: testing step2450   2023-06-26 03:04:40.878944
QCY: testing step2460   2023-06-26 03:04:41.793311
QCY: testing step2470   2023-06-26 03:04:42.686590
QCY: testing step2480   2023-06-26 03:04:43.584849
QCY: testing step2490   2023-06-26 03:04:44.470653
QCY: testing step2500   2023-06-26 03:04:45.416516
QCY: testing step2510   2023-06-26 03:04:46.382294
QCY: testing step2520   2023-06-26 03:04:47.332074
QCY: testing step2530   2023-06-26 03:04:48.265524
QCY: testing step2540   2023-06-26 03:04:49.209041
QCY: testing step2550   2023-06-26 03:04:50.142045
QCY: testing step2560   2023-06-26 03:04:51.090435
QCY: testing step2570   2023-06-26 03:04:52.029600
QCY: testing step2580   2023-06-26 03:04:52.975772
QCY: testing step2590   2023-06-26 03:04:53.897918
QCY: testing step2600   2023-06-26 03:04:54.834954
QCY: testing step2610   2023-06-26 03:04:55.774531
QCY: testing step2620   2023-06-26 03:04:56.769190
QCY: testing step2630   2023-06-26 03:04:57.737119
QCY: testing step2640   2023-06-26 03:04:58.696281
QCY: testing step2650   2023-06-26 03:04:59.665324
QCY: testing step2660   2023-06-26 03:05:00.651428
QCY: testing step2670   2023-06-26 03:05:01.638740
QCY: testing step2680   2023-06-26 03:05:02.628609
QCY: testing step2690   2023-06-26 03:05:03.603174
QCY: testing step2700   2023-06-26 03:05:04.629121
QCY: testing step2710   2023-06-26 03:05:05.610648
QCY: testing step2720   2023-06-26 03:05:06.608331
QCY: testing step2730   2023-06-26 03:05:07.583562
QCY: testing step2740   2023-06-26 03:05:08.539691
QCY: testing step2750   2023-06-26 03:05:09.491114
QCY: testing step2760   2023-06-26 03:05:10.458436
QCY: testing step2770   2023-06-26 03:05:11.453705
QCY: testing step2780   2023-06-26 03:05:12.485256
QCY: testing step2790   2023-06-26 03:05:13.519516
QCY: testing step2800   2023-06-26 03:05:14.652281
QCY: testing step2810   2023-06-26 03:05:15.672924
QCY: testing step2820   2023-06-26 03:05:16.728933
QCY: testing step2830   2023-06-26 03:05:17.730439
QCY: testing step2840   2023-06-26 03:05:18.700574
QCY: testing step2850   2023-06-26 03:05:19.674089
QCY: testing step2860   2023-06-26 03:05:20.669105
QCY: testing step2870   2023-06-26 03:05:21.687904
QCY: testing step2880   2023-06-26 03:05:22.725097
QCY: testing step2890   2023-06-26 03:05:23.769039
QCY: testing step2900   2023-06-26 03:05:24.889555
QCY: testing step2910   2023-06-26 03:05:25.972922
QCY: testing step2920   2023-06-26 03:05:27.024515
QCY: testing step2930   2023-06-26 03:05:28.082870
QCY: testing step2940   2023-06-26 03:05:29.159563
QCY: testing step2950   2023-06-26 03:05:30.202131
QCY: testing step2960   2023-06-26 03:05:31.313100
QCY: testing step2970   2023-06-26 03:05:32.462820
QCY: testing step2980   2023-06-26 03:05:33.576099
QCY: testing step2990   2023-06-26 03:05:34.705417
QCY: testing step3000   2023-06-26 03:05:35.822643
QCY: testing step3010   2023-06-26 03:05:36.905408
QCY: testing step3020   2023-06-26 03:05:38.123047
QCY: testing step3030   2023-06-26 03:05:39.218282
QCY: testing step3040   2023-06-26 03:05:40.358492
QCY: testing step3050   2023-06-26 03:05:41.506535
QCY: testing step3060   2023-06-26 03:05:42.653328
QCY: testing step3070   2023-06-26 03:05:43.771724
QCY: testing step3080   2023-06-26 03:05:44.886476
QCY: testing step3090   2023-06-26 03:05:46.128986
QCY: testing step3100   2023-06-26 03:05:47.281155
QCY: testing step3110   2023-06-26 03:05:48.628252
QCY: testing step3120   2023-06-26 03:05:49.863458
QCY: testing step3130   2023-06-26 03:05:51.186123
QCY: testing step3140   2023-06-26 03:05:52.590309
QCY: testing step3150   2023-06-26 03:05:53.769870
QCY: testing step3160   2023-06-26 03:05:54.944205
QCY: testing step3170   2023-06-26 03:05:56.145960
QCY: testing step3180   2023-06-26 03:05:57.327474
QCY: testing step3190   2023-06-26 03:05:58.532678
QCY: testing step3200   2023-06-26 03:05:59.696959
QCY: testing step3210   2023-06-26 03:06:00.829627
QCY: testing step3220   2023-06-26 03:06:01.971758
QCY: testing step3230   2023-06-26 03:06:03.206773
QCY: testing step3240   2023-06-26 03:06:04.407026
QCY: testing step3250   2023-06-26 03:06:05.548748
QCY: testing step3260   2023-06-26 03:06:06.713619
QCY: testing step3270   2023-06-26 03:06:07.866023
QCY: testing step3280   2023-06-26 03:06:09.002599
QCY: testing step3290   2023-06-26 03:06:10.153499
QCY: testing step3300   2023-06-26 03:06:11.299014
QCY: testing step3310   2023-06-26 03:06:12.469463
QCY: testing step3320   2023-06-26 03:06:13.660835
QCY: testing step3330   2023-06-26 03:06:14.828425
QCY: testing step3340   2023-06-26 03:06:15.966280
QCY: testing step3350   2023-06-26 03:06:17.106467
QCY: testing step3360   2023-06-26 03:06:18.299133
QCY: testing step3370   2023-06-26 03:06:19.472224
QCY: testing step3380   2023-06-26 03:06:20.592135
QCY: testing step3390   2023-06-26 03:06:21.734167
QCY: testing step3400   2023-06-26 03:06:22.888346
QCY: testing step3410   2023-06-26 03:06:24.032850
QCY: testing step3420   2023-06-26 03:06:25.169462
QCY: testing step3430   2023-06-26 03:06:26.401208
QCY: testing step3440   2023-06-26 03:06:27.592670
QCY: testing step3450   2023-06-26 03:06:28.794933
QCY: testing step3460   2023-06-26 03:06:29.990519
QCY: testing step3470   2023-06-26 03:06:31.201606
QCY: testing step3480   2023-06-26 03:06:32.388352
QCY: testing step3490   2023-06-26 03:06:33.591774
QCY: testing step3500   2023-06-26 03:06:34.791839
QCY: testing step3510   2023-06-26 03:06:35.995195
QCY: testing step3520   2023-06-26 03:06:37.166827
QCY: testing step3530   2023-06-26 03:06:38.385774
QCY: testing step3540   2023-06-26 03:06:39.593352
QCY: testing step3550   2023-06-26 03:06:40.787035
QCY: testing step3560   2023-06-26 03:06:41.976262
QCY: testing step3570   2023-06-26 03:06:43.156043
QCY: testing step3580   2023-06-26 03:06:44.361348
QCY: testing step3590   2023-06-26 03:06:45.579061
2023-06-26 03:06:46 (INFO): Final Travel Time is 857.3298, mean rewards: -1579.3076, queue: 31.2700, delay: 2.1938, throughput: 1589
2023-06-26 03:06:46 (INFO): Total time taken: 264.77840971946716
nohup: ignoring input
nohup: ignoring input
Traceback (most recent call last):
  File "/common/home/qy129/DaRL/LibSignal/run.py", line 2, in <module>
    import trainer
  File "/common/home/qy129/DaRL/LibSignal/trainer/__init__.py", line 1, in <module>
    from .base_trainer import BaseTrainer
  File "/common/home/qy129/DaRL/LibSignal/trainer/base_trainer.py", line 5, in <module>
    import torch
ModuleNotFoundError: No module named 'torch'
nohup: ignoring input
QCY: cuda is available
YQC: you will use sumo~
building world...
Connection ID debug
QCY: agent: FixedTime Agent has no Network model
QCY: num_agent:  49
QCY: model_mapping setting name:  fixedtime
QCY: task_mapping:  {'base': <class 'task.task.BaseTask'>, 'tsc': <class 'task.task.TSCTask'>}
QCY: GPU: 0
QCY: model_mapping setting train_model:  False
QCY: model_mapping setting test_model:  True
QCY: testing step0   2023-06-28 01:04:58.080932
QCY: testing step10   2023-06-28 01:04:58.225810
QCY: testing step20   2023-06-28 01:04:58.354700
QCY: testing step30   2023-06-28 01:04:58.482968
QCY: testing step40   2023-06-28 01:04:58.612167
QCY: testing step50   2023-06-28 01:04:58.742151
QCY: testing step60   2023-06-28 01:04:58.872741
QCY: testing step70   2023-06-28 01:04:59.007990
QCY: testing step80   2023-06-28 01:04:59.146672
QCY: testing step90   2023-06-28 01:04:59.287568
QCY: testing step100   2023-06-28 01:04:59.429649
QCY: testing step110   2023-06-28 01:04:59.574264
QCY: testing step120   2023-06-28 01:04:59.722893
QCY: testing step130   2023-06-28 01:04:59.876419
QCY: testing step140   2023-06-28 01:05:00.033381
QCY: testing step150   2023-06-28 01:05:00.194659
QCY: testing step160   2023-06-28 01:05:00.359914
QCY: testing step170   2023-06-28 01:05:00.526844
QCY: testing step180   2023-06-28 01:05:00.703030
QCY: testing step190   2023-06-28 01:05:00.881282
QCY: testing step200   2023-06-28 01:05:01.060242
QCY: testing step210   2023-06-28 01:05:01.283720
QCY: testing step220   2023-06-28 01:05:01.471532
QCY: testing step230   2023-06-28 01:05:01.664123
QCY: testing step240   2023-06-28 01:05:01.865592
QCY: testing step250   2023-06-28 01:05:02.073673
QCY: testing step260   2023-06-28 01:05:02.283086
QCY: testing step270   2023-06-28 01:05:02.494713
QCY: testing step280   2023-06-28 01:05:02.710503
QCY: testing step290   2023-06-28 01:05:02.927749
QCY: testing step300   2023-06-28 01:05:03.147603
QCY: testing step310   2023-06-28 01:05:03.371345
QCY: testing step320   2023-06-28 01:05:03.602187
QCY: testing step330   2023-06-28 01:05:03.832166
QCY: testing step340   2023-06-28 01:05:04.067946
QCY: testing step350   2023-06-28 01:05:04.310105
QCY: testing step360   2023-06-28 01:05:04.553255
QCY: testing step370   2023-06-28 01:05:04.798894
QCY: testing step380   2023-06-28 01:05:05.048774
QCY: testing step390   2023-06-28 01:05:05.301783
QCY: testing step400   2023-06-28 01:05:05.559177
QCY: testing step410   2023-06-28 01:05:05.878312
QCY: testing step420   2023-06-28 01:05:06.144472
QCY: testing step430   2023-06-28 01:05:06.416842
QCY: testing step440   2023-06-28 01:05:06.687853
QCY: testing step450   2023-06-28 01:05:06.963491
QCY: testing step460   2023-06-28 01:05:07.253735
QCY: testing step470   2023-06-28 01:05:07.536809
QCY: testing step480   2023-06-28 01:05:07.822212
QCY: testing step490   2023-06-28 01:05:08.113619
QCY: testing step500   2023-06-28 01:05:08.411960
QCY: testing step510   2023-06-28 01:05:08.716229
QCY: testing step520   2023-06-28 01:05:09.015709
QCY: testing step530   2023-06-28 01:05:09.328589
QCY: testing step540   2023-06-28 01:05:09.635334
QCY: testing step550   2023-06-28 01:05:09.946812
QCY: testing step560   2023-06-28 01:05:10.261996
QCY: testing step570   2023-06-28 01:05:10.576799
QCY: testing step580   2023-06-28 01:05:10.894212
QCY: testing step590   2023-06-28 01:05:11.209195
QCY: testing step600   2023-06-28 01:05:11.527317
QCY: testing step610   2023-06-28 01:05:11.913265
QCY: testing step620   2023-06-28 01:05:12.246660
QCY: testing step630   2023-06-28 01:05:12.581280
QCY: testing step640   2023-06-28 01:05:12.915529
QCY: testing step650   2023-06-28 01:05:13.253293
QCY: testing step660   2023-06-28 01:05:13.587943
QCY: testing step670   2023-06-28 01:05:13.930757
QCY: testing step680   2023-06-28 01:05:14.274703
QCY: testing step690   2023-06-28 01:05:14.619801
QCY: testing step700   2023-06-28 01:05:14.965800
QCY: testing step710   2023-06-28 01:05:15.331268
QCY: testing step720   2023-06-28 01:05:15.682822
QCY: testing step730   2023-06-28 01:05:16.040820
QCY: testing step740   2023-06-28 01:05:16.401907
QCY: testing step750   2023-06-28 01:05:16.762400
QCY: testing step760   2023-06-28 01:05:17.128716
QCY: testing step770   2023-06-28 01:05:17.511343
QCY: testing step780   2023-06-28 01:05:17.888197
QCY: testing step790   2023-06-28 01:05:18.262446
QCY: testing step800   2023-06-28 01:05:18.640368
QCY: testing step810   2023-06-28 01:05:19.076868
QCY: testing step820   2023-06-28 01:05:19.471928
QCY: testing step830   2023-06-28 01:05:19.863472
QCY: testing step840   2023-06-28 01:05:20.249751
QCY: testing step850   2023-06-28 01:05:20.636382
QCY: testing step860   2023-06-28 01:05:21.022937
QCY: testing step870   2023-06-28 01:05:21.414618
QCY: testing step880   2023-06-28 01:05:21.827966
QCY: testing step890   2023-06-28 01:05:22.235046
QCY: testing step900   2023-06-28 01:05:22.642400
QCY: testing step910   2023-06-28 01:05:23.041104
QCY: testing step920   2023-06-28 01:05:23.443735
QCY: testing step930   2023-06-28 01:05:23.847888
QCY: testing step940   2023-06-28 01:05:24.262679
QCY: testing step950   2023-06-28 01:05:24.672889
QCY: testing step960   2023-06-28 01:05:25.093374
QCY: testing step970   2023-06-28 01:05:25.505661
QCY: testing step980   2023-06-28 01:05:25.918469
QCY: testing step990   2023-06-28 01:05:26.342732
QCY: testing step1000   2023-06-28 01:05:26.764078
QCY: testing step1010   2023-06-28 01:05:27.248264
QCY: testing step1020   2023-06-28 01:05:27.679721
QCY: testing step1030   2023-06-28 01:05:28.118653
QCY: testing step1040   2023-06-28 01:05:28.578232
QCY: testing step1050   2023-06-28 01:05:29.024567
QCY: testing step1060   2023-06-28 01:05:29.464822
QCY: testing step1070   2023-06-28 01:05:29.906626
QCY: testing step1080   2023-06-28 01:05:30.349730
QCY: testing step1090   2023-06-28 01:05:30.804689
QCY: testing step1100   2023-06-28 01:05:31.255758
QCY: testing step1110   2023-06-28 01:05:31.708602
QCY: testing step1120   2023-06-28 01:05:32.148981
QCY: testing step1130   2023-06-28 01:05:32.591164
QCY: testing step1140   2023-06-28 01:05:33.032917
QCY: testing step1150   2023-06-28 01:05:33.478045
QCY: testing step1160   2023-06-28 01:05:33.927380
QCY: testing step1170   2023-06-28 01:05:34.381093
QCY: testing step1180   2023-06-28 01:05:34.818390
QCY: testing step1190   2023-06-28 01:05:35.280186
QCY: testing step1200   2023-06-28 01:05:35.729070
QCY: testing step1210   2023-06-28 01:05:36.232234
QCY: testing step1220   2023-06-28 01:05:36.693877
QCY: testing step1230   2023-06-28 01:05:37.157111
QCY: testing step1240   2023-06-28 01:05:37.628855
QCY: testing step1250   2023-06-28 01:05:38.088851
QCY: testing step1260   2023-06-28 01:05:38.553274
QCY: testing step1270   2023-06-28 01:05:39.028507
QCY: testing step1280   2023-06-28 01:05:39.526746
QCY: testing step1290   2023-06-28 01:05:40.016545
QCY: testing step1300   2023-06-28 01:05:40.513187
QCY: testing step1310   2023-06-28 01:05:41.027972
QCY: testing step1320   2023-06-28 01:05:41.538761
QCY: testing step1330   2023-06-28 01:05:42.051763
QCY: testing step1340   2023-06-28 01:05:42.558731
QCY: testing step1350   2023-06-28 01:05:43.066418
QCY: testing step1360   2023-06-28 01:05:43.572393
QCY: testing step1370   2023-06-28 01:05:44.106740
QCY: testing step1380   2023-06-28 01:05:44.619524
QCY: testing step1390   2023-06-28 01:05:45.127023
QCY: testing step1400   2023-06-28 01:05:45.627289
QCY: testing step1410   2023-06-28 01:05:46.145961
QCY: testing step1420   2023-06-28 01:05:46.713449
QCY: testing step1430   2023-06-28 01:05:47.244018
QCY: testing step1440   2023-06-28 01:05:47.771317
QCY: testing step1450   2023-06-28 01:05:48.295609
QCY: testing step1460   2023-06-28 01:05:48.823528
QCY: testing step1470   2023-06-28 01:05:49.360532
QCY: testing step1480   2023-06-28 01:05:49.889391
QCY: testing step1490   2023-06-28 01:05:50.418459
QCY: testing step1500   2023-06-28 01:05:50.947874
QCY: testing step1510   2023-06-28 01:05:51.467458
QCY: testing step1520   2023-06-28 01:05:51.992463
QCY: testing step1530   2023-06-28 01:05:52.518610
QCY: testing step1540   2023-06-28 01:05:53.064265
QCY: testing step1550   2023-06-28 01:05:53.600884
QCY: testing step1560   2023-06-28 01:05:54.135507
QCY: testing step1570   2023-06-28 01:05:54.671301
QCY: testing step1580   2023-06-28 01:05:55.231236
QCY: testing step1590   2023-06-28 01:05:55.776224
QCY: testing step1600   2023-06-28 01:05:56.306206
QCY: testing step1610   2023-06-28 01:05:56.840547
QCY: testing step1620   2023-06-28 01:05:57.436101
QCY: testing step1630   2023-06-28 01:05:57.961869
QCY: testing step1640   2023-06-28 01:05:58.502368
QCY: testing step1650   2023-06-28 01:05:59.039471
QCY: testing step1660   2023-06-28 01:05:59.583259
QCY: testing step1670   2023-06-28 01:06:00.109552
QCY: testing step1680   2023-06-28 01:06:00.638237
QCY: testing step1690   2023-06-28 01:06:01.212936
QCY: testing step1700   2023-06-28 01:06:01.825126
QCY: testing step1710   2023-06-28 01:06:02.370558
QCY: testing step1720   2023-06-28 01:06:02.897437
QCY: testing step1730   2023-06-28 01:06:03.439692
QCY: testing step1740   2023-06-28 01:06:04.069837
QCY: testing step1750   2023-06-28 01:06:04.602772
QCY: testing step1760   2023-06-28 01:06:05.133908
QCY: testing step1770   2023-06-28 01:06:05.669615
QCY: testing step1780   2023-06-28 01:06:06.231821
QCY: testing step1790   2023-06-28 01:06:06.773187
QCY: testing step1800   2023-06-28 01:06:07.377613
QCY: testing step1810   2023-06-28 01:06:07.999428
QCY: testing step1820   2023-06-28 01:06:08.710364
QCY: testing step1830   2023-06-28 01:06:09.340691
QCY: testing step1840   2023-06-28 01:06:10.072739
QCY: testing step1850   2023-06-28 01:06:10.751881
QCY: testing step1860   2023-06-28 01:06:11.418202
QCY: testing step1870   2023-06-28 01:06:12.093528
QCY: testing step1880   2023-06-28 01:06:12.752932
QCY: testing step1890   2023-06-28 01:06:13.423690
QCY: testing step1900   2023-06-28 01:06:14.046266
QCY: testing step1910   2023-06-28 01:06:14.652389
QCY: testing step1920   2023-06-28 01:06:15.371662
QCY: testing step1930   2023-06-28 01:06:15.990502
QCY: testing step1940   2023-06-28 01:06:16.619615
QCY: testing step1950   2023-06-28 01:06:17.299615
QCY: testing step1960   2023-06-28 01:06:18.015149
QCY: testing step1970   2023-06-28 01:06:18.770866
QCY: testing step1980   2023-06-28 01:06:19.531668
QCY: testing step1990   2023-06-28 01:06:20.230048
QCY: testing step2000   2023-06-28 01:06:20.963834
QCY: testing step2010   2023-06-28 01:06:21.634755
QCY: testing step2020   2023-06-28 01:06:22.329312
QCY: testing step2030   2023-06-28 01:06:22.990454
QCY: testing step2040   2023-06-28 01:06:23.689745
QCY: testing step2050   2023-06-28 01:06:24.419540
QCY: testing step2060   2023-06-28 01:06:25.166871
QCY: testing step2070   2023-06-28 01:06:25.870755
QCY: testing step2080   2023-06-28 01:06:26.557428
QCY: testing step2090   2023-06-28 01:06:27.265321
QCY: testing step2100   2023-06-28 01:06:27.946474
QCY: testing step2110   2023-06-28 01:06:28.661566
QCY: testing step2120   2023-06-28 01:06:29.383269
QCY: testing step2130   2023-06-28 01:06:30.096296
QCY: testing step2140   2023-06-28 01:06:30.819899
QCY: testing step2150   2023-06-28 01:06:31.543967
QCY: testing step2160   2023-06-28 01:06:32.378933
QCY: testing step2170   2023-06-28 01:06:33.107991
QCY: testing step2180   2023-06-28 01:06:33.842481
QCY: testing step2190   2023-06-28 01:06:34.573305
QCY: testing step2200   2023-06-28 01:06:35.292150
QCY: testing step2210   2023-06-28 01:06:35.995874
QCY: testing step2220   2023-06-28 01:06:36.752636
QCY: testing step2230   2023-06-28 01:06:37.529425
QCY: testing step2240   2023-06-28 01:06:38.319807
QCY: testing step2250   2023-06-28 01:06:39.135904
QCY: testing step2260   2023-06-28 01:06:39.921978
QCY: testing step2270   2023-06-28 01:06:40.723881
QCY: testing step2280   2023-06-28 01:06:41.522486
QCY: testing step2290   2023-06-28 01:06:42.301665
QCY: testing step2300   2023-06-28 01:06:43.067463
QCY: testing step2310   2023-06-28 01:06:43.927114
QCY: testing step2320   2023-06-28 01:06:44.748950
QCY: testing step2330   2023-06-28 01:06:45.554225
QCY: testing step2340   2023-06-28 01:06:46.406263
QCY: testing step2350   2023-06-28 01:06:47.238488
QCY: testing step2360   2023-06-28 01:06:48.071462
QCY: testing step2370   2023-06-28 01:06:48.933522
QCY: testing step2380   2023-06-28 01:06:49.870510
QCY: testing step2390   2023-06-28 01:06:50.751898
QCY: testing step2400   2023-06-28 01:06:51.629671
QCY: testing step2410   2023-06-28 01:06:52.495036
QCY: testing step2420   2023-06-28 01:06:53.448071
QCY: testing step2430   2023-06-28 01:06:54.334113
QCY: testing step2440   2023-06-28 01:06:55.340863
QCY: testing step2450   2023-06-28 01:06:56.277879
QCY: testing step2460   2023-06-28 01:06:57.224170
QCY: testing step2470   2023-06-28 01:06:58.114393
QCY: testing step2480   2023-06-28 01:06:59.001086
QCY: testing step2490   2023-06-28 01:06:59.883712
QCY: testing step2500   2023-06-28 01:07:00.873362
QCY: testing step2510   2023-06-28 01:07:01.850344
QCY: testing step2520   2023-06-28 01:07:02.797942
QCY: testing step2530   2023-06-28 01:07:03.787237
QCY: testing step2540   2023-06-28 01:07:04.705740
QCY: testing step2550   2023-06-28 01:07:05.621634
QCY: testing step2560   2023-06-28 01:07:06.560987
QCY: testing step2570   2023-06-28 01:07:07.566166
QCY: testing step2580   2023-06-28 01:07:08.527813
QCY: testing step2590   2023-06-28 01:07:09.460856
QCY: testing step2600   2023-06-28 01:07:10.409177
QCY: testing step2610   2023-06-28 01:07:11.342037
QCY: testing step2620   2023-06-28 01:07:12.345826
QCY: testing step2630   2023-06-28 01:07:13.329507
QCY: testing step2640   2023-06-28 01:07:14.286412
QCY: testing step2650   2023-06-28 01:07:15.258324
QCY: testing step2660   2023-06-28 01:07:16.377118
QCY: testing step2670   2023-06-28 01:07:17.449804
QCY: testing step2680   2023-06-28 01:07:18.433689
QCY: testing step2690   2023-06-28 01:07:19.472637
QCY: testing step2700   2023-06-28 01:07:20.457597
QCY: testing step2710   2023-06-28 01:07:21.449686
QCY: testing step2720   2023-06-28 01:07:22.463365
QCY: testing step2730   2023-06-28 01:07:23.506782
QCY: testing step2740   2023-06-28 01:07:24.479244
QCY: testing step2750   2023-06-28 01:07:25.442358
QCY: testing step2760   2023-06-28 01:07:26.398549
QCY: testing step2770   2023-06-28 01:07:27.372087
QCY: testing step2780   2023-06-28 01:07:28.358173
QCY: testing step2790   2023-06-28 01:07:29.337370
QCY: testing step2800   2023-06-28 01:07:30.288343
QCY: testing step2810   2023-06-28 01:07:31.247978
QCY: testing step2820   2023-06-28 01:07:32.261118
QCY: testing step2830   2023-06-28 01:07:33.212844
QCY: testing step2840   2023-06-28 01:07:34.162486
QCY: testing step2850   2023-06-28 01:07:35.130882
QCY: testing step2860   2023-06-28 01:07:36.115603
QCY: testing step2870   2023-06-28 01:07:37.135257
QCY: testing step2880   2023-06-28 01:07:38.107304
QCY: testing step2890   2023-06-28 01:07:39.114768
QCY: testing step2900   2023-06-28 01:07:40.068087
QCY: testing step2910   2023-06-28 01:07:41.080984
QCY: testing step2920   2023-06-28 01:07:42.071232
QCY: testing step2930   2023-06-28 01:07:43.073136
QCY: testing step2940   2023-06-28 01:07:44.068806
QCY: testing step2950   2023-06-28 01:07:45.060457
QCY: testing step2960   2023-06-28 01:07:46.081697
QCY: testing step2970   2023-06-28 01:07:47.128997
QCY: testing step2980   2023-06-28 01:07:48.150260
QCY: testing step2990   2023-06-28 01:07:49.186113
QCY: testing step3000   2023-06-28 01:07:50.223049
QCY: testing step3010   2023-06-28 01:07:51.234925
QCY: testing step3020   2023-06-28 01:07:52.325756
QCY: testing step3030   2023-06-28 01:07:53.347225
QCY: testing step3040   2023-06-28 01:07:54.393360
QCY: testing step3050   2023-06-28 01:07:55.501064
QCY: testing step3060   2023-06-28 01:07:56.583830
QCY: testing step3070   2023-06-28 01:07:57.701377
QCY: testing step3080   2023-06-28 01:07:58.808769
QCY: testing step3090   2023-06-28 01:07:59.908971
QCY: testing step3100   2023-06-28 01:08:00.964195
QCY: testing step3110   2023-06-28 01:08:02.023926
QCY: testing step3120   2023-06-28 01:08:03.086829
QCY: testing step3130   2023-06-28 01:08:04.149067
QCY: testing step3140   2023-06-28 01:08:05.220858
QCY: testing step3150   2023-06-28 01:08:06.290627
QCY: testing step3160   2023-06-28 01:08:07.384351
QCY: testing step3170   2023-06-28 01:08:08.476223
QCY: testing step3180   2023-06-28 01:08:09.571892
QCY: testing step3190   2023-06-28 01:08:10.679032
QCY: testing step3200   2023-06-28 01:08:11.801739
QCY: testing step3210   2023-06-28 01:08:12.931169
QCY: testing step3220   2023-06-28 01:08:14.074928
QCY: testing step3230   2023-06-28 01:08:15.264147
QCY: testing step3240   2023-06-28 01:08:16.426856
QCY: testing step3250   2023-06-28 01:08:17.586030
QCY: testing step3260   2023-06-28 01:08:18.771294
QCY: testing step3270   2023-06-28 01:08:19.901660
QCY: testing step3280   2023-06-28 01:08:20.998116
QCY: testing step3290   2023-06-28 01:08:22.112978
QCY: testing step3300   2023-06-28 01:08:23.214677
QCY: testing step3310   2023-06-28 01:08:24.343391
QCY: testing step3320   2023-06-28 01:08:25.455998
QCY: testing step3330   2023-06-28 01:08:26.567798
QCY: testing step3340   2023-06-28 01:08:27.640014
QCY: testing step3350   2023-06-28 01:08:28.717056
QCY: testing step3360   2023-06-28 01:08:29.792419
QCY: testing step3370   2023-06-28 01:08:30.876792
QCY: testing step3380   2023-06-28 01:08:32.086649
QCY: testing step3390   2023-06-28 01:08:33.264184
QCY: testing step3400   2023-06-28 01:08:34.392653
QCY: testing step3410   2023-06-28 01:08:35.505038
QCY: testing step3420   2023-06-28 01:08:36.614995
QCY: testing step3430   2023-06-28 01:08:37.774138
QCY: testing step3440   2023-06-28 01:08:38.961503
QCY: testing step3450   2023-06-28 01:08:40.083263
QCY: testing step3460   2023-06-28 01:08:41.247261
QCY: testing step3470   2023-06-28 01:08:42.426729
QCY: testing step3480   2023-06-28 01:08:43.609648
QCY: testing step3490   2023-06-28 01:08:44.762892
QCY: testing step3500   2023-06-28 01:08:45.959536
QCY: testing step3510   2023-06-28 01:08:47.137566
QCY: testing step3520   2023-06-28 01:08:48.321169
QCY: testing step3530   2023-06-28 01:08:49.538857
QCY: testing step3540   2023-06-28 01:08:50.724848
QCY: testing step3550   2023-06-28 01:08:51.873414
QCY: testing step3560   2023-06-28 01:08:53.054600
QCY: testing step3570   2023-06-28 01:08:54.209187
QCY: testing step3580   2023-06-28 01:08:55.395393
QCY: testing step3590   2023-06-28 01:08:56.631978
2023-06-28 01:08:57 (INFO): Final Travel Time is 857.3298, mean rewards: -1579.3076, queue: 31.2700, delay: 2.1938, throughput: 1589
2023-06-28 01:08:57 (INFO): Total time taken: 240.35616540908813
