nohup: ignoring input
QCY: cuda is available
YQC: you will use sumo~
building world...
Connection ID debug
QCY: agent: FixedTime Agent has no Network model
QCY: num_agent:  49
QCY: model_mapping setting name:  fixedtime
QCY: task_mapping:  {'base': <class 'task.task.BaseTask'>, 'tsc': <class 'task.task.TSCTask'>}
QCY: GPU: 0
QCY: model_mapping setting train_model:  False
QCY: model_mapping setting test_model:  True
QCY: testing step0   2023-06-26 03:04:09.486614
QCY: testing step10   2023-06-26 03:04:09.647505
intersection_5_2 malfunction
QCY: testing step20   2023-06-26 03:04:09.789725
QCY: testing step30   2023-06-26 03:04:09.933332
intersection_6_3 malfunction
QCY: testing step40   2023-06-26 03:04:10.080476
QCY: testing step50   2023-06-26 03:04:10.227102
QCY: testing step60   2023-06-26 03:04:10.376338
QCY: testing step70   2023-06-26 03:04:10.531615
QCY: testing step80   2023-06-26 03:04:10.686461
QCY: testing step90   2023-06-26 03:04:10.845127
QCY: testing step100   2023-06-26 03:04:11.004852
intersection_3_7 malfunction
QCY: testing step110   2023-06-26 03:04:11.170212
QCY: testing step120   2023-06-26 03:04:11.336908
intersection_1_2 malfunction
intersection_5_3 malfunction
QCY: testing step130   2023-06-26 03:04:11.513231
QCY: testing step140   2023-06-26 03:04:11.696601
QCY: testing step150   2023-06-26 03:04:11.886394
QCY: testing step160   2023-06-26 03:04:12.074146
QCY: testing step170   2023-06-26 03:04:12.335749
QCY: testing step180   2023-06-26 03:04:12.526285
QCY: testing step190   2023-06-26 03:04:12.728044
QCY: testing step200   2023-06-26 03:04:12.938392
intersection_7_3 malfunction
QCY: testing step210   2023-06-26 03:04:13.222694
QCY: testing step220   2023-06-26 03:04:13.443233
intersection_7_3 repaired
QCY: testing step230   2023-06-26 03:04:13.664165
QCY: testing step240   2023-06-26 03:04:13.892403
QCY: testing step250   2023-06-26 03:04:14.127185
QCY: testing step260   2023-06-26 03:04:14.371035
QCY: testing step270   2023-06-26 03:04:14.616378
QCY: testing step280   2023-06-26 03:04:14.858907
QCY: testing step290   2023-06-26 03:04:15.104465
QCY: testing step300   2023-06-26 03:04:15.351509
intersection_7_1 malfunction
QCY: testing step310   2023-06-26 03:04:15.601469
QCY: testing step320   2023-06-26 03:04:15.854965
QCY: testing step330   2023-06-26 03:04:16.114488
QCY: testing step340   2023-06-26 03:04:16.385293
QCY: testing step350   2023-06-26 03:04:16.670889
QCY: testing step360   2023-06-26 03:04:16.958122
QCY: testing step370   2023-06-26 03:04:17.244683
QCY: testing step380   2023-06-26 03:04:17.549100
QCY: testing step390   2023-06-26 03:04:17.849891
QCY: testing step400   2023-06-26 03:04:18.159513
QCY: testing step410   2023-06-26 03:04:18.530174
QCY: testing step420   2023-06-26 03:04:18.855249
QCY: testing step430   2023-06-26 03:04:19.183644
intersection_6_5 malfunction
QCY: testing step440   2023-06-26 03:04:19.524639
QCY: testing step450   2023-06-26 03:04:19.856307
QCY: testing step460   2023-06-26 03:04:20.194982
QCY: testing step470   2023-06-26 03:04:20.534562
QCY: testing step480   2023-06-26 03:04:20.878050
QCY: testing step490   2023-06-26 03:04:21.236280
intersection_4_7 malfunction
intersection_6_4 malfunction
QCY: testing step500   2023-06-26 03:04:21.594180
intersection_7_4 malfunction
QCY: testing step510   2023-06-26 03:04:21.959114
QCY: testing step520   2023-06-26 03:04:22.321913
QCY: testing step530   2023-06-26 03:04:22.684043
QCY: testing step540   2023-06-26 03:04:23.059845
QCY: testing step550   2023-06-26 03:04:23.447126
QCY: testing step560   2023-06-26 03:04:23.830040
QCY: testing step570   2023-06-26 03:04:24.221790
intersection_6_6 malfunction
QCY: testing step580   2023-06-26 03:04:24.609094
intersection_5_2 repaired
QCY: testing step590   2023-06-26 03:04:25.005107
QCY: testing step600   2023-06-26 03:04:25.405030
QCY: testing step610   2023-06-26 03:04:25.882175
intersection_3_3 malfunction
QCY: testing step620   2023-06-26 03:04:26.304534
intersection_3_5 malfunction
QCY: testing step630   2023-06-26 03:04:26.721259
QCY: testing step640   2023-06-26 03:04:27.137461
QCY: testing step650   2023-06-26 03:04:27.559621
intersection_4_7 repaired
QCY: testing step660   2023-06-26 03:04:27.985716
intersection_3_5 repaired
QCY: testing step670   2023-06-26 03:04:28.415032
QCY: testing step680   2023-06-26 03:04:28.849196
QCY: testing step690   2023-06-26 03:04:29.286897
QCY: testing step700   2023-06-26 03:04:29.724952
QCY: testing step710   2023-06-26 03:04:30.179177
QCY: testing step720   2023-06-26 03:04:30.645732
intersection_1_6 malfunction
intersection_3_7 repaired
QCY: testing step730   2023-06-26 03:04:31.105106
intersection_6_6 repaired
QCY: testing step740   2023-06-26 03:04:31.557982
QCY: testing step750   2023-06-26 03:04:32.005383
QCY: testing step760   2023-06-26 03:04:32.458022
QCY: testing step770   2023-06-26 03:04:32.918456
QCY: testing step780   2023-06-26 03:04:33.383189
QCY: testing step790   2023-06-26 03:04:33.871684
QCY: testing step800   2023-06-26 03:04:34.343168
QCY: testing step810   2023-06-26 03:04:34.875374
intersection_1_4 malfunction
QCY: testing step820   2023-06-26 03:04:35.350439
QCY: testing step830   2023-06-26 03:04:35.836926
QCY: testing step840   2023-06-26 03:04:36.342148
QCY: testing step850   2023-06-26 03:04:36.960832
QCY: testing step860   2023-06-26 03:04:37.536484
QCY: testing step870   2023-06-26 03:04:38.046946
QCY: testing step880   2023-06-26 03:04:38.567972
intersection_6_4 repaired
QCY: testing step890   2023-06-26 03:04:39.094654
intersection_5_7 malfunction
QCY: testing step900   2023-06-26 03:04:39.616565
intersection_3_7 malfunction
QCY: testing step910   2023-06-26 03:04:40.141342
QCY: testing step920   2023-06-26 03:04:40.665080
intersection_2_2 malfunction
QCY: testing step930   2023-06-26 03:04:41.239134
QCY: testing step940   2023-06-26 03:04:41.770430
QCY: testing step950   2023-06-26 03:04:42.301424
QCY: testing step960   2023-06-26 03:04:42.830924
intersection_3_7 repaired
QCY: testing step970   2023-06-26 03:04:43.368631
QCY: testing step980   2023-06-26 03:04:43.899701
QCY: testing step990   2023-06-26 03:04:44.447570
QCY: testing step1000   2023-06-26 03:04:44.987925
intersection_3_3 repaired
QCY: testing step1010   2023-06-26 03:04:45.579169
QCY: testing step1020   2023-06-26 03:04:46.124552
intersection_5_3 repaired
intersection_5_5 malfunction
QCY: testing step1030   2023-06-26 03:04:46.671206
QCY: testing step1040   2023-06-26 03:04:47.248484
QCY: testing step1050   2023-06-26 03:04:47.822484
QCY: testing step1060   2023-06-26 03:04:48.396098
QCY: testing step1070   2023-06-26 03:04:48.963569
QCY: testing step1080   2023-06-26 03:04:49.550338
QCY: testing step1090   2023-06-26 03:04:50.123932
QCY: testing step1100   2023-06-26 03:04:50.701865
QCY: testing step1110   2023-06-26 03:04:51.271971
QCY: testing step1120   2023-06-26 03:04:51.842094
QCY: testing step1130   2023-06-26 03:04:52.409886
QCY: testing step1140   2023-06-26 03:04:52.982806
intersection_2_2 repaired
QCY: testing step1150   2023-06-26 03:04:53.572027
intersection_6_5 repaired
QCY: testing step1160   2023-06-26 03:04:54.182038
QCY: testing step1170   2023-06-26 03:04:54.840564
QCY: testing step1180   2023-06-26 03:04:55.453607
QCY: testing step1190   2023-06-26 03:04:56.050394
QCY: testing step1200   2023-06-26 03:04:56.656051
QCY: testing step1210   2023-06-26 03:04:57.296557
QCY: testing step1220   2023-06-26 03:04:57.909152
QCY: testing step1230   2023-06-26 03:04:58.531659
QCY: testing step1240   2023-06-26 03:04:59.129696
QCY: testing step1250   2023-06-26 03:04:59.725173
QCY: testing step1260   2023-06-26 03:05:00.324099
QCY: testing step1270   2023-06-26 03:05:00.935981
intersection_5_1 malfunction
intersection_7_4 repaired
QCY: testing step1280   2023-06-26 03:05:01.566660
QCY: testing step1290   2023-06-26 03:05:02.198348
QCY: testing step1300   2023-06-26 03:05:02.848688
QCY: testing step1310   2023-06-26 03:05:03.505172
intersection_5_5 repaired
QCY: testing step1320   2023-06-26 03:05:04.154934
intersection_4_7 malfunction
QCY: testing step1330   2023-06-26 03:05:04.802494
intersection_1_6 repaired
QCY: testing step1340   2023-06-26 03:05:05.458316
intersection_6_5 malfunction
QCY: testing step1350   2023-06-26 03:05:06.112557
QCY: testing step1360   2023-06-26 03:05:06.763618
QCY: testing step1370   2023-06-26 03:05:07.424429
QCY: testing step1380   2023-06-26 03:05:08.082000
intersection_2_4 malfunction
QCY: testing step1390   2023-06-26 03:05:08.733536
QCY: testing step1400   2023-06-26 03:05:09.383188
QCY: testing step1410   2023-06-26 03:05:10.046051
QCY: testing step1420   2023-06-26 03:05:10.772952
QCY: testing step1430   2023-06-26 03:05:11.445528
intersection_2_4 repaired
QCY: testing step1440   2023-06-26 03:05:12.127098
QCY: testing step1450   2023-06-26 03:05:12.804849
QCY: testing step1460   2023-06-26 03:05:13.488977
intersection_5_1 repaired
QCY: testing step1470   2023-06-26 03:05:14.262032
QCY: testing step1480   2023-06-26 03:05:14.935825
QCY: testing step1490   2023-06-26 03:05:15.694199
intersection_7_2 malfunction
QCY: testing step1500   2023-06-26 03:05:16.384093
QCY: testing step1510   2023-06-26 03:05:17.099430
intersection_1_2 repaired
QCY: testing step1520   2023-06-26 03:05:17.788708
QCY: testing step1530   2023-06-26 03:05:18.494709
QCY: testing step1540   2023-06-26 03:05:19.247010
intersection_5_5 malfunction
QCY: testing step1550   2023-06-26 03:05:19.954839
intersection_3_2 malfunction
QCY: testing step1560   2023-06-26 03:05:20.662819
QCY: testing step1570   2023-06-26 03:05:21.366881
QCY: testing step1580   2023-06-26 03:05:22.101369
intersection_1_7 malfunction
QCY: testing step1590   2023-06-26 03:05:22.818794
QCY: testing step1600   2023-06-26 03:05:23.515492
QCY: testing step1610   2023-06-26 03:05:24.231700
QCY: testing step1620   2023-06-26 03:05:25.050463
QCY: testing step1630   2023-06-26 03:05:25.762174
QCY: testing step1640   2023-06-26 03:05:26.469028
QCY: testing step1650   2023-06-26 03:05:27.192607
QCY: testing step1660   2023-06-26 03:05:27.921547
QCY: testing step1670   2023-06-26 03:05:28.674824
QCY: testing step1680   2023-06-26 03:05:29.414060
QCY: testing step1690   2023-06-26 03:05:30.136563
QCY: testing step1700   2023-06-26 03:05:30.975262
QCY: testing step1710   2023-06-26 03:05:31.774988
intersection_5_5 repaired
QCY: testing step1720   2023-06-26 03:05:32.546228
QCY: testing step1730   2023-06-26 03:05:33.302578
intersection_7_7 malfunction
QCY: testing step1740   2023-06-26 03:05:34.060553
QCY: testing step1750   2023-06-26 03:05:34.822869
QCY: testing step1760   2023-06-26 03:05:35.550773
intersection_7_7 repaired
QCY: testing step1770   2023-06-26 03:05:36.289145
QCY: testing step1780   2023-06-26 03:05:37.027903
QCY: testing step1790   2023-06-26 03:05:37.761955
QCY: testing step1800   2023-06-26 03:05:38.489780
intersection_5_7 repaired
QCY: testing step1810   2023-06-26 03:05:39.238009
QCY: testing step1820   2023-06-26 03:05:40.053045
intersection_4_7 repaired
QCY: testing step1830   2023-06-26 03:05:40.855887
QCY: testing step1840   2023-06-26 03:05:41.598887
QCY: testing step1850   2023-06-26 03:05:42.341585
QCY: testing step1860   2023-06-26 03:05:43.096962
QCY: testing step1870   2023-06-26 03:05:43.866007
QCY: testing step1880   2023-06-26 03:05:44.633095
QCY: testing step1890   2023-06-26 03:05:45.401611
QCY: testing step1900   2023-06-26 03:05:46.199187
QCY: testing step1910   2023-06-26 03:05:47.039718
QCY: testing step1920   2023-06-26 03:05:47.809184
QCY: testing step1930   2023-06-26 03:05:48.604971
QCY: testing step1940   2023-06-26 03:05:49.378215
QCY: testing step1950   2023-06-26 03:05:50.135201
QCY: testing step1960   2023-06-26 03:05:50.908996
intersection_1_7 repaired
QCY: testing step1970   2023-06-26 03:05:51.697142
QCY: testing step1980   2023-06-26 03:05:52.486574
intersection_4_1 malfunction
QCY: testing step1990   2023-06-26 03:05:53.272584
QCY: testing step2000   2023-06-26 03:05:54.066283
QCY: testing step2010   2023-06-26 03:05:54.860420
QCY: testing step2020   2023-06-26 03:05:55.709631
intersection_6_3 repaired
QCY: testing step2030   2023-06-26 03:05:56.516457
QCY: testing step2040   2023-06-26 03:05:57.445671
QCY: testing step2050   2023-06-26 03:05:58.292040
QCY: testing step2060   2023-06-26 03:05:59.104341
intersection_6_5 repaired
QCY: testing step2070   2023-06-26 03:06:00.045585
intersection_6_4 malfunction
QCY: testing step2080   2023-06-26 03:06:00.883654
QCY: testing step2090   2023-06-26 03:06:01.798286
QCY: testing step2100   2023-06-26 03:06:02.742740
QCY: testing step2110   2023-06-26 03:06:03.600320
QCY: testing step2120   2023-06-26 03:06:04.459301
QCY: testing step2130   2023-06-26 03:06:05.322671
intersection_1_5 malfunction
intersection_6_4 repaired
QCY: testing step2140   2023-06-26 03:06:06.269737
QCY: testing step2150   2023-06-26 03:06:07.211447
QCY: testing step2160   2023-06-26 03:06:08.079737
QCY: testing step2170   2023-06-26 03:06:08.986402
QCY: testing step2180   2023-06-26 03:06:09.880329
QCY: testing step2190   2023-06-26 03:06:10.781095
QCY: testing step2200   2023-06-26 03:06:11.652659
QCY: testing step2210   2023-06-26 03:06:12.545467
QCY: testing step2220   2023-06-26 03:06:13.449169
QCY: testing step2230   2023-06-26 03:06:14.379700
QCY: testing step2240   2023-06-26 03:06:15.300906
QCY: testing step2250   2023-06-26 03:06:16.213002
QCY: testing step2260   2023-06-26 03:06:17.128945
QCY: testing step2270   2023-06-26 03:06:18.025934
QCY: testing step2280   2023-06-26 03:06:18.931813
QCY: testing step2290   2023-06-26 03:06:19.827111
QCY: testing step2300   2023-06-26 03:06:20.759279
QCY: testing step2310   2023-06-26 03:06:21.676893
QCY: testing step2320   2023-06-26 03:06:22.620372
QCY: testing step2330   2023-06-26 03:06:23.642479
intersection_7_1 repaired
QCY: testing step2340   2023-06-26 03:06:24.554495
intersection_3_4 malfunction
QCY: testing step2350   2023-06-26 03:06:25.482089
QCY: testing step2360   2023-06-26 03:06:26.404899
intersection_5_6 malfunction
QCY: testing step2370   2023-06-26 03:06:27.337582
QCY: testing step2380   2023-06-26 03:06:28.281194
intersection_5_6 repaired
QCY: testing step2390   2023-06-26 03:06:29.201468
QCY: testing step2400   2023-06-26 03:06:30.138568
intersection_3_4 repaired
QCY: testing step2410   2023-06-26 03:06:31.094405
QCY: testing step2420   2023-06-26 03:06:32.076603
QCY: testing step2430   2023-06-26 03:06:33.010940
QCY: testing step2440   2023-06-26 03:06:33.967768
intersection_2_6 malfunction
QCY: testing step2450   2023-06-26 03:06:34.905262
QCY: testing step2460   2023-06-26 03:06:36.035830
QCY: testing step2470   2023-06-26 03:06:37.091751
QCY: testing step2480   2023-06-26 03:06:38.074901
QCY: testing step2490   2023-06-26 03:06:39.022763
intersection_6_3 malfunction
QCY: testing step2500   2023-06-26 03:06:39.969827
QCY: testing step2510   2023-06-26 03:06:40.996897
QCY: testing step2520   2023-06-26 03:06:41.952225
intersection_6_7 malfunction
QCY: testing step2530   2023-06-26 03:06:42.890041
QCY: testing step2540   2023-06-26 03:06:43.832804
QCY: testing step2550   2023-06-26 03:06:44.802142
QCY: testing step2560   2023-06-26 03:06:45.747946
QCY: testing step2570   2023-06-26 03:06:46.708184
QCY: testing step2580   2023-06-26 03:06:47.686993
QCY: testing step2590   2023-06-26 03:06:48.651244
intersection_1_4 repaired
intersection_2_1 malfunction
QCY: testing step2600   2023-06-26 03:06:49.598224
intersection_2_3 malfunction
QCY: testing step2610   2023-06-26 03:06:50.535529
QCY: testing step2620   2023-06-26 03:06:51.552706
QCY: testing step2630   2023-06-26 03:06:52.519157
QCY: testing step2640   2023-06-26 03:06:53.478344
QCY: testing step2650   2023-06-26 03:06:54.432133
QCY: testing step2660   2023-06-26 03:06:55.375171
QCY: testing step2670   2023-06-26 03:06:56.331917
QCY: testing step2680   2023-06-26 03:06:57.296548
QCY: testing step2690   2023-06-26 03:06:58.310797
QCY: testing step2700   2023-06-26 03:06:59.239416
QCY: testing step2710   2023-06-26 03:07:00.176071
intersection_1_5 repaired
QCY: testing step2720   2023-06-26 03:07:01.095402
QCY: testing step2730   2023-06-26 03:07:02.024426
intersection_2_1 repaired
intersection_2_7 malfunction
QCY: testing step2740   2023-06-26 03:07:02.945096
QCY: testing step2750   2023-06-26 03:07:03.850844
QCY: testing step2760   2023-06-26 03:07:04.759604
intersection_7_6 malfunction
QCY: testing step2770   2023-06-26 03:07:05.710705
QCY: testing step2780   2023-06-26 03:07:06.638252
QCY: testing step2790   2023-06-26 03:07:07.581676
intersection_6_7 repaired
QCY: testing step2800   2023-06-26 03:07:08.550576
QCY: testing step2810   2023-06-26 03:07:09.507979
QCY: testing step2820   2023-06-26 03:07:10.537174
QCY: testing step2830   2023-06-26 03:07:11.481248
QCY: testing step2840   2023-06-26 03:07:12.421616
intersection_7_6 repaired
QCY: testing step2850   2023-06-26 03:07:13.367743
QCY: testing step2860   2023-06-26 03:07:14.310584
intersection_6_7 malfunction
QCY: testing step2870   2023-06-26 03:07:15.258696
QCY: testing step2880   2023-06-26 03:07:16.256067
QCY: testing step2890   2023-06-26 03:07:17.245610
QCY: testing step2900   2023-06-26 03:07:18.243552
QCY: testing step2910   2023-06-26 03:07:19.242310
QCY: testing step2920   2023-06-26 03:07:20.212330
intersection_7_2 repaired
QCY: testing step2930   2023-06-26 03:07:21.208903
intersection_6_5 malfunction
QCY: testing step2940   2023-06-26 03:07:22.197204
QCY: testing step2950   2023-06-26 03:07:23.186812
QCY: testing step2960   2023-06-26 03:07:24.181058
QCY: testing step2970   2023-06-26 03:07:25.173893
QCY: testing step2980   2023-06-26 03:07:26.179718
QCY: testing step2990   2023-06-26 03:07:27.175339
intersection_6_3 repaired
QCY: testing step3000   2023-06-26 03:07:28.176168
QCY: testing step3010   2023-06-26 03:07:29.180998
QCY: testing step3020   2023-06-26 03:07:30.234604
QCY: testing step3030   2023-06-26 03:07:31.265282
intersection_5_6 malfunction
QCY: testing step3040   2023-06-26 03:07:32.308829
intersection_2_6 repaired
QCY: testing step3050   2023-06-26 03:07:33.346451
QCY: testing step3060   2023-06-26 03:07:34.404385
QCY: testing step3070   2023-06-26 03:07:35.480972
QCY: testing step3080   2023-06-26 03:07:36.524657
QCY: testing step3090   2023-06-26 03:07:37.581935
QCY: testing step3100   2023-06-26 03:07:38.622822
QCY: testing step3110   2023-06-26 03:07:39.650743
QCY: testing step3120   2023-06-26 03:07:40.706390
QCY: testing step3130   2023-06-26 03:07:41.707920
QCY: testing step3140   2023-06-26 03:07:42.725413
QCY: testing step3150   2023-06-26 03:07:43.754587
QCY: testing step3160   2023-06-26 03:07:44.806211
QCY: testing step3170   2023-06-26 03:07:45.893870
QCY: testing step3180   2023-06-26 03:07:46.905190
intersection_1_6 malfunction
QCY: testing step3190   2023-06-26 03:07:47.911949
QCY: testing step3200   2023-06-26 03:07:48.927836
QCY: testing step3210   2023-06-26 03:07:49.945531
QCY: testing step3220   2023-06-26 03:07:50.958102
QCY: testing step3230   2023-06-26 03:07:52.023272
QCY: testing step3240   2023-06-26 03:07:53.041397
QCY: testing step3250   2023-06-26 03:07:54.097846
QCY: testing step3260   2023-06-26 03:07:55.116151
QCY: testing step3270   2023-06-26 03:07:56.143861
intersection_4_1 repaired
QCY: testing step3280   2023-06-26 03:07:57.157254
QCY: testing step3290   2023-06-26 03:07:58.251527
QCY: testing step3300   2023-06-26 03:07:59.250740
QCY: testing step3310   2023-06-26 03:08:00.266051
QCY: testing step3320   2023-06-26 03:08:01.287334
QCY: testing step3330   2023-06-26 03:08:02.317229
intersection_5_6 repaired
QCY: testing step3340   2023-06-26 03:08:03.411355
QCY: testing step3350   2023-06-26 03:08:04.472532
QCY: testing step3360   2023-06-26 03:08:05.520404
QCY: testing step3370   2023-06-26 03:08:06.570966
intersection_5_2 malfunction
QCY: testing step3380   2023-06-26 03:08:07.620087
intersection_2_1 malfunction
QCY: testing step3390   2023-06-26 03:08:08.678811
QCY: testing step3400   2023-06-26 03:08:09.732120
intersection_5_2 repaired
QCY: testing step3410   2023-06-26 03:08:10.791759
QCY: testing step3420   2023-06-26 03:08:11.853172
QCY: testing step3430   2023-06-26 03:08:12.956516
QCY: testing step3440   2023-06-26 03:08:14.026195
QCY: testing step3450   2023-06-26 03:08:15.094465
QCY: testing step3460   2023-06-26 03:08:16.181381
QCY: testing step3470   2023-06-26 03:08:17.300830
QCY: testing step3480   2023-06-26 03:08:18.385694
QCY: testing step3490   2023-06-26 03:08:19.466835
QCY: testing step3500   2023-06-26 03:08:20.569262
QCY: testing step3510   2023-06-26 03:08:21.678704
QCY: testing step3520   2023-06-26 03:08:22.797748
QCY: testing step3530   2023-06-26 03:08:23.895340
intersection_6_2 malfunction
QCY: testing step3540   2023-06-26 03:08:24.990421
QCY: testing step3550   2023-06-26 03:08:26.091530
QCY: testing step3560   2023-06-26 03:08:27.188397
QCY: testing step3570   2023-06-26 03:08:28.304338
QCY: testing step3580   2023-06-26 03:08:29.405990
intersection_2_7 repaired
intersection_6_5 repaired
QCY: testing step3590   2023-06-26 03:08:30.508247
2023-06-26 03:08:31 (INFO): Final Travel Time is 813.6222, mean rewards: -1533.3219, queue: 30.2376, delay: 2.0231, throughput: 1649
2023-06-26 03:08:31 (INFO): Total time taken: 262.7565381526947
