nohup: ignoring input
QCY: cuda is available
YQC: you will use sumo~
building world...
Connection ID debug
QCY: agent: Maxpressure Agent has no Network model
QCY: num_agent:  49
QCY: model_mapping setting name:  maxpressure
QCY: task_mapping:  {'base': <class 'task.task.BaseTask'>, 'tsc': <class 'task.task.TSCTask'>}
QCY: GPU: 0
QCY: model_mapping setting train_model:  False
QCY: model_mapping setting test_model:  True
QCY: testing step0   2023-06-26 03:05:17.002832
QCY: testing step10   2023-06-26 03:05:17.160934
QCY: testing step20   2023-06-26 03:05:17.302525
QCY: testing step30   2023-06-26 03:05:17.446829
QCY: testing step40   2023-06-26 03:05:17.592901
QCY: testing step50   2023-06-26 03:05:17.741105
QCY: testing step60   2023-06-26 03:05:17.889740
QCY: testing step70   2023-06-26 03:05:18.044147
QCY: testing step80   2023-06-26 03:05:18.203627
intersection_7_1 malfunction
QCY: testing step90   2023-06-26 03:05:18.363702
QCY: testing step100   2023-06-26 03:05:18.529538
intersection_4_5 malfunction
QCY: testing step110   2023-06-26 03:05:18.695009
QCY: testing step120   2023-06-26 03:05:18.866888
QCY: testing step130   2023-06-26 03:05:19.040484
intersection_5_4 malfunction
QCY: testing step140   2023-06-26 03:05:19.223479
QCY: testing step150   2023-06-26 03:05:19.415624
QCY: testing step160   2023-06-26 03:05:19.611396
QCY: testing step170   2023-06-26 03:05:19.810269
QCY: testing step180   2023-06-26 03:05:20.014064
QCY: testing step190   2023-06-26 03:05:20.226472
QCY: testing step200   2023-06-26 03:05:20.442100
QCY: testing step210   2023-06-26 03:05:20.712496
QCY: testing step220   2023-06-26 03:05:20.955374
QCY: testing step230   2023-06-26 03:05:21.191613
QCY: testing step240   2023-06-26 03:05:21.427188
intersection_6_6 malfunction
QCY: testing step250   2023-06-26 03:05:21.670967
QCY: testing step260   2023-06-26 03:05:21.932397
QCY: testing step270   2023-06-26 03:05:22.217986
QCY: testing step280   2023-06-26 03:05:22.488645
intersection_2_6 malfunction
QCY: testing step290   2023-06-26 03:05:22.772729
QCY: testing step300   2023-06-26 03:05:23.048836
intersection_6_7 malfunction
QCY: testing step310   2023-06-26 03:05:23.330596
QCY: testing step320   2023-06-26 03:05:23.619484
QCY: testing step330   2023-06-26 03:05:23.910147
QCY: testing step340   2023-06-26 03:05:24.198610
QCY: testing step350   2023-06-26 03:05:24.489991
QCY: testing step360   2023-06-26 03:05:24.814202
QCY: testing step370   2023-06-26 03:05:25.208695
QCY: testing step380   2023-06-26 03:05:25.521728
QCY: testing step390   2023-06-26 03:05:25.856931
QCY: testing step400   2023-06-26 03:05:26.189793
QCY: testing step410   2023-06-26 03:05:26.575808
QCY: testing step420   2023-06-26 03:05:26.918767
intersection_3_3 malfunction
QCY: testing step430   2023-06-26 03:05:27.276870
QCY: testing step440   2023-06-26 03:05:27.631398
QCY: testing step450   2023-06-26 03:05:28.020564
QCY: testing step460   2023-06-26 03:05:28.407072
QCY: testing step470   2023-06-26 03:05:28.790736
QCY: testing step480   2023-06-26 03:05:29.191177
QCY: testing step490   2023-06-26 03:05:29.578447
intersection_1_5 malfunction
intersection_2_6 repaired
intersection_7_1 repaired
QCY: testing step500   2023-06-26 03:05:29.958329
QCY: testing step510   2023-06-26 03:05:30.337840
intersection_2_3 malfunction
QCY: testing step520   2023-06-26 03:05:30.729349
intersection_6_3 malfunction
QCY: testing step530   2023-06-26 03:05:31.130868
QCY: testing step540   2023-06-26 03:05:31.561576
QCY: testing step550   2023-06-26 03:05:32.019688
QCY: testing step560   2023-06-26 03:05:32.436686
QCY: testing step570   2023-06-26 03:05:32.881668
QCY: testing step580   2023-06-26 03:05:33.318048
QCY: testing step590   2023-06-26 03:05:33.729358
QCY: testing step600   2023-06-26 03:05:34.152521
QCY: testing step610   2023-06-26 03:05:34.640910
QCY: testing step620   2023-06-26 03:05:35.074126
QCY: testing step630   2023-06-26 03:05:35.527150
QCY: testing step640   2023-06-26 03:05:35.965528
intersection_2_7 malfunction
QCY: testing step650   2023-06-26 03:05:36.409316
QCY: testing step660   2023-06-26 03:05:36.849524
QCY: testing step670   2023-06-26 03:05:37.300147
QCY: testing step680   2023-06-26 03:05:37.753396
QCY: testing step690   2023-06-26 03:05:38.213104
intersection_1_5 repaired
QCY: testing step700   2023-06-26 03:05:38.726719
QCY: testing step710   2023-06-26 03:05:39.256651
intersection_2_3 repaired
QCY: testing step720   2023-06-26 03:05:39.733269
QCY: testing step730   2023-06-26 03:05:40.215919
QCY: testing step740   2023-06-26 03:05:40.699578
intersection_5_1 malfunction
intersection_6_3 repaired
QCY: testing step750   2023-06-26 03:05:41.185627
QCY: testing step760   2023-06-26 03:05:41.682059
QCY: testing step770   2023-06-26 03:05:42.181429
QCY: testing step780   2023-06-26 03:05:42.687563
QCY: testing step790   2023-06-26 03:05:43.202952
QCY: testing step800   2023-06-26 03:05:43.721057
QCY: testing step810   2023-06-26 03:05:44.292613
QCY: testing step820   2023-06-26 03:05:44.978252
QCY: testing step830   2023-06-26 03:05:45.519465
intersection_4_5 repaired
QCY: testing step840   2023-06-26 03:05:46.179320
QCY: testing step850   2023-06-26 03:05:46.739987
QCY: testing step860   2023-06-26 03:05:47.275970
intersection_2_7 repaired
QCY: testing step870   2023-06-26 03:05:47.816234
intersection_7_2 malfunction
QCY: testing step880   2023-06-26 03:05:48.357032
QCY: testing step890   2023-06-26 03:05:48.898566
QCY: testing step900   2023-06-26 03:05:49.455008
QCY: testing step910   2023-06-26 03:05:50.015385
QCY: testing step920   2023-06-26 03:05:50.561241
intersection_4_3 malfunction
intersection_5_1 repaired
QCY: testing step930   2023-06-26 03:05:51.100937
QCY: testing step940   2023-06-26 03:05:51.646758
QCY: testing step950   2023-06-26 03:05:52.202014
QCY: testing step960   2023-06-26 03:05:52.757493
intersection_3_1 malfunction
QCY: testing step970   2023-06-26 03:05:53.330571
QCY: testing step980   2023-06-26 03:05:53.937846
QCY: testing step990   2023-06-26 03:05:54.518680
QCY: testing step1000   2023-06-26 03:05:55.092374
QCY: testing step1010   2023-06-26 03:05:55.749069
QCY: testing step1020   2023-06-26 03:05:56.337261
QCY: testing step1030   2023-06-26 03:05:56.947085
QCY: testing step1040   2023-06-26 03:05:57.557564
QCY: testing step1050   2023-06-26 03:05:58.165382
QCY: testing step1060   2023-06-26 03:05:58.788065
QCY: testing step1070   2023-06-26 03:05:59.398107
QCY: testing step1080   2023-06-26 03:06:00.014811
intersection_5_3 malfunction
QCY: testing step1090   2023-06-26 03:06:00.633977
intersection_3_6 malfunction
QCY: testing step1100   2023-06-26 03:06:01.252754
QCY: testing step1110   2023-06-26 03:06:01.877804
QCY: testing step1120   2023-06-26 03:06:02.508540
QCY: testing step1130   2023-06-26 03:06:03.142426
intersection_4_3 repaired
intersection_7_3 malfunction
QCY: testing step1140   2023-06-26 03:06:03.792090
QCY: testing step1150   2023-06-26 03:06:04.443252
intersection_3_1 repaired
QCY: testing step1160   2023-06-26 03:06:05.128192
QCY: testing step1170   2023-06-26 03:06:05.803557
QCY: testing step1180   2023-06-26 03:06:06.547327
QCY: testing step1190   2023-06-26 03:06:07.249071
QCY: testing step1200   2023-06-26 03:06:07.924678
QCY: testing step1210   2023-06-26 03:06:08.672700
QCY: testing step1220   2023-06-26 03:06:09.379560
QCY: testing step1230   2023-06-26 03:06:10.070768
QCY: testing step1240   2023-06-26 03:06:10.794337
QCY: testing step1250   2023-06-26 03:06:11.509635
QCY: testing step1260   2023-06-26 03:06:12.233663
QCY: testing step1270   2023-06-26 03:06:12.959585
QCY: testing step1280   2023-06-26 03:06:13.655006
QCY: testing step1290   2023-06-26 03:06:14.374950
QCY: testing step1300   2023-06-26 03:06:15.101593
QCY: testing step1310   2023-06-26 03:06:15.858813
QCY: testing step1320   2023-06-26 03:06:16.685972
intersection_1_5 malfunction
intersection_6_7 repaired
QCY: testing step1330   2023-06-26 03:06:17.414073
QCY: testing step1340   2023-06-26 03:06:18.144730
intersection_1_5 repaired
QCY: testing step1350   2023-06-26 03:06:18.879652
QCY: testing step1360   2023-06-26 03:06:19.609110
intersection_4_4 malfunction
intersection_7_3 repaired
QCY: testing step1370   2023-06-26 03:06:20.340372
QCY: testing step1380   2023-06-26 03:06:21.075863
intersection_5_3 repaired
QCY: testing step1390   2023-06-26 03:06:21.800079
QCY: testing step1400   2023-06-26 03:06:22.528532
QCY: testing step1410   2023-06-26 03:06:23.255574
QCY: testing step1420   2023-06-26 03:06:24.041012
QCY: testing step1430   2023-06-26 03:06:24.775839
intersection_3_4 malfunction
QCY: testing step1440   2023-06-26 03:06:25.517191
intersection_5_2 malfunction
QCY: testing step1450   2023-06-26 03:06:26.267262
QCY: testing step1460   2023-06-26 03:06:27.018689
intersection_2_7 malfunction
QCY: testing step1470   2023-06-26 03:06:27.785485
QCY: testing step1480   2023-06-26 03:06:28.583595
QCY: testing step1490   2023-06-26 03:06:29.376655
QCY: testing step1500   2023-06-26 03:06:30.145055
QCY: testing step1510   2023-06-26 03:06:30.903687
QCY: testing step1520   2023-06-26 03:06:31.671924
QCY: testing step1530   2023-06-26 03:06:32.449504
QCY: testing step1540   2023-06-26 03:06:33.216051
QCY: testing step1550   2023-06-26 03:06:33.988460
QCY: testing step1560   2023-06-26 03:06:34.793087
QCY: testing step1570   2023-06-26 03:06:35.586237
QCY: testing step1580   2023-06-26 03:06:36.478963
intersection_4_4 repaired
QCY: testing step1590   2023-06-26 03:06:37.277125
QCY: testing step1600   2023-06-26 03:06:38.059263
intersection_7_2 repaired
QCY: testing step1610   2023-06-26 03:06:38.813529
intersection_3_4 repaired
QCY: testing step1620   2023-06-26 03:06:39.622428
QCY: testing step1630   2023-06-26 03:06:40.381059
QCY: testing step1640   2023-06-26 03:06:41.182437
QCY: testing step1650   2023-06-26 03:06:41.944622
QCY: testing step1660   2023-06-26 03:06:42.715948
QCY: testing step1670   2023-06-26 03:06:43.498132
QCY: testing step1680   2023-06-26 03:06:44.288294
QCY: testing step1690   2023-06-26 03:06:45.070202
QCY: testing step1700   2023-06-26 03:06:45.844179
QCY: testing step1710   2023-06-26 03:06:46.625861
QCY: testing step1720   2023-06-26 03:06:47.412895
QCY: testing step1730   2023-06-26 03:06:48.187424
QCY: testing step1740   2023-06-26 03:06:48.987278
intersection_6_6 repaired
QCY: testing step1750   2023-06-26 03:06:49.761456
QCY: testing step1760   2023-06-26 03:06:50.536535
QCY: testing step1770   2023-06-26 03:06:51.311708
QCY: testing step1780   2023-06-26 03:06:52.086612
QCY: testing step1790   2023-06-26 03:06:52.861252
QCY: testing step1800   2023-06-26 03:06:53.644242
intersection_1_6 malfunction
intersection_6_2 malfunction
QCY: testing step1810   2023-06-26 03:06:54.488580
QCY: testing step1820   2023-06-26 03:06:55.356999
QCY: testing step1830   2023-06-26 03:06:56.163489
intersection_5_2 repaired
QCY: testing step1840   2023-06-26 03:06:56.992302
QCY: testing step1850   2023-06-26 03:06:57.869117
QCY: testing step1860   2023-06-26 03:06:58.706498
QCY: testing step1870   2023-06-26 03:06:59.503731
QCY: testing step1880   2023-06-26 03:07:00.314130
intersection_3_3 repaired
QCY: testing step1890   2023-06-26 03:07:01.126397
QCY: testing step1900   2023-06-26 03:07:01.950489
QCY: testing step1910   2023-06-26 03:07:02.740239
QCY: testing step1920   2023-06-26 03:07:03.577401
QCY: testing step1930   2023-06-26 03:07:04.367450
QCY: testing step1940   2023-06-26 03:07:05.191619
QCY: testing step1950   2023-06-26 03:07:06.006035
QCY: testing step1960   2023-06-26 03:07:06.826879
QCY: testing step1970   2023-06-26 03:07:07.689478
QCY: testing step1980   2023-06-26 03:07:08.525467
QCY: testing step1990   2023-06-26 03:07:09.355943
QCY: testing step2000   2023-06-26 03:07:10.214264
QCY: testing step2010   2023-06-26 03:07:11.038417
QCY: testing step2020   2023-06-26 03:07:11.940322
QCY: testing step2030   2023-06-26 03:07:12.750487
QCY: testing step2040   2023-06-26 03:07:13.556005
QCY: testing step2050   2023-06-26 03:07:14.400034
QCY: testing step2060   2023-06-26 03:07:15.213275
QCY: testing step2070   2023-06-26 03:07:16.080857
QCY: testing step2080   2023-06-26 03:07:16.936473
QCY: testing step2090   2023-06-26 03:07:17.821800
QCY: testing step2100   2023-06-26 03:07:18.703883
QCY: testing step2110   2023-06-26 03:07:19.549266
QCY: testing step2120   2023-06-26 03:07:20.477443
QCY: testing step2130   2023-06-26 03:07:21.384109
intersection_6_4 malfunction
QCY: testing step2140   2023-06-26 03:07:22.251558
QCY: testing step2150   2023-06-26 03:07:23.103953
QCY: testing step2160   2023-06-26 03:07:23.962475
QCY: testing step2170   2023-06-26 03:07:24.839495
intersection_3_2 malfunction
QCY: testing step2180   2023-06-26 03:07:25.707607
QCY: testing step2190   2023-06-26 03:07:26.584279
intersection_5_2 malfunction
QCY: testing step2200   2023-06-26 03:07:27.460756
QCY: testing step2210   2023-06-26 03:07:28.340404
intersection_3_4 malfunction
QCY: testing step2220   2023-06-26 03:07:29.287926
intersection_3_4 repaired
QCY: testing step2230   2023-06-26 03:07:30.215775
QCY: testing step2240   2023-06-26 03:07:31.138467
QCY: testing step2250   2023-06-26 03:07:32.025071
QCY: testing step2260   2023-06-26 03:07:32.909597
QCY: testing step2270   2023-06-26 03:07:33.793886
QCY: testing step2280   2023-06-26 03:07:34.668856
intersection_3_6 repaired
QCY: testing step2290   2023-06-26 03:07:35.541899
QCY: testing step2300   2023-06-26 03:07:36.421326
QCY: testing step2310   2023-06-26 03:07:37.305332
QCY: testing step2320   2023-06-26 03:07:38.186064
QCY: testing step2330   2023-06-26 03:07:39.068606
QCY: testing step2340   2023-06-26 03:07:39.947089
intersection_2_7 repaired
QCY: testing step2350   2023-06-26 03:07:40.845408
QCY: testing step2360   2023-06-26 03:07:41.737401
QCY: testing step2370   2023-06-26 03:07:42.667121
QCY: testing step2380   2023-06-26 03:07:43.559600
intersection_3_2 repaired
QCY: testing step2390   2023-06-26 03:07:44.439050
QCY: testing step2400   2023-06-26 03:07:45.349394
QCY: testing step2410   2023-06-26 03:07:46.224917
intersection_6_2 repaired
QCY: testing step2420   2023-06-26 03:07:47.160537
QCY: testing step2430   2023-06-26 03:07:48.053341
QCY: testing step2440   2023-06-26 03:07:48.952574
QCY: testing step2450   2023-06-26 03:07:49.869815
QCY: testing step2460   2023-06-26 03:07:50.776799
QCY: testing step2470   2023-06-26 03:07:51.691828
QCY: testing step2480   2023-06-26 03:07:52.591698
QCY: testing step2490   2023-06-26 03:07:53.499640
QCY: testing step2500   2023-06-26 03:07:54.417872
QCY: testing step2510   2023-06-26 03:07:55.336357
QCY: testing step2520   2023-06-26 03:07:56.263775
QCY: testing step2530   2023-06-26 03:07:57.183805
QCY: testing step2540   2023-06-26 03:07:58.158260
intersection_5_4 repaired
QCY: testing step2550   2023-06-26 03:07:59.072907
QCY: testing step2560   2023-06-26 03:08:00.001156
QCY: testing step2570   2023-06-26 03:08:00.928025
QCY: testing step2580   2023-06-26 03:08:01.842746
QCY: testing step2590   2023-06-26 03:08:02.787800
QCY: testing step2600   2023-06-26 03:08:03.719293
QCY: testing step2610   2023-06-26 03:08:04.688011
QCY: testing step2620   2023-06-26 03:08:05.674174
QCY: testing step2630   2023-06-26 03:08:06.633591
QCY: testing step2640   2023-06-26 03:08:07.571152
QCY: testing step2650   2023-06-26 03:08:08.537109
QCY: testing step2660   2023-06-26 03:08:09.490243
QCY: testing step2670   2023-06-26 03:08:10.429376
QCY: testing step2680   2023-06-26 03:08:11.375718
QCY: testing step2690   2023-06-26 03:08:12.320680
QCY: testing step2700   2023-06-26 03:08:13.275138
QCY: testing step2710   2023-06-26 03:08:14.230816
QCY: testing step2720   2023-06-26 03:08:15.193107
intersection_3_6 malfunction
QCY: testing step2730   2023-06-26 03:08:16.217496
QCY: testing step2740   2023-06-26 03:08:17.181889
QCY: testing step2750   2023-06-26 03:08:18.187786
intersection_5_3 malfunction
QCY: testing step2760   2023-06-26 03:08:19.153804
QCY: testing step2770   2023-06-26 03:08:20.125191
intersection_3_6 repaired
QCY: testing step2780   2023-06-26 03:08:21.130033
QCY: testing step2790   2023-06-26 03:08:22.110366
intersection_2_5 malfunction
QCY: testing step2800   2023-06-26 03:08:23.079606
QCY: testing step2810   2023-06-26 03:08:24.049728
QCY: testing step2820   2023-06-26 03:08:25.080185
QCY: testing step2830   2023-06-26 03:08:26.051923
QCY: testing step2840   2023-06-26 03:08:27.027064
QCY: testing step2850   2023-06-26 03:08:28.012243
intersection_4_2 malfunction
QCY: testing step2860   2023-06-26 03:08:28.993179
intersection_1_1 malfunction
QCY: testing step2870   2023-06-26 03:08:29.977073
QCY: testing step2880   2023-06-26 03:08:30.963495
intersection_4_5 malfunction
QCY: testing step2890   2023-06-26 03:08:31.955510
QCY: testing step2900   2023-06-26 03:08:32.921458
QCY: testing step2910   2023-06-26 03:08:33.872995
QCY: testing step2920   2023-06-26 03:08:34.816924
QCY: testing step2930   2023-06-26 03:08:35.769629
QCY: testing step2940   2023-06-26 03:08:36.744518
intersection_4_3 malfunction
QCY: testing step2950   2023-06-26 03:08:37.692476
intersection_4_7 malfunction
QCY: testing step2960   2023-06-26 03:08:38.640267
QCY: testing step2970   2023-06-26 03:08:39.600538
QCY: testing step2980   2023-06-26 03:08:40.564070
intersection_5_3 repaired
QCY: testing step2990   2023-06-26 03:08:41.528653
QCY: testing step3000   2023-06-26 03:08:42.489411
QCY: testing step3010   2023-06-26 03:08:43.445209
QCY: testing step3020   2023-06-26 03:08:44.447915
QCY: testing step3030   2023-06-26 03:08:45.432418
QCY: testing step3040   2023-06-26 03:08:46.389284
QCY: testing step3050   2023-06-26 03:08:47.356934
QCY: testing step3060   2023-06-26 03:08:48.320341
QCY: testing step3070   2023-06-26 03:08:49.304864
QCY: testing step3080   2023-06-26 03:08:50.261403
QCY: testing step3090   2023-06-26 03:08:51.233962
QCY: testing step3100   2023-06-26 03:08:52.197783
QCY: testing step3110   2023-06-26 03:08:53.150648
QCY: testing step3120   2023-06-26 03:08:54.130464
intersection_1_6 repaired
QCY: testing step3130   2023-06-26 03:08:55.099793
intersection_2_3 malfunction
QCY: testing step3140   2023-06-26 03:08:56.068517
QCY: testing step3150   2023-06-26 03:08:57.035802
QCY: testing step3160   2023-06-26 03:08:58.001613
QCY: testing step3170   2023-06-26 03:08:59.000524
intersection_7_4 malfunction
QCY: testing step3180   2023-06-26 03:08:59.979197
QCY: testing step3190   2023-06-26 03:09:00.960518
QCY: testing step3200   2023-06-26 03:09:01.940879
QCY: testing step3210   2023-06-26 03:09:02.996011
QCY: testing step3220   2023-06-26 03:09:03.973108
intersection_2_3 repaired
QCY: testing step3230   2023-06-26 03:09:05.005363
intersection_7_6 malfunction
QCY: testing step3240   2023-06-26 03:09:06.011661
intersection_3_7 malfunction
intersection_7_6 repaired
QCY: testing step3250   2023-06-26 03:09:07.005414
QCY: testing step3260   2023-06-26 03:09:07.992208
intersection_2_5 repaired
QCY: testing step3270   2023-06-26 03:09:08.975015
QCY: testing step3280   2023-06-26 03:09:09.987458
QCY: testing step3290   2023-06-26 03:09:11.007213
intersection_1_1 repaired
intersection_6_4 repaired
QCY: testing step3300   2023-06-26 03:09:12.006199
intersection_3_5 malfunction
intersection_6_5 malfunction
QCY: testing step3310   2023-06-26 03:09:13.010543
intersection_5_2 repaired
QCY: testing step3320   2023-06-26 03:09:14.033181
intersection_3_5 repaired
QCY: testing step3330   2023-06-26 03:09:15.056375
intersection_6_4 malfunction
QCY: testing step3340   2023-06-26 03:09:16.081913
QCY: testing step3350   2023-06-26 03:09:17.107960
QCY: testing step3360   2023-06-26 03:09:18.127541
QCY: testing step3370   2023-06-26 03:09:19.182954
intersection_5_6 malfunction
QCY: testing step3380   2023-06-26 03:09:20.221154
intersection_4_5 repaired
QCY: testing step3390   2023-06-26 03:09:21.236840
QCY: testing step3400   2023-06-26 03:09:22.254707
intersection_5_5 malfunction
QCY: testing step3410   2023-06-26 03:09:23.283155
intersection_6_5 repaired
QCY: testing step3420   2023-06-26 03:09:24.306045
QCY: testing step3430   2023-06-26 03:09:25.382275
QCY: testing step3440   2023-06-26 03:09:26.407405
QCY: testing step3450   2023-06-26 03:09:27.439122
intersection_5_6 repaired
QCY: testing step3460   2023-06-26 03:09:28.469842
QCY: testing step3470   2023-06-26 03:09:29.507271
intersection_1_2 malfunction
QCY: testing step3480   2023-06-26 03:09:30.552531
intersection_2_2 malfunction
QCY: testing step3490   2023-06-26 03:09:31.599560
QCY: testing step3500   2023-06-26 03:09:32.648116
QCY: testing step3510   2023-06-26 03:09:33.700211
QCY: testing step3520   2023-06-26 03:09:34.742509
QCY: testing step3530   2023-06-26 03:09:35.800626
QCY: testing step3540   2023-06-26 03:09:36.859409
QCY: testing step3550   2023-06-26 03:09:37.921352
QCY: testing step3560   2023-06-26 03:09:38.990070
intersection_7_4 repaired
QCY: testing step3570   2023-06-26 03:09:40.048728
QCY: testing step3580   2023-06-26 03:09:41.114938
QCY: testing step3590   2023-06-26 03:09:42.175921
2023-06-26 03:09:43 (INFO): Final Travel Time is 573.2642, mean rewards: -1577.4132, queue: 30.2873, delay: 1.9785, throughput: 2358
2023-06-26 03:09:43 (INFO): Total time taken: 266.87742590904236
