nohup: ignoring input
QCY: cuda is available
YQC: you will use sumo~
building world...
Connection ID debug
QCY: agent: SOTL Agent has no Network model
QCY: num_agent:  49
QCY: model_mapping setting name:  sotl
QCY: task_mapping:  {'base': <class 'task.task.BaseTask'>, 'tsc': <class 'task.task.TSCTask'>}
QCY: GPU: 0
QCY: model_mapping setting train_model:  False
QCY: model_mapping setting test_model:  True
QCY: testing step0   2023-06-26 03:02:30.676230
QCY: testing step10   2023-06-26 03:02:30.823689
QCY: testing step20   2023-06-26 03:02:30.955691
QCY: testing step30   2023-06-26 03:02:31.087027
QCY: testing step40   2023-06-26 03:02:31.225351
QCY: testing step50   2023-06-26 03:02:31.366373
QCY: testing step60   2023-06-26 03:02:31.512419
QCY: testing step70   2023-06-26 03:02:31.655995
QCY: testing step80   2023-06-26 03:02:31.804431
QCY: testing step90   2023-06-26 03:02:31.966994
QCY: testing step100   2023-06-26 03:02:32.123347
QCY: testing step110   2023-06-26 03:02:32.282045
QCY: testing step120   2023-06-26 03:02:32.444023
QCY: testing step130   2023-06-26 03:02:32.616086
QCY: testing step140   2023-06-26 03:02:32.805948
QCY: testing step150   2023-06-26 03:02:32.995837
QCY: testing step160   2023-06-26 03:02:33.186900
QCY: testing step170   2023-06-26 03:02:33.379240
QCY: testing step180   2023-06-26 03:02:33.591955
QCY: testing step190   2023-06-26 03:02:33.796372
QCY: testing step200   2023-06-26 03:02:34.005819
QCY: testing step210   2023-06-26 03:02:34.265302
QCY: testing step220   2023-06-26 03:02:34.556844
QCY: testing step230   2023-06-26 03:02:34.773380
QCY: testing step240   2023-06-26 03:02:34.998167
QCY: testing step250   2023-06-26 03:02:35.231365
QCY: testing step260   2023-06-26 03:02:35.470407
QCY: testing step270   2023-06-26 03:02:35.711603
QCY: testing step280   2023-06-26 03:02:35.953677
QCY: testing step290   2023-06-26 03:02:36.203737
QCY: testing step300   2023-06-26 03:02:36.455388
QCY: testing step310   2023-06-26 03:02:36.704006
QCY: testing step320   2023-06-26 03:02:36.962202
QCY: testing step330   2023-06-26 03:02:37.227944
QCY: testing step340   2023-06-26 03:02:37.517042
QCY: testing step350   2023-06-26 03:02:37.803021
QCY: testing step360   2023-06-26 03:02:38.093735
QCY: testing step370   2023-06-26 03:02:38.392384
QCY: testing step380   2023-06-26 03:02:38.697951
QCY: testing step390   2023-06-26 03:02:39.012540
QCY: testing step400   2023-06-26 03:02:39.336687
QCY: testing step410   2023-06-26 03:02:39.710041
QCY: testing step420   2023-06-26 03:02:40.040137
QCY: testing step430   2023-06-26 03:02:40.379354
QCY: testing step440   2023-06-26 03:02:40.785740
QCY: testing step450   2023-06-26 03:02:41.127607
QCY: testing step460   2023-06-26 03:02:41.467291
QCY: testing step470   2023-06-26 03:02:41.802942
QCY: testing step480   2023-06-26 03:02:42.149028
QCY: testing step490   2023-06-26 03:02:42.496018
QCY: testing step500   2023-06-26 03:02:42.848478
QCY: testing step510   2023-06-26 03:02:43.207413
QCY: testing step520   2023-06-26 03:02:43.572314
QCY: testing step530   2023-06-26 03:02:43.939257
QCY: testing step540   2023-06-26 03:02:44.309143
QCY: testing step550   2023-06-26 03:02:44.706406
QCY: testing step560   2023-06-26 03:02:45.081292
QCY: testing step570   2023-06-26 03:02:45.464493
QCY: testing step580   2023-06-26 03:02:45.862771
QCY: testing step590   2023-06-26 03:02:46.263749
QCY: testing step600   2023-06-26 03:02:46.669064
QCY: testing step610   2023-06-26 03:02:47.135854
QCY: testing step620   2023-06-26 03:02:47.555472
QCY: testing step630   2023-06-26 03:02:48.054229
QCY: testing step640   2023-06-26 03:02:48.489585
QCY: testing step650   2023-06-26 03:02:48.925833
QCY: testing step660   2023-06-26 03:02:49.374068
QCY: testing step670   2023-06-26 03:02:49.816171
QCY: testing step680   2023-06-26 03:02:50.260952
QCY: testing step690   2023-06-26 03:02:50.704192
QCY: testing step700   2023-06-26 03:02:51.154826
QCY: testing step710   2023-06-26 03:02:51.611471
QCY: testing step720   2023-06-26 03:02:52.064896
QCY: testing step730   2023-06-26 03:02:52.537867
QCY: testing step740   2023-06-26 03:02:53.001300
QCY: testing step750   2023-06-26 03:02:53.462459
QCY: testing step760   2023-06-26 03:02:53.930282
QCY: testing step770   2023-06-26 03:02:54.414402
QCY: testing step780   2023-06-26 03:02:54.891255
QCY: testing step790   2023-06-26 03:02:55.363368
QCY: testing step800   2023-06-26 03:02:55.863748
QCY: testing step810   2023-06-26 03:02:56.398520
QCY: testing step820   2023-06-26 03:02:56.888381
QCY: testing step830   2023-06-26 03:02:57.380312
QCY: testing step840   2023-06-26 03:02:57.903288
QCY: testing step850   2023-06-26 03:02:58.406334
QCY: testing step860   2023-06-26 03:02:58.911801
QCY: testing step870   2023-06-26 03:02:59.427781
QCY: testing step880   2023-06-26 03:02:59.937616
QCY: testing step890   2023-06-26 03:03:00.449177
QCY: testing step900   2023-06-26 03:03:00.966200
QCY: testing step910   2023-06-26 03:03:01.518593
QCY: testing step920   2023-06-26 03:03:02.056707
QCY: testing step930   2023-06-26 03:03:02.585558
QCY: testing step940   2023-06-26 03:03:03.113799
QCY: testing step950   2023-06-26 03:03:03.665545
QCY: testing step960   2023-06-26 03:03:04.200790
QCY: testing step970   2023-06-26 03:03:04.741885
QCY: testing step980   2023-06-26 03:03:05.285771
QCY: testing step990   2023-06-26 03:03:05.837976
QCY: testing step1000   2023-06-26 03:03:06.393610
QCY: testing step1010   2023-06-26 03:03:07.003019
QCY: testing step1020   2023-06-26 03:03:07.565659
QCY: testing step1030   2023-06-26 03:03:08.138214
QCY: testing step1040   2023-06-26 03:03:08.707730
QCY: testing step1050   2023-06-26 03:03:09.280256
QCY: testing step1060   2023-06-26 03:03:09.856851
QCY: testing step1070   2023-06-26 03:03:10.439718
QCY: testing step1080   2023-06-26 03:03:11.018222
QCY: testing step1090   2023-06-26 03:03:11.608129
QCY: testing step1100   2023-06-26 03:03:12.194604
QCY: testing step1110   2023-06-26 03:03:12.792353
QCY: testing step1120   2023-06-26 03:03:13.387280
QCY: testing step1130   2023-06-26 03:03:14.002407
QCY: testing step1140   2023-06-26 03:03:14.611174
QCY: testing step1150   2023-06-26 03:03:15.215309
QCY: testing step1160   2023-06-26 03:03:15.819810
QCY: testing step1170   2023-06-26 03:03:16.426285
QCY: testing step1180   2023-06-26 03:03:17.046626
QCY: testing step1190   2023-06-26 03:03:17.656785
QCY: testing step1200   2023-06-26 03:03:18.274803
QCY: testing step1210   2023-06-26 03:03:18.947467
QCY: testing step1220   2023-06-26 03:03:19.576994
QCY: testing step1230   2023-06-26 03:03:20.200858
QCY: testing step1240   2023-06-26 03:03:20.826761
QCY: testing step1250   2023-06-26 03:03:21.447074
QCY: testing step1260   2023-06-26 03:03:22.073665
QCY: testing step1270   2023-06-26 03:03:22.696286
QCY: testing step1280   2023-06-26 03:03:23.325171
QCY: testing step1290   2023-06-26 03:03:23.956269
QCY: testing step1300   2023-06-26 03:03:24.589877
QCY: testing step1310   2023-06-26 03:03:25.215020
QCY: testing step1320   2023-06-26 03:03:25.915583
QCY: testing step1330   2023-06-26 03:03:26.555061
QCY: testing step1340   2023-06-26 03:03:27.186527
QCY: testing step1350   2023-06-26 03:03:27.837055
QCY: testing step1360   2023-06-26 03:03:28.514849
QCY: testing step1370   2023-06-26 03:03:29.160283
QCY: testing step1380   2023-06-26 03:03:29.809265
QCY: testing step1390   2023-06-26 03:03:30.469512
QCY: testing step1400   2023-06-26 03:03:31.126156
QCY: testing step1410   2023-06-26 03:03:31.784938
QCY: testing step1420   2023-06-26 03:03:32.499331
QCY: testing step1430   2023-06-26 03:03:33.164143
QCY: testing step1440   2023-06-26 03:03:33.838608
QCY: testing step1450   2023-06-26 03:03:34.527821
QCY: testing step1460   2023-06-26 03:03:35.209685
QCY: testing step1470   2023-06-26 03:03:35.893448
QCY: testing step1480   2023-06-26 03:03:36.586705
QCY: testing step1490   2023-06-26 03:03:37.275764
QCY: testing step1500   2023-06-26 03:03:37.989991
QCY: testing step1510   2023-06-26 03:03:38.674390
QCY: testing step1520   2023-06-26 03:03:39.370073
QCY: testing step1530   2023-06-26 03:03:40.047638
QCY: testing step1540   2023-06-26 03:03:40.738267
QCY: testing step1550   2023-06-26 03:03:41.427832
QCY: testing step1560   2023-06-26 03:03:42.121376
QCY: testing step1570   2023-06-26 03:03:42.816339
QCY: testing step1580   2023-06-26 03:03:43.509177
QCY: testing step1590   2023-06-26 03:03:44.198194
QCY: testing step1600   2023-06-26 03:03:44.889169
QCY: testing step1610   2023-06-26 03:03:45.589743
QCY: testing step1620   2023-06-26 03:03:46.332810
QCY: testing step1630   2023-06-26 03:03:47.028918
QCY: testing step1640   2023-06-26 03:03:47.723755
QCY: testing step1650   2023-06-26 03:03:48.460228
QCY: testing step1660   2023-06-26 03:03:49.157100
QCY: testing step1670   2023-06-26 03:03:49.852177
QCY: testing step1680   2023-06-26 03:03:50.557036
QCY: testing step1690   2023-06-26 03:03:51.382202
QCY: testing step1700   2023-06-26 03:03:52.098281
QCY: testing step1710   2023-06-26 03:03:52.823108
QCY: testing step1720   2023-06-26 03:03:53.549253
QCY: testing step1730   2023-06-26 03:03:54.268097
QCY: testing step1740   2023-06-26 03:03:55.005882
QCY: testing step1750   2023-06-26 03:03:55.732481
QCY: testing step1760   2023-06-26 03:03:56.444960
QCY: testing step1770   2023-06-26 03:03:57.201238
QCY: testing step1780   2023-06-26 03:03:57.936570
QCY: testing step1790   2023-06-26 03:03:58.664092
QCY: testing step1800   2023-06-26 03:03:59.406660
QCY: testing step1810   2023-06-26 03:04:00.152170
QCY: testing step1820   2023-06-26 03:04:00.948292
QCY: testing step1830   2023-06-26 03:04:01.707793
QCY: testing step1840   2023-06-26 03:04:02.464343
QCY: testing step1850   2023-06-26 03:04:03.256928
QCY: testing step1860   2023-06-26 03:04:04.065666
QCY: testing step1870   2023-06-26 03:04:04.869086
QCY: testing step1880   2023-06-26 03:04:05.669943
QCY: testing step1890   2023-06-26 03:04:06.551026
QCY: testing step1900   2023-06-26 03:04:07.341935
QCY: testing step1910   2023-06-26 03:04:08.224944
QCY: testing step1920   2023-06-26 03:04:09.043434
QCY: testing step1930   2023-06-26 03:04:09.856603
QCY: testing step1940   2023-06-26 03:04:10.703544
QCY: testing step1950   2023-06-26 03:04:11.520398
QCY: testing step1960   2023-06-26 03:04:12.421725
QCY: testing step1970   2023-06-26 03:04:13.257340
QCY: testing step1980   2023-06-26 03:04:14.070851
QCY: testing step1990   2023-06-26 03:04:14.916382
QCY: testing step2000   2023-06-26 03:04:15.728782
QCY: testing step2010   2023-06-26 03:04:16.540938
QCY: testing step2020   2023-06-26 03:04:17.426300
QCY: testing step2030   2023-06-26 03:04:18.240982
QCY: testing step2040   2023-06-26 03:04:19.062345
QCY: testing step2050   2023-06-26 03:04:19.877201
QCY: testing step2060   2023-06-26 03:04:20.696602
QCY: testing step2070   2023-06-26 03:04:21.525079
QCY: testing step2080   2023-06-26 03:04:22.357968
QCY: testing step2090   2023-06-26 03:04:23.172620
QCY: testing step2100   2023-06-26 03:04:23.987930
QCY: testing step2110   2023-06-26 03:04:24.804489
QCY: testing step2120   2023-06-26 03:04:25.637923
QCY: testing step2130   2023-06-26 03:04:26.469397
QCY: testing step2140   2023-06-26 03:04:27.297540
QCY: testing step2150   2023-06-26 03:04:28.141291
QCY: testing step2160   2023-06-26 03:04:28.975556
QCY: testing step2170   2023-06-26 03:04:29.817918
QCY: testing step2180   2023-06-26 03:04:30.661697
QCY: testing step2190   2023-06-26 03:04:31.503186
QCY: testing step2200   2023-06-26 03:04:32.355939
QCY: testing step2210   2023-06-26 03:04:33.201353
QCY: testing step2220   2023-06-26 03:04:34.100900
QCY: testing step2230   2023-06-26 03:04:34.954264
QCY: testing step2240   2023-06-26 03:04:35.810298
QCY: testing step2250   2023-06-26 03:04:36.755428
QCY: testing step2260   2023-06-26 03:04:37.597798
QCY: testing step2270   2023-06-26 03:04:38.469774
QCY: testing step2280   2023-06-26 03:04:39.339304
QCY: testing step2290   2023-06-26 03:04:40.198314
QCY: testing step2300   2023-06-26 03:04:41.062417
QCY: testing step2310   2023-06-26 03:04:41.922855
QCY: testing step2320   2023-06-26 03:04:42.781510
QCY: testing step2330   2023-06-26 03:04:43.649522
QCY: testing step2340   2023-06-26 03:04:44.516312
QCY: testing step2350   2023-06-26 03:04:45.441585
QCY: testing step2360   2023-06-26 03:04:46.359109
QCY: testing step2370   2023-06-26 03:04:47.263505
QCY: testing step2380   2023-06-26 03:04:48.188122
QCY: testing step2390   2023-06-26 03:04:49.080975
QCY: testing step2400   2023-06-26 03:04:49.976476
QCY: testing step2410   2023-06-26 03:04:50.862285
QCY: testing step2420   2023-06-26 03:04:51.804452
QCY: testing step2430   2023-06-26 03:04:52.703034
QCY: testing step2440   2023-06-26 03:04:53.588562
QCY: testing step2450   2023-06-26 03:04:54.477873
QCY: testing step2460   2023-06-26 03:04:55.369804
QCY: testing step2470   2023-06-26 03:04:56.270896
QCY: testing step2480   2023-06-26 03:04:57.166423
QCY: testing step2490   2023-06-26 03:04:58.070637
QCY: testing step2500   2023-06-26 03:04:58.979862
QCY: testing step2510   2023-06-26 03:04:59.880056
QCY: testing step2520   2023-06-26 03:05:00.783333
QCY: testing step2530   2023-06-26 03:05:01.738944
QCY: testing step2540   2023-06-26 03:05:02.651239
QCY: testing step2550   2023-06-26 03:05:03.561103
QCY: testing step2560   2023-06-26 03:05:04.467297
QCY: testing step2570   2023-06-26 03:05:05.378669
QCY: testing step2580   2023-06-26 03:05:06.283597
QCY: testing step2590   2023-06-26 03:05:07.188665
QCY: testing step2600   2023-06-26 03:05:08.121545
QCY: testing step2610   2023-06-26 03:05:09.051056
QCY: testing step2620   2023-06-26 03:05:10.074514
QCY: testing step2630   2023-06-26 03:05:11.114244
QCY: testing step2640   2023-06-26 03:05:12.103590
QCY: testing step2650   2023-06-26 03:05:13.062002
QCY: testing step2660   2023-06-26 03:05:14.075083
QCY: testing step2670   2023-06-26 03:05:15.061042
QCY: testing step2680   2023-06-26 03:05:16.056791
QCY: testing step2690   2023-06-26 03:05:17.022208
QCY: testing step2700   2023-06-26 03:05:17.974953
QCY: testing step2710   2023-06-26 03:05:18.986366
QCY: testing step2720   2023-06-26 03:05:19.969864
QCY: testing step2730   2023-06-26 03:05:20.970214
QCY: testing step2740   2023-06-26 03:05:21.987986
QCY: testing step2750   2023-06-26 03:05:22.982301
QCY: testing step2760   2023-06-26 03:05:23.998207
QCY: testing step2770   2023-06-26 03:05:25.206511
QCY: testing step2780   2023-06-26 03:05:26.359262
QCY: testing step2790   2023-06-26 03:05:27.413511
QCY: testing step2800   2023-06-26 03:05:28.473539
QCY: testing step2810   2023-06-26 03:05:29.562393
QCY: testing step2820   2023-06-26 03:05:30.737711
QCY: testing step2830   2023-06-26 03:05:32.026004
QCY: testing step2840   2023-06-26 03:05:33.163363
QCY: testing step2850   2023-06-26 03:05:34.313239
QCY: testing step2860   2023-06-26 03:05:35.400763
QCY: testing step2870   2023-06-26 03:05:36.519016
QCY: testing step2880   2023-06-26 03:05:37.548606
QCY: testing step2890   2023-06-26 03:05:38.605911
QCY: testing step2900   2023-06-26 03:05:39.761090
QCY: testing step2910   2023-06-26 03:05:40.820589
QCY: testing step2920   2023-06-26 03:05:41.873937
QCY: testing step2930   2023-06-26 03:05:42.935305
QCY: testing step2940   2023-06-26 03:05:44.007137
QCY: testing step2950   2023-06-26 03:05:45.054210
QCY: testing step2960   2023-06-26 03:05:46.120901
QCY: testing step2970   2023-06-26 03:05:47.179446
QCY: testing step2980   2023-06-26 03:05:48.220084
QCY: testing step2990   2023-06-26 03:05:49.262555
QCY: testing step3000   2023-06-26 03:05:50.289041
QCY: testing step3010   2023-06-26 03:05:51.361756
QCY: testing step3020   2023-06-26 03:05:52.519795
QCY: testing step3030   2023-06-26 03:05:53.633867
QCY: testing step3040   2023-06-26 03:05:54.724540
QCY: testing step3050   2023-06-26 03:05:55.796987
QCY: testing step3060   2023-06-26 03:05:56.884319
QCY: testing step3070   2023-06-26 03:05:58.008276
QCY: testing step3080   2023-06-26 03:05:59.065292
QCY: testing step3090   2023-06-26 03:06:00.129928
QCY: testing step3100   2023-06-26 03:06:01.222841
QCY: testing step3110   2023-06-26 03:06:02.332981
QCY: testing step3120   2023-06-26 03:06:03.404876
QCY: testing step3130   2023-06-26 03:06:04.480203
QCY: testing step3140   2023-06-26 03:06:05.558093
QCY: testing step3150   2023-06-26 03:06:06.674442
QCY: testing step3160   2023-06-26 03:06:07.744517
QCY: testing step3170   2023-06-26 03:06:08.813696
QCY: testing step3180   2023-06-26 03:06:09.909421
QCY: testing step3190   2023-06-26 03:06:11.001767
QCY: testing step3200   2023-06-26 03:06:12.130617
QCY: testing step3210   2023-06-26 03:06:13.219738
QCY: testing step3220   2023-06-26 03:06:14.318433
QCY: testing step3230   2023-06-26 03:06:15.475521
QCY: testing step3240   2023-06-26 03:06:16.620935
QCY: testing step3250   2023-06-26 03:06:17.727314
QCY: testing step3260   2023-06-26 03:06:18.856656
QCY: testing step3270   2023-06-26 03:06:19.964587
QCY: testing step3280   2023-06-26 03:06:21.065208
QCY: testing step3290   2023-06-26 03:06:22.165137
QCY: testing step3300   2023-06-26 03:06:23.259117
QCY: testing step3310   2023-06-26 03:06:24.534702
QCY: testing step3320   2023-06-26 03:06:25.641408
QCY: testing step3330   2023-06-26 03:06:26.769253
QCY: testing step3340   2023-06-26 03:06:27.908548
QCY: testing step3350   2023-06-26 03:06:29.043526
QCY: testing step3360   2023-06-26 03:06:30.169686
QCY: testing step3370   2023-06-26 03:06:31.294601
QCY: testing step3380   2023-06-26 03:06:32.407652
QCY: testing step3390   2023-06-26 03:06:33.532336
QCY: testing step3400   2023-06-26 03:06:34.661085
QCY: testing step3410   2023-06-26 03:06:35.785835
QCY: testing step3420   2023-06-26 03:06:36.938621
QCY: testing step3430   2023-06-26 03:06:38.160110
QCY: testing step3440   2023-06-26 03:06:39.313302
QCY: testing step3450   2023-06-26 03:06:40.439519
QCY: testing step3460   2023-06-26 03:06:41.566006
QCY: testing step3470   2023-06-26 03:06:42.736972
QCY: testing step3480   2023-06-26 03:06:43.910237
QCY: testing step3490   2023-06-26 03:06:45.056514
QCY: testing step3500   2023-06-26 03:06:46.296740
QCY: testing step3510   2023-06-26 03:06:47.431708
QCY: testing step3520   2023-06-26 03:06:48.541529
QCY: testing step3530   2023-06-26 03:06:49.694791
QCY: testing step3540   2023-06-26 03:06:50.818747
QCY: testing step3550   2023-06-26 03:06:51.942095
QCY: testing step3560   2023-06-26 03:06:53.108862
QCY: testing step3570   2023-06-26 03:06:54.266100
QCY: testing step3580   2023-06-26 03:06:55.415518
QCY: testing step3590   2023-06-26 03:06:56.552280
2023-06-26 03:06:57 (INFO): Final Travel Time is 573.4571, mean rewards: -1637.1559, queue: 33.4745, delay: 2.0820, throughput: 1573
2023-06-26 03:06:57 (INFO): Total time taken: 267.64406275749207
