nohup: ignoring input
QCY: cuda is available
YQC: you will use sumo~
building world...
Connection ID debug
QCY: agent: SOTL Agent has no Network model
QCY: num_agent:  49
QCY: model_mapping setting name:  sotl
QCY: task_mapping:  {'base': <class 'task.task.BaseTask'>, 'tsc': <class 'task.task.TSCTask'>}
QCY: GPU: 0
QCY: model_mapping setting train_model:  False
QCY: model_mapping setting test_model:  True
QCY: testing step0   2023-06-18 10:41:34.047607
QCY: testing step10   2023-06-18 10:41:34.235267
QCY: testing step20   2023-06-18 10:41:34.369926
QCY: testing step30   2023-06-18 10:41:34.513472
QCY: testing step40   2023-06-18 10:41:34.672287
QCY: testing step50   2023-06-18 10:41:34.848430
QCY: testing step60   2023-06-18 10:41:35.031496
QCY: testing step70   2023-06-18 10:41:35.225876
QCY: testing step80   2023-06-18 10:41:35.423803
QCY: testing step90   2023-06-18 10:41:35.642649
QCY: testing step100   2023-06-18 10:41:35.868415
QCY: testing step110   2023-06-18 10:41:36.132059
QCY: testing step120   2023-06-18 10:41:36.468236
QCY: testing step130   2023-06-18 10:41:36.743092
QCY: testing step140   2023-06-18 10:41:37.022387
QCY: testing step150   2023-06-18 10:41:37.288440
QCY: testing step160   2023-06-18 10:41:37.561085
QCY: testing step170   2023-06-18 10:41:37.843527
QCY: testing step180   2023-06-18 10:41:38.149458
QCY: testing step190   2023-06-18 10:41:38.553266
QCY: testing step200   2023-06-18 10:41:38.871155
QCY: testing step210   2023-06-18 10:41:39.268312
QCY: testing step220   2023-06-18 10:41:39.605373
QCY: testing step230   2023-06-18 10:41:39.936869
QCY: testing step240   2023-06-18 10:41:40.312009
QCY: testing step250   2023-06-18 10:41:40.671416
QCY: testing step260   2023-06-18 10:41:41.071479
QCY: testing step270   2023-06-18 10:41:41.480936
QCY: testing step280   2023-06-18 10:41:41.887964
QCY: testing step290   2023-06-18 10:41:42.347870
QCY: testing step300   2023-06-18 10:41:42.782818
QCY: testing step310   2023-06-18 10:41:43.226282
QCY: testing step320   2023-06-18 10:41:43.659380
QCY: testing step330   2023-06-18 10:41:44.171627
QCY: testing step340   2023-06-18 10:41:44.587443
QCY: testing step350   2023-06-18 10:41:44.999669
QCY: testing step360   2023-06-18 10:41:45.414891
QCY: testing step370   2023-06-18 10:41:45.862932
QCY: testing step380   2023-06-18 10:41:46.300377
QCY: testing step390   2023-06-18 10:41:46.752546
QCY: testing step400   2023-06-18 10:41:47.196277
QCY: testing step410   2023-06-18 10:41:47.700604
QCY: testing step420   2023-06-18 10:41:48.181763
QCY: testing step430   2023-06-18 10:41:48.637573
QCY: testing step440   2023-06-18 10:41:49.111324
QCY: testing step450   2023-06-18 10:41:49.580854
QCY: testing step460   2023-06-18 10:41:50.052260
QCY: testing step470   2023-06-18 10:41:50.548114
QCY: testing step480   2023-06-18 10:41:51.022762
QCY: testing step490   2023-06-18 10:41:51.510567
QCY: testing step500   2023-06-18 10:41:51.991775
QCY: testing step510   2023-06-18 10:41:52.498271
QCY: testing step520   2023-06-18 10:41:53.002469
QCY: testing step530   2023-06-18 10:41:53.528557
QCY: testing step540   2023-06-18 10:41:54.037474
QCY: testing step550   2023-06-18 10:41:54.584171
QCY: testing step560   2023-06-18 10:41:55.106212
QCY: testing step570   2023-06-18 10:41:55.622571
QCY: testing step580   2023-06-18 10:41:56.141353
QCY: testing step590   2023-06-18 10:41:56.754313
QCY: testing step600   2023-06-18 10:41:57.288441
QCY: testing step610   2023-06-18 10:41:57.873482
QCY: testing step620   2023-06-18 10:41:58.448900
QCY: testing step630   2023-06-18 10:41:59.026453
QCY: testing step640   2023-06-18 10:41:59.627889
QCY: testing step650   2023-06-18 10:42:00.240638
QCY: testing step660   2023-06-18 10:42:00.847268
QCY: testing step670   2023-06-18 10:42:01.519300
QCY: testing step680   2023-06-18 10:42:02.334338
QCY: testing step690   2023-06-18 10:42:02.966500
QCY: testing step700   2023-06-18 10:42:03.609724
QCY: testing step710   2023-06-18 10:42:04.267766
QCY: testing step720   2023-06-18 10:42:04.915593
QCY: testing step730   2023-06-18 10:42:05.554176
QCY: testing step740   2023-06-18 10:42:06.208202
QCY: testing step750   2023-06-18 10:42:06.914199
QCY: testing step760   2023-06-18 10:42:07.538316
QCY: testing step770   2023-06-18 10:42:08.197202
QCY: testing step780   2023-06-18 10:42:08.843692
QCY: testing step790   2023-06-18 10:42:09.517789
QCY: testing step800   2023-06-18 10:42:10.183048
QCY: testing step810   2023-06-18 10:42:10.928898
QCY: testing step820   2023-06-18 10:42:11.607434
QCY: testing step830   2023-06-18 10:42:12.296974
QCY: testing step840   2023-06-18 10:42:13.062284
QCY: testing step850   2023-06-18 10:42:13.749817
QCY: testing step860   2023-06-18 10:42:14.438889
QCY: testing step870   2023-06-18 10:42:15.162403
QCY: testing step880   2023-06-18 10:42:15.881330
QCY: testing step890   2023-06-18 10:42:16.615674
QCY: testing step900   2023-06-18 10:42:17.347653
QCY: testing step910   2023-06-18 10:42:18.051060
QCY: testing step920   2023-06-18 10:42:18.745292
QCY: testing step930   2023-06-18 10:42:19.520403
QCY: testing step940   2023-06-18 10:42:20.246545
QCY: testing step950   2023-06-18 10:42:20.988534
QCY: testing step960   2023-06-18 10:42:21.723317
QCY: testing step970   2023-06-18 10:42:22.453729
QCY: testing step980   2023-06-18 10:42:23.196686
QCY: testing step990   2023-06-18 10:42:23.941006
QCY: testing step1000   2023-06-18 10:42:24.712861
QCY: testing step1010   2023-06-18 10:42:25.543564
QCY: testing step1020   2023-06-18 10:42:26.308264
QCY: testing step1030   2023-06-18 10:42:27.068020
QCY: testing step1040   2023-06-18 10:42:27.839219
QCY: testing step1050   2023-06-18 10:42:28.613273
QCY: testing step1060   2023-06-18 10:42:29.365725
QCY: testing step1070   2023-06-18 10:42:30.153078
QCY: testing step1080   2023-06-18 10:42:30.911222
QCY: testing step1090   2023-06-18 10:42:31.664718
QCY: testing step1100   2023-06-18 10:42:32.427352
QCY: testing step1110   2023-06-18 10:42:33.195867
QCY: testing step1120   2023-06-18 10:42:33.973887
QCY: testing step1130   2023-06-18 10:42:34.751636
QCY: testing step1140   2023-06-18 10:42:35.522058
QCY: testing step1150   2023-06-18 10:42:36.302922
QCY: testing step1160   2023-06-18 10:42:37.079657
QCY: testing step1170   2023-06-18 10:42:37.873825
QCY: testing step1180   2023-06-18 10:42:38.673986
QCY: testing step1190   2023-06-18 10:42:39.488280
QCY: testing step1200   2023-06-18 10:42:40.328757
QCY: testing step1210   2023-06-18 10:42:41.351412
QCY: testing step1220   2023-06-18 10:42:42.216986
QCY: testing step1230   2023-06-18 10:42:43.058496
QCY: testing step1240   2023-06-18 10:42:43.903990
QCY: testing step1250   2023-06-18 10:42:44.740525
QCY: testing step1260   2023-06-18 10:42:45.608184
QCY: testing step1270   2023-06-18 10:42:46.467089
QCY: testing step1280   2023-06-18 10:42:47.301911
QCY: testing step1290   2023-06-18 10:42:48.189686
QCY: testing step1300   2023-06-18 10:42:49.051058
QCY: testing step1310   2023-06-18 10:42:49.918533
QCY: testing step1320   2023-06-18 10:42:50.801963
QCY: testing step1330   2023-06-18 10:42:51.653890
QCY: testing step1340   2023-06-18 10:42:52.510145
QCY: testing step1350   2023-06-18 10:42:53.376600
QCY: testing step1360   2023-06-18 10:42:54.286179
QCY: testing step1370   2023-06-18 10:42:55.184424
QCY: testing step1380   2023-06-18 10:42:56.092700
QCY: testing step1390   2023-06-18 10:42:57.029722
QCY: testing step1400   2023-06-18 10:42:57.957525
QCY: testing step1410   2023-06-18 10:42:58.917167
QCY: testing step1420   2023-06-18 10:42:59.820041
QCY: testing step1430   2023-06-18 10:43:00.731030
QCY: testing step1440   2023-06-18 10:43:01.675276
QCY: testing step1450   2023-06-18 10:43:02.698928
QCY: testing step1460   2023-06-18 10:43:03.672745
QCY: testing step1470   2023-06-18 10:43:04.690043
QCY: testing step1480   2023-06-18 10:43:05.699947
QCY: testing step1490   2023-06-18 10:43:06.715279
QCY: testing step1500   2023-06-18 10:43:07.744196
QCY: testing step1510   2023-06-18 10:43:08.752419
QCY: testing step1520   2023-06-18 10:43:09.768312
QCY: testing step1530   2023-06-18 10:43:10.786408
QCY: testing step1540   2023-06-18 10:43:11.811177
QCY: testing step1550   2023-06-18 10:43:12.859592
QCY: testing step1560   2023-06-18 10:43:13.909280
QCY: testing step1570   2023-06-18 10:43:14.957056
QCY: testing step1580   2023-06-18 10:43:16.007030
QCY: testing step1590   2023-06-18 10:43:17.076831
QCY: testing step1600   2023-06-18 10:43:18.129668
QCY: testing step1610   2023-06-18 10:43:19.278615
QCY: testing step1620   2023-06-18 10:43:20.385669
QCY: testing step1630   2023-06-18 10:43:21.503386
QCY: testing step1640   2023-06-18 10:43:22.628388
QCY: testing step1650   2023-06-18 10:43:23.750868
QCY: testing step1660   2023-06-18 10:43:24.909891
QCY: testing step1670   2023-06-18 10:43:26.096836
QCY: testing step1680   2023-06-18 10:43:27.269151
QCY: testing step1690   2023-06-18 10:43:28.496435
QCY: testing step1700   2023-06-18 10:43:29.664876
QCY: testing step1710   2023-06-18 10:43:30.889754
QCY: testing step1720   2023-06-18 10:43:32.099105
QCY: testing step1730   2023-06-18 10:43:33.321735
QCY: testing step1740   2023-06-18 10:43:34.551568
QCY: testing step1750   2023-06-18 10:43:35.805591
QCY: testing step1760   2023-06-18 10:43:37.079332
QCY: testing step1770   2023-06-18 10:43:38.333407
QCY: testing step1780   2023-06-18 10:43:39.615780
QCY: testing step1790   2023-06-18 10:43:40.877702
QCY: testing step1800   2023-06-18 10:43:42.164097
QCY: testing step1810   2023-06-18 10:43:43.543106
QCY: testing step1820   2023-06-18 10:43:44.885764
QCY: testing step1830   2023-06-18 10:43:46.257738
QCY: testing step1840   2023-06-18 10:43:47.639520
QCY: testing step1850   2023-06-18 10:43:49.019769
QCY: testing step1860   2023-06-18 10:43:50.398490
QCY: testing step1870   2023-06-18 10:43:51.783997
QCY: testing step1880   2023-06-18 10:43:53.264953
QCY: testing step1890   2023-06-18 10:43:54.779696
QCY: testing step1900   2023-06-18 10:43:56.210236
QCY: testing step1910   2023-06-18 10:43:57.622089
QCY: testing step1920   2023-06-18 10:43:59.155997
QCY: testing step1930   2023-06-18 10:44:00.600347
QCY: testing step1940   2023-06-18 10:44:02.067006
QCY: testing step1950   2023-06-18 10:44:03.572021
QCY: testing step1960   2023-06-18 10:44:05.060094
QCY: testing step1970   2023-06-18 10:44:06.576639
QCY: testing step1980   2023-06-18 10:44:08.082845
QCY: testing step1990   2023-06-18 10:44:09.619419
QCY: testing step2000   2023-06-18 10:44:11.170303
QCY: testing step2010   2023-06-18 10:44:12.816549
QCY: testing step2020   2023-06-18 10:44:14.448890
QCY: testing step2030   2023-06-18 10:44:16.063495
QCY: testing step2040   2023-06-18 10:44:17.692320
QCY: testing step2050   2023-06-18 10:44:19.352442
QCY: testing step2060   2023-06-18 10:44:20.995706
QCY: testing step2070   2023-06-18 10:44:22.665757
QCY: testing step2080   2023-06-18 10:44:24.369658
QCY: testing step2090   2023-06-18 10:44:26.031196
QCY: testing step2100   2023-06-18 10:44:27.706836
QCY: testing step2110   2023-06-18 10:44:29.432306
QCY: testing step2120   2023-06-18 10:44:31.125398
QCY: testing step2130   2023-06-18 10:44:33.011787
QCY: testing step2140   2023-06-18 10:44:34.749891
QCY: testing step2150   2023-06-18 10:44:36.522237
QCY: testing step2160   2023-06-18 10:44:38.293173
QCY: testing step2170   2023-06-18 10:44:40.099296
QCY: testing step2180   2023-06-18 10:44:41.895644
QCY: testing step2190   2023-06-18 10:44:43.661920
QCY: testing step2200   2023-06-18 10:44:45.447040
QCY: testing step2210   2023-06-18 10:44:47.324757
QCY: testing step2220   2023-06-18 10:44:49.165190
QCY: testing step2230   2023-06-18 10:44:50.984165
QCY: testing step2240   2023-06-18 10:44:52.799643
QCY: testing step2250   2023-06-18 10:44:54.620800
QCY: testing step2260   2023-06-18 10:44:56.533138
QCY: testing step2270   2023-06-18 10:44:58.415753
QCY: testing step2280   2023-06-18 10:45:00.470149
QCY: testing step2290   2023-06-18 10:45:02.438577
QCY: testing step2300   2023-06-18 10:45:04.365545
QCY: testing step2310   2023-06-18 10:45:06.324850
QCY: testing step2320   2023-06-18 10:45:08.251337
QCY: testing step2330   2023-06-18 10:45:10.266218
QCY: testing step2340   2023-06-18 10:45:12.278858
QCY: testing step2350   2023-06-18 10:45:14.225172
QCY: testing step2360   2023-06-18 10:45:16.275725
QCY: testing step2370   2023-06-18 10:45:18.339434
QCY: testing step2380   2023-06-18 10:45:20.403730
QCY: testing step2390   2023-06-18 10:45:22.473283
QCY: testing step2400   2023-06-18 10:45:24.560777
QCY: testing step2410   2023-06-18 10:45:26.711388
QCY: testing step2420   2023-06-18 10:45:28.821749
QCY: testing step2430   2023-06-18 10:45:30.913464
QCY: testing step2440   2023-06-18 10:45:33.027119
QCY: testing step2450   2023-06-18 10:45:35.265119
QCY: testing step2460   2023-06-18 10:45:37.426637
QCY: testing step2470   2023-06-18 10:45:39.613340
QCY: testing step2480   2023-06-18 10:45:41.811424
QCY: testing step2490   2023-06-18 10:45:44.086462
QCY: testing step2500   2023-06-18 10:45:46.395183
QCY: testing step2510   2023-06-18 10:45:48.724498
QCY: testing step2520   2023-06-18 10:45:50.933886
QCY: testing step2530   2023-06-18 10:45:53.333442
QCY: testing step2540   2023-06-18 10:45:55.587215
QCY: testing step2550   2023-06-18 10:45:57.867752
QCY: testing step2560   2023-06-18 10:46:00.103851
QCY: testing step2570   2023-06-18 10:46:02.361284
QCY: testing step2580   2023-06-18 10:46:04.665911
QCY: testing step2590   2023-06-18 10:46:06.981583
QCY: testing step2600   2023-06-18 10:46:09.372890
QCY: testing step2610   2023-06-18 10:46:11.749060
QCY: testing step2620   2023-06-18 10:46:14.033039
QCY: testing step2630   2023-06-18 10:46:16.374817
QCY: testing step2640   2023-06-18 10:46:18.704673
QCY: testing step2650   2023-06-18 10:46:21.194555
QCY: testing step2660   2023-06-18 10:46:23.543130
QCY: testing step2670   2023-06-18 10:46:25.981579
QCY: testing step2680   2023-06-18 10:46:28.409271
QCY: testing step2690   2023-06-18 10:46:30.814048
QCY: testing step2700   2023-06-18 10:46:33.180665
QCY: testing step2710   2023-06-18 10:46:35.575197
QCY: testing step2720   2023-06-18 10:46:37.957079
QCY: testing step2730   2023-06-18 10:46:40.423312
QCY: testing step2740   2023-06-18 10:46:42.922073
QCY: testing step2750   2023-06-18 10:46:45.351367
QCY: testing step2760   2023-06-18 10:46:47.768360
QCY: testing step2770   2023-06-18 10:46:50.184165
QCY: testing step2780   2023-06-18 10:46:52.649393
QCY: testing step2790   2023-06-18 10:46:55.103501
QCY: testing step2800   2023-06-18 10:46:57.575288
QCY: testing step2810   2023-06-18 10:47:00.105720
QCY: testing step2820   2023-06-18 10:47:02.597126
QCY: testing step2830   2023-06-18 10:47:05.100727
QCY: testing step2840   2023-06-18 10:47:07.786291
QCY: testing step2850   2023-06-18 10:47:10.310582
QCY: testing step2860   2023-06-18 10:47:12.872778
QCY: testing step2870   2023-06-18 10:47:15.487815
QCY: testing step2880   2023-06-18 10:47:18.157765
QCY: testing step2890   2023-06-18 10:47:20.768332
QCY: testing step2900   2023-06-18 10:47:23.408768
QCY: testing step2910   2023-06-18 10:47:26.102652
QCY: testing step2920   2023-06-18 10:47:28.754977
QCY: testing step2930   2023-06-18 10:47:31.436633
QCY: testing step2940   2023-06-18 10:47:34.075543
QCY: testing step2950   2023-06-18 10:47:36.799238
QCY: testing step2960   2023-06-18 10:47:39.452079
QCY: testing step2970   2023-06-18 10:47:42.118963
QCY: testing step2980   2023-06-18 10:47:44.792655
QCY: testing step2990   2023-06-18 10:47:47.530712
QCY: testing step3000   2023-06-18 10:47:50.286319
QCY: testing step3010   2023-06-18 10:47:53.050152
QCY: testing step3020   2023-06-18 10:47:55.773493
QCY: testing step3030   2023-06-18 10:47:58.475877
QCY: testing step3040   2023-06-18 10:48:01.195270
QCY: testing step3050   2023-06-18 10:48:03.935363
QCY: testing step3060   2023-06-18 10:48:06.671883
QCY: testing step3070   2023-06-18 10:48:09.389170
QCY: testing step3080   2023-06-18 10:48:12.144908
QCY: testing step3090   2023-06-18 10:48:14.886823
QCY: testing step3100   2023-06-18 10:48:17.643984
QCY: testing step3110   2023-06-18 10:48:20.444549
QCY: testing step3120   2023-06-18 10:48:23.306615
QCY: testing step3130   2023-06-18 10:48:26.198495
QCY: testing step3140   2023-06-18 10:48:29.037185
QCY: testing step3150   2023-06-18 10:48:31.881122
QCY: testing step3160   2023-06-18 10:48:34.791810
QCY: testing step3170   2023-06-18 10:48:37.749541
QCY: testing step3180   2023-06-18 10:48:41.014347
QCY: testing step3190   2023-06-18 10:48:44.011217
QCY: testing step3200   2023-06-18 10:48:46.923869
QCY: testing step3210   2023-06-18 10:48:49.973399
QCY: testing step3220   2023-06-18 10:48:52.988971
QCY: testing step3230   2023-06-18 10:48:55.963595
QCY: testing step3240   2023-06-18 10:48:59.029628
QCY: testing step3250   2023-06-18 10:49:02.044371
QCY: testing step3260   2023-06-18 10:49:05.056227
QCY: testing step3270   2023-06-18 10:49:08.083252
QCY: testing step3280   2023-06-18 10:49:11.039963
QCY: testing step3290   2023-06-18 10:49:14.000493
QCY: testing step3300   2023-06-18 10:49:17.051756
QCY: testing step3310   2023-06-18 10:49:20.066314
QCY: testing step3320   2023-06-18 10:49:23.071074
QCY: testing step3330   2023-06-18 10:49:26.139066
QCY: testing step3340   2023-06-18 10:49:29.192526
QCY: testing step3350   2023-06-18 10:49:32.325147
QCY: testing step3360   2023-06-18 10:49:35.494876
QCY: testing step3370   2023-06-18 10:49:38.638061
QCY: testing step3380   2023-06-18 10:49:41.767249
QCY: testing step3390   2023-06-18 10:49:44.917951
QCY: testing step3400   2023-06-18 10:49:48.092782
QCY: testing step3410   2023-06-18 10:49:51.277232
QCY: testing step3420   2023-06-18 10:49:54.382410
QCY: testing step3430   2023-06-18 10:49:57.559327
QCY: testing step3440   2023-06-18 10:50:00.716815
QCY: testing step3450   2023-06-18 10:50:03.888495
QCY: testing step3460   2023-06-18 10:50:07.124456
QCY: testing step3470   2023-06-18 10:50:10.369290
QCY: testing step3480   2023-06-18 10:50:13.671167
QCY: testing step3490   2023-06-18 10:50:16.978566
QCY: testing step3500   2023-06-18 10:50:20.254248
QCY: testing step3510   2023-06-18 10:50:23.509280
QCY: testing step3520   2023-06-18 10:50:26.721579
QCY: testing step3530   2023-06-18 10:50:29.914771
QCY: testing step3540   2023-06-18 10:50:33.159190
QCY: testing step3550   2023-06-18 10:50:36.560276
QCY: testing step3560   2023-06-18 10:50:39.848304
QCY: testing step3570   2023-06-18 10:50:43.136582
QCY: testing step3580   2023-06-18 10:50:46.412877
QCY: testing step3590   2023-06-18 10:50:49.569330
2023-06-18 10:50:52 (INFO): Final Travel Time is 429.5673, mean rewards: -3639.9906, queue: 74.4815, delay: 5.6194, throughput: 5500
2023-06-18 10:50:52 (INFO): Total time taken: 559.4435360431671
