nohup: ignoring input
QCY: cuda is available
YQC: you will use sumo~
building world...
Connection ID debug
QCY: agent: SOTL Agent has no Network model
QCY: num_agent:  49
QCY: model_mapping setting name:  sotl
QCY: task_mapping:  {'base': <class 'task.task.BaseTask'>, 'tsc': <class 'task.task.TSCTask'>}
QCY: GPU: 0
QCY: model_mapping setting train_model:  False
QCY: model_mapping setting test_model:  True
QCY: testing step0   2023-06-18 10:42:08.299015
QCY: testing step10   2023-06-18 10:42:08.507185
QCY: testing step20   2023-06-18 10:42:08.659069
QCY: testing step30   2023-06-18 10:42:08.827815
intersection_5_2 malfunction
QCY: testing step40   2023-06-18 10:42:09.011994
QCY: testing step50   2023-06-18 10:42:09.220584
QCY: testing step60   2023-06-18 10:42:09.449973
QCY: testing step70   2023-06-18 10:42:09.683068
QCY: testing step80   2023-06-18 10:42:09.947702
QCY: testing step90   2023-06-18 10:42:10.243504
QCY: testing step100   2023-06-18 10:42:10.528130
intersection_2_4 malfunction
QCY: testing step110   2023-06-18 10:42:10.834431
QCY: testing step120   2023-06-18 10:42:11.160037
intersection_5_2 repaired
QCY: testing step130   2023-06-18 10:42:11.495493
intersection_5_5 malfunction
QCY: testing step140   2023-06-18 10:42:11.829070
QCY: testing step150   2023-06-18 10:42:12.184021
QCY: testing step160   2023-06-18 10:42:12.639499
QCY: testing step170   2023-06-18 10:42:13.021320
QCY: testing step180   2023-06-18 10:42:13.395852
QCY: testing step190   2023-06-18 10:42:13.779577
QCY: testing step200   2023-06-18 10:42:14.161448
QCY: testing step210   2023-06-18 10:42:14.629173
QCY: testing step220   2023-06-18 10:42:15.059326
QCY: testing step230   2023-06-18 10:42:15.483458
QCY: testing step240   2023-06-18 10:42:15.910267
intersection_1_7 malfunction
QCY: testing step250   2023-06-18 10:42:16.346125
QCY: testing step260   2023-06-18 10:42:16.836183
intersection_1_7 repaired
QCY: testing step270   2023-06-18 10:42:17.309193
QCY: testing step280   2023-06-18 10:42:17.777076
QCY: testing step290   2023-06-18 10:42:18.246934
intersection_6_5 malfunction
QCY: testing step300   2023-06-18 10:42:18.725680
intersection_7_5 malfunction
QCY: testing step310   2023-06-18 10:42:19.235910
QCY: testing step320   2023-06-18 10:42:19.795862
QCY: testing step330   2023-06-18 10:42:20.307402
QCY: testing step340   2023-06-18 10:42:20.836545
QCY: testing step350   2023-06-18 10:42:21.379301
intersection_6_5 repaired
QCY: testing step360   2023-06-18 10:42:21.922749
intersection_5_5 repaired
QCY: testing step370   2023-06-18 10:42:22.473739
QCY: testing step380   2023-06-18 10:42:23.026921
QCY: testing step390   2023-06-18 10:42:23.586997
QCY: testing step400   2023-06-18 10:42:24.139130
intersection_7_7 malfunction
QCY: testing step410   2023-06-18 10:42:24.771182
QCY: testing step420   2023-06-18 10:42:25.351339
QCY: testing step430   2023-06-18 10:42:25.909032
QCY: testing step440   2023-06-18 10:42:26.496415
QCY: testing step450   2023-06-18 10:42:27.095677
QCY: testing step460   2023-06-18 10:42:27.669784
QCY: testing step470   2023-06-18 10:42:28.236842
QCY: testing step480   2023-06-18 10:42:28.802288
QCY: testing step490   2023-06-18 10:42:29.376484
QCY: testing step500   2023-06-18 10:42:29.958116
QCY: testing step510   2023-06-18 10:42:30.542489
intersection_3_2 malfunction
QCY: testing step520   2023-06-18 10:42:31.178073
QCY: testing step530   2023-06-18 10:42:31.768785
QCY: testing step540   2023-06-18 10:42:32.367637
QCY: testing step550   2023-06-18 10:42:32.975375
QCY: testing step560   2023-06-18 10:42:33.587094
QCY: testing step570   2023-06-18 10:42:34.202584
QCY: testing step580   2023-06-18 10:42:34.823010
QCY: testing step590   2023-06-18 10:42:35.449847
QCY: testing step600   2023-06-18 10:42:36.076225
QCY: testing step610   2023-06-18 10:42:36.775385
QCY: testing step620   2023-06-18 10:42:37.424617
intersection_7_5 repaired
QCY: testing step630   2023-06-18 10:42:38.088364
intersection_4_7 malfunction
QCY: testing step640   2023-06-18 10:42:38.754685
QCY: testing step650   2023-06-18 10:42:39.421369
QCY: testing step660   2023-06-18 10:42:40.095913
QCY: testing step670   2023-06-18 10:42:40.776306
QCY: testing step680   2023-06-18 10:42:41.579797
QCY: testing step690   2023-06-18 10:42:42.273119
QCY: testing step700   2023-06-18 10:42:42.972460
intersection_1_7 malfunction
intersection_5_2 malfunction
QCY: testing step710   2023-06-18 10:42:43.682621
QCY: testing step720   2023-06-18 10:42:44.396156
intersection_1_7 repaired
QCY: testing step730   2023-06-18 10:42:45.139610
QCY: testing step740   2023-06-18 10:42:45.880549
QCY: testing step750   2023-06-18 10:42:46.610521
intersection_5_6 malfunction
QCY: testing step760   2023-06-18 10:42:47.392866
intersection_1_7 malfunction
QCY: testing step770   2023-06-18 10:42:48.220249
QCY: testing step780   2023-06-18 10:42:48.964804
QCY: testing step790   2023-06-18 10:42:49.718251
intersection_3_5 malfunction
QCY: testing step800   2023-06-18 10:42:50.484423
QCY: testing step810   2023-06-18 10:42:51.317476
QCY: testing step820   2023-06-18 10:42:52.081415
QCY: testing step830   2023-06-18 10:42:52.853446
QCY: testing step840   2023-06-18 10:42:53.636072
intersection_2_4 repaired
QCY: testing step850   2023-06-18 10:42:54.482193
QCY: testing step860   2023-06-18 10:42:55.297644
QCY: testing step870   2023-06-18 10:42:56.108622
QCY: testing step880   2023-06-18 10:42:56.923520
QCY: testing step890   2023-06-18 10:42:57.745074
intersection_3_2 repaired
QCY: testing step900   2023-06-18 10:42:58.576282
intersection_2_5 malfunction
QCY: testing step910   2023-06-18 10:42:59.516774
intersection_5_2 repaired
QCY: testing step920   2023-06-18 10:43:00.395325
QCY: testing step930   2023-06-18 10:43:01.275117
QCY: testing step940   2023-06-18 10:43:02.144880
QCY: testing step950   2023-06-18 10:43:03.012205
QCY: testing step960   2023-06-18 10:43:03.883596
QCY: testing step970   2023-06-18 10:43:04.772153
QCY: testing step980   2023-06-18 10:43:05.680945
QCY: testing step990   2023-06-18 10:43:06.600696
QCY: testing step1000   2023-06-18 10:43:07.557928
QCY: testing step1010   2023-06-18 10:43:08.626687
QCY: testing step1020   2023-06-18 10:43:09.605690
QCY: testing step1030   2023-06-18 10:43:10.592263
intersection_7_5 malfunction
QCY: testing step1040   2023-06-18 10:43:11.575509
QCY: testing step1050   2023-06-18 10:43:12.535618
QCY: testing step1060   2023-06-18 10:43:13.547187
QCY: testing step1070   2023-06-18 10:43:14.560953
QCY: testing step1080   2023-06-18 10:43:15.583094
intersection_4_7 repaired
QCY: testing step1090   2023-06-18 10:43:16.674022
QCY: testing step1100   2023-06-18 10:43:17.738166
intersection_1_7 repaired
QCY: testing step1110   2023-06-18 10:43:18.806599
QCY: testing step1120   2023-06-18 10:43:19.889065
QCY: testing step1130   2023-06-18 10:43:20.935696
QCY: testing step1140   2023-06-18 10:43:21.987700
QCY: testing step1150   2023-06-18 10:43:23.052236
intersection_6_5 malfunction
QCY: testing step1160   2023-06-18 10:43:24.135219
intersection_4_1 malfunction
QCY: testing step1170   2023-06-18 10:43:25.231452
QCY: testing step1180   2023-06-18 10:43:26.320158
QCY: testing step1190   2023-06-18 10:43:27.418557
QCY: testing step1200   2023-06-18 10:43:28.591080
QCY: testing step1210   2023-06-18 10:43:29.807208
QCY: testing step1220   2023-06-18 10:43:30.974726
QCY: testing step1230   2023-06-18 10:43:32.132339
QCY: testing step1240   2023-06-18 10:43:33.331244
QCY: testing step1250   2023-06-18 10:43:34.477916
QCY: testing step1260   2023-06-18 10:43:35.672252
QCY: testing step1270   2023-06-18 10:43:36.977132
QCY: testing step1280   2023-06-18 10:43:38.500199
QCY: testing step1290   2023-06-18 10:43:39.885692
QCY: testing step1300   2023-06-18 10:43:41.128641
QCY: testing step1310   2023-06-18 10:43:42.386386
intersection_7_7 repaired
QCY: testing step1320   2023-06-18 10:43:43.652950
QCY: testing step1330   2023-06-18 10:43:44.909954
QCY: testing step1340   2023-06-18 10:43:46.315629
QCY: testing step1350   2023-06-18 10:43:47.602147
QCY: testing step1360   2023-06-18 10:43:48.921872
intersection_7_2 malfunction
QCY: testing step1370   2023-06-18 10:43:50.314550
QCY: testing step1380   2023-06-18 10:43:51.651626
QCY: testing step1390   2023-06-18 10:43:52.970315
QCY: testing step1400   2023-06-18 10:43:54.330021
intersection_4_1 repaired
QCY: testing step1410   2023-06-18 10:43:55.859709
QCY: testing step1420   2023-06-18 10:43:57.258433
QCY: testing step1430   2023-06-18 10:43:58.658843
QCY: testing step1440   2023-06-18 10:44:00.010910
QCY: testing step1450   2023-06-18 10:44:01.377129
QCY: testing step1460   2023-06-18 10:44:02.762770
QCY: testing step1470   2023-06-18 10:44:04.165564
QCY: testing step1480   2023-06-18 10:44:05.671016
QCY: testing step1490   2023-06-18 10:44:07.121606
QCY: testing step1500   2023-06-18 10:44:08.592570
QCY: testing step1510   2023-06-18 10:44:10.053213
QCY: testing step1520   2023-06-18 10:44:11.526836
QCY: testing step1530   2023-06-18 10:44:13.042963
QCY: testing step1540   2023-06-18 10:44:14.588533
QCY: testing step1550   2023-06-18 10:44:16.068453
QCY: testing step1560   2023-06-18 10:44:17.551168
QCY: testing step1570   2023-06-18 10:44:19.058045
QCY: testing step1580   2023-06-18 10:44:20.651221
intersection_2_2 malfunction
QCY: testing step1590   2023-06-18 10:44:22.223776
QCY: testing step1600   2023-06-18 10:44:23.780861
QCY: testing step1610   2023-06-18 10:44:25.393800
QCY: testing step1620   2023-06-18 10:44:26.958127
QCY: testing step1630   2023-06-18 10:44:28.543921
intersection_4_1 malfunction
QCY: testing step1640   2023-06-18 10:44:30.147232
intersection_3_5 repaired
intersection_7_5 repaired
QCY: testing step1650   2023-06-18 10:44:31.768429
QCY: testing step1660   2023-06-18 10:44:33.488346
QCY: testing step1670   2023-06-18 10:44:35.127396
QCY: testing step1680   2023-06-18 10:44:36.833624
intersection_2_7 malfunction
QCY: testing step1690   2023-06-18 10:44:38.503965
QCY: testing step1700   2023-06-18 10:44:40.229115
QCY: testing step1710   2023-06-18 10:44:41.958086
QCY: testing step1720   2023-06-18 10:44:43.746771
QCY: testing step1730   2023-06-18 10:44:45.549413
QCY: testing step1740   2023-06-18 10:44:47.313091
QCY: testing step1750   2023-06-18 10:44:49.081138
QCY: testing step1760   2023-06-18 10:44:50.883535
QCY: testing step1770   2023-06-18 10:44:52.661419
QCY: testing step1780   2023-06-18 10:44:54.535257
QCY: testing step1790   2023-06-18 10:44:56.464117
QCY: testing step1800   2023-06-18 10:44:58.536154
intersection_5_6 repaired
QCY: testing step1810   2023-06-18 10:45:00.605482
QCY: testing step1820   2023-06-18 10:45:02.541383
QCY: testing step1830   2023-06-18 10:45:04.374334
QCY: testing step1840   2023-06-18 10:45:06.240663
QCY: testing step1850   2023-06-18 10:45:08.106529
intersection_5_1 malfunction
QCY: testing step1860   2023-06-18 10:45:09.984693
QCY: testing step1870   2023-06-18 10:45:11.884211
QCY: testing step1880   2023-06-18 10:45:13.796231
QCY: testing step1890   2023-06-18 10:45:15.718615
QCY: testing step1900   2023-06-18 10:45:17.657863
QCY: testing step1910   2023-06-18 10:45:19.575115
intersection_6_1 malfunction
QCY: testing step1920   2023-06-18 10:45:21.526792
intersection_6_1 repaired
QCY: testing step1930   2023-06-18 10:45:23.510610
intersection_4_2 malfunction
QCY: testing step1940   2023-06-18 10:45:25.507728
QCY: testing step1950   2023-06-18 10:45:27.534710
QCY: testing step1960   2023-06-18 10:45:29.576950
QCY: testing step1970   2023-06-18 10:45:31.626397
intersection_5_3 malfunction
QCY: testing step1980   2023-06-18 10:45:33.689898
intersection_4_2 repaired
QCY: testing step1990   2023-06-18 10:45:35.808276
QCY: testing step2000   2023-06-18 10:45:37.903948
QCY: testing step2010   2023-06-18 10:45:40.097684
intersection_4_2 malfunction
QCY: testing step2020   2023-06-18 10:45:42.257198
QCY: testing step2030   2023-06-18 10:45:44.464012
QCY: testing step2040   2023-06-18 10:45:46.676195
intersection_4_1 repaired
QCY: testing step2050   2023-06-18 10:45:48.898122
QCY: testing step2060   2023-06-18 10:45:51.097828
QCY: testing step2070   2023-06-18 10:45:53.286966
intersection_1_1 malfunction
QCY: testing step2080   2023-06-18 10:45:55.506560
QCY: testing step2090   2023-06-18 10:45:57.736585
QCY: testing step2100   2023-06-18 10:46:00.001918
intersection_7_4 malfunction
QCY: testing step2110   2023-06-18 10:46:02.302407
QCY: testing step2120   2023-06-18 10:46:04.567766
QCY: testing step2130   2023-06-18 10:46:06.901251
intersection_5_6 malfunction
QCY: testing step2140   2023-06-18 10:46:09.277815
QCY: testing step2150   2023-06-18 10:46:11.611465
QCY: testing step2160   2023-06-18 10:46:14.128946
QCY: testing step2170   2023-06-18 10:46:16.492211
QCY: testing step2180   2023-06-18 10:46:18.907939
QCY: testing step2190   2023-06-18 10:46:21.437218
QCY: testing step2200   2023-06-18 10:46:23.933554
QCY: testing step2210   2023-06-18 10:46:26.518203
QCY: testing step2220   2023-06-18 10:46:29.028058
intersection_2_7 repaired
QCY: testing step2230   2023-06-18 10:46:31.499607
intersection_1_1 repaired
QCY: testing step2240   2023-06-18 10:46:33.969403
QCY: testing step2250   2023-06-18 10:46:36.473045
QCY: testing step2260   2023-06-18 10:46:39.025748
QCY: testing step2270   2023-06-18 10:46:41.490897
QCY: testing step2280   2023-06-18 10:46:43.949669
QCY: testing step2290   2023-06-18 10:46:46.527141
QCY: testing step2300   2023-06-18 10:46:49.125584
QCY: testing step2310   2023-06-18 10:46:51.747442
QCY: testing step2320   2023-06-18 10:46:54.277826
QCY: testing step2330   2023-06-18 10:46:56.849368
QCY: testing step2340   2023-06-18 10:46:59.432385
QCY: testing step2350   2023-06-18 10:47:02.018085
QCY: testing step2360   2023-06-18 10:47:04.622173
QCY: testing step2370   2023-06-18 10:47:07.260593
QCY: testing step2380   2023-06-18 10:47:09.908273
intersection_3_6 malfunction
intersection_5_1 repaired
QCY: testing step2390   2023-06-18 10:47:12.580562
QCY: testing step2400   2023-06-18 10:47:15.329506
QCY: testing step2410   2023-06-18 10:47:18.064687
QCY: testing step2420   2023-06-18 10:47:20.758996
QCY: testing step2430   2023-06-18 10:47:23.479614
QCY: testing step2440   2023-06-18 10:47:26.321270
QCY: testing step2450   2023-06-18 10:47:29.127139
QCY: testing step2460   2023-06-18 10:47:31.839387
intersection_3_6 repaired
intersection_7_4 repaired
QCY: testing step2470   2023-06-18 10:47:34.575503
intersection_6_7 malfunction
QCY: testing step2480   2023-06-18 10:47:37.380122
intersection_5_6 repaired
QCY: testing step2490   2023-06-18 10:47:40.060041
QCY: testing step2500   2023-06-18 10:47:42.801296
QCY: testing step2510   2023-06-18 10:47:45.598793
QCY: testing step2520   2023-06-18 10:47:48.434354
QCY: testing step2530   2023-06-18 10:47:51.372421
QCY: testing step2540   2023-06-18 10:47:54.235920
QCY: testing step2550   2023-06-18 10:47:57.039160
intersection_3_2 malfunction
QCY: testing step2560   2023-06-18 10:47:59.912629
QCY: testing step2570   2023-06-18 10:48:02.795611
intersection_2_2 repaired
QCY: testing step2580   2023-06-18 10:48:05.779905
QCY: testing step2590   2023-06-18 10:48:08.731858
QCY: testing step2600   2023-06-18 10:48:11.727856
QCY: testing step2610   2023-06-18 10:48:14.778010
QCY: testing step2620   2023-06-18 10:48:17.857732
QCY: testing step2630   2023-06-18 10:48:20.835706
QCY: testing step2640   2023-06-18 10:48:23.863558
QCY: testing step2650   2023-06-18 10:48:26.902499
QCY: testing step2660   2023-06-18 10:48:29.879273
intersection_2_3 malfunction
QCY: testing step2670   2023-06-18 10:48:32.929068
QCY: testing step2680   2023-06-18 10:48:36.019094
QCY: testing step2690   2023-06-18 10:48:39.077278
QCY: testing step2700   2023-06-18 10:48:42.205668
QCY: testing step2710   2023-06-18 10:48:45.296191
QCY: testing step2720   2023-06-18 10:48:48.359871
QCY: testing step2730   2023-06-18 10:48:51.427893
QCY: testing step2740   2023-06-18 10:48:54.584054
QCY: testing step2750   2023-06-18 10:48:57.768249
intersection_3_3 malfunction
QCY: testing step2760   2023-06-18 10:49:00.886959
QCY: testing step2770   2023-06-18 10:49:03.993077
QCY: testing step2780   2023-06-18 10:49:07.145798
QCY: testing step2790   2023-06-18 10:49:10.272958
QCY: testing step2800   2023-06-18 10:49:13.387208
QCY: testing step2810   2023-06-18 10:49:16.603845
intersection_5_3 repaired
QCY: testing step2820   2023-06-18 10:49:19.835855
QCY: testing step2830   2023-06-18 10:49:22.975010
intersection_1_3 malfunction
QCY: testing step2840   2023-06-18 10:49:26.186510
intersection_6_4 malfunction
QCY: testing step2850   2023-06-18 10:49:29.400689
QCY: testing step2860   2023-06-18 10:49:32.618339
QCY: testing step2870   2023-06-18 10:49:35.880263
QCY: testing step2880   2023-06-18 10:49:39.182392
QCY: testing step2890   2023-06-18 10:49:42.576065
QCY: testing step2900   2023-06-18 10:49:46.044336
intersection_4_3 malfunction
QCY: testing step2910   2023-06-18 10:49:49.487785
QCY: testing step2920   2023-06-18 10:49:52.874863
QCY: testing step2930   2023-06-18 10:49:56.252873
QCY: testing step2940   2023-06-18 10:49:59.634916
intersection_2_4 malfunction
QCY: testing step2950   2023-06-18 10:50:03.107797
intersection_6_4 repaired
intersection_7_2 repaired
QCY: testing step2960   2023-06-18 10:50:06.548060
QCY: testing step2970   2023-06-18 10:50:10.066927
intersection_1_3 repaired
QCY: testing step2980   2023-06-18 10:50:13.591901
QCY: testing step2990   2023-06-18 10:50:17.075989
intersection_1_7 malfunction
QCY: testing step3000   2023-06-18 10:50:20.530944
intersection_5_1 malfunction
QCY: testing step3010   2023-06-18 10:50:24.083950
QCY: testing step3020   2023-06-18 10:50:27.610368
QCY: testing step3030   2023-06-18 10:50:31.147696
QCY: testing step3040   2023-06-18 10:50:34.702978
QCY: testing step3050   2023-06-18 10:50:38.162226
QCY: testing step3060   2023-06-18 10:50:41.581801
QCY: testing step3070   2023-06-18 10:50:45.028478
intersection_3_3 repaired
QCY: testing step3080   2023-06-18 10:50:48.515255
intersection_6_5 repaired
QCY: testing step3090   2023-06-18 10:50:52.015865
QCY: testing step3100   2023-06-18 10:50:55.453602
QCY: testing step3110   2023-06-18 10:50:58.729683
QCY: testing step3120   2023-06-18 10:51:02.022090
intersection_4_5 malfunction
QCY: testing step3130   2023-06-18 10:51:05.341996
intersection_2_3 repaired
QCY: testing step3140   2023-06-18 10:51:08.687489
QCY: testing step3150   2023-06-18 10:51:11.990206
QCY: testing step3160   2023-06-18 10:51:15.306545
intersection_3_1 malfunction
QCY: testing step3170   2023-06-18 10:51:18.679692
intersection_2_5 repaired
QCY: testing step3180   2023-06-18 10:51:22.057766
intersection_2_4 repaired
QCY: testing step3190   2023-06-18 10:51:25.404297
QCY: testing step3200   2023-06-18 10:51:28.800673
QCY: testing step3210   2023-06-18 10:51:32.218867
QCY: testing step3220   2023-06-18 10:51:35.670948
QCY: testing step3230   2023-06-18 10:51:39.154193
QCY: testing step3240   2023-06-18 10:51:42.640488
QCY: testing step3250   2023-06-18 10:51:46.098561
QCY: testing step3260   2023-06-18 10:51:49.553421
QCY: testing step3270   2023-06-18 10:51:53.018180
intersection_2_1 malfunction
QCY: testing step3280   2023-06-18 10:51:56.448670
QCY: testing step3290   2023-06-18 10:51:59.876511
QCY: testing step3300   2023-06-18 10:52:03.421343
intersection_3_4 malfunction
QCY: testing step3310   2023-06-18 10:52:06.869363
intersection_6_7 repaired
QCY: testing step3320   2023-06-18 10:52:10.381214
QCY: testing step3330   2023-06-18 10:52:13.896303
QCY: testing step3340   2023-06-18 10:52:17.424791
QCY: testing step3350   2023-06-18 10:52:21.016087
QCY: testing step3360   2023-06-18 10:52:24.602057
QCY: testing step3370   2023-06-18 10:52:28.132428
QCY: testing step3380   2023-06-18 10:52:31.649902
QCY: testing step3390   2023-06-18 10:52:35.160687
intersection_5_1 repaired
QCY: testing step3400   2023-06-18 10:52:38.692264
intersection_4_2 repaired
QCY: testing step3410   2023-06-18 10:52:42.248590
intersection_2_1 repaired
QCY: testing step3420   2023-06-18 10:52:45.707469
QCY: testing step3430   2023-06-18 10:52:49.236190
intersection_3_2 repaired
QCY: testing step3440   2023-06-18 10:52:52.732807
QCY: testing step3450   2023-06-18 10:52:56.353891
QCY: testing step3460   2023-06-18 10:52:59.902177
QCY: testing step3470   2023-06-18 10:53:03.474420
QCY: testing step3480   2023-06-18 10:53:07.050467
QCY: testing step3490   2023-06-18 10:53:10.632667
QCY: testing step3500   2023-06-18 10:53:14.281047
intersection_7_1 malfunction
QCY: testing step3510   2023-06-18 10:53:17.845217
QCY: testing step3520   2023-06-18 10:53:21.411566
QCY: testing step3530   2023-06-18 10:53:24.983348
QCY: testing step3540   2023-06-18 10:53:28.589706
QCY: testing step3550   2023-06-18 10:53:32.182298
QCY: testing step3560   2023-06-18 10:53:35.865120
QCY: testing step3570   2023-06-18 10:53:39.501226
QCY: testing step3580   2023-06-18 10:53:43.049700
intersection_3_4 repaired
QCY: testing step3590   2023-06-18 10:53:46.605462
2023-06-18 10:53:50 (INFO): Final Travel Time is 465.6472, mean rewards: -4270.8604, queue: 87.3812, delay: 6.1649, throughput: 4087
2023-06-18 10:53:50 (INFO): Total time taken: 702.5729467868805
