nohup: ignoring input
QCY: cuda is available
YQC: you will use sumo~
building world...
Connection ID debug
QCY: agent: Maxpressure Agent has no Network model
QCY: num_agent:  49
QCY: model_mapping setting name:  maxpressure
QCY: task_mapping:  {'base': <class 'task.task.BaseTask'>, 'tsc': <class 'task.task.TSCTask'>}
QCY: GPU: 0
QCY: model_mapping setting train_model:  False
QCY: model_mapping setting test_model:  True
QCY: testing step0   2023-07-05 09:20:05.531784
QCY: testing step10   2023-07-05 09:20:05.719660
QCY: testing step20   2023-07-05 09:20:05.867921
QCY: testing step30   2023-07-05 09:20:06.019929
QCY: testing step40   2023-07-05 09:20:06.176439
QCY: testing step50   2023-07-05 09:20:06.338652
QCY: testing step60   2023-07-05 09:20:06.505442
QCY: testing step70   2023-07-05 09:20:06.678137
QCY: testing step80   2023-07-05 09:20:06.859759
QCY: testing step90   2023-07-05 09:20:07.044268
QCY: testing step100   2023-07-05 09:20:07.228131
QCY: testing step110   2023-07-05 09:20:07.413531
QCY: testing step120   2023-07-05 09:20:07.608895
QCY: testing step130   2023-07-05 09:20:07.805259
QCY: testing step140   2023-07-05 09:20:08.006297
QCY: testing step150   2023-07-05 09:20:08.235726
QCY: testing step160   2023-07-05 09:20:08.446055
QCY: testing step170   2023-07-05 09:20:08.742572
QCY: testing step180   2023-07-05 09:20:08.954642
QCY: testing step190   2023-07-05 09:20:09.177351
QCY: testing step200   2023-07-05 09:20:09.415156
QCY: testing step210   2023-07-05 09:20:09.708770
QCY: testing step220   2023-07-05 09:20:09.971194
QCY: testing step230   2023-07-05 09:20:10.225926
QCY: testing step240   2023-07-05 09:20:10.480022
QCY: testing step250   2023-07-05 09:20:10.735530
QCY: testing step260   2023-07-05 09:20:11.009626
QCY: testing step270   2023-07-05 09:20:11.273907
QCY: testing step280   2023-07-05 09:20:11.548023
QCY: testing step290   2023-07-05 09:20:11.820683
QCY: testing step300   2023-07-05 09:20:12.096018
QCY: testing step310   2023-07-05 09:20:12.369990
QCY: testing step320   2023-07-05 09:20:12.655346
QCY: testing step330   2023-07-05 09:20:12.936868
QCY: testing step340   2023-07-05 09:20:13.232397
QCY: testing step350   2023-07-05 09:20:13.540401
QCY: testing step360   2023-07-05 09:20:13.837680
QCY: testing step370   2023-07-05 09:20:14.134367
QCY: testing step380   2023-07-05 09:20:14.443854
QCY: testing step390   2023-07-05 09:20:14.758669
intersection_1_1 malfunction
QCY: testing step400   2023-07-05 09:20:15.076967
QCY: testing step410   2023-07-05 09:20:15.463580
QCY: testing step420   2023-07-05 09:20:15.793535
intersection_2_2 malfunction
QCY: testing step430   2023-07-05 09:20:16.123970
QCY: testing step440   2023-07-05 09:20:16.451941
QCY: testing step450   2023-07-05 09:20:16.779097
QCY: testing step460   2023-07-05 09:20:17.113976
QCY: testing step470   2023-07-05 09:20:17.450699
QCY: testing step480   2023-07-05 09:20:17.883600
QCY: testing step490   2023-07-05 09:20:18.288595
intersection_3_7 malfunction
QCY: testing step500   2023-07-05 09:20:18.655727
QCY: testing step510   2023-07-05 09:20:19.096226
QCY: testing step520   2023-07-05 09:20:19.498878
intersection_4_3 malfunction
QCY: testing step530   2023-07-05 09:20:19.875067
intersection_3_4 malfunction
QCY: testing step540   2023-07-05 09:20:20.246833
QCY: testing step550   2023-07-05 09:20:20.622514
QCY: testing step560   2023-07-05 09:20:21.007014
QCY: testing step570   2023-07-05 09:20:21.393060
QCY: testing step580   2023-07-05 09:20:21.778073
QCY: testing step590   2023-07-05 09:20:22.171785
intersection_7_1 malfunction
QCY: testing step600   2023-07-05 09:20:22.565129
intersection_4_3 repaired
QCY: testing step610   2023-07-05 09:20:23.023049
intersection_3_2 malfunction
intersection_7_1 repaired
QCY: testing step620   2023-07-05 09:20:23.413251
intersection_1_1 repaired
QCY: testing step630   2023-07-05 09:20:23.804664
QCY: testing step640   2023-07-05 09:20:24.206957
QCY: testing step650   2023-07-05 09:20:24.611060
intersection_3_2 repaired
QCY: testing step660   2023-07-05 09:20:25.013448
QCY: testing step670   2023-07-05 09:20:25.411545
QCY: testing step680   2023-07-05 09:20:25.822859
QCY: testing step690   2023-07-05 09:20:26.229524
intersection_6_1 malfunction
QCY: testing step700   2023-07-05 09:20:26.642261
QCY: testing step710   2023-07-05 09:20:27.055478
intersection_6_3 malfunction
QCY: testing step720   2023-07-05 09:20:27.488415
QCY: testing step730   2023-07-05 09:20:27.915874
QCY: testing step740   2023-07-05 09:20:28.333610
QCY: testing step750   2023-07-05 09:20:28.759365
QCY: testing step760   2023-07-05 09:20:29.189866
QCY: testing step770   2023-07-05 09:20:29.618478
intersection_2_7 malfunction
QCY: testing step780   2023-07-05 09:20:30.056993
QCY: testing step790   2023-07-05 09:20:30.492751
QCY: testing step800   2023-07-05 09:20:30.933318
QCY: testing step810   2023-07-05 09:20:31.444585
intersection_5_7 malfunction
QCY: testing step820   2023-07-05 09:20:31.891069
QCY: testing step830   2023-07-05 09:20:32.340730
QCY: testing step840   2023-07-05 09:20:32.796343
QCY: testing step850   2023-07-05 09:20:33.247815
intersection_5_7 repaired
QCY: testing step860   2023-07-05 09:20:33.701872
intersection_3_7 repaired
QCY: testing step870   2023-07-05 09:20:34.157238
QCY: testing step880   2023-07-05 09:20:34.623370
QCY: testing step890   2023-07-05 09:20:35.089369
intersection_3_4 repaired
QCY: testing step900   2023-07-05 09:20:35.547311
QCY: testing step910   2023-07-05 09:20:36.009582
QCY: testing step920   2023-07-05 09:20:36.468916
QCY: testing step930   2023-07-05 09:20:36.968997
QCY: testing step940   2023-07-05 09:20:37.449767
intersection_3_6 malfunction
QCY: testing step950   2023-07-05 09:20:37.921059
QCY: testing step960   2023-07-05 09:20:38.407736
QCY: testing step970   2023-07-05 09:20:38.893615
QCY: testing step980   2023-07-05 09:20:39.380735
QCY: testing step990   2023-07-05 09:20:39.876573
intersection_3_6 repaired
QCY: testing step1000   2023-07-05 09:20:40.379767
QCY: testing step1010   2023-07-05 09:20:40.952063
QCY: testing step1020   2023-07-05 09:20:41.465031
intersection_6_1 repaired
QCY: testing step1030   2023-07-05 09:20:41.970747
intersection_5_7 malfunction
QCY: testing step1040   2023-07-05 09:20:42.477858
QCY: testing step1050   2023-07-05 09:20:43.000677
intersection_4_7 malfunction
QCY: testing step1060   2023-07-05 09:20:43.526233
QCY: testing step1070   2023-07-05 09:20:44.055335
QCY: testing step1080   2023-07-05 09:20:44.591938
QCY: testing step1090   2023-07-05 09:20:45.115572
QCY: testing step1100   2023-07-05 09:20:45.639189
intersection_6_6 malfunction
QCY: testing step1110   2023-07-05 09:20:46.166139
QCY: testing step1120   2023-07-05 09:20:46.702808
QCY: testing step1130   2023-07-05 09:20:47.365299
QCY: testing step1140   2023-07-05 09:20:47.907315
QCY: testing step1150   2023-07-05 09:20:48.449426
QCY: testing step1160   2023-07-05 09:20:48.999048
QCY: testing step1170   2023-07-05 09:20:49.573260
QCY: testing step1180   2023-07-05 09:20:50.130442
QCY: testing step1190   2023-07-05 09:20:50.685339
intersection_5_5 malfunction
QCY: testing step1200   2023-07-05 09:20:51.234768
intersection_2_1 malfunction
QCY: testing step1210   2023-07-05 09:20:51.855579
QCY: testing step1220   2023-07-05 09:20:52.415463
QCY: testing step1230   2023-07-05 09:20:52.983300
intersection_6_2 malfunction
QCY: testing step1240   2023-07-05 09:20:53.556072
intersection_6_2 repaired
QCY: testing step1250   2023-07-05 09:20:54.134940
QCY: testing step1260   2023-07-05 09:20:54.718211
QCY: testing step1270   2023-07-05 09:20:55.302873
QCY: testing step1280   2023-07-05 09:20:55.944713
intersection_6_7 malfunction
QCY: testing step1290   2023-07-05 09:20:56.542062
QCY: testing step1300   2023-07-05 09:20:57.142276
QCY: testing step1310   2023-07-05 09:20:57.764768
QCY: testing step1320   2023-07-05 09:20:58.379564
intersection_2_7 repaired
QCY: testing step1330   2023-07-05 09:20:58.993286
QCY: testing step1340   2023-07-05 09:20:59.610711
QCY: testing step1350   2023-07-05 09:21:00.235445
intersection_7_3 malfunction
QCY: testing step1360   2023-07-05 09:21:00.858030
QCY: testing step1370   2023-07-05 09:21:01.562424
QCY: testing step1380   2023-07-05 09:21:02.198808
QCY: testing step1390   2023-07-05 09:21:02.835138
QCY: testing step1400   2023-07-05 09:21:03.470439
intersection_4_7 repaired
QCY: testing step1410   2023-07-05 09:21:04.178507
intersection_6_2 malfunction
QCY: testing step1420   2023-07-05 09:21:04.834091
QCY: testing step1430   2023-07-05 09:21:05.535661
QCY: testing step1440   2023-07-05 09:21:06.199380
QCY: testing step1450   2023-07-05 09:21:06.952311
intersection_7_3 repaired
QCY: testing step1460   2023-07-05 09:21:07.648358
QCY: testing step1470   2023-07-05 09:21:08.387940
QCY: testing step1480   2023-07-05 09:21:09.050479
intersection_2_6 malfunction
QCY: testing step1490   2023-07-05 09:21:09.719876
QCY: testing step1500   2023-07-05 09:21:10.401982
QCY: testing step1510   2023-07-05 09:21:11.111926
intersection_5_7 repaired
intersection_6_3 repaired
QCY: testing step1520   2023-07-05 09:21:11.810542
QCY: testing step1530   2023-07-05 09:21:12.480389
intersection_6_6 repaired
QCY: testing step1540   2023-07-05 09:21:13.165622
QCY: testing step1550   2023-07-05 09:21:13.858334
QCY: testing step1560   2023-07-05 09:21:14.584331
QCY: testing step1570   2023-07-05 09:21:15.275382
QCY: testing step1580   2023-07-05 09:21:15.944497
QCY: testing step1590   2023-07-05 09:21:16.618367
QCY: testing step1600   2023-07-05 09:21:17.286167
QCY: testing step1610   2023-07-05 09:21:18.019503
QCY: testing step1620   2023-07-05 09:21:18.688327
intersection_2_1 repaired
intersection_7_1 malfunction
QCY: testing step1630   2023-07-05 09:21:19.359375
QCY: testing step1640   2023-07-05 09:21:20.033716
intersection_2_4 malfunction
QCY: testing step1650   2023-07-05 09:21:20.719918
QCY: testing step1660   2023-07-05 09:21:21.412540
intersection_1_5 malfunction
intersection_3_4 malfunction
QCY: testing step1670   2023-07-05 09:21:22.111072
intersection_6_2 repaired
QCY: testing step1680   2023-07-05 09:21:22.812656
QCY: testing step1690   2023-07-05 09:21:23.532513
QCY: testing step1700   2023-07-05 09:21:24.250794
QCY: testing step1710   2023-07-05 09:21:24.975057
intersection_3_4 repaired
QCY: testing step1720   2023-07-05 09:21:25.701203
QCY: testing step1730   2023-07-05 09:21:26.444760
intersection_1_5 repaired
QCY: testing step1740   2023-07-05 09:21:27.182338
QCY: testing step1750   2023-07-05 09:21:27.955961
QCY: testing step1760   2023-07-05 09:21:28.744574
QCY: testing step1770   2023-07-05 09:21:29.514082
QCY: testing step1780   2023-07-05 09:21:30.283354
QCY: testing step1790   2023-07-05 09:21:31.065694
QCY: testing step1800   2023-07-05 09:21:31.848399
intersection_3_1 malfunction
QCY: testing step1810   2023-07-05 09:21:32.700184
QCY: testing step1820   2023-07-05 09:21:33.501492
QCY: testing step1830   2023-07-05 09:21:34.300117
intersection_2_2 repaired
QCY: testing step1840   2023-07-05 09:21:35.092420
intersection_5_5 repaired
QCY: testing step1850   2023-07-05 09:21:35.930833
QCY: testing step1860   2023-07-05 09:21:36.746993
QCY: testing step1870   2023-07-05 09:21:37.591212
intersection_2_6 repaired
QCY: testing step1880   2023-07-05 09:21:38.427722
QCY: testing step1890   2023-07-05 09:21:39.273156
QCY: testing step1900   2023-07-05 09:21:40.142155
QCY: testing step1910   2023-07-05 09:21:41.008586
QCY: testing step1920   2023-07-05 09:21:41.879993
QCY: testing step1930   2023-07-05 09:21:42.750668
intersection_2_4 repaired
QCY: testing step1940   2023-07-05 09:21:43.627229
QCY: testing step1950   2023-07-05 09:21:44.501851
QCY: testing step1960   2023-07-05 09:21:45.398611
QCY: testing step1970   2023-07-05 09:21:46.294241
QCY: testing step1980   2023-07-05 09:21:47.177517
QCY: testing step1990   2023-07-05 09:21:48.069613
QCY: testing step2000   2023-07-05 09:21:48.959753
intersection_3_7 malfunction
QCY: testing step2010   2023-07-05 09:21:49.921446
QCY: testing step2020   2023-07-05 09:21:50.825317
intersection_7_7 malfunction
QCY: testing step2030   2023-07-05 09:21:51.726614
QCY: testing step2040   2023-07-05 09:21:52.696620
QCY: testing step2050   2023-07-05 09:21:53.617845
intersection_2_3 malfunction
QCY: testing step2060   2023-07-05 09:21:54.535308
QCY: testing step2070   2023-07-05 09:21:55.463258
QCY: testing step2080   2023-07-05 09:21:56.414771
QCY: testing step2090   2023-07-05 09:21:57.400223
QCY: testing step2100   2023-07-05 09:21:58.351518
QCY: testing step2110   2023-07-05 09:21:59.311563
QCY: testing step2120   2023-07-05 09:22:00.265746
QCY: testing step2130   2023-07-05 09:22:01.227062
QCY: testing step2140   2023-07-05 09:22:02.168780
QCY: testing step2150   2023-07-05 09:22:03.127844
intersection_6_1 malfunction
QCY: testing step2160   2023-07-05 09:22:04.111755
QCY: testing step2170   2023-07-05 09:22:05.051586
QCY: testing step2180   2023-07-05 09:22:05.981457
QCY: testing step2190   2023-07-05 09:22:06.915995
QCY: testing step2200   2023-07-05 09:22:07.863576
intersection_6_6 malfunction
QCY: testing step2210   2023-07-05 09:22:08.898025
QCY: testing step2220   2023-07-05 09:22:09.840191
QCY: testing step2230   2023-07-05 09:22:10.799596
QCY: testing step2240   2023-07-05 09:22:11.776698
QCY: testing step2250   2023-07-05 09:22:12.742834
QCY: testing step2260   2023-07-05 09:22:13.792086
QCY: testing step2270   2023-07-05 09:22:14.801042
intersection_6_1 repaired
QCY: testing step2280   2023-07-05 09:22:15.777753
QCY: testing step2290   2023-07-05 09:22:16.756535
intersection_5_3 malfunction
QCY: testing step2300   2023-07-05 09:22:17.737730
QCY: testing step2310   2023-07-05 09:22:18.722839
QCY: testing step2320   2023-07-05 09:22:19.715582
QCY: testing step2330   2023-07-05 09:22:20.779777
QCY: testing step2340   2023-07-05 09:22:21.811657
QCY: testing step2350   2023-07-05 09:22:22.865417
QCY: testing step2360   2023-07-05 09:22:23.893959
intersection_1_3 malfunction
QCY: testing step2370   2023-07-05 09:22:24.931945
QCY: testing step2380   2023-07-05 09:22:25.978930
intersection_2_5 malfunction
QCY: testing step2390   2023-07-05 09:22:27.019124
intersection_3_7 repaired
QCY: testing step2400   2023-07-05 09:22:28.066047
QCY: testing step2410   2023-07-05 09:22:29.105859
QCY: testing step2420   2023-07-05 09:22:30.210188
intersection_1_3 repaired
QCY: testing step2430   2023-07-05 09:22:31.257113
QCY: testing step2440   2023-07-05 09:22:32.304958
intersection_4_5 malfunction
QCY: testing step2450   2023-07-05 09:22:33.358680
intersection_3_2 malfunction
QCY: testing step2460   2023-07-05 09:22:34.423061
intersection_4_7 malfunction
QCY: testing step2470   2023-07-05 09:22:35.493167
QCY: testing step2480   2023-07-05 09:22:36.561297
QCY: testing step2490   2023-07-05 09:22:37.623885
intersection_5_3 repaired
QCY: testing step2500   2023-07-05 09:22:38.698433
QCY: testing step2510   2023-07-05 09:22:39.770126
QCY: testing step2520   2023-07-05 09:22:40.835282
QCY: testing step2530   2023-07-05 09:22:41.902454
QCY: testing step2540   2023-07-05 09:22:42.969604
intersection_4_5 repaired
QCY: testing step2550   2023-07-05 09:22:44.053230
QCY: testing step2560   2023-07-05 09:22:45.155107
intersection_1_7 malfunction
QCY: testing step2570   2023-07-05 09:22:46.254171
QCY: testing step2580   2023-07-05 09:22:47.346911
intersection_6_1 malfunction
QCY: testing step2590   2023-07-05 09:22:48.440856
QCY: testing step2600   2023-07-05 09:22:49.573718
QCY: testing step2610   2023-07-05 09:22:50.701044
QCY: testing step2620   2023-07-05 09:22:51.887065
QCY: testing step2630   2023-07-05 09:22:53.021023
QCY: testing step2640   2023-07-05 09:22:54.146187
QCY: testing step2650   2023-07-05 09:22:55.278092
QCY: testing step2660   2023-07-05 09:22:56.401355
QCY: testing step2670   2023-07-05 09:22:57.504530
QCY: testing step2680   2023-07-05 09:22:58.601211
intersection_2_7 malfunction
intersection_5_6 malfunction
QCY: testing step2690   2023-07-05 09:22:59.775763
QCY: testing step2700   2023-07-05 09:23:00.919112
intersection_2_7 repaired
QCY: testing step2710   2023-07-05 09:23:02.086181
QCY: testing step2720   2023-07-05 09:23:03.209729
QCY: testing step2730   2023-07-05 09:23:04.490168
QCY: testing step2740   2023-07-05 09:23:05.632568
intersection_6_1 repaired
QCY: testing step2750   2023-07-05 09:23:06.817554
intersection_5_6 repaired
QCY: testing step2760   2023-07-05 09:23:07.947451
QCY: testing step2770   2023-07-05 09:23:09.066361
QCY: testing step2780   2023-07-05 09:23:10.184873
QCY: testing step2790   2023-07-05 09:23:11.310173
QCY: testing step2800   2023-07-05 09:23:12.502042
QCY: testing step2810   2023-07-05 09:23:13.624959
QCY: testing step2820   2023-07-05 09:23:14.816162
QCY: testing step2830   2023-07-05 09:23:15.940050
QCY: testing step2840   2023-07-05 09:23:17.064948
QCY: testing step2850   2023-07-05 09:23:18.209232
QCY: testing step2860   2023-07-05 09:23:19.347988
QCY: testing step2870   2023-07-05 09:23:20.488042
QCY: testing step2880   2023-07-05 09:23:21.616190
QCY: testing step2890   2023-07-05 09:23:22.748766
QCY: testing step2900   2023-07-05 09:23:23.891020
QCY: testing step2910   2023-07-05 09:23:25.031596
QCY: testing step2920   2023-07-05 09:23:26.165768
QCY: testing step2930   2023-07-05 09:23:27.342509
QCY: testing step2940   2023-07-05 09:23:28.479133
QCY: testing step2950   2023-07-05 09:23:29.623296
intersection_1_7 repaired
QCY: testing step2960   2023-07-05 09:23:30.777607
intersection_7_1 repaired
QCY: testing step2970   2023-07-05 09:23:31.936477
QCY: testing step2980   2023-07-05 09:23:33.106663
QCY: testing step2990   2023-07-05 09:23:34.276761
intersection_6_7 repaired
QCY: testing step3000   2023-07-05 09:23:35.453351
intersection_2_3 repaired
QCY: testing step3010   2023-07-05 09:23:36.637955
intersection_2_5 repaired
QCY: testing step3020   2023-07-05 09:23:37.891810
QCY: testing step3030   2023-07-05 09:23:39.122137
intersection_4_7 repaired
QCY: testing step3040   2023-07-05 09:23:40.327948
QCY: testing step3050   2023-07-05 09:23:41.522087
QCY: testing step3060   2023-07-05 09:23:42.705540
QCY: testing step3070   2023-07-05 09:23:43.887690
QCY: testing step3080   2023-07-05 09:23:45.072900
QCY: testing step3090   2023-07-05 09:23:46.255705
QCY: testing step3100   2023-07-05 09:23:47.441450
intersection_6_6 repaired
QCY: testing step3110   2023-07-05 09:23:48.655363
QCY: testing step3120   2023-07-05 09:23:49.846207
QCY: testing step3130   2023-07-05 09:23:51.044678
QCY: testing step3140   2023-07-05 09:23:52.245079
QCY: testing step3150   2023-07-05 09:23:53.445254
QCY: testing step3160   2023-07-05 09:23:54.645280
QCY: testing step3170   2023-07-05 09:23:55.851422
intersection_6_5 malfunction
QCY: testing step3180   2023-07-05 09:23:57.083409
QCY: testing step3190   2023-07-05 09:23:58.322266
QCY: testing step3200   2023-07-05 09:23:59.538481
QCY: testing step3210   2023-07-05 09:24:00.750204
QCY: testing step3220   2023-07-05 09:24:02.028357
QCY: testing step3230   2023-07-05 09:24:03.247909
QCY: testing step3240   2023-07-05 09:24:04.477619
QCY: testing step3250   2023-07-05 09:24:05.733765
QCY: testing step3260   2023-07-05 09:24:06.997372
intersection_3_2 repaired
QCY: testing step3270   2023-07-05 09:24:08.237648
QCY: testing step3280   2023-07-05 09:24:09.457470
QCY: testing step3290   2023-07-05 09:24:10.680703
QCY: testing step3300   2023-07-05 09:24:11.924053
QCY: testing step3310   2023-07-05 09:24:13.143569
QCY: testing step3320   2023-07-05 09:24:14.328843
QCY: testing step3330   2023-07-05 09:24:15.503126
intersection_2_4 malfunction
QCY: testing step3340   2023-07-05 09:24:16.684380
intersection_1_4 malfunction
intersection_2_4 repaired
QCY: testing step3350   2023-07-05 09:24:17.854180
intersection_1_3 malfunction
intersection_1_5 malfunction
QCY: testing step3360   2023-07-05 09:24:19.036932
QCY: testing step3370   2023-07-05 09:24:20.215592
intersection_2_1 malfunction
QCY: testing step3380   2023-07-05 09:24:21.413103
QCY: testing step3390   2023-07-05 09:24:22.614487
QCY: testing step3400   2023-07-05 09:24:23.816494
QCY: testing step3410   2023-07-05 09:24:25.018342
intersection_3_1 repaired
intersection_5_2 malfunction
QCY: testing step3420   2023-07-05 09:24:26.285349
QCY: testing step3430   2023-07-05 09:24:27.517508
QCY: testing step3440   2023-07-05 09:24:28.756437
QCY: testing step3450   2023-07-05 09:24:30.032228
QCY: testing step3460   2023-07-05 09:24:31.278712
QCY: testing step3470   2023-07-05 09:24:32.523840
QCY: testing step3480   2023-07-05 09:24:33.798749
QCY: testing step3490   2023-07-05 09:24:35.031203
intersection_6_5 repaired
QCY: testing step3500   2023-07-05 09:24:36.253902
intersection_6_4 malfunction
QCY: testing step3510   2023-07-05 09:24:37.490910
QCY: testing step3520   2023-07-05 09:24:38.728050
QCY: testing step3530   2023-07-05 09:24:39.978674
QCY: testing step3540   2023-07-05 09:24:41.221858
QCY: testing step3550   2023-07-05 09:24:42.456091
QCY: testing step3560   2023-07-05 09:24:43.688928
QCY: testing step3570   2023-07-05 09:24:44.926440
QCY: testing step3580   2023-07-05 09:24:46.176433
intersection_7_7 repaired
QCY: testing step3590   2023-07-05 09:24:47.436725
2023-07-05 09:24:48 (INFO): Final Travel Time is 507.5925, mean rewards: -1654.3347, queue: 30.6244, delay: 3.8052, throughput: 4115
2023-07-05 09:24:48 (INFO): Total time taken: 283.8349914550781
