nohup: ignoring input
QCY: cuda is available
YQC: you will use sumo~
building world...
Connection ID debug
QCY: agent: Maxpressure Agent has no Network model
QCY: num_agent:  49
QCY: model_mapping setting name:  maxpressure
QCY: task_mapping:  {'base': <class 'task.task.BaseTask'>, 'tsc': <class 'task.task.TSCTask'>}
QCY: GPU: 0
QCY: model_mapping setting train_model:  False
QCY: model_mapping setting test_model:  True
QCY: testing step0   2023-07-05 09:18:35.079911
QCY: testing step10   2023-07-05 09:18:35.242125
QCY: testing step20   2023-07-05 09:18:35.375354
QCY: testing step30   2023-07-05 09:18:35.508773
QCY: testing step40   2023-07-05 09:18:35.646375
QCY: testing step50   2023-07-05 09:18:35.786478
QCY: testing step60   2023-07-05 09:18:35.929873
QCY: testing step70   2023-07-05 09:18:36.086617
QCY: testing step80   2023-07-05 09:18:36.242988
QCY: testing step90   2023-07-05 09:18:36.416385
QCY: testing step100   2023-07-05 09:18:36.595612
QCY: testing step110   2023-07-05 09:18:36.770246
QCY: testing step120   2023-07-05 09:18:36.947963
QCY: testing step130   2023-07-05 09:18:37.129166
QCY: testing step140   2023-07-05 09:18:37.326267
QCY: testing step150   2023-07-05 09:18:37.529246
QCY: testing step160   2023-07-05 09:18:37.753497
QCY: testing step170   2023-07-05 09:18:37.955096
QCY: testing step180   2023-07-05 09:18:38.157578
QCY: testing step190   2023-07-05 09:18:38.362311
QCY: testing step200   2023-07-05 09:18:38.582844
QCY: testing step210   2023-07-05 09:18:38.845209
QCY: testing step220   2023-07-05 09:18:39.055103
QCY: testing step230   2023-07-05 09:18:39.280138
QCY: testing step240   2023-07-05 09:18:39.515778
QCY: testing step250   2023-07-05 09:18:39.803485
QCY: testing step260   2023-07-05 09:18:40.054640
QCY: testing step270   2023-07-05 09:18:40.301294
QCY: testing step280   2023-07-05 09:18:40.549876
QCY: testing step290   2023-07-05 09:18:40.806275
QCY: testing step300   2023-07-05 09:18:41.057318
QCY: testing step310   2023-07-05 09:18:41.302151
QCY: testing step320   2023-07-05 09:18:41.547651
QCY: testing step330   2023-07-05 09:18:41.794167
QCY: testing step340   2023-07-05 09:18:42.056450
QCY: testing step350   2023-07-05 09:18:42.311775
QCY: testing step360   2023-07-05 09:18:42.554923
QCY: testing step370   2023-07-05 09:18:42.805333
QCY: testing step380   2023-07-05 09:18:43.061139
QCY: testing step390   2023-07-05 09:18:43.313345
QCY: testing step400   2023-07-05 09:18:43.578432
QCY: testing step410   2023-07-05 09:18:43.898929
QCY: testing step420   2023-07-05 09:18:44.158373
QCY: testing step430   2023-07-05 09:18:44.422021
QCY: testing step440   2023-07-05 09:18:44.699909
QCY: testing step450   2023-07-05 09:18:44.969222
QCY: testing step460   2023-07-05 09:18:45.250184
QCY: testing step470   2023-07-05 09:18:45.523701
QCY: testing step480   2023-07-05 09:18:45.795657
QCY: testing step490   2023-07-05 09:18:46.083752
QCY: testing step500   2023-07-05 09:18:46.386105
QCY: testing step510   2023-07-05 09:18:46.677318
QCY: testing step520   2023-07-05 09:18:46.972919
QCY: testing step530   2023-07-05 09:18:47.316199
QCY: testing step540   2023-07-05 09:18:47.659022
QCY: testing step550   2023-07-05 09:18:47.992272
QCY: testing step560   2023-07-05 09:18:48.341198
QCY: testing step570   2023-07-05 09:18:48.701788
QCY: testing step580   2023-07-05 09:18:49.056833
QCY: testing step590   2023-07-05 09:18:49.409172
QCY: testing step600   2023-07-05 09:18:49.752886
QCY: testing step610   2023-07-05 09:18:50.168351
QCY: testing step620   2023-07-05 09:18:50.596553
QCY: testing step630   2023-07-05 09:18:50.941868
QCY: testing step640   2023-07-05 09:18:51.300589
QCY: testing step650   2023-07-05 09:18:51.675675
QCY: testing step660   2023-07-05 09:18:52.044647
QCY: testing step670   2023-07-05 09:18:52.413515
QCY: testing step680   2023-07-05 09:18:52.781722
QCY: testing step690   2023-07-05 09:18:53.132918
QCY: testing step700   2023-07-05 09:18:53.513750
QCY: testing step710   2023-07-05 09:18:53.906590
QCY: testing step720   2023-07-05 09:18:54.299225
QCY: testing step730   2023-07-05 09:18:54.690840
QCY: testing step740   2023-07-05 09:18:55.078002
QCY: testing step750   2023-07-05 09:18:55.445542
QCY: testing step760   2023-07-05 09:18:55.811450
QCY: testing step770   2023-07-05 09:18:56.196047
QCY: testing step780   2023-07-05 09:18:56.575447
QCY: testing step790   2023-07-05 09:18:56.958156
QCY: testing step800   2023-07-05 09:18:57.341727
QCY: testing step810   2023-07-05 09:18:57.794375
QCY: testing step820   2023-07-05 09:18:58.195529
QCY: testing step830   2023-07-05 09:18:58.591268
QCY: testing step840   2023-07-05 09:18:58.984924
QCY: testing step850   2023-07-05 09:18:59.384749
QCY: testing step860   2023-07-05 09:18:59.781720
QCY: testing step870   2023-07-05 09:19:00.185747
QCY: testing step880   2023-07-05 09:19:00.590987
QCY: testing step890   2023-07-05 09:19:00.997520
QCY: testing step900   2023-07-05 09:19:01.404911
QCY: testing step910   2023-07-05 09:19:01.819094
QCY: testing step920   2023-07-05 09:19:02.239633
QCY: testing step930   2023-07-05 09:19:02.675677
QCY: testing step940   2023-07-05 09:19:03.097639
QCY: testing step950   2023-07-05 09:19:03.518736
QCY: testing step960   2023-07-05 09:19:03.955130
QCY: testing step970   2023-07-05 09:19:04.389364
QCY: testing step980   2023-07-05 09:19:04.822686
QCY: testing step990   2023-07-05 09:19:05.258853
QCY: testing step1000   2023-07-05 09:19:05.697683
QCY: testing step1010   2023-07-05 09:19:06.205582
QCY: testing step1020   2023-07-05 09:19:06.652215
QCY: testing step1030   2023-07-05 09:19:07.095580
QCY: testing step1040   2023-07-05 09:19:07.541647
QCY: testing step1050   2023-07-05 09:19:07.996042
QCY: testing step1060   2023-07-05 09:19:08.456771
QCY: testing step1070   2023-07-05 09:19:08.914686
QCY: testing step1080   2023-07-05 09:19:09.377913
QCY: testing step1090   2023-07-05 09:19:09.840194
QCY: testing step1100   2023-07-05 09:19:10.321274
QCY: testing step1110   2023-07-05 09:19:10.786414
QCY: testing step1120   2023-07-05 09:19:11.375297
QCY: testing step1130   2023-07-05 09:19:11.852313
QCY: testing step1140   2023-07-05 09:19:12.322183
QCY: testing step1150   2023-07-05 09:19:12.796375
QCY: testing step1160   2023-07-05 09:19:13.269895
QCY: testing step1170   2023-07-05 09:19:13.752877
QCY: testing step1180   2023-07-05 09:19:14.241445
QCY: testing step1190   2023-07-05 09:19:14.737404
QCY: testing step1200   2023-07-05 09:19:15.234523
QCY: testing step1210   2023-07-05 09:19:15.799689
QCY: testing step1220   2023-07-05 09:19:16.307956
QCY: testing step1230   2023-07-05 09:19:16.820677
QCY: testing step1240   2023-07-05 09:19:17.336492
QCY: testing step1250   2023-07-05 09:19:17.862001
QCY: testing step1260   2023-07-05 09:19:18.393799
QCY: testing step1270   2023-07-05 09:19:18.937219
QCY: testing step1280   2023-07-05 09:19:19.478741
QCY: testing step1290   2023-07-05 09:19:20.025109
QCY: testing step1300   2023-07-05 09:19:20.581986
QCY: testing step1310   2023-07-05 09:19:21.126808
QCY: testing step1320   2023-07-05 09:19:21.673219
QCY: testing step1330   2023-07-05 09:19:22.218804
QCY: testing step1340   2023-07-05 09:19:22.770000
QCY: testing step1350   2023-07-05 09:19:23.320652
QCY: testing step1360   2023-07-05 09:19:23.872334
QCY: testing step1370   2023-07-05 09:19:24.427407
QCY: testing step1380   2023-07-05 09:19:24.980508
QCY: testing step1390   2023-07-05 09:19:25.537415
QCY: testing step1400   2023-07-05 09:19:26.103377
QCY: testing step1410   2023-07-05 09:19:26.733844
QCY: testing step1420   2023-07-05 09:19:27.313476
QCY: testing step1430   2023-07-05 09:19:27.893038
QCY: testing step1440   2023-07-05 09:19:28.473004
QCY: testing step1450   2023-07-05 09:19:29.059917
QCY: testing step1460   2023-07-05 09:19:29.654812
QCY: testing step1470   2023-07-05 09:19:30.257415
QCY: testing step1480   2023-07-05 09:19:30.866329
QCY: testing step1490   2023-07-05 09:19:31.476380
QCY: testing step1500   2023-07-05 09:19:32.086934
QCY: testing step1510   2023-07-05 09:19:32.703302
QCY: testing step1520   2023-07-05 09:19:33.338116
QCY: testing step1530   2023-07-05 09:19:33.964888
QCY: testing step1540   2023-07-05 09:19:34.580338
QCY: testing step1550   2023-07-05 09:19:35.273394
QCY: testing step1560   2023-07-05 09:19:35.893879
QCY: testing step1570   2023-07-05 09:19:36.521173
QCY: testing step1580   2023-07-05 09:19:37.156107
QCY: testing step1590   2023-07-05 09:19:37.793932
QCY: testing step1600   2023-07-05 09:19:38.437091
QCY: testing step1610   2023-07-05 09:19:39.135307
QCY: testing step1620   2023-07-05 09:19:39.780286
QCY: testing step1630   2023-07-05 09:19:40.430093
QCY: testing step1640   2023-07-05 09:19:41.080232
QCY: testing step1650   2023-07-05 09:19:41.729032
QCY: testing step1660   2023-07-05 09:19:42.377224
QCY: testing step1670   2023-07-05 09:19:43.029440
QCY: testing step1680   2023-07-05 09:19:43.683884
QCY: testing step1690   2023-07-05 09:19:44.357421
QCY: testing step1700   2023-07-05 09:19:45.024534
QCY: testing step1710   2023-07-05 09:19:45.699518
QCY: testing step1720   2023-07-05 09:19:46.368318
QCY: testing step1730   2023-07-05 09:19:47.059485
QCY: testing step1740   2023-07-05 09:19:47.760791
QCY: testing step1750   2023-07-05 09:19:48.479359
QCY: testing step1760   2023-07-05 09:19:49.184633
QCY: testing step1770   2023-07-05 09:19:49.883874
QCY: testing step1780   2023-07-05 09:19:50.670118
QCY: testing step1790   2023-07-05 09:19:51.380241
QCY: testing step1800   2023-07-05 09:19:52.106983
QCY: testing step1810   2023-07-05 09:19:52.893829
QCY: testing step1820   2023-07-05 09:19:53.605408
QCY: testing step1830   2023-07-05 09:19:54.340107
QCY: testing step1840   2023-07-05 09:19:55.067446
QCY: testing step1850   2023-07-05 09:19:55.786817
QCY: testing step1860   2023-07-05 09:19:56.578462
QCY: testing step1870   2023-07-05 09:19:57.291236
QCY: testing step1880   2023-07-05 09:19:58.011307
QCY: testing step1890   2023-07-05 09:19:58.737840
QCY: testing step1900   2023-07-05 09:19:59.470361
QCY: testing step1910   2023-07-05 09:20:00.317951
QCY: testing step1920   2023-07-05 09:20:01.073900
QCY: testing step1930   2023-07-05 09:20:01.965099
QCY: testing step1940   2023-07-05 09:20:02.723317
QCY: testing step1950   2023-07-05 09:20:03.481827
QCY: testing step1960   2023-07-05 09:20:04.264240
QCY: testing step1970   2023-07-05 09:20:05.047696
QCY: testing step1980   2023-07-05 09:20:05.849240
QCY: testing step1990   2023-07-05 09:20:06.685545
QCY: testing step2000   2023-07-05 09:20:07.512747
QCY: testing step2010   2023-07-05 09:20:08.372088
QCY: testing step2020   2023-07-05 09:20:09.268195
QCY: testing step2030   2023-07-05 09:20:10.076875
QCY: testing step2040   2023-07-05 09:20:10.879773
QCY: testing step2050   2023-07-05 09:20:11.685133
QCY: testing step2060   2023-07-05 09:20:12.470891
QCY: testing step2070   2023-07-05 09:20:13.267233
QCY: testing step2080   2023-07-05 09:20:14.068789
QCY: testing step2090   2023-07-05 09:20:14.895063
QCY: testing step2100   2023-07-05 09:20:15.747482
QCY: testing step2110   2023-07-05 09:20:16.594329
QCY: testing step2120   2023-07-05 09:20:17.434371
QCY: testing step2130   2023-07-05 09:20:18.432754
QCY: testing step2140   2023-07-05 09:20:19.321265
QCY: testing step2150   2023-07-05 09:20:20.248783
QCY: testing step2160   2023-07-05 09:20:21.159463
QCY: testing step2170   2023-07-05 09:20:22.086748
QCY: testing step2180   2023-07-05 09:20:22.991423
QCY: testing step2190   2023-07-05 09:20:23.894904
QCY: testing step2200   2023-07-05 09:20:24.796788
QCY: testing step2210   2023-07-05 09:20:25.760294
QCY: testing step2220   2023-07-05 09:20:26.672294
QCY: testing step2230   2023-07-05 09:20:27.599642
QCY: testing step2240   2023-07-05 09:20:28.525077
QCY: testing step2250   2023-07-05 09:20:29.442138
QCY: testing step2260   2023-07-05 09:20:30.356386
QCY: testing step2270   2023-07-05 09:20:31.278912
QCY: testing step2280   2023-07-05 09:20:32.212660
QCY: testing step2290   2023-07-05 09:20:33.153011
QCY: testing step2300   2023-07-05 09:20:34.122572
QCY: testing step2310   2023-07-05 09:20:35.083263
QCY: testing step2320   2023-07-05 09:20:36.047134
QCY: testing step2330   2023-07-05 09:20:37.043843
QCY: testing step2340   2023-07-05 09:20:38.007441
QCY: testing step2350   2023-07-05 09:20:38.964653
QCY: testing step2360   2023-07-05 09:20:39.931151
QCY: testing step2370   2023-07-05 09:20:40.890578
QCY: testing step2380   2023-07-05 09:20:41.845549
QCY: testing step2390   2023-07-05 09:20:42.798552
QCY: testing step2400   2023-07-05 09:20:43.836381
QCY: testing step2410   2023-07-05 09:20:44.854184
QCY: testing step2420   2023-07-05 09:20:45.950307
QCY: testing step2430   2023-07-05 09:20:46.964345
QCY: testing step2440   2023-07-05 09:20:48.003077
QCY: testing step2450   2023-07-05 09:20:49.009107
QCY: testing step2460   2023-07-05 09:20:50.003186
QCY: testing step2470   2023-07-05 09:20:50.998819
QCY: testing step2480   2023-07-05 09:20:52.009814
QCY: testing step2490   2023-07-05 09:20:53.022245
QCY: testing step2500   2023-07-05 09:20:54.034508
QCY: testing step2510   2023-07-05 09:20:55.040032
QCY: testing step2520   2023-07-05 09:20:56.071406
QCY: testing step2530   2023-07-05 09:20:57.212905
QCY: testing step2540   2023-07-05 09:20:58.218003
QCY: testing step2550   2023-07-05 09:20:59.229316
QCY: testing step2560   2023-07-05 09:21:00.253031
QCY: testing step2570   2023-07-05 09:21:01.300909
QCY: testing step2580   2023-07-05 09:21:02.380127
QCY: testing step2590   2023-07-05 09:21:03.438733
QCY: testing step2600   2023-07-05 09:21:04.488273
QCY: testing step2610   2023-07-05 09:21:05.571641
QCY: testing step2620   2023-07-05 09:21:06.707350
QCY: testing step2630   2023-07-05 09:21:07.739833
QCY: testing step2640   2023-07-05 09:21:08.753704
QCY: testing step2650   2023-07-05 09:21:09.772469
QCY: testing step2660   2023-07-05 09:21:10.754140
QCY: testing step2670   2023-07-05 09:21:11.726381
QCY: testing step2680   2023-07-05 09:21:12.747310
QCY: testing step2690   2023-07-05 09:21:13.728095
QCY: testing step2700   2023-07-05 09:21:14.742084
QCY: testing step2710   2023-07-05 09:21:15.755978
QCY: testing step2720   2023-07-05 09:21:16.776209
QCY: testing step2730   2023-07-05 09:21:17.931215
QCY: testing step2740   2023-07-05 09:21:19.006036
QCY: testing step2750   2023-07-05 09:21:20.092916
QCY: testing step2760   2023-07-05 09:21:21.106140
QCY: testing step2770   2023-07-05 09:21:22.120341
QCY: testing step2780   2023-07-05 09:21:23.148132
QCY: testing step2790   2023-07-05 09:21:24.192918
QCY: testing step2800   2023-07-05 09:21:25.227166
QCY: testing step2810   2023-07-05 09:21:26.280025
QCY: testing step2820   2023-07-05 09:21:27.397742
QCY: testing step2830   2023-07-05 09:21:28.432921
QCY: testing step2840   2023-07-05 09:21:29.465127
QCY: testing step2850   2023-07-05 09:21:30.483625
QCY: testing step2860   2023-07-05 09:21:31.570926
QCY: testing step2870   2023-07-05 09:21:32.619374
QCY: testing step2880   2023-07-05 09:21:33.665258
QCY: testing step2890   2023-07-05 09:21:34.710796
QCY: testing step2900   2023-07-05 09:21:35.761626
QCY: testing step2910   2023-07-05 09:21:36.851765
QCY: testing step2920   2023-07-05 09:21:37.966756
QCY: testing step2930   2023-07-05 09:21:39.034501
QCY: testing step2940   2023-07-05 09:21:40.106501
QCY: testing step2950   2023-07-05 09:21:41.191828
QCY: testing step2960   2023-07-05 09:21:42.300642
QCY: testing step2970   2023-07-05 09:21:43.413726
QCY: testing step2980   2023-07-05 09:21:44.558994
QCY: testing step2990   2023-07-05 09:21:45.703516
QCY: testing step3000   2023-07-05 09:21:46.864484
QCY: testing step3010   2023-07-05 09:21:48.028589
QCY: testing step3020   2023-07-05 09:21:49.262519
QCY: testing step3030   2023-07-05 09:21:50.440380
QCY: testing step3040   2023-07-05 09:21:51.641119
QCY: testing step3050   2023-07-05 09:21:52.871616
QCY: testing step3060   2023-07-05 09:21:54.238122
QCY: testing step3070   2023-07-05 09:21:55.454166
QCY: testing step3080   2023-07-05 09:21:56.672182
QCY: testing step3090   2023-07-05 09:21:57.916441
QCY: testing step3100   2023-07-05 09:21:59.131544
QCY: testing step3110   2023-07-05 09:22:00.363598
QCY: testing step3120   2023-07-05 09:22:01.592013
QCY: testing step3130   2023-07-05 09:22:02.857102
QCY: testing step3140   2023-07-05 09:22:04.125913
QCY: testing step3150   2023-07-05 09:22:05.429723
QCY: testing step3160   2023-07-05 09:22:06.684999
QCY: testing step3170   2023-07-05 09:22:07.938535
QCY: testing step3180   2023-07-05 09:22:09.212629
QCY: testing step3190   2023-07-05 09:22:10.478903
QCY: testing step3200   2023-07-05 09:22:11.780999
QCY: testing step3210   2023-07-05 09:22:13.035262
QCY: testing step3220   2023-07-05 09:22:14.347249
QCY: testing step3230   2023-07-05 09:22:15.737322
QCY: testing step3240   2023-07-05 09:22:17.027148
QCY: testing step3250   2023-07-05 09:22:18.320924
QCY: testing step3260   2023-07-05 09:22:19.614492
QCY: testing step3270   2023-07-05 09:22:20.889229
QCY: testing step3280   2023-07-05 09:22:22.226301
QCY: testing step3290   2023-07-05 09:22:23.532902
QCY: testing step3300   2023-07-05 09:22:24.849795
QCY: testing step3310   2023-07-05 09:22:26.148261
QCY: testing step3320   2023-07-05 09:22:27.470632
QCY: testing step3330   2023-07-05 09:22:28.833415
QCY: testing step3340   2023-07-05 09:22:30.165880
QCY: testing step3350   2023-07-05 09:22:31.500756
QCY: testing step3360   2023-07-05 09:22:32.845502
QCY: testing step3370   2023-07-05 09:22:34.173509
QCY: testing step3380   2023-07-05 09:22:35.508426
QCY: testing step3390   2023-07-05 09:22:36.844859
QCY: testing step3400   2023-07-05 09:22:38.163077
QCY: testing step3410   2023-07-05 09:22:39.489918
QCY: testing step3420   2023-07-05 09:22:40.904399
QCY: testing step3430   2023-07-05 09:22:42.245142
QCY: testing step3440   2023-07-05 09:22:43.609817
QCY: testing step3450   2023-07-05 09:22:45.030081
QCY: testing step3460   2023-07-05 09:22:46.464496
QCY: testing step3470   2023-07-05 09:22:47.824189
QCY: testing step3480   2023-07-05 09:22:49.296675
QCY: testing step3490   2023-07-05 09:22:50.678802
QCY: testing step3500   2023-07-05 09:22:52.105613
QCY: testing step3510   2023-07-05 09:22:53.515272
QCY: testing step3520   2023-07-05 09:22:54.957457
QCY: testing step3530   2023-07-05 09:22:56.431191
QCY: testing step3540   2023-07-05 09:22:57.864195
QCY: testing step3550   2023-07-05 09:22:59.318943
QCY: testing step3560   2023-07-05 09:23:00.735408
QCY: testing step3570   2023-07-05 09:23:02.215720
QCY: testing step3580   2023-07-05 09:23:03.666922
QCY: testing step3590   2023-07-05 09:23:05.108419
2023-07-05 09:23:06 (INFO): Final Travel Time is 548.7053, mean rewards: -1710.5292, queue: 31.7650, delay: 3.9672, throughput: 4309
2023-07-05 09:23:06 (INFO): Total time taken: 272.01130175590515
