nohup: ignoring input
QCY: cuda is available
YQC: you will use sumo~
building world...
Connection ID debug
QCY: agent: SOTL Agent has no Network model
QCY: num_agent:  49
QCY: model_mapping setting name:  sotl
QCY: task_mapping:  {'base': <class 'task.task.BaseTask'>, 'tsc': <class 'task.task.TSCTask'>}
QCY: GPU: 0
QCY: model_mapping setting train_model:  False
QCY: model_mapping setting test_model:  True
QCY: testing step0   2023-07-05 09:18:25.374735
QCY: testing step10   2023-07-05 09:18:25.526786
QCY: testing step20   2023-07-05 09:18:25.648538
QCY: testing step30   2023-07-05 09:18:25.772779
QCY: testing step40   2023-07-05 09:18:25.900516
QCY: testing step50   2023-07-05 09:18:26.032106
QCY: testing step60   2023-07-05 09:18:26.168159
QCY: testing step70   2023-07-05 09:18:26.307852
QCY: testing step80   2023-07-05 09:18:26.453431
QCY: testing step90   2023-07-05 09:18:26.608053
QCY: testing step100   2023-07-05 09:18:26.758612
QCY: testing step110   2023-07-05 09:18:26.912809
QCY: testing step120   2023-07-05 09:18:27.071197
QCY: testing step130   2023-07-05 09:18:27.234337
QCY: testing step140   2023-07-05 09:18:27.403599
QCY: testing step150   2023-07-05 09:18:27.576453
QCY: testing step160   2023-07-05 09:18:27.749139
QCY: testing step170   2023-07-05 09:18:27.925225
QCY: testing step180   2023-07-05 09:18:28.105517
QCY: testing step190   2023-07-05 09:18:28.290420
QCY: testing step200   2023-07-05 09:18:28.482685
QCY: testing step210   2023-07-05 09:18:28.750713
QCY: testing step220   2023-07-05 09:18:28.967632
QCY: testing step230   2023-07-05 09:18:29.176253
QCY: testing step240   2023-07-05 09:18:29.382262
QCY: testing step250   2023-07-05 09:18:29.607098
QCY: testing step260   2023-07-05 09:18:29.855052
QCY: testing step270   2023-07-05 09:18:30.095419
QCY: testing step280   2023-07-05 09:18:30.348282
QCY: testing step290   2023-07-05 09:18:30.593516
QCY: testing step300   2023-07-05 09:18:30.843655
QCY: testing step310   2023-07-05 09:18:31.096938
QCY: testing step320   2023-07-05 09:18:31.333855
QCY: testing step330   2023-07-05 09:18:31.600810
QCY: testing step340   2023-07-05 09:18:31.862223
QCY: testing step350   2023-07-05 09:18:32.196873
QCY: testing step360   2023-07-05 09:18:32.456161
QCY: testing step370   2023-07-05 09:18:32.735338
QCY: testing step380   2023-07-05 09:18:33.037750
QCY: testing step390   2023-07-05 09:18:33.337071
QCY: testing step400   2023-07-05 09:18:33.630716
QCY: testing step410   2023-07-05 09:18:34.000777
QCY: testing step420   2023-07-05 09:18:34.286391
QCY: testing step430   2023-07-05 09:18:34.559386
QCY: testing step440   2023-07-05 09:18:34.831816
QCY: testing step450   2023-07-05 09:18:35.114076
QCY: testing step460   2023-07-05 09:18:35.399301
QCY: testing step470   2023-07-05 09:18:35.692065
QCY: testing step480   2023-07-05 09:18:35.975638
QCY: testing step490   2023-07-05 09:18:36.276217
QCY: testing step500   2023-07-05 09:18:36.671063
QCY: testing step510   2023-07-05 09:18:36.990038
QCY: testing step520   2023-07-05 09:18:37.321725
QCY: testing step530   2023-07-05 09:18:37.659113
QCY: testing step540   2023-07-05 09:18:37.980385
QCY: testing step550   2023-07-05 09:18:38.305404
QCY: testing step560   2023-07-05 09:18:38.638360
QCY: testing step570   2023-07-05 09:18:38.966094
QCY: testing step580   2023-07-05 09:18:39.324228
QCY: testing step590   2023-07-05 09:18:39.719705
QCY: testing step600   2023-07-05 09:18:40.138995
QCY: testing step610   2023-07-05 09:18:40.564918
QCY: testing step620   2023-07-05 09:18:40.941781
QCY: testing step630   2023-07-05 09:18:41.307479
QCY: testing step640   2023-07-05 09:18:41.662122
QCY: testing step650   2023-07-05 09:18:42.047598
QCY: testing step660   2023-07-05 09:18:42.404885
QCY: testing step670   2023-07-05 09:18:42.748468
QCY: testing step680   2023-07-05 09:18:43.104988
QCY: testing step690   2023-07-05 09:18:43.452009
QCY: testing step700   2023-07-05 09:18:43.814452
QCY: testing step710   2023-07-05 09:18:44.157343
QCY: testing step720   2023-07-05 09:18:44.514729
QCY: testing step730   2023-07-05 09:18:44.877611
QCY: testing step740   2023-07-05 09:18:45.230111
QCY: testing step750   2023-07-05 09:18:45.585385
QCY: testing step760   2023-07-05 09:18:45.941805
QCY: testing step770   2023-07-05 09:18:46.324261
QCY: testing step780   2023-07-05 09:18:46.689998
QCY: testing step790   2023-07-05 09:18:47.051959
QCY: testing step800   2023-07-05 09:18:47.473989
QCY: testing step810   2023-07-05 09:18:47.947225
QCY: testing step820   2023-07-05 09:18:48.359980
QCY: testing step830   2023-07-05 09:18:48.780753
QCY: testing step840   2023-07-05 09:18:49.215951
QCY: testing step850   2023-07-05 09:18:49.640060
QCY: testing step860   2023-07-05 09:18:50.069206
QCY: testing step870   2023-07-05 09:18:50.577879
QCY: testing step880   2023-07-05 09:18:50.994412
QCY: testing step890   2023-07-05 09:18:51.431243
QCY: testing step900   2023-07-05 09:18:51.877610
QCY: testing step910   2023-07-05 09:18:52.327464
QCY: testing step920   2023-07-05 09:18:52.778654
QCY: testing step930   2023-07-05 09:18:53.217840
QCY: testing step940   2023-07-05 09:18:53.674675
QCY: testing step950   2023-07-05 09:18:54.137240
QCY: testing step960   2023-07-05 09:18:54.597717
QCY: testing step970   2023-07-05 09:18:55.056230
QCY: testing step980   2023-07-05 09:18:55.482832
QCY: testing step990   2023-07-05 09:18:55.906680
QCY: testing step1000   2023-07-05 09:18:56.330610
QCY: testing step1010   2023-07-05 09:18:56.820126
QCY: testing step1020   2023-07-05 09:18:57.247827
QCY: testing step1030   2023-07-05 09:18:57.677338
QCY: testing step1040   2023-07-05 09:18:58.105374
QCY: testing step1050   2023-07-05 09:18:58.534631
QCY: testing step1060   2023-07-05 09:18:58.958561
QCY: testing step1070   2023-07-05 09:18:59.390546
QCY: testing step1080   2023-07-05 09:18:59.822174
QCY: testing step1090   2023-07-05 09:19:00.259031
QCY: testing step1100   2023-07-05 09:19:00.690038
QCY: testing step1110   2023-07-05 09:19:01.136084
QCY: testing step1120   2023-07-05 09:19:01.567224
QCY: testing step1130   2023-07-05 09:19:02.003240
QCY: testing step1140   2023-07-05 09:19:02.440787
QCY: testing step1150   2023-07-05 09:19:02.879863
QCY: testing step1160   2023-07-05 09:19:03.312520
QCY: testing step1170   2023-07-05 09:19:03.868090
QCY: testing step1180   2023-07-05 09:19:04.312429
QCY: testing step1190   2023-07-05 09:19:04.784841
QCY: testing step1200   2023-07-05 09:19:05.222443
QCY: testing step1210   2023-07-05 09:19:05.724151
QCY: testing step1220   2023-07-05 09:19:06.159380
QCY: testing step1230   2023-07-05 09:19:06.602736
QCY: testing step1240   2023-07-05 09:19:07.043786
QCY: testing step1250   2023-07-05 09:19:07.478583
QCY: testing step1260   2023-07-05 09:19:07.910369
QCY: testing step1270   2023-07-05 09:19:08.349196
QCY: testing step1280   2023-07-05 09:19:08.782968
QCY: testing step1290   2023-07-05 09:19:09.220331
QCY: testing step1300   2023-07-05 09:19:09.658622
QCY: testing step1310   2023-07-05 09:19:10.097785
QCY: testing step1320   2023-07-05 09:19:10.545951
QCY: testing step1330   2023-07-05 09:19:10.994258
QCY: testing step1340   2023-07-05 09:19:11.454621
QCY: testing step1350   2023-07-05 09:19:11.895147
QCY: testing step1360   2023-07-05 09:19:12.337279
QCY: testing step1370   2023-07-05 09:19:12.780609
QCY: testing step1380   2023-07-05 09:19:13.219832
QCY: testing step1390   2023-07-05 09:19:13.661471
QCY: testing step1400   2023-07-05 09:19:14.102006
QCY: testing step1410   2023-07-05 09:19:14.602615
QCY: testing step1420   2023-07-05 09:19:15.052929
QCY: testing step1430   2023-07-05 09:19:15.498471
QCY: testing step1440   2023-07-05 09:19:15.945103
QCY: testing step1450   2023-07-05 09:19:16.396049
QCY: testing step1460   2023-07-05 09:19:16.852121
QCY: testing step1470   2023-07-05 09:19:17.297343
QCY: testing step1480   2023-07-05 09:19:17.743920
QCY: testing step1490   2023-07-05 09:19:18.192989
QCY: testing step1500   2023-07-05 09:19:18.643216
QCY: testing step1510   2023-07-05 09:19:19.096940
QCY: testing step1520   2023-07-05 09:19:19.544649
QCY: testing step1530   2023-07-05 09:19:19.998965
QCY: testing step1540   2023-07-05 09:19:20.456782
QCY: testing step1550   2023-07-05 09:19:20.905771
QCY: testing step1560   2023-07-05 09:19:21.356720
QCY: testing step1570   2023-07-05 09:19:21.805605
QCY: testing step1580   2023-07-05 09:19:22.251402
QCY: testing step1590   2023-07-05 09:19:22.693629
QCY: testing step1600   2023-07-05 09:19:23.137335
QCY: testing step1610   2023-07-05 09:19:23.641079
QCY: testing step1620   2023-07-05 09:19:24.085270
QCY: testing step1630   2023-07-05 09:19:24.549817
QCY: testing step1640   2023-07-05 09:19:24.989372
QCY: testing step1650   2023-07-05 09:19:25.420581
QCY: testing step1660   2023-07-05 09:19:25.862222
QCY: testing step1670   2023-07-05 09:19:26.303199
QCY: testing step1680   2023-07-05 09:19:26.738705
QCY: testing step1690   2023-07-05 09:19:27.178749
QCY: testing step1700   2023-07-05 09:19:27.613778
QCY: testing step1710   2023-07-05 09:19:28.052674
QCY: testing step1720   2023-07-05 09:19:28.493379
QCY: testing step1730   2023-07-05 09:19:28.936838
QCY: testing step1740   2023-07-05 09:19:29.375668
QCY: testing step1750   2023-07-05 09:19:29.809969
QCY: testing step1760   2023-07-05 09:19:30.246281
QCY: testing step1770   2023-07-05 09:19:30.685327
QCY: testing step1780   2023-07-05 09:19:31.122617
QCY: testing step1790   2023-07-05 09:19:31.556162
QCY: testing step1800   2023-07-05 09:19:31.993325
QCY: testing step1810   2023-07-05 09:19:32.488457
QCY: testing step1820   2023-07-05 09:19:32.924661
QCY: testing step1830   2023-07-05 09:19:33.367429
QCY: testing step1840   2023-07-05 09:19:33.805679
QCY: testing step1850   2023-07-05 09:19:34.242052
QCY: testing step1860   2023-07-05 09:19:34.676382
QCY: testing step1870   2023-07-05 09:19:35.115779
QCY: testing step1880   2023-07-05 09:19:35.556601
QCY: testing step1890   2023-07-05 09:19:35.988890
QCY: testing step1900   2023-07-05 09:19:36.420330
QCY: testing step1910   2023-07-05 09:19:36.852338
QCY: testing step1920   2023-07-05 09:19:37.280074
QCY: testing step1930   2023-07-05 09:19:37.712119
QCY: testing step1940   2023-07-05 09:19:38.153932
QCY: testing step1950   2023-07-05 09:19:38.587297
QCY: testing step1960   2023-07-05 09:19:39.020872
QCY: testing step1970   2023-07-05 09:19:39.458668
QCY: testing step1980   2023-07-05 09:19:39.888840
QCY: testing step1990   2023-07-05 09:19:40.327759
QCY: testing step2000   2023-07-05 09:19:40.762037
QCY: testing step2010   2023-07-05 09:19:41.252252
QCY: testing step2020   2023-07-05 09:19:41.705855
QCY: testing step2030   2023-07-05 09:19:42.126260
QCY: testing step2040   2023-07-05 09:19:42.546339
QCY: testing step2050   2023-07-05 09:19:42.966999
QCY: testing step2060   2023-07-05 09:19:43.392351
QCY: testing step2070   2023-07-05 09:19:43.809220
QCY: testing step2080   2023-07-05 09:19:44.229766
QCY: testing step2090   2023-07-05 09:19:44.650892
QCY: testing step2100   2023-07-05 09:19:45.073931
QCY: testing step2110   2023-07-05 09:19:45.501208
QCY: testing step2120   2023-07-05 09:19:45.921893
QCY: testing step2130   2023-07-05 09:19:46.342601
QCY: testing step2140   2023-07-05 09:19:46.766519
QCY: testing step2150   2023-07-05 09:19:47.216511
QCY: testing step2160   2023-07-05 09:19:47.657252
QCY: testing step2170   2023-07-05 09:19:48.099490
QCY: testing step2180   2023-07-05 09:19:48.541379
QCY: testing step2190   2023-07-05 09:19:48.980006
QCY: testing step2200   2023-07-05 09:19:49.426239
QCY: testing step2210   2023-07-05 09:19:49.934998
QCY: testing step2220   2023-07-05 09:19:50.384855
QCY: testing step2230   2023-07-05 09:19:50.907291
QCY: testing step2240   2023-07-05 09:19:51.353782
QCY: testing step2250   2023-07-05 09:19:51.957610
QCY: testing step2260   2023-07-05 09:19:52.410355
QCY: testing step2270   2023-07-05 09:19:52.857093
QCY: testing step2280   2023-07-05 09:19:53.301472
QCY: testing step2290   2023-07-05 09:19:53.732811
QCY: testing step2300   2023-07-05 09:19:54.176175
QCY: testing step2310   2023-07-05 09:19:54.614977
QCY: testing step2320   2023-07-05 09:19:55.051689
QCY: testing step2330   2023-07-05 09:19:55.482475
QCY: testing step2340   2023-07-05 09:19:55.990630
QCY: testing step2350   2023-07-05 09:19:56.428224
QCY: testing step2360   2023-07-05 09:19:56.848865
QCY: testing step2370   2023-07-05 09:19:57.270714
QCY: testing step2380   2023-07-05 09:19:57.691633
QCY: testing step2390   2023-07-05 09:19:58.111883
QCY: testing step2400   2023-07-05 09:19:58.538976
QCY: testing step2410   2023-07-05 09:19:58.963765
QCY: testing step2420   2023-07-05 09:19:59.442980
QCY: testing step2430   2023-07-05 09:19:59.926016
QCY: testing step2440   2023-07-05 09:20:00.407231
QCY: testing step2450   2023-07-05 09:20:00.853254
QCY: testing step2460   2023-07-05 09:20:01.304259
QCY: testing step2470   2023-07-05 09:20:01.852001
QCY: testing step2480   2023-07-05 09:20:02.318480
QCY: testing step2490   2023-07-05 09:20:02.770748
QCY: testing step2500   2023-07-05 09:20:03.219139
QCY: testing step2510   2023-07-05 09:20:03.667582
QCY: testing step2520   2023-07-05 09:20:04.120218
QCY: testing step2530   2023-07-05 09:20:04.572846
QCY: testing step2540   2023-07-05 09:20:05.024134
QCY: testing step2550   2023-07-05 09:20:05.535281
QCY: testing step2560   2023-07-05 09:20:06.002514
QCY: testing step2570   2023-07-05 09:20:06.464957
QCY: testing step2580   2023-07-05 09:20:06.915759
QCY: testing step2590   2023-07-05 09:20:07.372285
QCY: testing step2600   2023-07-05 09:20:07.828328
QCY: testing step2610   2023-07-05 09:20:08.287468
QCY: testing step2620   2023-07-05 09:20:08.889503
QCY: testing step2630   2023-07-05 09:20:09.352243
QCY: testing step2640   2023-07-05 09:20:09.821288
QCY: testing step2650   2023-07-05 09:20:10.289266
QCY: testing step2660   2023-07-05 09:20:10.759693
QCY: testing step2670   2023-07-05 09:20:11.227390
QCY: testing step2680   2023-07-05 09:20:11.697796
QCY: testing step2690   2023-07-05 09:20:12.160182
QCY: testing step2700   2023-07-05 09:20:12.622642
QCY: testing step2710   2023-07-05 09:20:13.091900
QCY: testing step2720   2023-07-05 09:20:13.562114
QCY: testing step2730   2023-07-05 09:20:14.028915
QCY: testing step2740   2023-07-05 09:20:14.528932
QCY: testing step2750   2023-07-05 09:20:15.006087
QCY: testing step2760   2023-07-05 09:20:15.489216
QCY: testing step2770   2023-07-05 09:20:15.977070
QCY: testing step2780   2023-07-05 09:20:16.470064
QCY: testing step2790   2023-07-05 09:20:16.966155
QCY: testing step2800   2023-07-05 09:20:17.501968
QCY: testing step2810   2023-07-05 09:20:18.067669
QCY: testing step2820   2023-07-05 09:20:18.641109
QCY: testing step2830   2023-07-05 09:20:19.167943
QCY: testing step2840   2023-07-05 09:20:19.680275
QCY: testing step2850   2023-07-05 09:20:20.204835
QCY: testing step2860   2023-07-05 09:20:20.723082
QCY: testing step2870   2023-07-05 09:20:21.263455
QCY: testing step2880   2023-07-05 09:20:21.814675
QCY: testing step2890   2023-07-05 09:20:22.374696
QCY: testing step2900   2023-07-05 09:20:22.924815
QCY: testing step2910   2023-07-05 09:20:23.484042
QCY: testing step2920   2023-07-05 09:20:24.051600
QCY: testing step2930   2023-07-05 09:20:24.629759
QCY: testing step2940   2023-07-05 09:20:25.210124
QCY: testing step2950   2023-07-05 09:20:25.793090
QCY: testing step2960   2023-07-05 09:20:26.369873
QCY: testing step2970   2023-07-05 09:20:26.946568
QCY: testing step2980   2023-07-05 09:20:27.527652
QCY: testing step2990   2023-07-05 09:20:28.110495
QCY: testing step3000   2023-07-05 09:20:28.691006
QCY: testing step3010   2023-07-05 09:20:29.275525
QCY: testing step3020   2023-07-05 09:20:29.922779
QCY: testing step3030   2023-07-05 09:20:30.533512
QCY: testing step3040   2023-07-05 09:20:31.136201
QCY: testing step3050   2023-07-05 09:20:31.721661
QCY: testing step3060   2023-07-05 09:20:32.312454
QCY: testing step3070   2023-07-05 09:20:32.905883
QCY: testing step3080   2023-07-05 09:20:33.482560
QCY: testing step3090   2023-07-05 09:20:34.056614
QCY: testing step3100   2023-07-05 09:20:34.638480
QCY: testing step3110   2023-07-05 09:20:35.219126
QCY: testing step3120   2023-07-05 09:20:35.817178
QCY: testing step3130   2023-07-05 09:20:36.499608
QCY: testing step3140   2023-07-05 09:20:37.102311
QCY: testing step3150   2023-07-05 09:20:37.724969
QCY: testing step3160   2023-07-05 09:20:38.349859
QCY: testing step3170   2023-07-05 09:20:39.026115
QCY: testing step3180   2023-07-05 09:20:39.655198
QCY: testing step3190   2023-07-05 09:20:40.283420
QCY: testing step3200   2023-07-05 09:20:40.916521
QCY: testing step3210   2023-07-05 09:20:41.522496
QCY: testing step3220   2023-07-05 09:20:42.175924
QCY: testing step3230   2023-07-05 09:20:42.771927
QCY: testing step3240   2023-07-05 09:20:43.409951
QCY: testing step3250   2023-07-05 09:20:44.082184
QCY: testing step3260   2023-07-05 09:20:44.696678
QCY: testing step3270   2023-07-05 09:20:45.301888
QCY: testing step3280   2023-07-05 09:20:45.910641
QCY: testing step3290   2023-07-05 09:20:46.518627
QCY: testing step3300   2023-07-05 09:20:47.161705
QCY: testing step3310   2023-07-05 09:20:47.786389
QCY: testing step3320   2023-07-05 09:20:48.413362
QCY: testing step3330   2023-07-05 09:20:49.030288
QCY: testing step3340   2023-07-05 09:20:49.675203
QCY: testing step3350   2023-07-05 09:20:50.331779
QCY: testing step3360   2023-07-05 09:20:50.979445
QCY: testing step3370   2023-07-05 09:20:51.613892
QCY: testing step3380   2023-07-05 09:20:52.267252
QCY: testing step3390   2023-07-05 09:20:52.919223
QCY: testing step3400   2023-07-05 09:20:53.575134
QCY: testing step3410   2023-07-05 09:20:54.232286
QCY: testing step3420   2023-07-05 09:20:54.950219
QCY: testing step3430   2023-07-05 09:20:55.666388
QCY: testing step3440   2023-07-05 09:20:56.369354
QCY: testing step3450   2023-07-05 09:20:57.049817
QCY: testing step3460   2023-07-05 09:20:57.901838
QCY: testing step3470   2023-07-05 09:20:58.584334
QCY: testing step3480   2023-07-05 09:20:59.261287
QCY: testing step3490   2023-07-05 09:20:59.937064
QCY: testing step3500   2023-07-05 09:21:00.604251
QCY: testing step3510   2023-07-05 09:21:01.273062
QCY: testing step3520   2023-07-05 09:21:01.966526
QCY: testing step3530   2023-07-05 09:21:02.647962
QCY: testing step3540   2023-07-05 09:21:03.329361
QCY: testing step3550   2023-07-05 09:21:04.033562
QCY: testing step3560   2023-07-05 09:21:04.741350
QCY: testing step3570   2023-07-05 09:21:05.487276
QCY: testing step3580   2023-07-05 09:21:06.223517
QCY: testing step3590   2023-07-05 09:21:06.966286
2023-07-05 09:21:07 (INFO): Final Travel Time is 472.5048, mean rewards: -740.3043, queue: 15.1282, delay: 2.9320, throughput: 6456
2023-07-05 09:21:07 (INFO): Total time taken: 162.83992981910706
