nohup: ignoring input
QCY: cuda is available
YQC: you will use sumo~
building world...
Connection ID debug
QCY: agent: SOTL Agent has no Network model
QCY: num_agent:  49
QCY: model_mapping setting name:  sotl
QCY: task_mapping:  {'base': <class 'task.task.BaseTask'>, 'tsc': <class 'task.task.TSCTask'>}
QCY: GPU: 0
QCY: model_mapping setting train_model:  False
QCY: model_mapping setting test_model:  True
QCY: testing step0   2023-07-05 09:19:59.196938
QCY: testing step10   2023-07-05 09:19:59.364008
QCY: testing step20   2023-07-05 09:19:59.503493
intersection_7_1 malfunction
QCY: testing step30   2023-07-05 09:19:59.652915
QCY: testing step40   2023-07-05 09:19:59.809003
QCY: testing step50   2023-07-05 09:19:59.960060
QCY: testing step60   2023-07-05 09:20:00.115504
intersection_4_6 malfunction
QCY: testing step70   2023-07-05 09:20:00.274593
QCY: testing step80   2023-07-05 09:20:00.438049
intersection_7_1 repaired
QCY: testing step90   2023-07-05 09:20:00.606124
intersection_2_5 malfunction
intersection_6_4 malfunction
QCY: testing step100   2023-07-05 09:20:00.778921
QCY: testing step110   2023-07-05 09:20:00.959068
QCY: testing step120   2023-07-05 09:20:01.143396
intersection_4_7 malfunction
QCY: testing step130   2023-07-05 09:20:01.369556
QCY: testing step140   2023-07-05 09:20:01.572121
QCY: testing step150   2023-07-05 09:20:01.867579
QCY: testing step160   2023-07-05 09:20:02.084435
QCY: testing step170   2023-07-05 09:20:02.301260
QCY: testing step180   2023-07-05 09:20:02.539063
QCY: testing step190   2023-07-05 09:20:02.788170
QCY: testing step200   2023-07-05 09:20:03.017232
QCY: testing step210   2023-07-05 09:20:03.310258
QCY: testing step220   2023-07-05 09:20:03.590386
QCY: testing step230   2023-07-05 09:20:03.828690
QCY: testing step240   2023-07-05 09:20:04.070653
intersection_6_4 repaired
QCY: testing step250   2023-07-05 09:20:04.327721
QCY: testing step260   2023-07-05 09:20:04.571314
QCY: testing step270   2023-07-05 09:20:04.823888
QCY: testing step280   2023-07-05 09:20:05.091415
intersection_6_4 malfunction
QCY: testing step290   2023-07-05 09:20:05.365162
QCY: testing step300   2023-07-05 09:20:05.637108
QCY: testing step310   2023-07-05 09:20:05.918833
intersection_2_2 malfunction
QCY: testing step320   2023-07-05 09:20:06.194136
QCY: testing step330   2023-07-05 09:20:06.481857
QCY: testing step340   2023-07-05 09:20:06.776815
QCY: testing step350   2023-07-05 09:20:07.074168
intersection_2_5 repaired
QCY: testing step360   2023-07-05 09:20:07.389266
QCY: testing step370   2023-07-05 09:20:07.699264
QCY: testing step380   2023-07-05 09:20:08.009965
QCY: testing step390   2023-07-05 09:20:08.361651
QCY: testing step400   2023-07-05 09:20:08.770125
intersection_7_2 malfunction
QCY: testing step410   2023-07-05 09:20:09.172557
QCY: testing step420   2023-07-05 09:20:09.580796
QCY: testing step430   2023-07-05 09:20:09.926696
QCY: testing step440   2023-07-05 09:20:10.277118
intersection_7_2 repaired
QCY: testing step450   2023-07-05 09:20:10.632174
QCY: testing step460   2023-07-05 09:20:10.989770
QCY: testing step470   2023-07-05 09:20:11.349256
QCY: testing step480   2023-07-05 09:20:11.723641
intersection_3_7 malfunction
intersection_5_5 malfunction
QCY: testing step490   2023-07-05 09:20:12.094070
QCY: testing step500   2023-07-05 09:20:12.473984
QCY: testing step510   2023-07-05 09:20:13.042616
intersection_6_6 malfunction
QCY: testing step520   2023-07-05 09:20:13.437178
QCY: testing step530   2023-07-05 09:20:13.830767
intersection_3_7 repaired
QCY: testing step540   2023-07-05 09:20:14.217885
QCY: testing step550   2023-07-05 09:20:14.604883
QCY: testing step560   2023-07-05 09:20:14.992506
QCY: testing step570   2023-07-05 09:20:15.397053
QCY: testing step580   2023-07-05 09:20:15.795810
intersection_1_3 malfunction
QCY: testing step590   2023-07-05 09:20:16.192897
QCY: testing step600   2023-07-05 09:20:16.591080
intersection_2_3 malfunction
QCY: testing step610   2023-07-05 09:20:17.061969
QCY: testing step620   2023-07-05 09:20:17.471701
QCY: testing step630   2023-07-05 09:20:17.958495
QCY: testing step640   2023-07-05 09:20:18.351634
QCY: testing step650   2023-07-05 09:20:18.746951
QCY: testing step660   2023-07-05 09:20:19.148928
intersection_7_3 malfunction
QCY: testing step670   2023-07-05 09:20:19.569706
intersection_1_1 malfunction
intersection_5_3 malfunction
QCY: testing step680   2023-07-05 09:20:19.977454
QCY: testing step690   2023-07-05 09:20:20.475550
QCY: testing step700   2023-07-05 09:20:20.906685
QCY: testing step710   2023-07-05 09:20:21.343142
QCY: testing step720   2023-07-05 09:20:21.764432
QCY: testing step730   2023-07-05 09:20:22.183338
QCY: testing step740   2023-07-05 09:20:22.619010
intersection_5_3 repaired
QCY: testing step750   2023-07-05 09:20:23.037619
QCY: testing step760   2023-07-05 09:20:23.447360
intersection_1_2 malfunction
intersection_6_6 repaired
QCY: testing step770   2023-07-05 09:20:23.868368
QCY: testing step780   2023-07-05 09:20:24.314032
QCY: testing step790   2023-07-05 09:20:24.743479
QCY: testing step800   2023-07-05 09:20:25.170377
QCY: testing step810   2023-07-05 09:20:25.678534
QCY: testing step820   2023-07-05 09:20:26.122354
QCY: testing step830   2023-07-05 09:20:26.572785
QCY: testing step840   2023-07-05 09:20:27.025206
QCY: testing step850   2023-07-05 09:20:27.487328
QCY: testing step860   2023-07-05 09:20:27.942732
QCY: testing step870   2023-07-05 09:20:28.397433
QCY: testing step880   2023-07-05 09:20:28.889785
QCY: testing step890   2023-07-05 09:20:29.348679
QCY: testing step900   2023-07-05 09:20:29.807579
QCY: testing step910   2023-07-05 09:20:30.271260
QCY: testing step920   2023-07-05 09:20:30.732917
QCY: testing step930   2023-07-05 09:20:31.206672
intersection_6_4 repaired
QCY: testing step940   2023-07-05 09:20:31.675200
intersection_1_1 repaired
QCY: testing step950   2023-07-05 09:20:32.139987
QCY: testing step960   2023-07-05 09:20:32.602689
intersection_1_2 repaired
QCY: testing step970   2023-07-05 09:20:33.102321
QCY: testing step980   2023-07-05 09:20:33.600644
QCY: testing step990   2023-07-05 09:20:34.075866
QCY: testing step1000   2023-07-05 09:20:34.549204
QCY: testing step1010   2023-07-05 09:20:35.087288
intersection_4_6 repaired
QCY: testing step1020   2023-07-05 09:20:35.561910
intersection_6_6 malfunction
QCY: testing step1030   2023-07-05 09:20:36.039046
QCY: testing step1040   2023-07-05 09:20:36.518943
intersection_7_1 malfunction
QCY: testing step1050   2023-07-05 09:20:37.006813
QCY: testing step1060   2023-07-05 09:20:37.492671
QCY: testing step1070   2023-07-05 09:20:37.972941
QCY: testing step1080   2023-07-05 09:20:38.456060
intersection_2_6 malfunction
intersection_4_7 repaired
QCY: testing step1090   2023-07-05 09:20:38.942947
QCY: testing step1100   2023-07-05 09:20:39.429316
QCY: testing step1110   2023-07-05 09:20:39.908267
intersection_2_2 repaired
QCY: testing step1120   2023-07-05 09:20:40.397189
QCY: testing step1130   2023-07-05 09:20:40.932027
QCY: testing step1140   2023-07-05 09:20:41.434431
QCY: testing step1150   2023-07-05 09:20:42.049613
QCY: testing step1160   2023-07-05 09:20:42.542424
QCY: testing step1170   2023-07-05 09:20:43.033638
QCY: testing step1180   2023-07-05 09:20:43.525555
QCY: testing step1190   2023-07-05 09:20:44.013604
intersection_7_1 repaired
QCY: testing step1200   2023-07-05 09:20:44.501867
QCY: testing step1210   2023-07-05 09:20:45.059075
QCY: testing step1220   2023-07-05 09:20:45.559500
QCY: testing step1230   2023-07-05 09:20:46.066450
QCY: testing step1240   2023-07-05 09:20:46.578719
QCY: testing step1250   2023-07-05 09:20:47.098353
QCY: testing step1260   2023-07-05 09:20:47.615814
QCY: testing step1270   2023-07-05 09:20:48.136805
QCY: testing step1280   2023-07-05 09:20:48.663101
QCY: testing step1290   2023-07-05 09:20:49.190170
QCY: testing step1300   2023-07-05 09:20:49.720341
QCY: testing step1310   2023-07-05 09:20:50.249735
QCY: testing step1320   2023-07-05 09:20:50.779198
QCY: testing step1330   2023-07-05 09:20:51.316004
intersection_5_6 malfunction
QCY: testing step1340   2023-07-05 09:20:51.849814
QCY: testing step1350   2023-07-05 09:20:52.386213
intersection_5_1 malfunction
QCY: testing step1360   2023-07-05 09:20:52.934769
QCY: testing step1370   2023-07-05 09:20:53.487481
QCY: testing step1380   2023-07-05 09:20:54.039353
intersection_6_6 repaired
QCY: testing step1390   2023-07-05 09:20:54.597364
intersection_7_1 malfunction
QCY: testing step1400   2023-07-05 09:20:55.165463
QCY: testing step1410   2023-07-05 09:20:55.786660
QCY: testing step1420   2023-07-05 09:20:56.355338
QCY: testing step1430   2023-07-05 09:20:56.954029
intersection_1_3 repaired
QCY: testing step1440   2023-07-05 09:20:57.565459
intersection_3_4 malfunction
QCY: testing step1450   2023-07-05 09:20:58.197543
QCY: testing step1460   2023-07-05 09:20:58.776030
QCY: testing step1470   2023-07-05 09:20:59.404747
QCY: testing step1480   2023-07-05 09:21:00.039874
intersection_2_3 repaired
QCY: testing step1490   2023-07-05 09:21:00.697619
QCY: testing step1500   2023-07-05 09:21:01.338674
QCY: testing step1510   2023-07-05 09:21:02.030147
QCY: testing step1520   2023-07-05 09:21:02.652925
QCY: testing step1530   2023-07-05 09:21:03.287617
QCY: testing step1540   2023-07-05 09:21:03.948982
QCY: testing step1550   2023-07-05 09:21:04.600373
QCY: testing step1560   2023-07-05 09:21:05.281273
QCY: testing step1570   2023-07-05 09:21:05.944424
QCY: testing step1580   2023-07-05 09:21:06.641114
QCY: testing step1590   2023-07-05 09:21:07.368004
QCY: testing step1600   2023-07-05 09:21:08.030288
QCY: testing step1610   2023-07-05 09:21:08.739102
QCY: testing step1620   2023-07-05 09:21:09.377380
QCY: testing step1630   2023-07-05 09:21:10.017296
QCY: testing step1640   2023-07-05 09:21:10.649682
intersection_7_5 malfunction
QCY: testing step1650   2023-07-05 09:21:11.289391
QCY: testing step1660   2023-07-05 09:21:11.934278
QCY: testing step1670   2023-07-05 09:21:12.596887
intersection_3_1 malfunction
intersection_7_5 repaired
QCY: testing step1680   2023-07-05 09:21:13.246704
QCY: testing step1690   2023-07-05 09:21:13.900118
QCY: testing step1700   2023-07-05 09:21:14.599104
QCY: testing step1710   2023-07-05 09:21:15.456862
QCY: testing step1720   2023-07-05 09:21:16.110888
QCY: testing step1730   2023-07-05 09:21:16.812136
QCY: testing step1740   2023-07-05 09:21:17.532416
QCY: testing step1750   2023-07-05 09:21:18.204814
QCY: testing step1760   2023-07-05 09:21:18.874229
intersection_3_1 repaired
QCY: testing step1770   2023-07-05 09:21:19.548955
intersection_2_4 malfunction
QCY: testing step1780   2023-07-05 09:21:20.234447
QCY: testing step1790   2023-07-05 09:21:20.921398
QCY: testing step1800   2023-07-05 09:21:21.603373
QCY: testing step1810   2023-07-05 09:21:22.354403
QCY: testing step1820   2023-07-05 09:21:23.048544
QCY: testing step1830   2023-07-05 09:21:23.837970
QCY: testing step1840   2023-07-05 09:21:24.560779
QCY: testing step1850   2023-07-05 09:21:25.271223
QCY: testing step1860   2023-07-05 09:21:25.996772
QCY: testing step1870   2023-07-05 09:21:26.711364
intersection_7_2 malfunction
QCY: testing step1880   2023-07-05 09:21:27.465351
intersection_5_1 repaired
QCY: testing step1890   2023-07-05 09:21:28.177636
QCY: testing step1900   2023-07-05 09:21:28.931693
intersection_6_6 malfunction
QCY: testing step1910   2023-07-05 09:21:29.655339
QCY: testing step1920   2023-07-05 09:21:30.385390
QCY: testing step1930   2023-07-05 09:21:31.156059
intersection_2_6 repaired
intersection_7_3 repaired
QCY: testing step1940   2023-07-05 09:21:31.882387
QCY: testing step1950   2023-07-05 09:21:32.625441
QCY: testing step1960   2023-07-05 09:21:33.368589
intersection_6_6 repaired
QCY: testing step1970   2023-07-05 09:21:34.108481
QCY: testing step1980   2023-07-05 09:21:34.845153
intersection_5_6 repaired
QCY: testing step1990   2023-07-05 09:21:35.578816
intersection_1_5 malfunction
intersection_7_1 repaired
QCY: testing step2000   2023-07-05 09:21:36.309509
QCY: testing step2010   2023-07-05 09:21:37.115738
intersection_7_2 repaired
QCY: testing step2020   2023-07-05 09:21:37.868379
QCY: testing step2030   2023-07-05 09:21:38.636841
QCY: testing step2040   2023-07-05 09:21:39.497000
QCY: testing step2050   2023-07-05 09:21:40.253127
QCY: testing step2060   2023-07-05 09:21:41.023177
QCY: testing step2070   2023-07-05 09:21:41.818685
intersection_5_5 repaired
QCY: testing step2080   2023-07-05 09:21:42.596929
QCY: testing step2090   2023-07-05 09:21:43.455238
QCY: testing step2100   2023-07-05 09:21:44.347006
QCY: testing step2110   2023-07-05 09:21:45.205457
QCY: testing step2120   2023-07-05 09:21:46.065152
QCY: testing step2130   2023-07-05 09:21:46.923349
QCY: testing step2140   2023-07-05 09:21:47.831693
intersection_2_7 malfunction
QCY: testing step2150   2023-07-05 09:21:48.646584
QCY: testing step2160   2023-07-05 09:21:49.447312
intersection_2_4 repaired
QCY: testing step2170   2023-07-05 09:21:50.256685
QCY: testing step2180   2023-07-05 09:21:51.075360
QCY: testing step2190   2023-07-05 09:21:51.918041
intersection_3_4 repaired
QCY: testing step2200   2023-07-05 09:21:52.763769
QCY: testing step2210   2023-07-05 09:21:53.683050
QCY: testing step2220   2023-07-05 09:21:54.528621
QCY: testing step2230   2023-07-05 09:21:55.327938
QCY: testing step2240   2023-07-05 09:21:56.120264
QCY: testing step2250   2023-07-05 09:21:56.915419
QCY: testing step2260   2023-07-05 09:21:57.726485
QCY: testing step2270   2023-07-05 09:21:58.527684
intersection_5_5 malfunction
QCY: testing step2280   2023-07-05 09:21:59.322945
QCY: testing step2290   2023-07-05 09:22:00.115302
QCY: testing step2300   2023-07-05 09:22:00.939308
QCY: testing step2310   2023-07-05 09:22:01.742452
QCY: testing step2320   2023-07-05 09:22:02.560063
QCY: testing step2330   2023-07-05 09:22:03.358757
QCY: testing step2340   2023-07-05 09:22:04.163371
QCY: testing step2350   2023-07-05 09:22:04.970213
QCY: testing step2360   2023-07-05 09:22:05.777173
QCY: testing step2370   2023-07-05 09:22:06.580626
QCY: testing step2380   2023-07-05 09:22:07.391722
QCY: testing step2390   2023-07-05 09:22:08.214066
QCY: testing step2400   2023-07-05 09:22:09.033296
QCY: testing step2410   2023-07-05 09:22:09.946491
intersection_5_5 repaired
QCY: testing step2420   2023-07-05 09:22:10.896420
QCY: testing step2430   2023-07-05 09:22:11.779928
QCY: testing step2440   2023-07-05 09:22:12.643794
intersection_2_7 repaired
QCY: testing step2450   2023-07-05 09:22:13.535182
QCY: testing step2460   2023-07-05 09:22:14.394485
intersection_3_2 malfunction
QCY: testing step2470   2023-07-05 09:22:15.277803
intersection_5_2 malfunction
QCY: testing step2480   2023-07-05 09:22:16.184072
QCY: testing step2490   2023-07-05 09:22:17.074896
QCY: testing step2500   2023-07-05 09:22:17.983465
QCY: testing step2510   2023-07-05 09:22:18.869297
QCY: testing step2520   2023-07-05 09:22:19.759559
QCY: testing step2530   2023-07-05 09:22:20.703436
QCY: testing step2540   2023-07-05 09:22:21.589671
QCY: testing step2550   2023-07-05 09:22:22.488437
intersection_1_6 malfunction
QCY: testing step2560   2023-07-05 09:22:23.393073
QCY: testing step2570   2023-07-05 09:22:24.302570
intersection_4_5 malfunction
QCY: testing step2580   2023-07-05 09:22:25.228812
QCY: testing step2590   2023-07-05 09:22:26.177079
QCY: testing step2600   2023-07-05 09:22:27.112276
QCY: testing step2610   2023-07-05 09:22:28.035592
QCY: testing step2620   2023-07-05 09:22:29.020324
QCY: testing step2630   2023-07-05 09:22:29.945279
QCY: testing step2640   2023-07-05 09:22:30.881997
intersection_1_6 repaired
QCY: testing step2650   2023-07-05 09:22:31.827408
QCY: testing step2660   2023-07-05 09:22:32.754726
intersection_5_2 repaired
QCY: testing step2670   2023-07-05 09:22:33.674146
intersection_1_5 repaired
QCY: testing step2680   2023-07-05 09:22:34.607333
QCY: testing step2690   2023-07-05 09:22:35.538769
QCY: testing step2700   2023-07-05 09:22:36.694070
QCY: testing step2710   2023-07-05 09:22:37.658094
QCY: testing step2720   2023-07-05 09:22:38.603557
QCY: testing step2730   2023-07-05 09:22:39.602766
QCY: testing step2740   2023-07-05 09:22:40.557986
QCY: testing step2750   2023-07-05 09:22:41.536048
intersection_4_5 repaired
QCY: testing step2760   2023-07-05 09:22:42.517796
QCY: testing step2770   2023-07-05 09:22:43.519336
QCY: testing step2780   2023-07-05 09:22:44.492514
QCY: testing step2790   2023-07-05 09:22:45.517888
QCY: testing step2800   2023-07-05 09:22:46.493388
QCY: testing step2810   2023-07-05 09:22:47.461931
QCY: testing step2820   2023-07-05 09:22:48.491536
QCY: testing step2830   2023-07-05 09:22:49.464046
QCY: testing step2840   2023-07-05 09:22:50.466188
QCY: testing step2850   2023-07-05 09:22:51.431222
QCY: testing step2860   2023-07-05 09:22:52.390010
QCY: testing step2870   2023-07-05 09:22:53.415146
QCY: testing step2880   2023-07-05 09:22:54.461272
QCY: testing step2890   2023-07-05 09:22:55.421889
QCY: testing step2900   2023-07-05 09:22:56.451211
QCY: testing step2910   2023-07-05 09:22:57.438246
QCY: testing step2920   2023-07-05 09:22:58.428273
QCY: testing step2930   2023-07-05 09:22:59.421692
intersection_4_5 malfunction
QCY: testing step2940   2023-07-05 09:23:00.411576
QCY: testing step2950   2023-07-05 09:23:01.405430
QCY: testing step2960   2023-07-05 09:23:02.418235
QCY: testing step2970   2023-07-05 09:23:03.462169
QCY: testing step2980   2023-07-05 09:23:04.515384
QCY: testing step2990   2023-07-05 09:23:05.534710
intersection_7_5 malfunction
QCY: testing step3000   2023-07-05 09:23:06.565552
intersection_4_3 malfunction
QCY: testing step3010   2023-07-05 09:23:07.588655
QCY: testing step3020   2023-07-05 09:23:08.638065
intersection_3_2 repaired
QCY: testing step3030   2023-07-05 09:23:09.627059
QCY: testing step3040   2023-07-05 09:23:10.615285
QCY: testing step3050   2023-07-05 09:23:11.614468
QCY: testing step3060   2023-07-05 09:23:12.662153
QCY: testing step3070   2023-07-05 09:23:13.667124
QCY: testing step3080   2023-07-05 09:23:14.669651
QCY: testing step3090   2023-07-05 09:23:15.705313
QCY: testing step3100   2023-07-05 09:23:16.722372
QCY: testing step3110   2023-07-05 09:23:17.739414
QCY: testing step3120   2023-07-05 09:23:18.762817
QCY: testing step3130   2023-07-05 09:23:19.783519
intersection_5_6 malfunction
QCY: testing step3140   2023-07-05 09:23:20.811284
QCY: testing step3150   2023-07-05 09:23:21.835324
QCY: testing step3160   2023-07-05 09:23:22.857689
QCY: testing step3170   2023-07-05 09:23:23.880613
intersection_4_6 malfunction
QCY: testing step3180   2023-07-05 09:23:24.923037
QCY: testing step3190   2023-07-05 09:23:25.971004
QCY: testing step3200   2023-07-05 09:23:27.039165
QCY: testing step3210   2023-07-05 09:23:28.097107
QCY: testing step3220   2023-07-05 09:23:29.208701
QCY: testing step3230   2023-07-05 09:23:30.269943
QCY: testing step3240   2023-07-05 09:23:31.323442
QCY: testing step3250   2023-07-05 09:23:32.361354
QCY: testing step3260   2023-07-05 09:23:33.398870
QCY: testing step3270   2023-07-05 09:23:34.466845
QCY: testing step3280   2023-07-05 09:23:35.507215
intersection_2_1 malfunction
QCY: testing step3290   2023-07-05 09:23:36.548115
QCY: testing step3300   2023-07-05 09:23:37.588554
QCY: testing step3310   2023-07-05 09:23:38.648320
QCY: testing step3320   2023-07-05 09:23:39.716909
QCY: testing step3330   2023-07-05 09:23:40.790114
QCY: testing step3340   2023-07-05 09:23:41.864902
QCY: testing step3350   2023-07-05 09:23:42.944918
QCY: testing step3360   2023-07-05 09:23:44.006981
QCY: testing step3370   2023-07-05 09:23:45.078713
intersection_5_6 repaired
QCY: testing step3380   2023-07-05 09:23:46.181858
QCY: testing step3390   2023-07-05 09:23:47.288950
intersection_4_6 repaired
QCY: testing step3400   2023-07-05 09:23:48.394491
QCY: testing step3410   2023-07-05 09:23:49.491904
intersection_4_5 repaired
QCY: testing step3420   2023-07-05 09:23:50.629861
QCY: testing step3430   2023-07-05 09:23:51.716302
QCY: testing step3440   2023-07-05 09:23:52.801207
intersection_5_4 malfunction
QCY: testing step3450   2023-07-05 09:23:53.914175
QCY: testing step3460   2023-07-05 09:23:55.057492
QCY: testing step3470   2023-07-05 09:23:56.200923
QCY: testing step3480   2023-07-05 09:23:57.373619
QCY: testing step3490   2023-07-05 09:23:58.516464
QCY: testing step3500   2023-07-05 09:23:59.688031
intersection_1_2 malfunction
intersection_7_5 repaired
QCY: testing step3510   2023-07-05 09:24:00.840865
QCY: testing step3520   2023-07-05 09:24:02.014391
intersection_6_3 malfunction
QCY: testing step3530   2023-07-05 09:24:03.237565
QCY: testing step3540   2023-07-05 09:24:04.405650
QCY: testing step3550   2023-07-05 09:24:05.576349
intersection_3_1 malfunction
QCY: testing step3560   2023-07-05 09:24:06.752059
QCY: testing step3570   2023-07-05 09:24:07.943688
QCY: testing step3580   2023-07-05 09:24:09.133090
intersection_2_1 repaired
QCY: testing step3590   2023-07-05 09:24:10.319433
2023-07-05 09:24:11 (INFO): Final Travel Time is 477.6356, mean rewards: -1311.5917, queue: 26.8340, delay: 3.3252, throughput: 4182
2023-07-05 09:24:11 (INFO): Total time taken: 252.94937443733215
