nohup: ignoring input
QCY: cuda is available
YQC: you will use sumo~
building world...
Connection ID debug
QCY: agent: Maxpressure Agent has no Network model
QCY: num_agent:  49
QCY: model_mapping setting name:  maxpressure
QCY: task_mapping:  {'base': <class 'task.task.BaseTask'>, 'tsc': <class 'task.task.TSCTask'>}
QCY: GPU: 0
QCY: model_mapping setting train_model:  False
QCY: model_mapping setting test_model:  True
QCY: testing step0   2023-06-28 01:06:59.941192
QCY: testing step10   2023-06-28 01:07:00.242635
intersection_4_2 malfunction
QCY: testing step20   2023-06-28 01:07:00.522571
QCY: testing step30   2023-06-28 01:07:00.693970
intersection_7_6 malfunction
QCY: testing step40   2023-06-28 01:07:00.875490
QCY: testing step50   2023-06-28 01:07:01.066657
QCY: testing step60   2023-06-28 01:07:01.287279
intersection_6_6 malfunction
QCY: testing step70   2023-06-28 01:07:01.512043
QCY: testing step80   2023-06-28 01:07:01.730142
QCY: testing step90   2023-06-28 01:07:01.958708
QCY: testing step100   2023-06-28 01:07:02.195825
QCY: testing step110   2023-06-28 01:07:02.444652
QCY: testing step120   2023-06-28 01:07:02.705775
QCY: testing step130   2023-06-28 01:07:02.976687
QCY: testing step140   2023-06-28 01:07:03.253907
QCY: testing step150   2023-06-28 01:07:03.558713
QCY: testing step160   2023-06-28 01:07:03.863837
QCY: testing step170   2023-06-28 01:07:04.180506
intersection_4_3 malfunction
QCY: testing step180   2023-06-28 01:07:04.500315
QCY: testing step190   2023-06-28 01:07:04.846849
QCY: testing step200   2023-06-28 01:07:05.219161
QCY: testing step210   2023-06-28 01:07:05.677886
QCY: testing step220   2023-06-28 01:07:06.021255
QCY: testing step230   2023-06-28 01:07:06.370320
QCY: testing step240   2023-06-28 01:07:06.813586
QCY: testing step250   2023-06-28 01:07:07.183420
QCY: testing step260   2023-06-28 01:07:07.559429
intersection_3_1 malfunction
QCY: testing step270   2023-06-28 01:07:07.975687
QCY: testing step280   2023-06-28 01:07:08.370850
QCY: testing step290   2023-06-28 01:07:08.779394
QCY: testing step300   2023-06-28 01:07:09.189188
QCY: testing step310   2023-06-28 01:07:09.633164
QCY: testing step320   2023-06-28 01:07:10.056087
QCY: testing step330   2023-06-28 01:07:10.485140
QCY: testing step340   2023-06-28 01:07:10.962718
intersection_3_1 repaired
QCY: testing step350   2023-06-28 01:07:11.423832
QCY: testing step360   2023-06-28 01:07:11.883951
intersection_4_3 repaired
QCY: testing step370   2023-06-28 01:07:12.335031
QCY: testing step380   2023-06-28 01:07:12.806356
QCY: testing step390   2023-06-28 01:07:13.291578
QCY: testing step400   2023-06-28 01:07:13.756433
intersection_1_3 malfunction
intersection_7_2 malfunction
QCY: testing step410   2023-06-28 01:07:14.344642
intersection_2_3 malfunction
intersection_6_6 repaired
QCY: testing step420   2023-06-28 01:07:14.819694
QCY: testing step430   2023-06-28 01:07:15.285118
QCY: testing step440   2023-06-28 01:07:15.789282
QCY: testing step450   2023-06-28 01:07:16.280175
QCY: testing step460   2023-06-28 01:07:16.796898
intersection_3_1 malfunction
QCY: testing step470   2023-06-28 01:07:17.327213
intersection_7_4 malfunction
QCY: testing step480   2023-06-28 01:07:17.856193
intersection_4_2 repaired
QCY: testing step490   2023-06-28 01:07:18.365627
QCY: testing step500   2023-06-28 01:07:18.876592
QCY: testing step510   2023-06-28 01:07:19.403870
QCY: testing step520   2023-06-28 01:07:19.941203
intersection_7_2 repaired
QCY: testing step530   2023-06-28 01:07:20.489390
intersection_5_4 malfunction
QCY: testing step540   2023-06-28 01:07:21.046573
QCY: testing step550   2023-06-28 01:07:21.611901
intersection_7_5 malfunction
QCY: testing step560   2023-06-28 01:07:22.191544
QCY: testing step570   2023-06-28 01:07:22.749374
intersection_2_1 malfunction
QCY: testing step580   2023-06-28 01:07:23.311501
QCY: testing step590   2023-06-28 01:07:23.880513
QCY: testing step600   2023-06-28 01:07:24.449993
QCY: testing step610   2023-06-28 01:07:25.142624
QCY: testing step620   2023-06-28 01:07:25.724916
QCY: testing step630   2023-06-28 01:07:26.303210
QCY: testing step640   2023-06-28 01:07:26.888976
QCY: testing step650   2023-06-28 01:07:27.478526
QCY: testing step660   2023-06-28 01:07:28.097403
QCY: testing step670   2023-06-28 01:07:28.699141
QCY: testing step680   2023-06-28 01:07:29.307293
QCY: testing step690   2023-06-28 01:07:29.952445
intersection_3_1 repaired
QCY: testing step700   2023-06-28 01:07:30.601868
intersection_7_4 repaired
QCY: testing step710   2023-06-28 01:07:31.246471
QCY: testing step720   2023-06-28 01:07:31.903100
QCY: testing step730   2023-06-28 01:07:32.588545
QCY: testing step740   2023-06-28 01:07:33.241655
QCY: testing step750   2023-06-28 01:07:33.897339
QCY: testing step760   2023-06-28 01:07:34.561060
QCY: testing step770   2023-06-28 01:07:35.254997
intersection_2_7 malfunction
QCY: testing step780   2023-06-28 01:07:36.074927
QCY: testing step790   2023-06-28 01:07:36.771782
QCY: testing step800   2023-06-28 01:07:37.485943
QCY: testing step810   2023-06-28 01:07:38.375842
QCY: testing step820   2023-06-28 01:07:39.101523
QCY: testing step830   2023-06-28 01:07:40.039924
QCY: testing step840   2023-06-28 01:07:40.813441
QCY: testing step850   2023-06-28 01:07:41.650631
QCY: testing step860   2023-06-28 01:07:42.416420
QCY: testing step870   2023-06-28 01:07:43.178154
QCY: testing step880   2023-06-28 01:07:43.942831
QCY: testing step890   2023-06-28 01:07:44.741431
intersection_3_6 malfunction
QCY: testing step900   2023-06-28 01:07:45.550266
intersection_5_4 repaired
QCY: testing step910   2023-06-28 01:07:46.357855
intersection_5_2 malfunction
QCY: testing step920   2023-06-28 01:07:47.196740
intersection_7_2 malfunction
QCY: testing step930   2023-06-28 01:07:48.019670
QCY: testing step940   2023-06-28 01:07:48.838527
QCY: testing step950   2023-06-28 01:07:49.658993
QCY: testing step960   2023-06-28 01:07:50.508516
QCY: testing step970   2023-06-28 01:07:51.384044
QCY: testing step980   2023-06-28 01:07:52.236788
QCY: testing step990   2023-06-28 01:07:53.086334
intersection_3_2 malfunction
QCY: testing step1000   2023-06-28 01:07:53.966534
intersection_2_1 repaired
QCY: testing step1010   2023-06-28 01:07:55.019473
QCY: testing step1020   2023-06-28 01:07:56.027035
QCY: testing step1030   2023-06-28 01:07:56.924675
QCY: testing step1040   2023-06-28 01:07:57.818980
intersection_6_2 malfunction
QCY: testing step1050   2023-06-28 01:07:58.792197
intersection_3_2 repaired
QCY: testing step1060   2023-06-28 01:07:59.730245
intersection_5_3 malfunction
QCY: testing step1070   2023-06-28 01:08:00.671462
intersection_1_1 malfunction
intersection_2_7 repaired
QCY: testing step1080   2023-06-28 01:08:01.613561
QCY: testing step1090   2023-06-28 01:08:02.578522
QCY: testing step1100   2023-06-28 01:08:03.551137
QCY: testing step1110   2023-06-28 01:08:04.524229
QCY: testing step1120   2023-06-28 01:08:05.512118
QCY: testing step1130   2023-06-28 01:08:06.508550
QCY: testing step1140   2023-06-28 01:08:07.510343
intersection_7_5 repaired
QCY: testing step1150   2023-06-28 01:08:08.546981
QCY: testing step1160   2023-06-28 01:08:09.599813
QCY: testing step1170   2023-06-28 01:08:10.618171
QCY: testing step1180   2023-06-28 01:08:11.645812
QCY: testing step1190   2023-06-28 01:08:12.666156
QCY: testing step1200   2023-06-28 01:08:13.705264
QCY: testing step1210   2023-06-28 01:08:14.886456
QCY: testing step1220   2023-06-28 01:08:15.965826
QCY: testing step1230   2023-06-28 01:08:17.047700
intersection_7_5 malfunction
QCY: testing step1240   2023-06-28 01:08:18.112136
QCY: testing step1250   2023-06-28 01:08:19.179004
QCY: testing step1260   2023-06-28 01:08:20.243195
intersection_4_6 malfunction
QCY: testing step1270   2023-06-28 01:08:21.334579
QCY: testing step1280   2023-06-28 01:08:22.440362
QCY: testing step1290   2023-06-28 01:08:23.564427
QCY: testing step1300   2023-06-28 01:08:24.728208
QCY: testing step1310   2023-06-28 01:08:25.979121
QCY: testing step1320   2023-06-28 01:08:27.110407
intersection_1_1 repaired
QCY: testing step1330   2023-06-28 01:08:28.265287
QCY: testing step1340   2023-06-28 01:08:29.415747
QCY: testing step1350   2023-06-28 01:08:30.593886
QCY: testing step1360   2023-06-28 01:08:31.756180
QCY: testing step1370   2023-06-28 01:08:32.924612
QCY: testing step1380   2023-06-28 01:08:34.083834
QCY: testing step1390   2023-06-28 01:08:35.282197
QCY: testing step1400   2023-06-28 01:08:36.473756
QCY: testing step1410   2023-06-28 01:08:37.778284
intersection_3_6 repaired
QCY: testing step1420   2023-06-28 01:08:38.995900
QCY: testing step1430   2023-06-28 01:08:40.229216
QCY: testing step1440   2023-06-28 01:08:41.495329
QCY: testing step1450   2023-06-28 01:08:42.768014
QCY: testing step1460   2023-06-28 01:08:44.049855
QCY: testing step1470   2023-06-28 01:08:45.330602
intersection_7_7 malfunction
QCY: testing step1480   2023-06-28 01:08:46.634299
QCY: testing step1490   2023-06-28 01:08:47.934192
QCY: testing step1500   2023-06-28 01:08:49.243947
QCY: testing step1510   2023-06-28 01:08:50.540118
QCY: testing step1520   2023-06-28 01:08:51.833166
QCY: testing step1530   2023-06-28 01:08:53.132645
QCY: testing step1540   2023-06-28 01:08:54.444112
QCY: testing step1550   2023-06-28 01:08:55.805451
QCY: testing step1560   2023-06-28 01:08:57.164607
QCY: testing step1570   2023-06-28 01:08:58.488073
intersection_2_4 malfunction
QCY: testing step1580   2023-06-28 01:08:59.846652
QCY: testing step1590   2023-06-28 01:09:01.262735
QCY: testing step1600   2023-06-28 01:09:02.707654
intersection_1_6 malfunction
QCY: testing step1610   2023-06-28 01:09:04.254605
QCY: testing step1620   2023-06-28 01:09:05.825021
intersection_2_3 repaired
QCY: testing step1630   2023-06-28 01:09:07.290212
QCY: testing step1640   2023-06-28 01:09:08.847044
QCY: testing step1650   2023-06-28 01:09:10.319646
intersection_7_3 malfunction
QCY: testing step1660   2023-06-28 01:09:11.793583
intersection_2_4 repaired
QCY: testing step1670   2023-06-28 01:09:13.408554
QCY: testing step1680   2023-06-28 01:09:14.882060
intersection_6_2 repaired
QCY: testing step1690   2023-06-28 01:09:16.360739
QCY: testing step1700   2023-06-28 01:09:17.881070
QCY: testing step1710   2023-06-28 01:09:19.389227
intersection_1_3 repaired
QCY: testing step1720   2023-06-28 01:09:20.891797
QCY: testing step1730   2023-06-28 01:09:22.404867
intersection_7_3 repaired
QCY: testing step1740   2023-06-28 01:09:23.930242
intersection_2_1 malfunction
QCY: testing step1750   2023-06-28 01:09:25.616319
QCY: testing step1760   2023-06-28 01:09:27.214767
intersection_4_5 malfunction
QCY: testing step1770   2023-06-28 01:09:28.818755
QCY: testing step1780   2023-06-28 01:09:30.374255
QCY: testing step1790   2023-06-28 01:09:31.922165
intersection_1_5 malfunction
QCY: testing step1800   2023-06-28 01:09:33.539174
intersection_5_3 repaired
QCY: testing step1810   2023-06-28 01:09:35.262377
QCY: testing step1820   2023-06-28 01:09:36.877085
intersection_5_2 repaired
QCY: testing step1830   2023-06-28 01:09:38.572438
QCY: testing step1840   2023-06-28 01:09:40.277578
QCY: testing step1850   2023-06-28 01:09:42.076701
intersection_4_6 repaired
QCY: testing step1860   2023-06-28 01:09:43.889041
QCY: testing step1870   2023-06-28 01:09:45.646201
QCY: testing step1880   2023-06-28 01:09:47.402295
QCY: testing step1890   2023-06-28 01:09:49.180483
QCY: testing step1900   2023-06-28 01:09:51.066391
intersection_7_6 repaired
QCY: testing step1910   2023-06-28 01:09:52.929665
QCY: testing step1920   2023-06-28 01:09:54.830182
QCY: testing step1930   2023-06-28 01:09:56.577921
QCY: testing step1940   2023-06-28 01:09:58.448746
intersection_5_6 malfunction
intersection_7_7 repaired
QCY: testing step1950   2023-06-28 01:10:00.310056
QCY: testing step1960   2023-06-28 01:10:02.185259
intersection_2_2 malfunction
QCY: testing step1970   2023-06-28 01:10:04.024610
intersection_6_4 malfunction
QCY: testing step1980   2023-06-28 01:10:05.854050
QCY: testing step1990   2023-06-28 01:10:07.713723
QCY: testing step2000   2023-06-28 01:10:09.620219
QCY: testing step2010   2023-06-28 01:10:11.697039
QCY: testing step2020   2023-06-28 01:10:13.597246
QCY: testing step2030   2023-06-28 01:10:15.491321
intersection_1_6 repaired
QCY: testing step2040   2023-06-28 01:10:17.414114
QCY: testing step2050   2023-06-28 01:10:19.386034
QCY: testing step2060   2023-06-28 01:10:21.400363
QCY: testing step2070   2023-06-28 01:10:23.406231
QCY: testing step2080   2023-06-28 01:10:25.369969
QCY: testing step2090   2023-06-28 01:10:27.288724
QCY: testing step2100   2023-06-28 01:10:29.207033
QCY: testing step2110   2023-06-28 01:10:31.134955
QCY: testing step2120   2023-06-28 01:10:33.056927
QCY: testing step2130   2023-06-28 01:10:34.985647
QCY: testing step2140   2023-06-28 01:10:36.916736
QCY: testing step2150   2023-06-28 01:10:38.842672
intersection_7_4 malfunction
intersection_7_6 malfunction
QCY: testing step2160   2023-06-28 01:10:40.801681
QCY: testing step2170   2023-06-28 01:10:42.822970
QCY: testing step2180   2023-06-28 01:10:44.850412
QCY: testing step2190   2023-06-28 01:10:46.857699
QCY: testing step2200   2023-06-28 01:10:48.841790
intersection_4_4 malfunction
QCY: testing step2210   2023-06-28 01:10:50.917318
intersection_4_4 repaired
intersection_7_5 repaired
QCY: testing step2220   2023-06-28 01:10:52.988290
QCY: testing step2230   2023-06-28 01:10:55.138718
QCY: testing step2240   2023-06-28 01:10:57.250847
QCY: testing step2250   2023-06-28 01:10:59.369840
intersection_2_1 repaired
QCY: testing step2260   2023-06-28 01:11:01.486334
intersection_1_5 repaired
QCY: testing step2270   2023-06-28 01:11:03.563585
QCY: testing step2280   2023-06-28 01:11:05.631545
QCY: testing step2290   2023-06-28 01:11:07.721801
QCY: testing step2300   2023-06-28 01:11:09.793110
QCY: testing step2310   2023-06-28 01:11:11.850524
QCY: testing step2320   2023-06-28 01:11:13.939291
QCY: testing step2330   2023-06-28 01:11:16.001319
intersection_1_2 malfunction
QCY: testing step2340   2023-06-28 01:11:18.097003
QCY: testing step2350   2023-06-28 01:11:20.199621
intersection_5_4 malfunction
QCY: testing step2360   2023-06-28 01:11:22.339458
QCY: testing step2370   2023-06-28 01:11:24.469788
QCY: testing step2380   2023-06-28 01:11:26.595666
QCY: testing step2390   2023-06-28 01:11:28.727058
QCY: testing step2400   2023-06-28 01:11:30.844624
intersection_3_6 malfunction
intersection_5_6 repaired
QCY: testing step2410   2023-06-28 01:11:33.100229
QCY: testing step2420   2023-06-28 01:11:35.233805
QCY: testing step2430   2023-06-28 01:11:37.434306
QCY: testing step2440   2023-06-28 01:11:39.652468
intersection_7_2 repaired
QCY: testing step2450   2023-06-28 01:11:42.000307
QCY: testing step2460   2023-06-28 01:11:44.327892
QCY: testing step2470   2023-06-28 01:11:46.620419
intersection_4_2 malfunction
QCY: testing step2480   2023-06-28 01:11:48.887655
QCY: testing step2490   2023-06-28 01:11:51.241381
intersection_7_6 repaired
QCY: testing step2500   2023-06-28 01:11:53.617827
QCY: testing step2510   2023-06-28 01:11:55.952175
intersection_3_6 repaired
QCY: testing step2520   2023-06-28 01:11:58.300198
QCY: testing step2530   2023-06-28 01:12:00.660072
QCY: testing step2540   2023-06-28 01:12:02.963862
QCY: testing step2550   2023-06-28 01:12:05.263681
QCY: testing step2560   2023-06-28 01:12:07.633852
intersection_2_5 malfunction
intersection_6_1 malfunction
QCY: testing step2570   2023-06-28 01:12:10.011001
QCY: testing step2580   2023-06-28 01:12:12.586986
QCY: testing step2590   2023-06-28 01:12:15.114804
intersection_6_4 repaired
QCY: testing step2600   2023-06-28 01:12:17.493053
QCY: testing step2610   2023-06-28 01:12:19.999923
intersection_5_4 repaired
QCY: testing step2620   2023-06-28 01:12:22.516307
QCY: testing step2630   2023-06-28 01:12:24.950685
QCY: testing step2640   2023-06-28 01:12:27.375424
QCY: testing step2650   2023-06-28 01:12:29.794534
QCY: testing step2660   2023-06-28 01:12:32.296444
intersection_4_7 malfunction
QCY: testing step2670   2023-06-28 01:12:34.664813
intersection_6_6 malfunction
QCY: testing step2680   2023-06-28 01:12:37.115232
QCY: testing step2690   2023-06-28 01:12:39.572384
QCY: testing step2700   2023-06-28 01:12:42.020375
QCY: testing step2710   2023-06-28 01:12:44.469810
intersection_4_2 repaired
QCY: testing step2720   2023-06-28 01:12:46.972244
QCY: testing step2730   2023-06-28 01:12:49.551657
QCY: testing step2740   2023-06-28 01:12:52.081058
QCY: testing step2750   2023-06-28 01:12:54.656856
QCY: testing step2760   2023-06-28 01:12:57.168259
QCY: testing step2770   2023-06-28 01:12:59.740102
QCY: testing step2780   2023-06-28 01:13:02.256962
QCY: testing step2790   2023-06-28 01:13:04.778263
QCY: testing step2800   2023-06-28 01:13:07.286484
QCY: testing step2810   2023-06-28 01:13:09.899431
QCY: testing step2820   2023-06-28 01:13:12.464499
intersection_4_7 repaired
QCY: testing step2830   2023-06-28 01:13:14.994832
QCY: testing step2840   2023-06-28 01:13:17.467241
QCY: testing step2850   2023-06-28 01:13:19.906559
intersection_4_5 repaired
QCY: testing step2860   2023-06-28 01:13:22.371828
QCY: testing step2870   2023-06-28 01:13:24.800471
QCY: testing step2880   2023-06-28 01:13:27.243607
QCY: testing step2890   2023-06-28 01:13:29.772874
QCY: testing step2900   2023-06-28 01:13:32.265095
QCY: testing step2910   2023-06-28 01:13:34.787666
QCY: testing step2920   2023-06-28 01:13:37.280807
QCY: testing step2930   2023-06-28 01:13:39.802129
QCY: testing step2940   2023-06-28 01:13:42.351392
intersection_4_4 malfunction
QCY: testing step2950   2023-06-28 01:13:44.865770
QCY: testing step2960   2023-06-28 01:13:47.520184
intersection_3_2 malfunction
QCY: testing step2970   2023-06-28 01:13:50.051127
intersection_1_2 repaired
QCY: testing step2980   2023-06-28 01:13:52.565972
intersection_3_3 malfunction
QCY: testing step2990   2023-06-28 01:13:55.174264
QCY: testing step3000   2023-06-28 01:13:57.754033
QCY: testing step3010   2023-06-28 01:14:00.374970
QCY: testing step3020   2023-06-28 01:14:02.886328
QCY: testing step3030   2023-06-28 01:14:05.382198
QCY: testing step3040   2023-06-28 01:14:07.902054
QCY: testing step3050   2023-06-28 01:14:10.446839
intersection_6_1 repaired
QCY: testing step3060   2023-06-28 01:14:12.985466
QCY: testing step3070   2023-06-28 01:14:15.463733
QCY: testing step3080   2023-06-28 01:14:17.935844
QCY: testing step3090   2023-06-28 01:14:20.593818
intersection_1_5 malfunction
QCY: testing step3100   2023-06-28 01:14:23.115156
QCY: testing step3110   2023-06-28 01:14:25.656672
QCY: testing step3120   2023-06-28 01:14:28.212711
intersection_3_3 repaired
QCY: testing step3130   2023-06-28 01:14:30.779269
intersection_6_2 malfunction
QCY: testing step3140   2023-06-28 01:14:33.341008
intersection_2_2 repaired
QCY: testing step3150   2023-06-28 01:14:35.921068
QCY: testing step3160   2023-06-28 01:14:38.577197
QCY: testing step3170   2023-06-28 01:14:41.200907
QCY: testing step3180   2023-06-28 01:14:43.836807
QCY: testing step3190   2023-06-28 01:14:46.539284
QCY: testing step3200   2023-06-28 01:14:49.196141
QCY: testing step3210   2023-06-28 01:14:51.961887
QCY: testing step3220   2023-06-28 01:14:54.605784
QCY: testing step3230   2023-06-28 01:14:57.248394
QCY: testing step3240   2023-06-28 01:14:59.933134
QCY: testing step3250   2023-06-28 01:15:02.587902
QCY: testing step3260   2023-06-28 01:15:05.266348
QCY: testing step3270   2023-06-28 01:15:07.939976
QCY: testing step3280   2023-06-28 01:15:10.627845
QCY: testing step3290   2023-06-28 01:15:13.415788
QCY: testing step3300   2023-06-28 01:15:16.122987
QCY: testing step3310   2023-06-28 01:15:18.656898
QCY: testing step3320   2023-06-28 01:15:21.260573
QCY: testing step3330   2023-06-28 01:15:23.880397
QCY: testing step3340   2023-06-28 01:15:26.502903
QCY: testing step3350   2023-06-28 01:15:29.076654
QCY: testing step3360   2023-06-28 01:15:31.645583
intersection_4_4 repaired
QCY: testing step3370   2023-06-28 01:15:34.215040
QCY: testing step3380   2023-06-28 01:15:36.773316
QCY: testing step3390   2023-06-28 01:15:39.350669
intersection_2_5 repaired
QCY: testing step3400   2023-06-28 01:15:41.933332
intersection_6_1 malfunction
QCY: testing step3410   2023-06-28 01:15:44.631408
intersection_7_4 repaired
QCY: testing step3420   2023-06-28 01:15:47.244809
intersection_6_1 repaired
QCY: testing step3430   2023-06-28 01:15:49.853619
QCY: testing step3440   2023-06-28 01:15:52.440086
QCY: testing step3450   2023-06-28 01:15:55.067449
intersection_3_5 malfunction
QCY: testing step3460   2023-06-28 01:15:57.763342
QCY: testing step3470   2023-06-28 01:16:00.431385
QCY: testing step3480   2023-06-28 01:16:03.132295
QCY: testing step3490   2023-06-28 01:16:05.810262
QCY: testing step3500   2023-06-28 01:16:08.486240
QCY: testing step3510   2023-06-28 01:16:11.217584
QCY: testing step3520   2023-06-28 01:16:13.904613
QCY: testing step3530   2023-06-28 01:16:16.595396
QCY: testing step3540   2023-06-28 01:16:19.283794
intersection_7_7 malfunction
QCY: testing step3550   2023-06-28 01:16:21.978857
QCY: testing step3560   2023-06-28 01:16:24.690417
QCY: testing step3570   2023-06-28 01:16:27.369741
intersection_3_5 repaired
QCY: testing step3580   2023-06-28 01:16:30.061644
intersection_7_1 malfunction
QCY: testing step3590   2023-06-28 01:16:32.783389
2023-06-28 01:16:35 (INFO): Final Travel Time is 564.1265, mean rewards: -3578.6601, queue: 69.2476, delay: 5.9494, throughput: 4634
2023-06-28 01:16:35 (INFO): Total time taken: 576.2241673469543
