nohup: ignoring input
Traceback (most recent call last):
  File "/common/home/qy129/DaRL/LibSignal/run.py", line 2, in <module>
    import trainer
  File "/common/home/qy129/DaRL/LibSignal/trainer/__init__.py", line 1, in <module>
    from .base_trainer import BaseTrainer
  File "/common/home/qy129/DaRL/LibSignal/trainer/base_trainer.py", line 5, in <module>
    import torch
ModuleNotFoundError: No module named 'torch'
nohup: ignoring input
QCY: cuda is available
YQC: you will use sumo~
building world...
Connection ID debug
QCY: agent: SOTL Agent has no Network model
QCY: num_agent:  49
QCY: model_mapping setting name:  sotl
QCY: task_mapping:  {'base': <class 'task.task.BaseTask'>, 'tsc': <class 'task.task.TSCTask'>}
QCY: GPU: 0
QCY: model_mapping setting train_model:  False
QCY: model_mapping setting test_model:  True
QCY: testing step0   2023-06-28 01:06:14.186396
QCY: testing step10   2023-06-28 01:06:14.375179
QCY: testing step20   2023-06-28 01:06:14.506639
QCY: testing step30   2023-06-28 01:06:14.645211
QCY: testing step40   2023-06-28 01:06:14.801750
QCY: testing step50   2023-06-28 01:06:15.046388
QCY: testing step60   2023-06-28 01:06:15.220537
QCY: testing step70   2023-06-28 01:06:15.390220
QCY: testing step80   2023-06-28 01:06:15.572170
QCY: testing step90   2023-06-28 01:06:15.756739
QCY: testing step100   2023-06-28 01:06:15.949100
QCY: testing step110   2023-06-28 01:06:16.149539
QCY: testing step120   2023-06-28 01:06:16.360432
QCY: testing step130   2023-06-28 01:06:16.578533
QCY: testing step140   2023-06-28 01:06:16.806436
QCY: testing step150   2023-06-28 01:06:17.053450
QCY: testing step160   2023-06-28 01:06:17.328525
QCY: testing step170   2023-06-28 01:06:17.601617
QCY: testing step180   2023-06-28 01:06:17.873931
QCY: testing step190   2023-06-28 01:06:18.163259
QCY: testing step200   2023-06-28 01:06:18.465550
QCY: testing step210   2023-06-28 01:06:18.866728
QCY: testing step220   2023-06-28 01:06:19.190107
QCY: testing step230   2023-06-28 01:06:19.540374
QCY: testing step240   2023-06-28 01:06:19.870259
QCY: testing step250   2023-06-28 01:06:20.198865
QCY: testing step260   2023-06-28 01:06:20.512417
QCY: testing step270   2023-06-28 01:06:20.922326
QCY: testing step280   2023-06-28 01:06:21.245704
QCY: testing step290   2023-06-28 01:06:21.593692
QCY: testing step300   2023-06-28 01:06:21.926465
QCY: testing step310   2023-06-28 01:06:22.264810
QCY: testing step320   2023-06-28 01:06:22.617956
QCY: testing step330   2023-06-28 01:06:22.972344
QCY: testing step340   2023-06-28 01:06:23.333211
QCY: testing step350   2023-06-28 01:06:23.750806
QCY: testing step360   2023-06-28 01:06:24.164313
QCY: testing step370   2023-06-28 01:06:24.575619
QCY: testing step380   2023-06-28 01:06:25.013945
QCY: testing step390   2023-06-28 01:06:25.441507
QCY: testing step400   2023-06-28 01:06:25.867533
QCY: testing step410   2023-06-28 01:06:26.380007
QCY: testing step420   2023-06-28 01:06:26.788207
QCY: testing step430   2023-06-28 01:06:27.246897
QCY: testing step440   2023-06-28 01:06:27.665387
QCY: testing step450   2023-06-28 01:06:28.101300
QCY: testing step460   2023-06-28 01:06:28.541067
QCY: testing step470   2023-06-28 01:06:28.964826
QCY: testing step480   2023-06-28 01:06:29.401357
QCY: testing step490   2023-06-28 01:06:29.834165
QCY: testing step500   2023-06-28 01:06:30.275560
QCY: testing step510   2023-06-28 01:06:30.739215
QCY: testing step520   2023-06-28 01:06:31.184783
QCY: testing step530   2023-06-28 01:06:31.636201
QCY: testing step540   2023-06-28 01:06:32.091283
QCY: testing step550   2023-06-28 01:06:32.567501
QCY: testing step560   2023-06-28 01:06:33.026028
QCY: testing step570   2023-06-28 01:06:33.497683
QCY: testing step580   2023-06-28 01:06:33.960868
QCY: testing step590   2023-06-28 01:06:34.437666
QCY: testing step600   2023-06-28 01:06:34.924140
QCY: testing step610   2023-06-28 01:06:35.499987
QCY: testing step620   2023-06-28 01:06:35.991904
QCY: testing step630   2023-06-28 01:06:36.520147
QCY: testing step640   2023-06-28 01:06:37.056476
QCY: testing step650   2023-06-28 01:06:37.593824
QCY: testing step660   2023-06-28 01:06:38.131941
QCY: testing step670   2023-06-28 01:06:38.675322
QCY: testing step680   2023-06-28 01:06:39.261064
QCY: testing step690   2023-06-28 01:06:39.805969
QCY: testing step700   2023-06-28 01:06:40.351125
QCY: testing step710   2023-06-28 01:06:40.901335
QCY: testing step720   2023-06-28 01:06:41.480292
QCY: testing step730   2023-06-28 01:06:42.075519
QCY: testing step740   2023-06-28 01:06:42.649725
QCY: testing step750   2023-06-28 01:06:43.231003
QCY: testing step760   2023-06-28 01:06:43.922483
QCY: testing step770   2023-06-28 01:06:44.531364
QCY: testing step780   2023-06-28 01:06:45.138658
QCY: testing step790   2023-06-28 01:06:45.734591
QCY: testing step800   2023-06-28 01:06:46.475136
QCY: testing step810   2023-06-28 01:06:47.200508
QCY: testing step820   2023-06-28 01:06:47.825035
QCY: testing step830   2023-06-28 01:06:48.454695
QCY: testing step840   2023-06-28 01:06:49.172244
QCY: testing step850   2023-06-28 01:06:49.794012
QCY: testing step860   2023-06-28 01:06:50.443287
QCY: testing step870   2023-06-28 01:06:51.087631
QCY: testing step880   2023-06-28 01:06:51.748414
QCY: testing step890   2023-06-28 01:06:52.535947
QCY: testing step900   2023-06-28 01:06:53.192788
QCY: testing step910   2023-06-28 01:06:53.849193
QCY: testing step920   2023-06-28 01:06:54.497910
QCY: testing step930   2023-06-28 01:06:55.237238
QCY: testing step940   2023-06-28 01:06:55.899154
QCY: testing step950   2023-06-28 01:06:56.569171
QCY: testing step960   2023-06-28 01:06:57.255340
QCY: testing step970   2023-06-28 01:06:57.940741
QCY: testing step980   2023-06-28 01:06:58.616971
QCY: testing step990   2023-06-28 01:06:59.289424
QCY: testing step1000   2023-06-28 01:06:59.953813
QCY: testing step1010   2023-06-28 01:07:00.916574
QCY: testing step1020   2023-06-28 01:07:01.611368
QCY: testing step1030   2023-06-28 01:07:02.339355
QCY: testing step1040   2023-06-28 01:07:03.052800
QCY: testing step1050   2023-06-28 01:07:03.804970
QCY: testing step1060   2023-06-28 01:07:04.495469
QCY: testing step1070   2023-06-28 01:07:05.192372
QCY: testing step1080   2023-06-28 01:07:05.918174
QCY: testing step1090   2023-06-28 01:07:06.707095
QCY: testing step1100   2023-06-28 01:07:07.465863
QCY: testing step1110   2023-06-28 01:07:08.188697
QCY: testing step1120   2023-06-28 01:07:08.910150
QCY: testing step1130   2023-06-28 01:07:09.637076
QCY: testing step1140   2023-06-28 01:07:10.368153
QCY: testing step1150   2023-06-28 01:07:11.108063
QCY: testing step1160   2023-06-28 01:07:11.840697
QCY: testing step1170   2023-06-28 01:07:12.600112
QCY: testing step1180   2023-06-28 01:07:13.365345
QCY: testing step1190   2023-06-28 01:07:14.103048
QCY: testing step1200   2023-06-28 01:07:14.838884
QCY: testing step1210   2023-06-28 01:07:15.677618
QCY: testing step1220   2023-06-28 01:07:16.430018
QCY: testing step1230   2023-06-28 01:07:17.172901
QCY: testing step1240   2023-06-28 01:07:17.917607
QCY: testing step1250   2023-06-28 01:07:18.651760
QCY: testing step1260   2023-06-28 01:07:19.385299
QCY: testing step1270   2023-06-28 01:07:20.129298
QCY: testing step1280   2023-06-28 01:07:20.878296
QCY: testing step1290   2023-06-28 01:07:21.627602
QCY: testing step1300   2023-06-28 01:07:22.378256
QCY: testing step1310   2023-06-28 01:07:23.131790
QCY: testing step1320   2023-06-28 01:07:23.884468
QCY: testing step1330   2023-06-28 01:07:24.651255
QCY: testing step1340   2023-06-28 01:07:25.428308
QCY: testing step1350   2023-06-28 01:07:26.211099
QCY: testing step1360   2023-06-28 01:07:27.016867
QCY: testing step1370   2023-06-28 01:07:27.819578
QCY: testing step1380   2023-06-28 01:07:28.621728
QCY: testing step1390   2023-06-28 01:07:29.436787
QCY: testing step1400   2023-06-28 01:07:30.239300
QCY: testing step1410   2023-06-28 01:07:31.149402
QCY: testing step1420   2023-06-28 01:07:31.952288
QCY: testing step1430   2023-06-28 01:07:32.790688
QCY: testing step1440   2023-06-28 01:07:33.595727
QCY: testing step1450   2023-06-28 01:07:34.407565
QCY: testing step1460   2023-06-28 01:07:35.252026
QCY: testing step1470   2023-06-28 01:07:36.086896
QCY: testing step1480   2023-06-28 01:07:36.908503
QCY: testing step1490   2023-06-28 01:07:37.766204
QCY: testing step1500   2023-06-28 01:07:38.575146
QCY: testing step1510   2023-06-28 01:07:39.523669
QCY: testing step1520   2023-06-28 01:07:40.661461
QCY: testing step1530   2023-06-28 01:07:41.541826
QCY: testing step1540   2023-06-28 01:07:42.411498
QCY: testing step1550   2023-06-28 01:07:43.272072
QCY: testing step1560   2023-06-28 01:07:44.131188
QCY: testing step1570   2023-06-28 01:07:45.005567
QCY: testing step1580   2023-06-28 01:07:45.882938
QCY: testing step1590   2023-06-28 01:07:46.743702
QCY: testing step1600   2023-06-28 01:07:47.650327
QCY: testing step1610   2023-06-28 01:07:48.628753
QCY: testing step1620   2023-06-28 01:07:49.513734
QCY: testing step1630   2023-06-28 01:07:50.377432
QCY: testing step1640   2023-06-28 01:07:51.236732
QCY: testing step1650   2023-06-28 01:07:52.143316
QCY: testing step1660   2023-06-28 01:07:53.082876
QCY: testing step1670   2023-06-28 01:07:54.026518
QCY: testing step1680   2023-06-28 01:07:54.932897
QCY: testing step1690   2023-06-28 01:07:55.844283
QCY: testing step1700   2023-06-28 01:07:56.772361
QCY: testing step1710   2023-06-28 01:07:57.677979
QCY: testing step1720   2023-06-28 01:07:58.581917
QCY: testing step1730   2023-06-28 01:07:59.490948
QCY: testing step1740   2023-06-28 01:08:00.437782
QCY: testing step1750   2023-06-28 01:08:01.380784
QCY: testing step1760   2023-06-28 01:08:02.328170
QCY: testing step1770   2023-06-28 01:08:03.290177
QCY: testing step1780   2023-06-28 01:08:04.244761
QCY: testing step1790   2023-06-28 01:08:05.251013
QCY: testing step1800   2023-06-28 01:08:06.229653
QCY: testing step1810   2023-06-28 01:08:07.326393
QCY: testing step1820   2023-06-28 01:08:08.324704
QCY: testing step1830   2023-06-28 01:08:09.318874
QCY: testing step1840   2023-06-28 01:08:10.315922
QCY: testing step1850   2023-06-28 01:08:11.353014
QCY: testing step1860   2023-06-28 01:08:12.379851
QCY: testing step1870   2023-06-28 01:08:13.409672
QCY: testing step1880   2023-06-28 01:08:14.445906
QCY: testing step1890   2023-06-28 01:08:15.486715
QCY: testing step1900   2023-06-28 01:08:16.544467
QCY: testing step1910   2023-06-28 01:08:17.597535
QCY: testing step1920   2023-06-28 01:08:18.680839
QCY: testing step1930   2023-06-28 01:08:19.756049
QCY: testing step1940   2023-06-28 01:08:20.818401
QCY: testing step1950   2023-06-28 01:08:21.907155
QCY: testing step1960   2023-06-28 01:08:22.992065
QCY: testing step1970   2023-06-28 01:08:24.106901
QCY: testing step1980   2023-06-28 01:08:25.188721
QCY: testing step1990   2023-06-28 01:08:26.265205
QCY: testing step2000   2023-06-28 01:08:27.386611
QCY: testing step2010   2023-06-28 01:08:28.592398
QCY: testing step2020   2023-06-28 01:08:29.735801
QCY: testing step2030   2023-06-28 01:08:30.862456
QCY: testing step2040   2023-06-28 01:08:32.017963
QCY: testing step2050   2023-06-28 01:08:33.175436
QCY: testing step2060   2023-06-28 01:08:34.329265
QCY: testing step2070   2023-06-28 01:08:35.514427
QCY: testing step2080   2023-06-28 01:08:36.708915
QCY: testing step2090   2023-06-28 01:08:37.940793
QCY: testing step2100   2023-06-28 01:08:39.178445
QCY: testing step2110   2023-06-28 01:08:40.380324
QCY: testing step2120   2023-06-28 01:08:41.585351
QCY: testing step2130   2023-06-28 01:08:42.799398
QCY: testing step2140   2023-06-28 01:08:44.017936
QCY: testing step2150   2023-06-28 01:08:45.249045
QCY: testing step2160   2023-06-28 01:08:46.507689
QCY: testing step2170   2023-06-28 01:08:47.772547
QCY: testing step2180   2023-06-28 01:08:49.080172
QCY: testing step2190   2023-06-28 01:08:50.383503
QCY: testing step2200   2023-06-28 01:08:51.688377
QCY: testing step2210   2023-06-28 01:08:53.108798
QCY: testing step2220   2023-06-28 01:08:54.437329
QCY: testing step2230   2023-06-28 01:08:55.759670
QCY: testing step2240   2023-06-28 01:08:57.110417
QCY: testing step2250   2023-06-28 01:08:58.574168
QCY: testing step2260   2023-06-28 01:08:59.961646
QCY: testing step2270   2023-06-28 01:09:01.280856
QCY: testing step2280   2023-06-28 01:09:02.612527
QCY: testing step2290   2023-06-28 01:09:03.995337
QCY: testing step2300   2023-06-28 01:09:05.357256
QCY: testing step2310   2023-06-28 01:09:06.732157
QCY: testing step2320   2023-06-28 01:09:08.135872
QCY: testing step2330   2023-06-28 01:09:09.523616
QCY: testing step2340   2023-06-28 01:09:10.987176
QCY: testing step2350   2023-06-28 01:09:12.396456
QCY: testing step2360   2023-06-28 01:09:13.797856
QCY: testing step2370   2023-06-28 01:09:15.231895
QCY: testing step2380   2023-06-28 01:09:16.683214
QCY: testing step2390   2023-06-28 01:09:18.134462
QCY: testing step2400   2023-06-28 01:09:19.599455
QCY: testing step2410   2023-06-28 01:09:21.178272
QCY: testing step2420   2023-06-28 01:09:22.738991
QCY: testing step2430   2023-06-28 01:09:24.268219
QCY: testing step2440   2023-06-28 01:09:25.797610
QCY: testing step2450   2023-06-28 01:09:27.325356
QCY: testing step2460   2023-06-28 01:09:28.899329
QCY: testing step2470   2023-06-28 01:09:30.452813
QCY: testing step2480   2023-06-28 01:09:31.988214
QCY: testing step2490   2023-06-28 01:09:33.511993
QCY: testing step2500   2023-06-28 01:09:35.041229
QCY: testing step2510   2023-06-28 01:09:36.647367
QCY: testing step2520   2023-06-28 01:09:38.231774
QCY: testing step2530   2023-06-28 01:09:39.803513
QCY: testing step2540   2023-06-28 01:09:41.398114
QCY: testing step2550   2023-06-28 01:09:42.975585
QCY: testing step2560   2023-06-28 01:09:44.546634
QCY: testing step2570   2023-06-28 01:09:46.196966
QCY: testing step2580   2023-06-28 01:09:47.842506
QCY: testing step2590   2023-06-28 01:09:49.498534
QCY: testing step2600   2023-06-28 01:09:51.124292
QCY: testing step2610   2023-06-28 01:09:52.902486
QCY: testing step2620   2023-06-28 01:09:54.567749
QCY: testing step2630   2023-06-28 01:09:56.212416
QCY: testing step2640   2023-06-28 01:09:57.886489
QCY: testing step2650   2023-06-28 01:09:59.539697
QCY: testing step2660   2023-06-28 01:10:01.180259
QCY: testing step2670   2023-06-28 01:10:02.847187
QCY: testing step2680   2023-06-28 01:10:04.521566
QCY: testing step2690   2023-06-28 01:10:06.219572
QCY: testing step2700   2023-06-28 01:10:07.898066
QCY: testing step2710   2023-06-28 01:10:09.647062
QCY: testing step2720   2023-06-28 01:10:11.347433
QCY: testing step2730   2023-06-28 01:10:13.069980
QCY: testing step2740   2023-06-28 01:10:14.799489
QCY: testing step2750   2023-06-28 01:10:16.644641
QCY: testing step2760   2023-06-28 01:10:18.346974
QCY: testing step2770   2023-06-28 01:10:20.061444
QCY: testing step2780   2023-06-28 01:10:21.777103
QCY: testing step2790   2023-06-28 01:10:23.523354
QCY: testing step2800   2023-06-28 01:10:25.302338
QCY: testing step2810   2023-06-28 01:10:27.122460
QCY: testing step2820   2023-06-28 01:10:28.881712
QCY: testing step2830   2023-06-28 01:10:30.670554
QCY: testing step2840   2023-06-28 01:10:32.543781
QCY: testing step2850   2023-06-28 01:10:34.479756
QCY: testing step2860   2023-06-28 01:10:36.303955
QCY: testing step2870   2023-06-28 01:10:38.153851
QCY: testing step2880   2023-06-28 01:10:40.013915
QCY: testing step2890   2023-06-28 01:10:41.827183
QCY: testing step2900   2023-06-28 01:10:43.678247
QCY: testing step2910   2023-06-28 01:10:45.560492
QCY: testing step2920   2023-06-28 01:10:47.394404
QCY: testing step2930   2023-06-28 01:10:49.344035
QCY: testing step2940   2023-06-28 01:10:51.395375
QCY: testing step2950   2023-06-28 01:10:53.306881
QCY: testing step2960   2023-06-28 01:10:55.221253
QCY: testing step2970   2023-06-28 01:10:57.123080
QCY: testing step2980   2023-06-28 01:10:58.982977
QCY: testing step2990   2023-06-28 01:11:00.852443
QCY: testing step3000   2023-06-28 01:11:02.742805
QCY: testing step3010   2023-06-28 01:11:04.707453
QCY: testing step3020   2023-06-28 01:11:06.592163
QCY: testing step3030   2023-06-28 01:11:08.489410
QCY: testing step3040   2023-06-28 01:11:10.359662
QCY: testing step3050   2023-06-28 01:11:12.233470
QCY: testing step3060   2023-06-28 01:11:14.115440
QCY: testing step3070   2023-06-28 01:11:16.033191
QCY: testing step3080   2023-06-28 01:11:18.032116
QCY: testing step3090   2023-06-28 01:11:20.089090
QCY: testing step3100   2023-06-28 01:11:22.027850
QCY: testing step3110   2023-06-28 01:11:24.090676
QCY: testing step3120   2023-06-28 01:11:26.017710
QCY: testing step3130   2023-06-28 01:11:27.999349
QCY: testing step3140   2023-06-28 01:11:29.956677
QCY: testing step3150   2023-06-28 01:11:31.918446
QCY: testing step3160   2023-06-28 01:11:33.910071
QCY: testing step3170   2023-06-28 01:11:35.986640
QCY: testing step3180   2023-06-28 01:11:38.006183
QCY: testing step3190   2023-06-28 01:11:40.066135
QCY: testing step3200   2023-06-28 01:11:42.213855
QCY: testing step3210   2023-06-28 01:11:44.438487
QCY: testing step3220   2023-06-28 01:11:46.629877
QCY: testing step3230   2023-06-28 01:11:49.066201
QCY: testing step3240   2023-06-28 01:11:51.174747
QCY: testing step3250   2023-06-28 01:11:53.267189
QCY: testing step3260   2023-06-28 01:11:55.481730
QCY: testing step3270   2023-06-28 01:11:57.670646
QCY: testing step3280   2023-06-28 01:11:59.887411
QCY: testing step3290   2023-06-28 01:12:02.058200
QCY: testing step3300   2023-06-28 01:12:04.478307
QCY: testing step3310   2023-06-28 01:12:06.704759
QCY: testing step3320   2023-06-28 01:12:08.884257
QCY: testing step3330   2023-06-28 01:12:11.051951
QCY: testing step3340   2023-06-28 01:12:13.254954
QCY: testing step3350   2023-06-28 01:12:15.500566
QCY: testing step3360   2023-06-28 01:12:17.762349
QCY: testing step3370   2023-06-28 01:12:20.022227
QCY: testing step3380   2023-06-28 01:12:22.268539
QCY: testing step3390   2023-06-28 01:12:24.584830
QCY: testing step3400   2023-06-28 01:12:26.810844
QCY: testing step3410   2023-06-28 01:12:29.216734
QCY: testing step3420   2023-06-28 01:12:31.483799
QCY: testing step3430   2023-06-28 01:12:33.951914
QCY: testing step3440   2023-06-28 01:12:36.425864
QCY: testing step3450   2023-06-28 01:12:38.772845
QCY: testing step3460   2023-06-28 01:12:41.261401
QCY: testing step3470   2023-06-28 01:12:43.653494
QCY: testing step3480   2023-06-28 01:12:46.015004
QCY: testing step3490   2023-06-28 01:12:48.517340
QCY: testing step3500   2023-06-28 01:12:50.989330
QCY: testing step3510   2023-06-28 01:12:53.502117
QCY: testing step3520   2023-06-28 01:12:55.997158
QCY: testing step3530   2023-06-28 01:12:58.403392
QCY: testing step3540   2023-06-28 01:13:00.924160
QCY: testing step3550   2023-06-28 01:13:03.403667
QCY: testing step3560   2023-06-28 01:13:05.862679
QCY: testing step3570   2023-06-28 01:13:08.256498
QCY: testing step3580   2023-06-28 01:13:10.670126
QCY: testing step3590   2023-06-28 01:13:13.084758
2023-06-28 01:13:15 (INFO): Final Travel Time is 451.2889, mean rewards: -2618.6319, queue: 53.5773, delay: 5.0216, throughput: 5822
2023-06-28 01:13:15 (INFO): Total time taken: 421.8229806423187
