nohup: ignoring input
QCY: cuda is available
YQC: you will use sumo~
building world...
Connection ID debug
QCY: agent: Maxpressure Agent has no Network model
QCY: num_agent:  49
QCY: model_mapping setting name:  maxpressure
QCY: task_mapping:  {'base': <class 'task.task.BaseTask'>, 'tsc': <class 'task.task.TSCTask'>}
QCY: GPU: 0
QCY: model_mapping setting train_model:  False
QCY: model_mapping setting test_model:  True
QCY: testing step0   2023-07-02 23:42:42.036058
QCY: testing step10   2023-07-02 23:42:42.231814
QCY: testing step20   2023-07-02 23:42:42.365984
QCY: testing step30   2023-07-02 23:42:42.505650
QCY: testing step40   2023-07-02 23:42:42.653545
QCY: testing step50   2023-07-02 23:42:42.808434
QCY: testing step60   2023-07-02 23:42:42.964832
QCY: testing step70   2023-07-02 23:42:43.127593
QCY: testing step80   2023-07-02 23:42:43.293585
QCY: testing step90   2023-07-02 23:42:43.464790
QCY: testing step100   2023-07-02 23:42:43.641491
QCY: testing step110   2023-07-02 23:42:43.831214
QCY: testing step120   2023-07-02 23:42:44.017679
QCY: testing step130   2023-07-02 23:42:44.210432
QCY: testing step140   2023-07-02 23:42:44.405884
QCY: testing step150   2023-07-02 23:42:44.609405
QCY: testing step160   2023-07-02 23:42:44.820751
QCY: testing step170   2023-07-02 23:42:45.035719
QCY: testing step180   2023-07-02 23:42:45.258252
QCY: testing step190   2023-07-02 23:42:45.477282
QCY: testing step200   2023-07-02 23:42:45.705433
QCY: testing step210   2023-07-02 23:42:46.022009
QCY: testing step220   2023-07-02 23:42:46.255863
QCY: testing step230   2023-07-02 23:42:46.494265
QCY: testing step240   2023-07-02 23:42:46.737763
QCY: testing step250   2023-07-02 23:42:46.995467
QCY: testing step260   2023-07-02 23:42:47.254430
QCY: testing step270   2023-07-02 23:42:47.507369
QCY: testing step280   2023-07-02 23:42:47.765488
QCY: testing step290   2023-07-02 23:42:48.032676
QCY: testing step300   2023-07-02 23:42:48.297323
QCY: testing step310   2023-07-02 23:42:48.565084
QCY: testing step320   2023-07-02 23:42:48.836236
QCY: testing step330   2023-07-02 23:42:49.111070
QCY: testing step340   2023-07-02 23:42:49.398418
QCY: testing step350   2023-07-02 23:42:49.679440
QCY: testing step360   2023-07-02 23:42:49.959104
QCY: testing step370   2023-07-02 23:42:50.249708
QCY: testing step380   2023-07-02 23:42:50.544811
QCY: testing step390   2023-07-02 23:42:50.833418
QCY: testing step400   2023-07-02 23:42:51.122192
QCY: testing step410   2023-07-02 23:42:51.515569
QCY: testing step420   2023-07-02 23:42:51.821569
QCY: testing step430   2023-07-02 23:42:52.119899
QCY: testing step440   2023-07-02 23:42:52.420573
QCY: testing step450   2023-07-02 23:42:52.774491
QCY: testing step460   2023-07-02 23:42:53.084965
QCY: testing step470   2023-07-02 23:42:53.391212
QCY: testing step480   2023-07-02 23:42:53.706235
QCY: testing step490   2023-07-02 23:42:54.031275
QCY: testing step500   2023-07-02 23:42:54.348410
QCY: testing step510   2023-07-02 23:42:54.663226
QCY: testing step520   2023-07-02 23:42:54.976073
QCY: testing step530   2023-07-02 23:42:55.296547
QCY: testing step540   2023-07-02 23:42:55.627154
QCY: testing step550   2023-07-02 23:42:55.965734
QCY: testing step560   2023-07-02 23:42:56.315424
QCY: testing step570   2023-07-02 23:42:56.666002
QCY: testing step580   2023-07-02 23:42:57.008765
QCY: testing step590   2023-07-02 23:42:57.353589
QCY: testing step600   2023-07-02 23:42:57.701104
QCY: testing step610   2023-07-02 23:42:58.150918
QCY: testing step620   2023-07-02 23:42:58.515499
QCY: testing step630   2023-07-02 23:42:58.869486
QCY: testing step640   2023-07-02 23:42:59.238032
QCY: testing step650   2023-07-02 23:42:59.585750
QCY: testing step660   2023-07-02 23:42:59.933186
QCY: testing step670   2023-07-02 23:43:00.282559
QCY: testing step680   2023-07-02 23:43:00.648461
QCY: testing step690   2023-07-02 23:43:00.998775
QCY: testing step700   2023-07-02 23:43:01.351501
QCY: testing step710   2023-07-02 23:43:01.713285
QCY: testing step720   2023-07-02 23:43:02.076137
QCY: testing step730   2023-07-02 23:43:02.434002
QCY: testing step740   2023-07-02 23:43:02.805631
QCY: testing step750   2023-07-02 23:43:03.170402
QCY: testing step760   2023-07-02 23:43:03.547443
QCY: testing step770   2023-07-02 23:43:03.949457
QCY: testing step780   2023-07-02 23:43:04.315427
QCY: testing step790   2023-07-02 23:43:04.685476
QCY: testing step800   2023-07-02 23:43:05.054611
QCY: testing step810   2023-07-02 23:43:05.523711
QCY: testing step820   2023-07-02 23:43:05.901395
QCY: testing step830   2023-07-02 23:43:06.285332
QCY: testing step840   2023-07-02 23:43:06.664977
QCY: testing step850   2023-07-02 23:43:07.058726
QCY: testing step860   2023-07-02 23:43:07.448287
QCY: testing step870   2023-07-02 23:43:07.835301
QCY: testing step880   2023-07-02 23:43:08.223298
QCY: testing step890   2023-07-02 23:43:08.621854
QCY: testing step900   2023-07-02 23:43:09.011491
QCY: testing step910   2023-07-02 23:43:09.423159
QCY: testing step920   2023-07-02 23:43:09.818297
QCY: testing step930   2023-07-02 23:43:10.224218
QCY: testing step940   2023-07-02 23:43:10.631271
QCY: testing step950   2023-07-02 23:43:11.030407
QCY: testing step960   2023-07-02 23:43:11.437022
QCY: testing step970   2023-07-02 23:43:11.843994
QCY: testing step980   2023-07-02 23:43:12.243423
QCY: testing step990   2023-07-02 23:43:12.649747
QCY: testing step1000   2023-07-02 23:43:13.168927
QCY: testing step1010   2023-07-02 23:43:13.681720
QCY: testing step1020   2023-07-02 23:43:14.091563
QCY: testing step1030   2023-07-02 23:43:14.518101
QCY: testing step1040   2023-07-02 23:43:14.940735
QCY: testing step1050   2023-07-02 23:43:15.357773
QCY: testing step1060   2023-07-02 23:43:15.776323
QCY: testing step1070   2023-07-02 23:43:16.210100
QCY: testing step1080   2023-07-02 23:43:16.644747
QCY: testing step1090   2023-07-02 23:43:17.115516
QCY: testing step1100   2023-07-02 23:43:17.590081
QCY: testing step1110   2023-07-02 23:43:18.062172
QCY: testing step1120   2023-07-02 23:43:18.533545
QCY: testing step1130   2023-07-02 23:43:19.007346
QCY: testing step1140   2023-07-02 23:43:19.563229
QCY: testing step1150   2023-07-02 23:43:20.018574
QCY: testing step1160   2023-07-02 23:43:20.488335
QCY: testing step1170   2023-07-02 23:43:20.956232
QCY: testing step1180   2023-07-02 23:43:21.423227
QCY: testing step1190   2023-07-02 23:43:21.887490
QCY: testing step1200   2023-07-02 23:43:22.374040
QCY: testing step1210   2023-07-02 23:43:22.969712
QCY: testing step1220   2023-07-02 23:43:23.472169
QCY: testing step1230   2023-07-02 23:43:23.946121
QCY: testing step1240   2023-07-02 23:43:24.416079
QCY: testing step1250   2023-07-02 23:43:24.880574
QCY: testing step1260   2023-07-02 23:43:25.450999
QCY: testing step1270   2023-07-02 23:43:25.938465
QCY: testing step1280   2023-07-02 23:43:26.429488
QCY: testing step1290   2023-07-02 23:43:26.919786
QCY: testing step1300   2023-07-02 23:43:27.415211
QCY: testing step1310   2023-07-02 23:43:27.916243
QCY: testing step1320   2023-07-02 23:43:28.409487
QCY: testing step1330   2023-07-02 23:43:28.904355
QCY: testing step1340   2023-07-02 23:43:29.401385
QCY: testing step1350   2023-07-02 23:43:29.899493
QCY: testing step1360   2023-07-02 23:43:30.399720
QCY: testing step1370   2023-07-02 23:43:30.899992
QCY: testing step1380   2023-07-02 23:43:31.399981
QCY: testing step1390   2023-07-02 23:43:31.907129
QCY: testing step1400   2023-07-02 23:43:32.417005
QCY: testing step1410   2023-07-02 23:43:33.039547
QCY: testing step1420   2023-07-02 23:43:33.569757
QCY: testing step1430   2023-07-02 23:43:34.101236
QCY: testing step1440   2023-07-02 23:43:34.629665
QCY: testing step1450   2023-07-02 23:43:35.250738
QCY: testing step1460   2023-07-02 23:43:35.792492
QCY: testing step1470   2023-07-02 23:43:36.342345
QCY: testing step1480   2023-07-02 23:43:36.887719
QCY: testing step1490   2023-07-02 23:43:37.436990
QCY: testing step1500   2023-07-02 23:43:37.993649
QCY: testing step1510   2023-07-02 23:43:38.564204
QCY: testing step1520   2023-07-02 23:43:39.133499
QCY: testing step1530   2023-07-02 23:43:39.706139
QCY: testing step1540   2023-07-02 23:43:40.267872
QCY: testing step1550   2023-07-02 23:43:40.810194
QCY: testing step1560   2023-07-02 23:43:41.359133
QCY: testing step1570   2023-07-02 23:43:41.912617
QCY: testing step1580   2023-07-02 23:43:42.486889
QCY: testing step1590   2023-07-02 23:43:43.052820
QCY: testing step1600   2023-07-02 23:43:43.629744
QCY: testing step1610   2023-07-02 23:43:44.297265
QCY: testing step1620   2023-07-02 23:43:44.866137
QCY: testing step1630   2023-07-02 23:43:45.440177
QCY: testing step1640   2023-07-02 23:43:46.007659
QCY: testing step1650   2023-07-02 23:43:46.575482
QCY: testing step1660   2023-07-02 23:43:47.141807
QCY: testing step1670   2023-07-02 23:43:47.708159
QCY: testing step1680   2023-07-02 23:43:48.277460
QCY: testing step1690   2023-07-02 23:43:48.846840
QCY: testing step1700   2023-07-02 23:43:49.417534
QCY: testing step1710   2023-07-02 23:43:49.991292
QCY: testing step1720   2023-07-02 23:43:50.564807
QCY: testing step1730   2023-07-02 23:43:51.160501
QCY: testing step1740   2023-07-02 23:43:51.738295
QCY: testing step1750   2023-07-02 23:43:52.312947
QCY: testing step1760   2023-07-02 23:43:52.891932
QCY: testing step1770   2023-07-02 23:43:53.472385
QCY: testing step1780   2023-07-02 23:43:54.058037
QCY: testing step1790   2023-07-02 23:43:54.643453
QCY: testing step1800   2023-07-02 23:43:55.230107
QCY: testing step1810   2023-07-02 23:43:55.910599
QCY: testing step1820   2023-07-02 23:43:56.499884
QCY: testing step1830   2023-07-02 23:43:57.095465
QCY: testing step1840   2023-07-02 23:43:57.694443
QCY: testing step1850   2023-07-02 23:43:58.297648
QCY: testing step1860   2023-07-02 23:43:58.904856
QCY: testing step1870   2023-07-02 23:43:59.514466
QCY: testing step1880   2023-07-02 23:44:00.123408
QCY: testing step1890   2023-07-02 23:44:00.731339
QCY: testing step1900   2023-07-02 23:44:01.489415
QCY: testing step1910   2023-07-02 23:44:02.127368
QCY: testing step1920   2023-07-02 23:44:02.754294
QCY: testing step1930   2023-07-02 23:44:03.374738
QCY: testing step1940   2023-07-02 23:44:03.997242
QCY: testing step1950   2023-07-02 23:44:04.634698
QCY: testing step1960   2023-07-02 23:44:05.270231
QCY: testing step1970   2023-07-02 23:44:05.897248
QCY: testing step1980   2023-07-02 23:44:06.558989
QCY: testing step1990   2023-07-02 23:44:07.191473
QCY: testing step2000   2023-07-02 23:44:07.853792
QCY: testing step2010   2023-07-02 23:44:08.590355
QCY: testing step2020   2023-07-02 23:44:09.236115
QCY: testing step2030   2023-07-02 23:44:09.885743
QCY: testing step2040   2023-07-02 23:44:10.535496
QCY: testing step2050   2023-07-02 23:44:11.188766
QCY: testing step2060   2023-07-02 23:44:11.848916
QCY: testing step2070   2023-07-02 23:44:12.510695
QCY: testing step2080   2023-07-02 23:44:13.167386
QCY: testing step2090   2023-07-02 23:44:13.848734
QCY: testing step2100   2023-07-02 23:44:14.512978
QCY: testing step2110   2023-07-02 23:44:15.186979
QCY: testing step2120   2023-07-02 23:44:15.864616
QCY: testing step2130   2023-07-02 23:44:16.553345
QCY: testing step2140   2023-07-02 23:44:17.242211
QCY: testing step2150   2023-07-02 23:44:17.938563
QCY: testing step2160   2023-07-02 23:44:18.631858
QCY: testing step2170   2023-07-02 23:44:19.329873
QCY: testing step2180   2023-07-02 23:44:20.053788
QCY: testing step2190   2023-07-02 23:44:20.753743
QCY: testing step2200   2023-07-02 23:44:21.451569
QCY: testing step2210   2023-07-02 23:44:22.255512
QCY: testing step2220   2023-07-02 23:44:22.965834
QCY: testing step2230   2023-07-02 23:44:23.680016
QCY: testing step2240   2023-07-02 23:44:24.401276
QCY: testing step2250   2023-07-02 23:44:25.172870
QCY: testing step2260   2023-07-02 23:44:25.896940
QCY: testing step2270   2023-07-02 23:44:26.615109
QCY: testing step2280   2023-07-02 23:44:27.328014
QCY: testing step2290   2023-07-02 23:44:28.028303
QCY: testing step2300   2023-07-02 23:44:28.731288
QCY: testing step2310   2023-07-02 23:44:29.456152
QCY: testing step2320   2023-07-02 23:44:30.181098
QCY: testing step2330   2023-07-02 23:44:30.910967
QCY: testing step2340   2023-07-02 23:44:31.695896
QCY: testing step2350   2023-07-02 23:44:32.428091
QCY: testing step2360   2023-07-02 23:44:33.173353
QCY: testing step2370   2023-07-02 23:44:33.906278
QCY: testing step2380   2023-07-02 23:44:34.642075
QCY: testing step2390   2023-07-02 23:44:35.368256
QCY: testing step2400   2023-07-02 23:44:36.095106
QCY: testing step2410   2023-07-02 23:44:36.918437
QCY: testing step2420   2023-07-02 23:44:37.645778
QCY: testing step2430   2023-07-02 23:44:38.411567
QCY: testing step2440   2023-07-02 23:44:39.148135
QCY: testing step2450   2023-07-02 23:44:39.911943
QCY: testing step2460   2023-07-02 23:44:40.684340
QCY: testing step2470   2023-07-02 23:44:41.460163
QCY: testing step2480   2023-07-02 23:44:42.233352
QCY: testing step2490   2023-07-02 23:44:43.003595
QCY: testing step2500   2023-07-02 23:44:43.782210
QCY: testing step2510   2023-07-02 23:44:44.560516
QCY: testing step2520   2023-07-02 23:44:45.323566
QCY: testing step2530   2023-07-02 23:44:46.080693
QCY: testing step2540   2023-07-02 23:44:46.845536
QCY: testing step2550   2023-07-02 23:44:47.608698
QCY: testing step2560   2023-07-02 23:44:48.371396
QCY: testing step2570   2023-07-02 23:44:49.133910
QCY: testing step2580   2023-07-02 23:44:49.907556
QCY: testing step2590   2023-07-02 23:44:50.690659
QCY: testing step2600   2023-07-02 23:44:51.472640
QCY: testing step2610   2023-07-02 23:44:52.379702
QCY: testing step2620   2023-07-02 23:44:53.166138
QCY: testing step2630   2023-07-02 23:44:53.954614
QCY: testing step2640   2023-07-02 23:44:54.775400
QCY: testing step2650   2023-07-02 23:44:55.576728
QCY: testing step2660   2023-07-02 23:44:56.389033
QCY: testing step2670   2023-07-02 23:44:57.196415
QCY: testing step2680   2023-07-02 23:44:58.004285
QCY: testing step2690   2023-07-02 23:44:58.812316
QCY: testing step2700   2023-07-02 23:44:59.618497
QCY: testing step2710   2023-07-02 23:45:00.439181
QCY: testing step2720   2023-07-02 23:45:01.262105
QCY: testing step2730   2023-07-02 23:45:02.102147
QCY: testing step2740   2023-07-02 23:45:02.942009
QCY: testing step2750   2023-07-02 23:45:03.780639
QCY: testing step2760   2023-07-02 23:45:04.624371
QCY: testing step2770   2023-07-02 23:45:05.457460
QCY: testing step2780   2023-07-02 23:45:06.300814
QCY: testing step2790   2023-07-02 23:45:07.163122
QCY: testing step2800   2023-07-02 23:45:08.037334
QCY: testing step2810   2023-07-02 23:45:09.018456
QCY: testing step2820   2023-07-02 23:45:09.909199
QCY: testing step2830   2023-07-02 23:45:10.812432
QCY: testing step2840   2023-07-02 23:45:11.721427
QCY: testing step2850   2023-07-02 23:45:12.637454
QCY: testing step2860   2023-07-02 23:45:13.547493
QCY: testing step2870   2023-07-02 23:45:14.451281
QCY: testing step2880   2023-07-02 23:45:15.340470
QCY: testing step2890   2023-07-02 23:45:16.254390
QCY: testing step2900   2023-07-02 23:45:17.153626
QCY: testing step2910   2023-07-02 23:45:18.062043
QCY: testing step2920   2023-07-02 23:45:18.974682
QCY: testing step2930   2023-07-02 23:45:19.885461
QCY: testing step2940   2023-07-02 23:45:20.808329
QCY: testing step2950   2023-07-02 23:45:21.739544
QCY: testing step2960   2023-07-02 23:45:22.675793
QCY: testing step2970   2023-07-02 23:45:23.610590
QCY: testing step2980   2023-07-02 23:45:24.553561
QCY: testing step2990   2023-07-02 23:45:25.521068
QCY: testing step3000   2023-07-02 23:45:26.474445
QCY: testing step3010   2023-07-02 23:45:27.519200
QCY: testing step3020   2023-07-02 23:45:28.485101
QCY: testing step3030   2023-07-02 23:45:29.470461
QCY: testing step3040   2023-07-02 23:45:30.446367
QCY: testing step3050   2023-07-02 23:45:31.434467
QCY: testing step3060   2023-07-02 23:45:32.413758
QCY: testing step3070   2023-07-02 23:45:33.400017
QCY: testing step3080   2023-07-02 23:45:34.378065
QCY: testing step3090   2023-07-02 23:45:35.369813
QCY: testing step3100   2023-07-02 23:45:36.351271
QCY: testing step3110   2023-07-02 23:45:37.365720
QCY: testing step3120   2023-07-02 23:45:38.384668
QCY: testing step3130   2023-07-02 23:45:39.374439
QCY: testing step3140   2023-07-02 23:45:40.377380
QCY: testing step3150   2023-07-02 23:45:41.399087
QCY: testing step3160   2023-07-02 23:45:42.422302
QCY: testing step3170   2023-07-02 23:45:43.429568
QCY: testing step3180   2023-07-02 23:45:44.615765
QCY: testing step3190   2023-07-02 23:45:45.636189
QCY: testing step3200   2023-07-02 23:45:46.668584
QCY: testing step3210   2023-07-02 23:45:47.806825
QCY: testing step3220   2023-07-02 23:45:48.867125
QCY: testing step3230   2023-07-02 23:45:49.939281
QCY: testing step3240   2023-07-02 23:45:50.984830
QCY: testing step3250   2023-07-02 23:45:52.027174
QCY: testing step3260   2023-07-02 23:45:53.069189
QCY: testing step3270   2023-07-02 23:45:54.150080
QCY: testing step3280   2023-07-02 23:45:55.225287
QCY: testing step3290   2023-07-02 23:45:56.311903
QCY: testing step3300   2023-07-02 23:45:57.394788
QCY: testing step3310   2023-07-02 23:45:58.484206
QCY: testing step3320   2023-07-02 23:45:59.565970
QCY: testing step3330   2023-07-02 23:46:00.632181
QCY: testing step3340   2023-07-02 23:46:01.729457
QCY: testing step3350   2023-07-02 23:46:02.826709
QCY: testing step3360   2023-07-02 23:46:03.911145
QCY: testing step3370   2023-07-02 23:46:05.020980
QCY: testing step3380   2023-07-02 23:46:06.121346
QCY: testing step3390   2023-07-02 23:46:07.231530
QCY: testing step3400   2023-07-02 23:46:08.355198
QCY: testing step3410   2023-07-02 23:46:09.567313
QCY: testing step3420   2023-07-02 23:46:10.681092
QCY: testing step3430   2023-07-02 23:46:11.823304
QCY: testing step3440   2023-07-02 23:46:12.969279
QCY: testing step3450   2023-07-02 23:46:14.111120
QCY: testing step3460   2023-07-02 23:46:15.275445
QCY: testing step3470   2023-07-02 23:46:16.438843
QCY: testing step3480   2023-07-02 23:46:17.617723
QCY: testing step3490   2023-07-02 23:46:18.809020
QCY: testing step3500   2023-07-02 23:46:19.997430
QCY: testing step3510   2023-07-02 23:46:21.183375
QCY: testing step3520   2023-07-02 23:46:22.363437
QCY: testing step3530   2023-07-02 23:46:23.537682
QCY: testing step3540   2023-07-02 23:46:24.719752
QCY: testing step3550   2023-07-02 23:46:25.901595
QCY: testing step3560   2023-07-02 23:46:27.096431
QCY: testing step3570   2023-07-02 23:46:28.303680
QCY: testing step3580   2023-07-02 23:46:29.548335
QCY: testing step3590   2023-07-02 23:46:30.789030
2023-07-02 23:46:32 (INFO): Final Travel Time is 439.8147, mean rewards: -1450.7974, queue: 25.1269, delay: 3.8431, throughput: 6827
2023-07-02 23:46:32 (INFO): Total time taken: 230.60006666183472
