nohup: ignoring input
QCY: cuda is not available
YQC: you will use sumo~
building world...
intersection intersection_3_3 malfunction~~~
intersection intersection_3_6 malfunction~~~
intersection intersection_5_3 malfunction~~~
intersection intersection_5_6 malfunction~~~
Connection ID debug
QCY: agent: FixedTime Agent has no Network model
QCY: num_agent:  49
QCY: model_mapping setting name:  fixedtime
intersection intersection_3_3 malfunction~~~
intersection intersection_3_6 malfunction~~~
intersection intersection_5_3 malfunction~~~
intersection intersection_5_6 malfunction~~~
QCY: task_mapping:  {'base': <class 'task.task.BaseTask'>, 'tsc': <class 'task.task.TSCTask'>}
QCY: GPU: -1
QCY: model_mapping setting train_model:  False
QCY: model_mapping setting test_model:  True
intersection intersection_3_3 malfunction~~~
intersection intersection_3_6 malfunction~~~
intersection intersection_5_3 malfunction~~~
intersection intersection_5_6 malfunction~~~
QCY: testing step0   2023-07-13 22:52:06.663859
QCY: testing step10   2023-07-13 22:52:06.851446
QCY: testing step20   2023-07-13 22:52:07.000180
QCY: testing step30   2023-07-13 22:52:07.156520
QCY: testing step40   2023-07-13 22:52:07.324820
QCY: testing step50   2023-07-13 22:52:07.493404
QCY: testing step60   2023-07-13 22:52:07.668897
QCY: testing step70   2023-07-13 22:52:07.941660
QCY: testing step80   2023-07-13 22:52:08.129680
QCY: testing step90   2023-07-13 22:52:08.324767
QCY: testing step100   2023-07-13 22:52:08.526361
QCY: testing step110   2023-07-13 22:52:08.736598
QCY: testing step120   2023-07-13 22:52:08.952112
QCY: testing step130   2023-07-13 22:52:09.184250
QCY: testing step140   2023-07-13 22:52:09.422407
QCY: testing step150   2023-07-13 22:52:09.677095
QCY: testing step160   2023-07-13 22:52:09.934019
QCY: testing step170   2023-07-13 22:52:10.196038
QCY: testing step180   2023-07-13 22:52:10.463553
QCY: testing step190   2023-07-13 22:52:10.742740
QCY: testing step200   2023-07-13 22:52:11.036981
QCY: testing step210   2023-07-13 22:52:11.413724
QCY: testing step220   2023-07-13 22:52:11.741731
QCY: testing step230   2023-07-13 22:52:12.074217
QCY: testing step240   2023-07-13 22:52:12.396616
QCY: testing step250   2023-07-13 22:52:12.735606
QCY: testing step260   2023-07-13 22:52:13.075802
QCY: testing step270   2023-07-13 22:52:13.501062
QCY: testing step280   2023-07-13 22:52:13.868214
QCY: testing step290   2023-07-13 22:52:14.234155
QCY: testing step300   2023-07-13 22:52:14.741684
QCY: testing step310   2023-07-13 22:52:15.287297
QCY: testing step320   2023-07-13 22:52:15.656532
QCY: testing step330   2023-07-13 22:52:16.033286
QCY: testing step340   2023-07-13 22:52:16.440455
QCY: testing step350   2023-07-13 22:52:16.847774
QCY: testing step360   2023-07-13 22:52:17.264194
QCY: testing step370   2023-07-13 22:52:17.680680
QCY: testing step380   2023-07-13 22:52:18.095503
QCY: testing step390   2023-07-13 22:52:18.546420
QCY: testing step400   2023-07-13 22:52:19.012975
QCY: testing step410   2023-07-13 22:52:19.619869
QCY: testing step420   2023-07-13 22:52:20.080093
QCY: testing step430   2023-07-13 22:52:20.542919
QCY: testing step440   2023-07-13 22:52:21.010767
QCY: testing step450   2023-07-13 22:52:21.480533
QCY: testing step460   2023-07-13 22:52:21.963162
QCY: testing step470   2023-07-13 22:52:22.452945
QCY: testing step480   2023-07-13 22:52:22.938945
QCY: testing step490   2023-07-13 22:52:23.435224
QCY: testing step500   2023-07-13 22:52:23.941646
QCY: testing step510   2023-07-13 22:52:24.437017
QCY: testing step520   2023-07-13 22:52:25.020011
QCY: testing step530   2023-07-13 22:52:25.510791
QCY: testing step540   2023-07-13 22:52:26.013318
QCY: testing step550   2023-07-13 22:52:26.544817
QCY: testing step560   2023-07-13 22:52:27.070084
QCY: testing step570   2023-07-13 22:52:27.614801
QCY: testing step580   2023-07-13 22:52:28.160234
QCY: testing step590   2023-07-13 22:52:28.688566
QCY: testing step600   2023-07-13 22:52:29.231129
QCY: testing step610   2023-07-13 22:52:29.892610
QCY: testing step620   2023-07-13 22:52:30.447181
QCY: testing step630   2023-07-13 22:52:31.010458
QCY: testing step640   2023-07-13 22:52:31.592435
QCY: testing step650   2023-07-13 22:52:32.219287
QCY: testing step660   2023-07-13 22:52:32.790811
QCY: testing step670   2023-07-13 22:52:33.417385
QCY: testing step680   2023-07-13 22:52:34.027899
QCY: testing step690   2023-07-13 22:52:34.629100
QCY: testing step700   2023-07-13 22:52:35.249199
QCY: testing step710   2023-07-13 22:52:35.855411
QCY: testing step720   2023-07-13 22:52:36.460027
QCY: testing step730   2023-07-13 22:52:37.094160
QCY: testing step740   2023-07-13 22:52:37.716196
QCY: testing step750   2023-07-13 22:52:38.341291
QCY: testing step760   2023-07-13 22:52:38.983317
QCY: testing step770   2023-07-13 22:52:39.638675
QCY: testing step780   2023-07-13 22:52:40.300564
QCY: testing step790   2023-07-13 22:52:40.957880
QCY: testing step800   2023-07-13 22:52:41.611144
QCY: testing step810   2023-07-13 22:52:42.360448
QCY: testing step820   2023-07-13 22:52:43.059166
QCY: testing step830   2023-07-13 22:52:43.733909
QCY: testing step840   2023-07-13 22:52:44.422402
QCY: testing step850   2023-07-13 22:52:45.109745
QCY: testing step860   2023-07-13 22:52:45.789115
QCY: testing step870   2023-07-13 22:52:46.467758
QCY: testing step880   2023-07-13 22:52:47.160534
QCY: testing step890   2023-07-13 22:52:47.857102
QCY: testing step900   2023-07-13 22:52:48.564887
QCY: testing step910   2023-07-13 22:52:49.290750
QCY: testing step920   2023-07-13 22:52:50.022241
QCY: testing step930   2023-07-13 22:52:50.757625
QCY: testing step940   2023-07-13 22:52:51.498236
QCY: testing step950   2023-07-13 22:52:52.285671
QCY: testing step960   2023-07-13 22:52:53.022706
QCY: testing step970   2023-07-13 22:52:53.767187
QCY: testing step980   2023-07-13 22:52:54.531080
QCY: testing step990   2023-07-13 22:52:55.279594
QCY: testing step1000   2023-07-13 22:52:56.051181
QCY: testing step1010   2023-07-13 22:52:57.042534
QCY: testing step1020   2023-07-13 22:52:57.842405
QCY: testing step1030   2023-07-13 22:52:58.669833
QCY: testing step1040   2023-07-13 22:52:59.473499
QCY: testing step1050   2023-07-13 22:53:00.284399
QCY: testing step1060   2023-07-13 22:53:01.110185
QCY: testing step1070   2023-07-13 22:53:01.904345
QCY: testing step1080   2023-07-13 22:53:02.682234
QCY: testing step1090   2023-07-13 22:53:03.511921
QCY: testing step1100   2023-07-13 22:53:04.345905
QCY: testing step1110   2023-07-13 22:53:05.165560
QCY: testing step1120   2023-07-13 22:53:05.998246
QCY: testing step1130   2023-07-13 22:53:06.823218
QCY: testing step1140   2023-07-13 22:53:07.675160
QCY: testing step1150   2023-07-13 22:53:08.519418
QCY: testing step1160   2023-07-13 22:53:09.357323
QCY: testing step1170   2023-07-13 22:53:10.215064
QCY: testing step1180   2023-07-13 22:53:11.078498
QCY: testing step1190   2023-07-13 22:53:11.942265
QCY: testing step1200   2023-07-13 22:53:12.796566
QCY: testing step1210   2023-07-13 22:53:13.766121
QCY: testing step1220   2023-07-13 22:53:14.643085
QCY: testing step1230   2023-07-13 22:53:15.504849
QCY: testing step1240   2023-07-13 22:53:16.367919
QCY: testing step1250   2023-07-13 22:53:17.227632
QCY: testing step1260   2023-07-13 22:53:18.089261
QCY: testing step1270   2023-07-13 22:53:18.969451
QCY: testing step1280   2023-07-13 22:53:19.878865
QCY: testing step1290   2023-07-13 22:53:20.778449
QCY: testing step1300   2023-07-13 22:53:21.688497
QCY: testing step1310   2023-07-13 22:53:22.617891
QCY: testing step1320   2023-07-13 22:53:23.560745
QCY: testing step1330   2023-07-13 22:53:24.491062
QCY: testing step1340   2023-07-13 22:53:25.415776
QCY: testing step1350   2023-07-13 22:53:26.340545
QCY: testing step1360   2023-07-13 22:53:27.262549
QCY: testing step1370   2023-07-13 22:53:28.192757
QCY: testing step1380   2023-07-13 22:53:29.134382
QCY: testing step1390   2023-07-13 22:53:30.090948
QCY: testing step1400   2023-07-13 22:53:31.050053
QCY: testing step1410   2023-07-13 22:53:32.057865
QCY: testing step1420   2023-07-13 22:53:33.047523
QCY: testing step1430   2023-07-13 22:53:34.000392
QCY: testing step1440   2023-07-13 22:53:34.984349
QCY: testing step1450   2023-07-13 22:53:35.947697
QCY: testing step1460   2023-07-13 22:53:36.960016
QCY: testing step1470   2023-07-13 22:53:37.924571
QCY: testing step1480   2023-07-13 22:53:38.914035
QCY: testing step1490   2023-07-13 22:53:39.925046
QCY: testing step1500   2023-07-13 22:53:40.908795
QCY: testing step1510   2023-07-13 22:53:41.916858
QCY: testing step1520   2023-07-13 22:53:42.900841
QCY: testing step1530   2023-07-13 22:53:43.930986
QCY: testing step1540   2023-07-13 22:53:44.956769
QCY: testing step1550   2023-07-13 22:53:46.008619
QCY: testing step1560   2023-07-13 22:53:47.093518
QCY: testing step1570   2023-07-13 22:53:48.131035
QCY: testing step1580   2023-07-13 22:53:49.195337
QCY: testing step1590   2023-07-13 22:53:50.229267
QCY: testing step1600   2023-07-13 22:53:51.259135
QCY: testing step1610   2023-07-13 22:53:52.357748
QCY: testing step1620   2023-07-13 22:53:53.412785
QCY: testing step1630   2023-07-13 22:53:54.447160
QCY: testing step1640   2023-07-13 22:53:55.495158
QCY: testing step1650   2023-07-13 22:53:56.567575
QCY: testing step1660   2023-07-13 22:53:57.798874
QCY: testing step1670   2023-07-13 22:53:58.938641
QCY: testing step1680   2023-07-13 22:53:59.990269
QCY: testing step1690   2023-07-13 22:54:01.080512
QCY: testing step1700   2023-07-13 22:54:02.200662
QCY: testing step1710   2023-07-13 22:54:03.281544
QCY: testing step1720   2023-07-13 22:54:04.387849
QCY: testing step1730   2023-07-13 22:54:05.487183
QCY: testing step1740   2023-07-13 22:54:06.575583
QCY: testing step1750   2023-07-13 22:54:07.709376
QCY: testing step1760   2023-07-13 22:54:08.890136
QCY: testing step1770   2023-07-13 22:54:10.032839
QCY: testing step1780   2023-07-13 22:54:11.227717
QCY: testing step1790   2023-07-13 22:54:12.427997
QCY: testing step1800   2023-07-13 22:54:13.574857
QCY: testing step1810   2023-07-13 22:54:14.791344
QCY: testing step1820   2023-07-13 22:54:15.988138
QCY: testing step1830   2023-07-13 22:54:17.172008
QCY: testing step1840   2023-07-13 22:54:18.387027
QCY: testing step1850   2023-07-13 22:54:19.591864
QCY: testing step1860   2023-07-13 22:54:20.795723
QCY: testing step1870   2023-07-13 22:54:22.094208
QCY: testing step1880   2023-07-13 22:54:23.294861
QCY: testing step1890   2023-07-13 22:54:24.493226
QCY: testing step1900   2023-07-13 22:54:25.695584
QCY: testing step1910   2023-07-13 22:54:26.938484
QCY: testing step1920   2023-07-13 22:54:28.187125
QCY: testing step1930   2023-07-13 22:54:29.486317
QCY: testing step1940   2023-07-13 22:54:30.706277
QCY: testing step1950   2023-07-13 22:54:31.916783
QCY: testing step1960   2023-07-13 22:54:33.168486
QCY: testing step1970   2023-07-13 22:54:34.438915
QCY: testing step1980   2023-07-13 22:54:35.718500
QCY: testing step1990   2023-07-13 22:54:36.994844
QCY: testing step2000   2023-07-13 22:54:38.349230
QCY: testing step2010   2023-07-13 22:54:39.821012
QCY: testing step2020   2023-07-13 22:54:41.155258
QCY: testing step2030   2023-07-13 22:54:42.504320
QCY: testing step2040   2023-07-13 22:54:43.829829
QCY: testing step2050   2023-07-13 22:54:45.145482
QCY: testing step2060   2023-07-13 22:54:46.600911
QCY: testing step2070   2023-07-13 22:54:47.962425
QCY: testing step2080   2023-07-13 22:54:49.292227
QCY: testing step2090   2023-07-13 22:54:50.655555
QCY: testing step2100   2023-07-13 22:54:52.017437
QCY: testing step2110   2023-07-13 22:54:53.639900
QCY: testing step2120   2023-07-13 22:54:55.030356
QCY: testing step2130   2023-07-13 22:54:56.418605
QCY: testing step2140   2023-07-13 22:54:57.811390
QCY: testing step2150   2023-07-13 22:54:59.217314
QCY: testing step2160   2023-07-13 22:55:00.649263
QCY: testing step2170   2023-07-13 22:55:02.067389
QCY: testing step2180   2023-07-13 22:55:03.477379
QCY: testing step2190   2023-07-13 22:55:04.916077
QCY: testing step2200   2023-07-13 22:55:06.308414
QCY: testing step2210   2023-07-13 22:55:07.742053
QCY: testing step2220   2023-07-13 22:55:09.114806
QCY: testing step2230   2023-07-13 22:55:10.504207
QCY: testing step2240   2023-07-13 22:55:11.927164
QCY: testing step2250   2023-07-13 22:55:13.326473
QCY: testing step2260   2023-07-13 22:55:14.724646
QCY: testing step2270   2023-07-13 22:55:16.154629
QCY: testing step2280   2023-07-13 22:55:17.566130
QCY: testing step2290   2023-07-13 22:55:18.991019
QCY: testing step2300   2023-07-13 22:55:20.460721
QCY: testing step2310   2023-07-13 22:55:21.931240
QCY: testing step2320   2023-07-13 22:55:23.413817
QCY: testing step2330   2023-07-13 22:55:24.899322
QCY: testing step2340   2023-07-13 22:55:26.376155
QCY: testing step2350   2023-07-13 22:55:27.877848
QCY: testing step2360   2023-07-13 22:55:29.377205
QCY: testing step2370   2023-07-13 22:55:30.865739
QCY: testing step2380   2023-07-13 22:55:32.370487
QCY: testing step2390   2023-07-13 22:55:33.905886
QCY: testing step2400   2023-07-13 22:55:35.453027
QCY: testing step2410   2023-07-13 22:55:37.088896
QCY: testing step2420   2023-07-13 22:55:38.626181
QCY: testing step2430   2023-07-13 22:55:40.177171
QCY: testing step2440   2023-07-13 22:55:41.751800
QCY: testing step2450   2023-07-13 22:55:43.353516
QCY: testing step2460   2023-07-13 22:55:44.946293
QCY: testing step2470   2023-07-13 22:55:46.537572
QCY: testing step2480   2023-07-13 22:55:48.093628
QCY: testing step2490   2023-07-13 22:55:49.655532
QCY: testing step2500   2023-07-13 22:55:51.267393
QCY: testing step2510   2023-07-13 22:55:52.879987
QCY: testing step2520   2023-07-13 22:55:54.482135
QCY: testing step2530   2023-07-13 22:55:56.090130
QCY: testing step2540   2023-07-13 22:55:57.732301
QCY: testing step2550   2023-07-13 22:55:59.382238
QCY: testing step2560   2023-07-13 22:56:01.043140
QCY: testing step2570   2023-07-13 22:56:02.763264
QCY: testing step2580   2023-07-13 22:56:04.430879
QCY: testing step2590   2023-07-13 22:56:06.143819
QCY: testing step2600   2023-07-13 22:56:07.863549
QCY: testing step2610   2023-07-13 22:56:09.635734
QCY: testing step2620   2023-07-13 22:56:11.330806
QCY: testing step2630   2023-07-13 22:56:13.062474
QCY: testing step2640   2023-07-13 22:56:14.785903
QCY: testing step2650   2023-07-13 22:56:16.512772
QCY: testing step2660   2023-07-13 22:56:18.285962
QCY: testing step2670   2023-07-13 22:56:19.996778
QCY: testing step2680   2023-07-13 22:56:21.692495
QCY: testing step2690   2023-07-13 22:56:23.422096
QCY: testing step2700   2023-07-13 22:56:25.140688
QCY: testing step2710   2023-07-13 22:56:26.874164
QCY: testing step2720   2023-07-13 22:56:28.637533
QCY: testing step2730   2023-07-13 22:56:30.403613
QCY: testing step2740   2023-07-13 22:56:32.127628
QCY: testing step2750   2023-07-13 22:56:33.869704
QCY: testing step2760   2023-07-13 22:56:35.556020
QCY: testing step2770   2023-07-13 22:56:37.263745
QCY: testing step2780   2023-07-13 22:56:39.063103
QCY: testing step2790   2023-07-13 22:56:40.839032
QCY: testing step2800   2023-07-13 22:56:42.626347
QCY: testing step2810   2023-07-13 22:56:44.519097
QCY: testing step2820   2023-07-13 22:56:46.413593
QCY: testing step2830   2023-07-13 22:56:48.343671
QCY: testing step2840   2023-07-13 22:56:50.207667
QCY: testing step2850   2023-07-13 22:56:52.073826
QCY: testing step2860   2023-07-13 22:56:53.988356
QCY: testing step2870   2023-07-13 22:56:55.963110
QCY: testing step2880   2023-07-13 22:56:57.798370
QCY: testing step2890   2023-07-13 22:56:59.630268
QCY: testing step2900   2023-07-13 22:57:01.482070
QCY: testing step2910   2023-07-13 22:57:03.411659
QCY: testing step2920   2023-07-13 22:57:05.345984
QCY: testing step2930   2023-07-13 22:57:07.344125
QCY: testing step2940   2023-07-13 22:57:09.257089
QCY: testing step2950   2023-07-13 22:57:11.218638
QCY: testing step2960   2023-07-13 22:57:13.185588
QCY: testing step2970   2023-07-13 22:57:15.128534
QCY: testing step2980   2023-07-13 22:57:17.055807
QCY: testing step2990   2023-07-13 22:57:19.089357
QCY: testing step3000   2023-07-13 22:57:21.110401
QCY: testing step3010   2023-07-13 22:57:23.143577
QCY: testing step3020   2023-07-13 22:57:25.123519
QCY: testing step3030   2023-07-13 22:57:27.158753
QCY: testing step3040   2023-07-13 22:57:29.204269
QCY: testing step3050   2023-07-13 22:57:31.361971
QCY: testing step3060   2023-07-13 22:57:33.486273
QCY: testing step3070   2023-07-13 22:57:35.628369
QCY: testing step3080   2023-07-13 22:57:37.732527
QCY: testing step3090   2023-07-13 22:57:39.820703
QCY: testing step3100   2023-07-13 22:57:41.954514
QCY: testing step3110   2023-07-13 22:57:44.113660
QCY: testing step3120   2023-07-13 22:57:46.270820
QCY: testing step3130   2023-07-13 22:57:48.436360
QCY: testing step3140   2023-07-13 22:57:50.606766
QCY: testing step3150   2023-07-13 22:57:52.790249
QCY: testing step3160   2023-07-13 22:57:54.948037
QCY: testing step3170   2023-07-13 22:57:57.153176
QCY: testing step3180   2023-07-13 22:57:59.373609
QCY: testing step3190   2023-07-13 22:58:01.526085
QCY: testing step3200   2023-07-13 22:58:03.756471
QCY: testing step3210   2023-07-13 22:58:06.043967
QCY: testing step3220   2023-07-13 22:58:08.292908
QCY: testing step3230   2023-07-13 22:58:10.601573
QCY: testing step3240   2023-07-13 22:58:12.923049
QCY: testing step3250   2023-07-13 22:58:15.237664
QCY: testing step3260   2023-07-13 22:58:17.512551
QCY: testing step3270   2023-07-13 22:58:19.762165
QCY: testing step3280   2023-07-13 22:58:22.002545
QCY: testing step3290   2023-07-13 22:58:24.240249
QCY: testing step3300   2023-07-13 22:58:26.485109
QCY: testing step3310   2023-07-13 22:58:28.763769
QCY: testing step3320   2023-07-13 22:58:31.101814
QCY: testing step3330   2023-07-13 22:58:33.371888
QCY: testing step3340   2023-07-13 22:58:35.647907
QCY: testing step3350   2023-07-13 22:58:37.986597
QCY: testing step3360   2023-07-13 22:58:40.262062
QCY: testing step3370   2023-07-13 22:58:42.464674
QCY: testing step3380   2023-07-13 22:58:44.699273
QCY: testing step3390   2023-07-13 22:58:46.990533
QCY: testing step3400   2023-07-13 22:58:49.252021
QCY: testing step3410   2023-07-13 22:58:51.622550
QCY: testing step3420   2023-07-13 22:58:53.929647
QCY: testing step3430   2023-07-13 22:58:56.189031
QCY: testing step3440   2023-07-13 22:58:58.521933
QCY: testing step3450   2023-07-13 22:59:00.793929
QCY: testing step3460   2023-07-13 22:59:03.023531
QCY: testing step3470   2023-07-13 22:59:05.293697
QCY: testing step3480   2023-07-13 22:59:07.589504
QCY: testing step3490   2023-07-13 22:59:09.914757
QCY: testing step3500   2023-07-13 22:59:12.217197
QCY: testing step3510   2023-07-13 22:59:14.641924
QCY: testing step3520   2023-07-13 22:59:17.149197
QCY: testing step3530   2023-07-13 22:59:19.518403
QCY: testing step3540   2023-07-13 22:59:21.863846
QCY: testing step3550   2023-07-13 22:59:24.012315
QCY: testing step3560   2023-07-13 22:59:26.202260
QCY: testing step3570   2023-07-13 22:59:28.399936
QCY: testing step3580   2023-07-13 22:59:30.630105
QCY: testing step3590   2023-07-13 22:59:32.901777
2023-07-13 22:59:35 (INFO): Final Travel Time is 616.6823, mean rewards: -2486.0257, queue: 47.5935, delay: 5.0543, throughput: 4498
2023-07-13 22:59:35 (INFO): Total time taken: 449.1960971355438
