nohup: ignoring input
QCY: cuda is not available
YQC: you will use sumo~
building world...
Connection ID debug
QCY: agent: SOTL Agent has no Network model
QCY: num_agent:  49
QCY: model_mapping setting name:  sotl
QCY: task_mapping:  {'base': <class 'task.task.BaseTask'>, 'tsc': <class 'task.task.TSCTask'>}
QCY: GPU: -1
QCY: model_mapping setting train_model:  False
QCY: model_mapping setting test_model:  True
QCY: testing step0   2023-07-13 22:51:26.513917
QCY: testing step10   2023-07-13 22:51:26.674194
QCY: testing step20   2023-07-13 22:51:26.800363
QCY: testing step30   2023-07-13 22:51:26.947742
QCY: testing step40   2023-07-13 22:51:27.100519
QCY: testing step50   2023-07-13 22:51:27.258206
QCY: testing step60   2023-07-13 22:51:27.421529
QCY: testing step70   2023-07-13 22:51:27.591585
QCY: testing step80   2023-07-13 22:51:27.772210
QCY: testing step90   2023-07-13 22:51:27.951255
QCY: testing step100   2023-07-13 22:51:28.138073
QCY: testing step110   2023-07-13 22:51:28.333618
QCY: testing step120   2023-07-13 22:51:28.523514
QCY: testing step130   2023-07-13 22:51:28.745584
QCY: testing step140   2023-07-13 22:51:28.970587
QCY: testing step150   2023-07-13 22:51:29.191786
QCY: testing step160   2023-07-13 22:51:29.500488
QCY: testing step170   2023-07-13 22:51:29.729246
QCY: testing step180   2023-07-13 22:51:29.965223
QCY: testing step190   2023-07-13 22:51:30.206402
QCY: testing step200   2023-07-13 22:51:30.459714
QCY: testing step210   2023-07-13 22:51:30.777049
QCY: testing step220   2023-07-13 22:51:31.040512
QCY: testing step230   2023-07-13 22:51:31.308148
QCY: testing step240   2023-07-13 22:51:31.601307
QCY: testing step250   2023-07-13 22:51:31.911082
QCY: testing step260   2023-07-13 22:51:32.202469
QCY: testing step270   2023-07-13 22:51:32.483681
QCY: testing step280   2023-07-13 22:51:32.817186
QCY: testing step290   2023-07-13 22:51:33.169156
QCY: testing step300   2023-07-13 22:51:33.513452
QCY: testing step310   2023-07-13 22:51:33.850037
QCY: testing step320   2023-07-13 22:51:34.203908
QCY: testing step330   2023-07-13 22:51:34.547127
QCY: testing step340   2023-07-13 22:51:34.901393
QCY: testing step350   2023-07-13 22:51:35.321307
QCY: testing step360   2023-07-13 22:51:35.665398
QCY: testing step370   2023-07-13 22:51:36.006205
QCY: testing step380   2023-07-13 22:51:36.342682
QCY: testing step390   2023-07-13 22:51:36.678432
QCY: testing step400   2023-07-13 22:51:37.028047
QCY: testing step410   2023-07-13 22:51:37.432134
QCY: testing step420   2023-07-13 22:51:37.813980
QCY: testing step430   2023-07-13 22:51:38.186999
QCY: testing step440   2023-07-13 22:51:38.585069
QCY: testing step450   2023-07-13 22:51:38.983302
QCY: testing step460   2023-07-13 22:51:39.358508
QCY: testing step470   2023-07-13 22:51:39.797474
QCY: testing step480   2023-07-13 22:51:40.262012
QCY: testing step490   2023-07-13 22:51:40.743045
QCY: testing step500   2023-07-13 22:51:41.211449
QCY: testing step510   2023-07-13 22:51:41.764339
QCY: testing step520   2023-07-13 22:51:42.223589
QCY: testing step530   2023-07-13 22:51:42.701859
QCY: testing step540   2023-07-13 22:51:43.179181
QCY: testing step550   2023-07-13 22:51:43.679130
QCY: testing step560   2023-07-13 22:51:44.174668
QCY: testing step570   2023-07-13 22:51:44.680955
QCY: testing step580   2023-07-13 22:51:45.151490
QCY: testing step590   2023-07-13 22:51:45.656937
QCY: testing step600   2023-07-13 22:51:46.174118
QCY: testing step610   2023-07-13 22:51:46.766977
QCY: testing step620   2023-07-13 22:51:47.293545
QCY: testing step630   2023-07-13 22:51:47.782878
QCY: testing step640   2023-07-13 22:51:48.286264
QCY: testing step650   2023-07-13 22:51:48.790503
QCY: testing step660   2023-07-13 22:51:49.307177
QCY: testing step670   2023-07-13 22:51:49.828926
QCY: testing step680   2023-07-13 22:51:50.362669
QCY: testing step690   2023-07-13 22:51:50.897876
QCY: testing step700   2023-07-13 22:51:51.442566
QCY: testing step710   2023-07-13 22:51:52.003200
QCY: testing step720   2023-07-13 22:51:52.557378
QCY: testing step730   2023-07-13 22:51:53.113028
QCY: testing step740   2023-07-13 22:51:53.672808
QCY: testing step750   2023-07-13 22:51:54.238129
QCY: testing step760   2023-07-13 22:51:54.808376
QCY: testing step770   2023-07-13 22:51:55.382473
QCY: testing step780   2023-07-13 22:51:55.962386
QCY: testing step790   2023-07-13 22:51:56.538866
QCY: testing step800   2023-07-13 22:51:57.136773
QCY: testing step810   2023-07-13 22:51:57.797821
QCY: testing step820   2023-07-13 22:51:58.396216
QCY: testing step830   2023-07-13 22:51:59.004425
QCY: testing step840   2023-07-13 22:51:59.614144
QCY: testing step850   2023-07-13 22:52:00.248678
QCY: testing step860   2023-07-13 22:52:00.914102
QCY: testing step870   2023-07-13 22:52:01.569089
QCY: testing step880   2023-07-13 22:52:02.412025
QCY: testing step890   2023-07-13 22:52:03.069522
QCY: testing step900   2023-07-13 22:52:03.699781
QCY: testing step910   2023-07-13 22:52:04.336673
QCY: testing step920   2023-07-13 22:52:05.001450
QCY: testing step930   2023-07-13 22:52:05.686205
QCY: testing step940   2023-07-13 22:52:06.400677
QCY: testing step950   2023-07-13 22:52:07.106676
QCY: testing step960   2023-07-13 22:52:07.903996
QCY: testing step970   2023-07-13 22:52:08.595511
QCY: testing step980   2023-07-13 22:52:09.299403
QCY: testing step990   2023-07-13 22:52:10.005217
QCY: testing step1000   2023-07-13 22:52:10.791399
QCY: testing step1010   2023-07-13 22:52:11.615912
QCY: testing step1020   2023-07-13 22:52:12.349350
QCY: testing step1030   2023-07-13 22:52:13.094082
QCY: testing step1040   2023-07-13 22:52:13.915726
QCY: testing step1050   2023-07-13 22:52:14.674524
QCY: testing step1060   2023-07-13 22:52:15.514874
QCY: testing step1070   2023-07-13 22:52:16.374393
QCY: testing step1080   2023-07-13 22:52:17.171846
QCY: testing step1090   2023-07-13 22:52:17.959497
QCY: testing step1100   2023-07-13 22:52:18.745968
QCY: testing step1110   2023-07-13 22:52:19.612184
QCY: testing step1120   2023-07-13 22:52:20.408615
QCY: testing step1130   2023-07-13 22:52:21.233137
QCY: testing step1140   2023-07-13 22:52:22.213044
QCY: testing step1150   2023-07-13 22:52:23.112598
QCY: testing step1160   2023-07-13 22:52:23.946073
QCY: testing step1170   2023-07-13 22:52:25.014569
QCY: testing step1180   2023-07-13 22:52:25.882787
QCY: testing step1190   2023-07-13 22:52:26.762298
QCY: testing step1200   2023-07-13 22:52:27.634885
QCY: testing step1210   2023-07-13 22:52:28.710200
QCY: testing step1220   2023-07-13 22:52:29.636227
QCY: testing step1230   2023-07-13 22:52:30.529508
QCY: testing step1240   2023-07-13 22:52:31.432721
QCY: testing step1250   2023-07-13 22:52:32.349938
QCY: testing step1260   2023-07-13 22:52:33.247150
QCY: testing step1270   2023-07-13 22:52:34.191663
QCY: testing step1280   2023-07-13 22:52:35.228065
QCY: testing step1290   2023-07-13 22:52:36.156193
QCY: testing step1300   2023-07-13 22:52:37.133834
QCY: testing step1310   2023-07-13 22:52:38.105189
QCY: testing step1320   2023-07-13 22:52:39.059306
QCY: testing step1330   2023-07-13 22:52:40.045151
QCY: testing step1340   2023-07-13 22:52:41.020878
QCY: testing step1350   2023-07-13 22:52:41.994940
QCY: testing step1360   2023-07-13 22:52:43.023968
QCY: testing step1370   2023-07-13 22:52:43.996187
QCY: testing step1380   2023-07-13 22:52:44.969976
QCY: testing step1390   2023-07-13 22:52:45.980109
QCY: testing step1400   2023-07-13 22:52:47.004967
QCY: testing step1410   2023-07-13 22:52:48.076711
QCY: testing step1420   2023-07-13 22:52:49.057530
QCY: testing step1430   2023-07-13 22:52:50.040480
QCY: testing step1440   2023-07-13 22:52:51.068410
QCY: testing step1450   2023-07-13 22:52:52.139077
QCY: testing step1460   2023-07-13 22:52:53.193990
QCY: testing step1470   2023-07-13 22:52:54.250547
QCY: testing step1480   2023-07-13 22:52:55.267273
QCY: testing step1490   2023-07-13 22:52:56.335787
QCY: testing step1500   2023-07-13 22:52:57.437027
QCY: testing step1510   2023-07-13 22:52:58.513472
QCY: testing step1520   2023-07-13 22:52:59.603503
QCY: testing step1530   2023-07-13 22:53:00.685490
QCY: testing step1540   2023-07-13 22:53:01.770246
QCY: testing step1550   2023-07-13 22:53:02.842423
QCY: testing step1560   2023-07-13 22:53:03.914946
QCY: testing step1570   2023-07-13 22:53:04.992442
QCY: testing step1580   2023-07-13 22:53:06.077162
QCY: testing step1590   2023-07-13 22:53:07.151581
QCY: testing step1600   2023-07-13 22:53:08.244943
QCY: testing step1610   2023-07-13 22:53:09.495054
QCY: testing step1620   2023-07-13 22:53:10.622283
QCY: testing step1630   2023-07-13 22:53:11.709604
QCY: testing step1640   2023-07-13 22:53:12.801587
QCY: testing step1650   2023-07-13 22:53:13.928647
QCY: testing step1660   2023-07-13 22:53:15.087217
QCY: testing step1670   2023-07-13 22:53:16.249034
QCY: testing step1680   2023-07-13 22:53:17.421988
QCY: testing step1690   2023-07-13 22:53:18.550931
QCY: testing step1700   2023-07-13 22:53:19.680166
QCY: testing step1710   2023-07-13 22:53:20.837434
QCY: testing step1720   2023-07-13 22:53:21.966159
QCY: testing step1730   2023-07-13 22:53:23.095077
QCY: testing step1740   2023-07-13 22:53:24.247848
QCY: testing step1750   2023-07-13 22:53:25.400605
QCY: testing step1760   2023-07-13 22:53:26.559365
QCY: testing step1770   2023-07-13 22:53:27.721225
QCY: testing step1780   2023-07-13 22:53:28.877206
QCY: testing step1790   2023-07-13 22:53:30.050300
QCY: testing step1800   2023-07-13 22:53:31.226796
QCY: testing step1810   2023-07-13 22:53:32.481929
QCY: testing step1820   2023-07-13 22:53:33.659728
QCY: testing step1830   2023-07-13 22:53:34.832861
QCY: testing step1840   2023-07-13 22:53:36.073269
QCY: testing step1850   2023-07-13 22:53:37.285782
QCY: testing step1860   2023-07-13 22:53:38.528238
QCY: testing step1870   2023-07-13 22:53:39.760573
QCY: testing step1880   2023-07-13 22:53:41.007805
QCY: testing step1890   2023-07-13 22:53:42.250489
QCY: testing step1900   2023-07-13 22:53:43.519440
QCY: testing step1910   2023-07-13 22:53:44.799460
QCY: testing step1920   2023-07-13 22:53:46.097583
QCY: testing step1930   2023-07-13 22:53:47.373280
QCY: testing step1940   2023-07-13 22:53:48.663315
QCY: testing step1950   2023-07-13 22:53:49.939460
QCY: testing step1960   2023-07-13 22:53:51.233670
QCY: testing step1970   2023-07-13 22:53:52.541149
QCY: testing step1980   2023-07-13 22:53:53.856435
QCY: testing step1990   2023-07-13 22:53:55.133186
QCY: testing step2000   2023-07-13 22:53:56.421405
QCY: testing step2010   2023-07-13 22:53:57.818649
QCY: testing step2020   2023-07-13 22:53:59.137042
QCY: testing step2030   2023-07-13 22:54:00.580604
QCY: testing step2040   2023-07-13 22:54:01.922754
QCY: testing step2050   2023-07-13 22:54:03.250699
QCY: testing step2060   2023-07-13 22:54:04.551677
QCY: testing step2070   2023-07-13 22:54:05.903239
QCY: testing step2080   2023-07-13 22:54:07.260662
QCY: testing step2090   2023-07-13 22:54:08.606276
QCY: testing step2100   2023-07-13 22:54:09.962074
QCY: testing step2110   2023-07-13 22:54:11.330492
QCY: testing step2120   2023-07-13 22:54:12.701892
QCY: testing step2130   2023-07-13 22:54:14.053845
QCY: testing step2140   2023-07-13 22:54:15.419906
QCY: testing step2150   2023-07-13 22:54:16.811015
QCY: testing step2160   2023-07-13 22:54:18.200275
QCY: testing step2170   2023-07-13 22:54:19.622284
QCY: testing step2180   2023-07-13 22:54:21.045936
QCY: testing step2190   2023-07-13 22:54:22.518681
QCY: testing step2200   2023-07-13 22:54:23.917381
QCY: testing step2210   2023-07-13 22:54:25.380187
QCY: testing step2220   2023-07-13 22:54:26.774585
QCY: testing step2230   2023-07-13 22:54:28.178827
QCY: testing step2240   2023-07-13 22:54:29.596566
QCY: testing step2250   2023-07-13 22:54:31.043039
QCY: testing step2260   2023-07-13 22:54:32.502872
QCY: testing step2270   2023-07-13 22:54:33.929193
QCY: testing step2280   2023-07-13 22:54:35.398262
QCY: testing step2290   2023-07-13 22:54:36.870350
QCY: testing step2300   2023-07-13 22:54:38.336721
QCY: testing step2310   2023-07-13 22:54:39.827432
QCY: testing step2320   2023-07-13 22:54:41.330599
QCY: testing step2330   2023-07-13 22:54:42.890352
QCY: testing step2340   2023-07-13 22:54:44.374719
QCY: testing step2350   2023-07-13 22:54:45.893577
QCY: testing step2360   2023-07-13 22:54:47.497838
QCY: testing step2370   2023-07-13 22:54:49.039339
QCY: testing step2380   2023-07-13 22:54:50.545147
QCY: testing step2390   2023-07-13 22:54:52.042142
QCY: testing step2400   2023-07-13 22:54:53.582502
QCY: testing step2410   2023-07-13 22:54:55.183757
QCY: testing step2420   2023-07-13 22:54:56.711350
QCY: testing step2430   2023-07-13 22:54:58.288689
QCY: testing step2440   2023-07-13 22:54:59.860955
QCY: testing step2450   2023-07-13 22:55:01.404946
QCY: testing step2460   2023-07-13 22:55:02.985971
QCY: testing step2470   2023-07-13 22:55:04.521396
QCY: testing step2480   2023-07-13 22:55:06.062938
QCY: testing step2490   2023-07-13 22:55:07.669382
QCY: testing step2500   2023-07-13 22:55:09.248058
QCY: testing step2510   2023-07-13 22:55:10.856128
QCY: testing step2520   2023-07-13 22:55:12.456280
QCY: testing step2530   2023-07-13 22:55:14.054913
QCY: testing step2540   2023-07-13 22:55:15.656643
QCY: testing step2550   2023-07-13 22:55:17.275216
QCY: testing step2560   2023-07-13 22:55:18.905545
QCY: testing step2570   2023-07-13 22:55:20.543567
QCY: testing step2580   2023-07-13 22:55:22.179777
QCY: testing step2590   2023-07-13 22:55:23.804314
QCY: testing step2600   2023-07-13 22:55:25.438314
QCY: testing step2610   2023-07-13 22:55:27.151717
QCY: testing step2620   2023-07-13 22:55:28.765893
QCY: testing step2630   2023-07-13 22:55:30.402056
QCY: testing step2640   2023-07-13 22:55:32.053646
QCY: testing step2650   2023-07-13 22:55:33.685727
QCY: testing step2660   2023-07-13 22:55:35.367731
QCY: testing step2670   2023-07-13 22:55:37.068217
QCY: testing step2680   2023-07-13 22:55:38.796748
QCY: testing step2690   2023-07-13 22:55:40.536627
QCY: testing step2700   2023-07-13 22:55:42.286681
QCY: testing step2710   2023-07-13 22:55:44.039701
QCY: testing step2720   2023-07-13 22:55:45.757465
QCY: testing step2730   2023-07-13 22:55:47.588264
QCY: testing step2740   2023-07-13 22:55:49.360304
QCY: testing step2750   2023-07-13 22:55:51.165095
QCY: testing step2760   2023-07-13 22:55:52.911925
QCY: testing step2770   2023-07-13 22:55:54.639456
QCY: testing step2780   2023-07-13 22:55:56.388520
QCY: testing step2790   2023-07-13 22:55:58.168703
QCY: testing step2800   2023-07-13 22:56:00.014464
QCY: testing step2810   2023-07-13 22:56:01.888454
QCY: testing step2820   2023-07-13 22:56:03.692035
QCY: testing step2830   2023-07-13 22:56:05.487989
QCY: testing step2840   2023-07-13 22:56:07.330650
QCY: testing step2850   2023-07-13 22:56:09.145888
QCY: testing step2860   2023-07-13 22:56:11.029711
QCY: testing step2870   2023-07-13 22:56:12.879117
QCY: testing step2880   2023-07-13 22:56:14.698898
QCY: testing step2890   2023-07-13 22:56:16.519389
QCY: testing step2900   2023-07-13 22:56:18.359942
QCY: testing step2910   2023-07-13 22:56:20.311491
QCY: testing step2920   2023-07-13 22:56:22.183062
QCY: testing step2930   2023-07-13 22:56:24.094668
QCY: testing step2940   2023-07-13 22:56:26.027952
QCY: testing step2950   2023-07-13 22:56:27.948702
QCY: testing step2960   2023-07-13 22:56:29.786868
QCY: testing step2970   2023-07-13 22:56:31.624199
QCY: testing step2980   2023-07-13 22:56:33.458879
QCY: testing step2990   2023-07-13 22:56:35.514841
QCY: testing step3000   2023-07-13 22:56:37.427894
QCY: testing step3010   2023-07-13 22:56:39.428755
QCY: testing step3020   2023-07-13 22:56:41.329899
QCY: testing step3030   2023-07-13 22:56:43.220618
QCY: testing step3040   2023-07-13 22:56:45.085432
QCY: testing step3050   2023-07-13 22:56:46.983026
QCY: testing step3060   2023-07-13 22:56:48.872380
QCY: testing step3070   2023-07-13 22:56:50.778004
QCY: testing step3080   2023-07-13 22:56:52.693728
QCY: testing step3090   2023-07-13 22:56:54.625686
QCY: testing step3100   2023-07-13 22:56:56.570770
QCY: testing step3110   2023-07-13 22:56:58.619129
QCY: testing step3120   2023-07-13 22:57:00.569575
QCY: testing step3130   2023-07-13 22:57:02.604398
QCY: testing step3140   2023-07-13 22:57:04.568358
QCY: testing step3150   2023-07-13 22:57:06.555050
QCY: testing step3160   2023-07-13 22:57:08.567400
QCY: testing step3170   2023-07-13 22:57:10.541257
QCY: testing step3180   2023-07-13 22:57:12.524703
QCY: testing step3190   2023-07-13 22:57:14.617731
QCY: testing step3200   2023-07-13 22:57:16.669507
QCY: testing step3210   2023-07-13 22:57:18.713621
QCY: testing step3220   2023-07-13 22:57:20.793337
QCY: testing step3230   2023-07-13 22:57:22.825337
QCY: testing step3240   2023-07-13 22:57:24.884678
QCY: testing step3250   2023-07-13 22:57:26.973046
QCY: testing step3260   2023-07-13 22:57:29.022340
QCY: testing step3270   2023-07-13 22:57:31.118414
QCY: testing step3280   2023-07-13 22:57:33.200630
QCY: testing step3290   2023-07-13 22:57:35.369039
QCY: testing step3300   2023-07-13 22:57:37.546714
QCY: testing step3310   2023-07-13 22:57:39.725257
QCY: testing step3320   2023-07-13 22:57:41.874704
QCY: testing step3330   2023-07-13 22:57:44.030086
QCY: testing step3340   2023-07-13 22:57:46.127275
QCY: testing step3350   2023-07-13 22:57:48.217324
QCY: testing step3360   2023-07-13 22:57:50.308798
QCY: testing step3370   2023-07-13 22:57:52.462278
QCY: testing step3380   2023-07-13 22:57:54.587573
QCY: testing step3390   2023-07-13 22:57:56.714018
QCY: testing step3400   2023-07-13 22:57:58.829746
QCY: testing step3410   2023-07-13 22:58:00.993991
QCY: testing step3420   2023-07-13 22:58:03.079692
QCY: testing step3430   2023-07-13 22:58:05.218378
QCY: testing step3440   2023-07-13 22:58:07.412607
QCY: testing step3450   2023-07-13 22:58:09.609647
QCY: testing step3460   2023-07-13 22:58:11.769211
QCY: testing step3470   2023-07-13 22:58:13.933794
QCY: testing step3480   2023-07-13 22:58:16.055912
QCY: testing step3490   2023-07-13 22:58:18.293557
QCY: testing step3500   2023-07-13 22:58:20.428576
QCY: testing step3510   2023-07-13 22:58:22.554613
QCY: testing step3520   2023-07-13 22:58:24.679106
QCY: testing step3530   2023-07-13 22:58:26.820069
QCY: testing step3540   2023-07-13 22:58:28.960918
QCY: testing step3550   2023-07-13 22:58:31.127266
QCY: testing step3560   2023-07-13 22:58:33.279557
QCY: testing step3570   2023-07-13 22:58:35.490358
QCY: testing step3580   2023-07-13 22:58:37.665932
QCY: testing step3590   2023-07-13 22:58:39.883309
2023-07-13 22:58:42 (INFO): Final Travel Time is 501.5602, mean rewards: -2823.2708, queue: 57.7516, delay: 5.2147, throughput: 3781
2023-07-13 22:58:42 (INFO): Total time taken: 436.2221665382385
