nohup: ignoring input
QCY: cuda is not available
YQC: you will use sumo~
building world...
Connection ID debug
QCY: agent: Maxpressure Agent has no Network model
QCY: num_agent:  49
QCY: model_mapping setting name:  maxpressure
QCY: task_mapping:  {'base': <class 'task.task.BaseTask'>, 'tsc': <class 'task.task.TSCTask'>}
QCY: GPU: -1
QCY: model_mapping setting train_model:  False
QCY: model_mapping setting test_model:  True
QCY: testing step0   2023-07-19 10:32:59.030734
QCY: testing step10   2023-07-19 10:32:59.197964
QCY: testing step20   2023-07-19 10:32:59.333983
QCY: testing step30   2023-07-19 10:32:59.481940
QCY: testing step40   2023-07-19 10:32:59.630131
QCY: testing step50   2023-07-19 10:32:59.783000
QCY: testing step60   2023-07-19 10:32:59.942463
QCY: testing step70   2023-07-19 10:33:00.111997
QCY: testing step80   2023-07-19 10:33:00.285417
QCY: testing step90   2023-07-19 10:33:00.465783
QCY: testing step100   2023-07-19 10:33:00.655219
QCY: testing step110   2023-07-19 10:33:00.845902
QCY: testing step120   2023-07-19 10:33:01.051837
QCY: testing step130   2023-07-19 10:33:01.261328
QCY: testing step140   2023-07-19 10:33:01.474032
QCY: testing step150   2023-07-19 10:33:01.695269
QCY: testing step160   2023-07-19 10:33:01.928947
QCY: testing step170   2023-07-19 10:33:02.168506
QCY: testing step180   2023-07-19 10:33:02.407586
QCY: testing step190   2023-07-19 10:33:02.658324
QCY: testing step200   2023-07-19 10:33:02.924869
QCY: testing step210   2023-07-19 10:33:03.263447
QCY: testing step220   2023-07-19 10:33:03.546878
QCY: testing step230   2023-07-19 10:33:03.844578
QCY: testing step240   2023-07-19 10:33:04.131743
QCY: testing step250   2023-07-19 10:33:04.426484
QCY: testing step260   2023-07-19 10:33:04.730901
QCY: testing step270   2023-07-19 10:33:05.041133
QCY: testing step280   2023-07-19 10:33:05.360494
QCY: testing step290   2023-07-19 10:33:05.693579
QCY: testing step300   2023-07-19 10:33:06.017190
QCY: testing step310   2023-07-19 10:33:06.333184
QCY: testing step320   2023-07-19 10:33:06.650456
QCY: testing step330   2023-07-19 10:33:07.006490
QCY: testing step340   2023-07-19 10:33:07.376207
QCY: testing step350   2023-07-19 10:33:07.748972
QCY: testing step360   2023-07-19 10:33:08.133558
QCY: testing step370   2023-07-19 10:33:08.561162
QCY: testing step380   2023-07-19 10:33:08.994308
QCY: testing step390   2023-07-19 10:33:09.382838
QCY: testing step400   2023-07-19 10:33:09.763119
QCY: testing step410   2023-07-19 10:33:10.237256
QCY: testing step420   2023-07-19 10:33:10.720454
QCY: testing step430   2023-07-19 10:33:11.152530
QCY: testing step440   2023-07-19 10:33:11.604832
QCY: testing step450   2023-07-19 10:33:12.036911
QCY: testing step460   2023-07-19 10:33:12.489839
QCY: testing step470   2023-07-19 10:33:12.932861
QCY: testing step480   2023-07-19 10:33:13.373628
QCY: testing step490   2023-07-19 10:33:13.824042
QCY: testing step500   2023-07-19 10:33:14.294212
QCY: testing step510   2023-07-19 10:33:14.771521
QCY: testing step520   2023-07-19 10:33:15.279604
QCY: testing step530   2023-07-19 10:33:15.783265
QCY: testing step540   2023-07-19 10:33:16.278596
QCY: testing step550   2023-07-19 10:33:16.789907
QCY: testing step560   2023-07-19 10:33:17.287026
QCY: testing step570   2023-07-19 10:33:17.777586
QCY: testing step580   2023-07-19 10:33:18.276814
QCY: testing step590   2023-07-19 10:33:18.798351
QCY: testing step600   2023-07-19 10:33:19.352889
QCY: testing step610   2023-07-19 10:33:19.976704
QCY: testing step620   2023-07-19 10:33:20.544636
QCY: testing step630   2023-07-19 10:33:21.120985
QCY: testing step640   2023-07-19 10:33:21.695016
QCY: testing step650   2023-07-19 10:33:22.300557
QCY: testing step660   2023-07-19 10:33:22.910258
QCY: testing step670   2023-07-19 10:33:23.499191
QCY: testing step680   2023-07-19 10:33:24.093235
QCY: testing step690   2023-07-19 10:33:24.693368
QCY: testing step700   2023-07-19 10:33:25.311301
QCY: testing step710   2023-07-19 10:33:25.925841
QCY: testing step720   2023-07-19 10:33:26.555445
QCY: testing step730   2023-07-19 10:33:27.193886
QCY: testing step740   2023-07-19 10:33:27.845447
QCY: testing step750   2023-07-19 10:33:28.499738
QCY: testing step760   2023-07-19 10:33:29.168368
QCY: testing step770   2023-07-19 10:33:29.864805
QCY: testing step780   2023-07-19 10:33:30.547017
QCY: testing step790   2023-07-19 10:33:31.242341
QCY: testing step800   2023-07-19 10:33:31.940444
QCY: testing step810   2023-07-19 10:33:32.731136
QCY: testing step820   2023-07-19 10:33:33.451885
QCY: testing step830   2023-07-19 10:33:34.175151
QCY: testing step840   2023-07-19 10:33:34.905406
QCY: testing step850   2023-07-19 10:33:35.641264
QCY: testing step860   2023-07-19 10:33:36.391840
QCY: testing step870   2023-07-19 10:33:37.150329
QCY: testing step880   2023-07-19 10:33:37.916197
QCY: testing step890   2023-07-19 10:33:38.693316
QCY: testing step900   2023-07-19 10:33:39.468649
QCY: testing step910   2023-07-19 10:33:40.251461
QCY: testing step920   2023-07-19 10:33:41.156209
QCY: testing step930   2023-07-19 10:33:41.961010
QCY: testing step940   2023-07-19 10:33:42.771812
QCY: testing step950   2023-07-19 10:33:43.597886
QCY: testing step960   2023-07-19 10:33:44.428599
QCY: testing step970   2023-07-19 10:33:45.287164
QCY: testing step980   2023-07-19 10:33:46.114075
QCY: testing step990   2023-07-19 10:33:46.958770
QCY: testing step1000   2023-07-19 10:33:47.816890
QCY: testing step1010   2023-07-19 10:33:48.752135
QCY: testing step1020   2023-07-19 10:33:49.619306
QCY: testing step1030   2023-07-19 10:33:50.484319
QCY: testing step1040   2023-07-19 10:33:51.342800
QCY: testing step1050   2023-07-19 10:33:52.214882
QCY: testing step1060   2023-07-19 10:33:53.084921
QCY: testing step1070   2023-07-19 10:33:53.969801
QCY: testing step1080   2023-07-19 10:33:54.866069
QCY: testing step1090   2023-07-19 10:33:55.761398
QCY: testing step1100   2023-07-19 10:33:56.677536
QCY: testing step1110   2023-07-19 10:33:57.622241
QCY: testing step1120   2023-07-19 10:33:58.592865
QCY: testing step1130   2023-07-19 10:33:59.544284
QCY: testing step1140   2023-07-19 10:34:00.594101
QCY: testing step1150   2023-07-19 10:34:01.610578
QCY: testing step1160   2023-07-19 10:34:02.642233
QCY: testing step1170   2023-07-19 10:34:03.669222
QCY: testing step1180   2023-07-19 10:34:04.684165
QCY: testing step1190   2023-07-19 10:34:05.687206
QCY: testing step1200   2023-07-19 10:34:06.768561
QCY: testing step1210   2023-07-19 10:34:07.847853
QCY: testing step1220   2023-07-19 10:34:08.873045
QCY: testing step1230   2023-07-19 10:34:09.913003
QCY: testing step1240   2023-07-19 10:34:11.033024
QCY: testing step1250   2023-07-19 10:34:12.128605
QCY: testing step1260   2023-07-19 10:34:13.202488
QCY: testing step1270   2023-07-19 10:34:14.293882
QCY: testing step1280   2023-07-19 10:34:15.380657
QCY: testing step1290   2023-07-19 10:34:16.476822
QCY: testing step1300   2023-07-19 10:34:17.574313
QCY: testing step1310   2023-07-19 10:34:18.662870
QCY: testing step1320   2023-07-19 10:34:19.775890
QCY: testing step1330   2023-07-19 10:34:21.019226
QCY: testing step1340   2023-07-19 10:34:22.226040
QCY: testing step1350   2023-07-19 10:34:23.422523
QCY: testing step1360   2023-07-19 10:34:24.613302
QCY: testing step1370   2023-07-19 10:34:25.879167
QCY: testing step1380   2023-07-19 10:34:27.063367
QCY: testing step1390   2023-07-19 10:34:28.269083
QCY: testing step1400   2023-07-19 10:34:29.537986
QCY: testing step1410   2023-07-19 10:34:30.912347
QCY: testing step1420   2023-07-19 10:34:32.244195
QCY: testing step1430   2023-07-19 10:34:33.581553
QCY: testing step1440   2023-07-19 10:34:34.930349
QCY: testing step1450   2023-07-19 10:34:36.292138
QCY: testing step1460   2023-07-19 10:34:37.650209
QCY: testing step1470   2023-07-19 10:34:39.043963
QCY: testing step1480   2023-07-19 10:34:40.327039
QCY: testing step1490   2023-07-19 10:34:41.606334
QCY: testing step1500   2023-07-19 10:34:42.900752
QCY: testing step1510   2023-07-19 10:34:44.169671
QCY: testing step1520   2023-07-19 10:34:45.458985
QCY: testing step1530   2023-07-19 10:34:46.726009
QCY: testing step1540   2023-07-19 10:34:48.013173
QCY: testing step1550   2023-07-19 10:34:49.266386
QCY: testing step1560   2023-07-19 10:34:50.536543
QCY: testing step1570   2023-07-19 10:34:51.833055
QCY: testing step1580   2023-07-19 10:34:53.110337
QCY: testing step1590   2023-07-19 10:34:54.379248
QCY: testing step1600   2023-07-19 10:34:55.672782
QCY: testing step1610   2023-07-19 10:34:57.020881
QCY: testing step1620   2023-07-19 10:34:58.366724
QCY: testing step1630   2023-07-19 10:34:59.687477
QCY: testing step1640   2023-07-19 10:35:00.985088
QCY: testing step1650   2023-07-19 10:35:02.416427
QCY: testing step1660   2023-07-19 10:35:03.808518
QCY: testing step1670   2023-07-19 10:35:05.200556
QCY: testing step1680   2023-07-19 10:35:06.617410
QCY: testing step1690   2023-07-19 10:35:07.984748
QCY: testing step1700   2023-07-19 10:35:09.384125
QCY: testing step1710   2023-07-19 10:35:10.862890
QCY: testing step1720   2023-07-19 10:35:12.274848
QCY: testing step1730   2023-07-19 10:35:13.674846
QCY: testing step1740   2023-07-19 10:35:15.130604
QCY: testing step1750   2023-07-19 10:35:16.634895
QCY: testing step1760   2023-07-19 10:35:18.176414
QCY: testing step1770   2023-07-19 10:35:19.614079
QCY: testing step1780   2023-07-19 10:35:21.063477
QCY: testing step1790   2023-07-19 10:35:22.558851
QCY: testing step1800   2023-07-19 10:35:24.077667
QCY: testing step1810   2023-07-19 10:35:25.639841
QCY: testing step1820   2023-07-19 10:35:27.162663
QCY: testing step1830   2023-07-19 10:35:28.705361
QCY: testing step1840   2023-07-19 10:35:30.246218
QCY: testing step1850   2023-07-19 10:35:31.800246
QCY: testing step1860   2023-07-19 10:35:33.375937
QCY: testing step1870   2023-07-19 10:35:34.981638
QCY: testing step1880   2023-07-19 10:35:36.629284
QCY: testing step1890   2023-07-19 10:35:38.233408
QCY: testing step1900   2023-07-19 10:35:39.810989
QCY: testing step1910   2023-07-19 10:35:41.405485
QCY: testing step1920   2023-07-19 10:35:42.963941
QCY: testing step1930   2023-07-19 10:35:44.564175
QCY: testing step1940   2023-07-19 10:35:46.139952
QCY: testing step1950   2023-07-19 10:35:47.720876
QCY: testing step1960   2023-07-19 10:35:49.301036
QCY: testing step1970   2023-07-19 10:35:50.910691
QCY: testing step1980   2023-07-19 10:35:52.495467
QCY: testing step1990   2023-07-19 10:35:54.112422
QCY: testing step2000   2023-07-19 10:35:55.705897
QCY: testing step2010   2023-07-19 10:35:57.342097
QCY: testing step2020   2023-07-19 10:35:58.931837
QCY: testing step2030   2023-07-19 10:36:00.534168
QCY: testing step2040   2023-07-19 10:36:02.143040
QCY: testing step2050   2023-07-19 10:36:03.783943
QCY: testing step2060   2023-07-19 10:36:05.562169
QCY: testing step2070   2023-07-19 10:36:07.194030
QCY: testing step2080   2023-07-19 10:36:08.834127
QCY: testing step2090   2023-07-19 10:36:10.471140
QCY: testing step2100   2023-07-19 10:36:12.133679
QCY: testing step2110   2023-07-19 10:36:13.829991
QCY: testing step2120   2023-07-19 10:36:15.582513
QCY: testing step2130   2023-07-19 10:36:17.356872
QCY: testing step2140   2023-07-19 10:36:19.110896
QCY: testing step2150   2023-07-19 10:36:20.867874
QCY: testing step2160   2023-07-19 10:36:22.621144
QCY: testing step2170   2023-07-19 10:36:24.397276
QCY: testing step2180   2023-07-19 10:36:26.193938
QCY: testing step2190   2023-07-19 10:36:28.023047
QCY: testing step2200   2023-07-19 10:36:29.892700
QCY: testing step2210   2023-07-19 10:36:31.809964
QCY: testing step2220   2023-07-19 10:36:33.657255
QCY: testing step2230   2023-07-19 10:36:35.519291
QCY: testing step2240   2023-07-19 10:36:37.425103
QCY: testing step2250   2023-07-19 10:36:39.393574
QCY: testing step2260   2023-07-19 10:36:41.242812
QCY: testing step2270   2023-07-19 10:36:43.334874
QCY: testing step2280   2023-07-19 10:36:45.214502
QCY: testing step2290   2023-07-19 10:36:47.085482
QCY: testing step2300   2023-07-19 10:36:48.990548
QCY: testing step2310   2023-07-19 10:36:50.899207
QCY: testing step2320   2023-07-19 10:36:52.805539
QCY: testing step2330   2023-07-19 10:36:54.695085
QCY: testing step2340   2023-07-19 10:36:56.622595
QCY: testing step2350   2023-07-19 10:36:58.584719
QCY: testing step2360   2023-07-19 10:37:00.518961
QCY: testing step2370   2023-07-19 10:37:02.447675
QCY: testing step2380   2023-07-19 10:37:04.371991
QCY: testing step2390   2023-07-19 10:37:06.312450
QCY: testing step2400   2023-07-19 10:37:08.239043
QCY: testing step2410   2023-07-19 10:37:10.288451
QCY: testing step2420   2023-07-19 10:37:12.263526
QCY: testing step2430   2023-07-19 10:37:14.229094
QCY: testing step2440   2023-07-19 10:37:16.194679
QCY: testing step2450   2023-07-19 10:37:18.112744
QCY: testing step2460   2023-07-19 10:37:20.021736
QCY: testing step2470   2023-07-19 10:37:21.914975
QCY: testing step2480   2023-07-19 10:37:23.838616
QCY: testing step2490   2023-07-19 10:37:25.779016
QCY: testing step2500   2023-07-19 10:37:27.725762
QCY: testing step2510   2023-07-19 10:37:29.659813
QCY: testing step2520   2023-07-19 10:37:31.562013
QCY: testing step2530   2023-07-19 10:37:33.497384
QCY: testing step2540   2023-07-19 10:37:35.492166
QCY: testing step2550   2023-07-19 10:37:37.450965
QCY: testing step2560   2023-07-19 10:37:39.436446
QCY: testing step2570   2023-07-19 10:37:41.445048
QCY: testing step2580   2023-07-19 10:37:43.459741
QCY: testing step2590   2023-07-19 10:37:45.503570
QCY: testing step2600   2023-07-19 10:37:47.590410
QCY: testing step2610   2023-07-19 10:37:49.662446
QCY: testing step2620   2023-07-19 10:37:51.657188
QCY: testing step2630   2023-07-19 10:37:53.729170
QCY: testing step2640   2023-07-19 10:37:55.886968
QCY: testing step2650   2023-07-19 10:37:57.951604
QCY: testing step2660   2023-07-19 10:38:00.038135
QCY: testing step2670   2023-07-19 10:38:02.129205
QCY: testing step2680   2023-07-19 10:38:04.254489
QCY: testing step2690   2023-07-19 10:38:06.382096
QCY: testing step2700   2023-07-19 10:38:08.487102
QCY: testing step2710   2023-07-19 10:38:10.628194
QCY: testing step2720   2023-07-19 10:38:12.773478
QCY: testing step2730   2023-07-19 10:38:14.925350
QCY: testing step2740   2023-07-19 10:38:17.067280
QCY: testing step2750   2023-07-19 10:38:19.204090
QCY: testing step2760   2023-07-19 10:38:21.418793
QCY: testing step2770   2023-07-19 10:38:23.560533
QCY: testing step2780   2023-07-19 10:38:25.810540
QCY: testing step2790   2023-07-19 10:38:28.032335
QCY: testing step2800   2023-07-19 10:38:30.272091
QCY: testing step2810   2023-07-19 10:38:32.574785
QCY: testing step2820   2023-07-19 10:38:34.793617
QCY: testing step2830   2023-07-19 10:38:37.004987
QCY: testing step2840   2023-07-19 10:38:39.234946
QCY: testing step2850   2023-07-19 10:38:41.530169
QCY: testing step2860   2023-07-19 10:38:43.738106
QCY: testing step2870   2023-07-19 10:38:45.963664
QCY: testing step2880   2023-07-19 10:38:48.223789
QCY: testing step2890   2023-07-19 10:38:50.471352
QCY: testing step2900   2023-07-19 10:38:52.716330
QCY: testing step2910   2023-07-19 10:38:54.972071
QCY: testing step2920   2023-07-19 10:38:57.280170
QCY: testing step2930   2023-07-19 10:38:59.554051
QCY: testing step2940   2023-07-19 10:39:01.807518
QCY: testing step2950   2023-07-19 10:39:04.058318
QCY: testing step2960   2023-07-19 10:39:06.313471
QCY: testing step2970   2023-07-19 10:39:08.563066
QCY: testing step2980   2023-07-19 10:39:10.829468
QCY: testing step2990   2023-07-19 10:39:13.043811
QCY: testing step3000   2023-07-19 10:39:15.244605
QCY: testing step3010   2023-07-19 10:39:17.563023
QCY: testing step3020   2023-07-19 10:39:19.867591
QCY: testing step3030   2023-07-19 10:39:22.130466
QCY: testing step3040   2023-07-19 10:39:24.392926
QCY: testing step3050   2023-07-19 10:39:26.650894
QCY: testing step3060   2023-07-19 10:39:29.038732
QCY: testing step3070   2023-07-19 10:39:31.317555
QCY: testing step3080   2023-07-19 10:39:33.598699
QCY: testing step3090   2023-07-19 10:39:35.910203
QCY: testing step3100   2023-07-19 10:39:38.170366
QCY: testing step3110   2023-07-19 10:39:40.563263
QCY: testing step3120   2023-07-19 10:39:42.855850
QCY: testing step3130   2023-07-19 10:39:45.171121
QCY: testing step3140   2023-07-19 10:39:47.465577
QCY: testing step3150   2023-07-19 10:39:49.770556
QCY: testing step3160   2023-07-19 10:39:52.185559
QCY: testing step3170   2023-07-19 10:39:54.648259
QCY: testing step3180   2023-07-19 10:39:57.124367
QCY: testing step3190   2023-07-19 10:39:59.566370
QCY: testing step3200   2023-07-19 10:40:02.127164
QCY: testing step3210   2023-07-19 10:40:04.607012
QCY: testing step3220   2023-07-19 10:40:06.969852
QCY: testing step3230   2023-07-19 10:40:09.333571
QCY: testing step3240   2023-07-19 10:40:11.763383
QCY: testing step3250   2023-07-19 10:40:14.186500
QCY: testing step3260   2023-07-19 10:40:16.662340
QCY: testing step3270   2023-07-19 10:40:19.234736
QCY: testing step3280   2023-07-19 10:40:21.756170
QCY: testing step3290   2023-07-19 10:40:24.323616
QCY: testing step3300   2023-07-19 10:40:26.885572
QCY: testing step3310   2023-07-19 10:40:29.402070
QCY: testing step3320   2023-07-19 10:40:31.896448
QCY: testing step3330   2023-07-19 10:40:34.441028
QCY: testing step3340   2023-07-19 10:40:37.027105
QCY: testing step3350   2023-07-19 10:40:39.577115
QCY: testing step3360   2023-07-19 10:40:42.183035
QCY: testing step3370   2023-07-19 10:40:44.763189
QCY: testing step3380   2023-07-19 10:40:47.311474
QCY: testing step3390   2023-07-19 10:40:49.936980
QCY: testing step3400   2023-07-19 10:40:52.472126
QCY: testing step3410   2023-07-19 10:40:55.081329
QCY: testing step3420   2023-07-19 10:40:57.655172
QCY: testing step3430   2023-07-19 10:41:00.263983
QCY: testing step3440   2023-07-19 10:41:02.893874
QCY: testing step3450   2023-07-19 10:41:05.487656
QCY: testing step3460   2023-07-19 10:41:08.085225
QCY: testing step3470   2023-07-19 10:41:10.687748
QCY: testing step3480   2023-07-19 10:41:13.283788
QCY: testing step3490   2023-07-19 10:41:15.869702
QCY: testing step3500   2023-07-19 10:41:18.435930
QCY: testing step3510   2023-07-19 10:41:21.044275
QCY: testing step3520   2023-07-19 10:41:23.612793
QCY: testing step3530   2023-07-19 10:41:26.217849
QCY: testing step3540   2023-07-19 10:41:28.872419
QCY: testing step3550   2023-07-19 10:41:31.504438
QCY: testing step3560   2023-07-19 10:41:34.112145
QCY: testing step3570   2023-07-19 10:41:36.739619
QCY: testing step3580   2023-07-19 10:41:39.341729
QCY: testing step3590   2023-07-19 10:41:41.997575
2023-07-19 10:41:44 (INFO): Final Travel Time is 681.9655, mean rewards: -3313.4778, queue: 64.6229, delay: 6.1625, throughput: 3648
2023-07-19 10:41:44 (INFO): Total time taken: 526.2987780570984
