nohup: ignoring input
QCY: cuda is not available
YQC: you will use sumo~
building world...
intersection intersection_3_3 malfunction~~~
intersection intersection_3_6 malfunction~~~
intersection intersection_5_3 malfunction~~~
intersection intersection_5_6 malfunction~~~
Connection ID debug
QCY: agent: SOTL Agent has no Network model
QCY: num_agent:  49
QCY: model_mapping setting name:  sotl
QCY: task_mapping:  {'base': <class 'task.task.BaseTask'>, 'tsc': <class 'task.task.TSCTask'>}
QCY: GPU: -1
QCY: model_mapping setting train_model:  False
QCY: model_mapping setting test_model:  True
intersection intersection_3_3 malfunction~~~
intersection intersection_3_6 malfunction~~~
intersection intersection_5_3 malfunction~~~
intersection intersection_5_6 malfunction~~~
QCY: testing step0   2023-07-19 10:34:10.811607
QCY: testing step10   2023-07-19 10:34:10.975185
QCY: testing step20   2023-07-19 10:34:11.175265
QCY: testing step30   2023-07-19 10:34:11.329721
QCY: testing step40   2023-07-19 10:34:11.477548
QCY: testing step50   2023-07-19 10:34:11.641983
QCY: testing step60   2023-07-19 10:34:11.810276
QCY: testing step70   2023-07-19 10:34:12.006155
QCY: testing step80   2023-07-19 10:34:12.200080
QCY: testing step90   2023-07-19 10:34:12.411847
QCY: testing step100   2023-07-19 10:34:12.623764
QCY: testing step110   2023-07-19 10:34:12.841382
QCY: testing step120   2023-07-19 10:34:13.070020
QCY: testing step130   2023-07-19 10:34:13.312012
QCY: testing step140   2023-07-19 10:34:13.549540
QCY: testing step150   2023-07-19 10:34:13.792407
QCY: testing step160   2023-07-19 10:34:14.051678
QCY: testing step170   2023-07-19 10:34:14.324512
QCY: testing step180   2023-07-19 10:34:14.594960
QCY: testing step190   2023-07-19 10:34:14.896448
QCY: testing step200   2023-07-19 10:34:15.170015
QCY: testing step210   2023-07-19 10:34:15.520013
QCY: testing step220   2023-07-19 10:34:15.805690
QCY: testing step230   2023-07-19 10:34:16.094363
QCY: testing step240   2023-07-19 10:34:16.403276
QCY: testing step250   2023-07-19 10:34:16.714116
QCY: testing step260   2023-07-19 10:34:17.033124
QCY: testing step270   2023-07-19 10:34:17.367097
QCY: testing step280   2023-07-19 10:34:17.699836
QCY: testing step290   2023-07-19 10:34:18.035972
QCY: testing step300   2023-07-19 10:34:18.403055
QCY: testing step310   2023-07-19 10:34:18.756940
QCY: testing step320   2023-07-19 10:34:19.141414
QCY: testing step330   2023-07-19 10:34:19.601975
QCY: testing step340   2023-07-19 10:34:20.007712
QCY: testing step350   2023-07-19 10:34:20.382149
QCY: testing step360   2023-07-19 10:34:20.769112
QCY: testing step370   2023-07-19 10:34:21.159060
QCY: testing step380   2023-07-19 10:34:21.548824
QCY: testing step390   2023-07-19 10:34:22.026587
QCY: testing step400   2023-07-19 10:34:22.431944
QCY: testing step410   2023-07-19 10:34:22.919347
QCY: testing step420   2023-07-19 10:34:23.366798
QCY: testing step430   2023-07-19 10:34:23.803816
QCY: testing step440   2023-07-19 10:34:24.247811
QCY: testing step450   2023-07-19 10:34:24.688357
QCY: testing step460   2023-07-19 10:34:25.148137
QCY: testing step470   2023-07-19 10:34:25.620495
QCY: testing step480   2023-07-19 10:34:26.095150
QCY: testing step490   2023-07-19 10:34:26.569677
QCY: testing step500   2023-07-19 10:34:27.069765
QCY: testing step510   2023-07-19 10:34:27.578259
QCY: testing step520   2023-07-19 10:34:28.112614
QCY: testing step530   2023-07-19 10:34:28.607678
QCY: testing step540   2023-07-19 10:34:29.097608
QCY: testing step550   2023-07-19 10:34:29.616368
QCY: testing step560   2023-07-19 10:34:30.157013
QCY: testing step570   2023-07-19 10:34:30.696025
QCY: testing step580   2023-07-19 10:34:31.229660
QCY: testing step590   2023-07-19 10:34:31.775871
QCY: testing step600   2023-07-19 10:34:32.329546
QCY: testing step610   2023-07-19 10:34:32.952654
QCY: testing step620   2023-07-19 10:34:33.541341
QCY: testing step630   2023-07-19 10:34:34.122003
QCY: testing step640   2023-07-19 10:34:34.705580
QCY: testing step650   2023-07-19 10:34:35.304121
QCY: testing step660   2023-07-19 10:34:35.903704
QCY: testing step670   2023-07-19 10:34:36.518274
QCY: testing step680   2023-07-19 10:34:37.143694
QCY: testing step690   2023-07-19 10:34:37.772030
QCY: testing step700   2023-07-19 10:34:38.418027
QCY: testing step710   2023-07-19 10:34:39.059214
QCY: testing step720   2023-07-19 10:34:39.710361
QCY: testing step730   2023-07-19 10:34:40.371739
QCY: testing step740   2023-07-19 10:34:41.064662
QCY: testing step750   2023-07-19 10:34:41.819236
QCY: testing step760   2023-07-19 10:34:42.565732
QCY: testing step770   2023-07-19 10:34:43.389114
QCY: testing step780   2023-07-19 10:34:44.116162
QCY: testing step790   2023-07-19 10:34:44.833021
QCY: testing step800   2023-07-19 10:34:45.580436
QCY: testing step810   2023-07-19 10:34:46.379011
QCY: testing step820   2023-07-19 10:34:47.122906
QCY: testing step830   2023-07-19 10:34:47.885069
QCY: testing step840   2023-07-19 10:34:48.642279
QCY: testing step850   2023-07-19 10:34:49.415626
QCY: testing step860   2023-07-19 10:34:50.212152
QCY: testing step870   2023-07-19 10:34:51.032656
QCY: testing step880   2023-07-19 10:34:51.858323
QCY: testing step890   2023-07-19 10:34:52.685236
QCY: testing step900   2023-07-19 10:34:53.517161
QCY: testing step910   2023-07-19 10:34:54.387678
QCY: testing step920   2023-07-19 10:34:55.235888
QCY: testing step930   2023-07-19 10:34:56.089498
QCY: testing step940   2023-07-19 10:34:56.943731
QCY: testing step950   2023-07-19 10:34:57.807803
QCY: testing step960   2023-07-19 10:34:58.685367
QCY: testing step970   2023-07-19 10:34:59.694657
QCY: testing step980   2023-07-19 10:35:00.602787
QCY: testing step990   2023-07-19 10:35:01.508930
QCY: testing step1000   2023-07-19 10:35:02.421261
QCY: testing step1010   2023-07-19 10:35:03.404109
QCY: testing step1020   2023-07-19 10:35:04.305569
QCY: testing step1030   2023-07-19 10:35:05.240746
QCY: testing step1040   2023-07-19 10:35:06.175356
QCY: testing step1050   2023-07-19 10:35:07.113692
QCY: testing step1060   2023-07-19 10:35:08.065101
QCY: testing step1070   2023-07-19 10:35:09.017320
QCY: testing step1080   2023-07-19 10:35:09.996877
QCY: testing step1090   2023-07-19 10:35:10.973959
QCY: testing step1100   2023-07-19 10:35:11.958739
QCY: testing step1110   2023-07-19 10:35:12.957698
QCY: testing step1120   2023-07-19 10:35:13.950403
QCY: testing step1130   2023-07-19 10:35:14.968897
QCY: testing step1140   2023-07-19 10:35:16.039390
QCY: testing step1150   2023-07-19 10:35:17.067790
QCY: testing step1160   2023-07-19 10:35:18.106196
QCY: testing step1170   2023-07-19 10:35:19.164424
QCY: testing step1180   2023-07-19 10:35:20.240195
QCY: testing step1190   2023-07-19 10:35:21.309119
QCY: testing step1200   2023-07-19 10:35:22.384610
QCY: testing step1210   2023-07-19 10:35:23.522624
QCY: testing step1220   2023-07-19 10:35:24.594691
QCY: testing step1230   2023-07-19 10:35:25.696977
QCY: testing step1240   2023-07-19 10:35:26.786305
QCY: testing step1250   2023-07-19 10:35:27.874153
QCY: testing step1260   2023-07-19 10:35:28.980326
QCY: testing step1270   2023-07-19 10:35:30.100987
QCY: testing step1280   2023-07-19 10:35:31.223088
QCY: testing step1290   2023-07-19 10:35:32.322800
QCY: testing step1300   2023-07-19 10:35:33.439613
QCY: testing step1310   2023-07-19 10:35:34.536159
QCY: testing step1320   2023-07-19 10:35:35.659082
QCY: testing step1330   2023-07-19 10:35:36.773243
QCY: testing step1340   2023-07-19 10:35:37.919687
QCY: testing step1350   2023-07-19 10:35:39.070262
QCY: testing step1360   2023-07-19 10:35:40.202099
QCY: testing step1370   2023-07-19 10:35:41.335654
QCY: testing step1380   2023-07-19 10:35:42.490419
QCY: testing step1390   2023-07-19 10:35:43.647164
QCY: testing step1400   2023-07-19 10:35:44.867305
QCY: testing step1410   2023-07-19 10:35:46.133541
QCY: testing step1420   2023-07-19 10:35:47.314942
QCY: testing step1430   2023-07-19 10:35:48.501730
QCY: testing step1440   2023-07-19 10:35:49.704941
QCY: testing step1450   2023-07-19 10:35:50.933737
QCY: testing step1460   2023-07-19 10:35:52.201619
QCY: testing step1470   2023-07-19 10:35:53.448918
QCY: testing step1480   2023-07-19 10:35:54.699925
QCY: testing step1490   2023-07-19 10:35:55.962362
QCY: testing step1500   2023-07-19 10:35:57.226522
QCY: testing step1510   2023-07-19 10:35:58.499793
QCY: testing step1520   2023-07-19 10:35:59.756806
QCY: testing step1530   2023-07-19 10:36:01.023106
QCY: testing step1540   2023-07-19 10:36:02.401345
QCY: testing step1550   2023-07-19 10:36:03.661943
QCY: testing step1560   2023-07-19 10:36:04.913851
QCY: testing step1570   2023-07-19 10:36:06.177366
QCY: testing step1580   2023-07-19 10:36:07.438444
QCY: testing step1590   2023-07-19 10:36:08.702845
QCY: testing step1600   2023-07-19 10:36:09.962537
QCY: testing step1610   2023-07-19 10:36:11.301838
QCY: testing step1620   2023-07-19 10:36:12.610421
QCY: testing step1630   2023-07-19 10:36:13.926451
QCY: testing step1640   2023-07-19 10:36:15.251885
QCY: testing step1650   2023-07-19 10:36:16.605407
QCY: testing step1660   2023-07-19 10:36:17.972602
QCY: testing step1670   2023-07-19 10:36:19.372964
QCY: testing step1680   2023-07-19 10:36:20.740169
QCY: testing step1690   2023-07-19 10:36:22.107634
QCY: testing step1700   2023-07-19 10:36:23.473741
QCY: testing step1710   2023-07-19 10:36:24.862026
QCY: testing step1720   2023-07-19 10:36:26.273400
QCY: testing step1730   2023-07-19 10:36:27.666669
QCY: testing step1740   2023-07-19 10:36:29.076169
QCY: testing step1750   2023-07-19 10:36:30.486304
QCY: testing step1760   2023-07-19 10:36:31.922983
QCY: testing step1770   2023-07-19 10:36:33.358014
QCY: testing step1780   2023-07-19 10:36:34.771463
QCY: testing step1790   2023-07-19 10:36:36.210876
QCY: testing step1800   2023-07-19 10:36:37.629584
QCY: testing step1810   2023-07-19 10:36:39.118759
QCY: testing step1820   2023-07-19 10:36:40.549896
QCY: testing step1830   2023-07-19 10:36:42.009417
QCY: testing step1840   2023-07-19 10:36:43.456502
QCY: testing step1850   2023-07-19 10:36:44.893500
QCY: testing step1860   2023-07-19 10:36:46.326073
QCY: testing step1870   2023-07-19 10:36:47.772286
QCY: testing step1880   2023-07-19 10:36:49.236742
QCY: testing step1890   2023-07-19 10:36:50.698604
QCY: testing step1900   2023-07-19 10:36:52.212461
QCY: testing step1910   2023-07-19 10:36:53.718095
QCY: testing step1920   2023-07-19 10:36:55.223407
QCY: testing step1930   2023-07-19 10:36:56.784855
QCY: testing step1940   2023-07-19 10:36:58.348638
QCY: testing step1950   2023-07-19 10:36:59.948730
QCY: testing step1960   2023-07-19 10:37:01.550688
QCY: testing step1970   2023-07-19 10:37:03.172053
QCY: testing step1980   2023-07-19 10:37:04.791194
QCY: testing step1990   2023-07-19 10:37:06.415850
QCY: testing step2000   2023-07-19 10:37:08.011678
QCY: testing step2010   2023-07-19 10:37:09.690244
QCY: testing step2020   2023-07-19 10:37:11.320249
QCY: testing step2030   2023-07-19 10:37:12.913969
QCY: testing step2040   2023-07-19 10:37:14.531824
QCY: testing step2050   2023-07-19 10:37:16.238138
QCY: testing step2060   2023-07-19 10:37:17.862013
QCY: testing step2070   2023-07-19 10:37:19.473245
QCY: testing step2080   2023-07-19 10:37:21.122546
QCY: testing step2090   2023-07-19 10:37:22.798157
QCY: testing step2100   2023-07-19 10:37:24.462756
QCY: testing step2110   2023-07-19 10:37:26.199897
QCY: testing step2120   2023-07-19 10:37:27.876592
QCY: testing step2130   2023-07-19 10:37:29.581208
QCY: testing step2140   2023-07-19 10:37:31.307161
QCY: testing step2150   2023-07-19 10:37:33.042724
QCY: testing step2160   2023-07-19 10:37:34.799263
QCY: testing step2170   2023-07-19 10:37:36.460200
QCY: testing step2180   2023-07-19 10:37:38.163069
QCY: testing step2190   2023-07-19 10:37:39.818375
QCY: testing step2200   2023-07-19 10:37:41.491058
QCY: testing step2210   2023-07-19 10:37:43.216871
QCY: testing step2220   2023-07-19 10:37:44.911055
QCY: testing step2230   2023-07-19 10:37:46.622574
QCY: testing step2240   2023-07-19 10:37:48.440538
QCY: testing step2250   2023-07-19 10:37:50.124062
QCY: testing step2260   2023-07-19 10:37:51.845364
QCY: testing step2270   2023-07-19 10:37:53.562983
QCY: testing step2280   2023-07-19 10:37:55.304448
QCY: testing step2290   2023-07-19 10:37:57.057410
QCY: testing step2300   2023-07-19 10:37:58.816415
QCY: testing step2310   2023-07-19 10:38:00.584462
QCY: testing step2320   2023-07-19 10:38:02.377743
QCY: testing step2330   2023-07-19 10:38:04.297474
QCY: testing step2340   2023-07-19 10:38:06.143487
QCY: testing step2350   2023-07-19 10:38:08.014168
QCY: testing step2360   2023-07-19 10:38:09.934007
QCY: testing step2370   2023-07-19 10:38:11.715115
QCY: testing step2380   2023-07-19 10:38:13.499167
QCY: testing step2390   2023-07-19 10:38:15.299862
QCY: testing step2400   2023-07-19 10:38:17.127251
QCY: testing step2410   2023-07-19 10:38:19.021108
QCY: testing step2420   2023-07-19 10:38:20.836560
QCY: testing step2430   2023-07-19 10:38:22.654977
QCY: testing step2440   2023-07-19 10:38:24.464652
QCY: testing step2450   2023-07-19 10:38:26.345957
QCY: testing step2460   2023-07-19 10:38:28.221593
QCY: testing step2470   2023-07-19 10:38:30.090800
QCY: testing step2480   2023-07-19 10:38:32.006433
QCY: testing step2490   2023-07-19 10:38:33.844721
QCY: testing step2500   2023-07-19 10:38:35.730958
QCY: testing step2510   2023-07-19 10:38:37.644424
QCY: testing step2520   2023-07-19 10:38:39.516110
QCY: testing step2530   2023-07-19 10:38:41.399878
QCY: testing step2540   2023-07-19 10:38:43.275128
QCY: testing step2550   2023-07-19 10:38:45.244962
QCY: testing step2560   2023-07-19 10:38:47.109873
QCY: testing step2570   2023-07-19 10:38:48.986787
QCY: testing step2580   2023-07-19 10:38:50.889498
QCY: testing step2590   2023-07-19 10:38:52.931278
QCY: testing step2600   2023-07-19 10:38:54.855426
QCY: testing step2610   2023-07-19 10:38:56.854511
QCY: testing step2620   2023-07-19 10:38:58.765547
QCY: testing step2630   2023-07-19 10:39:00.671313
QCY: testing step2640   2023-07-19 10:39:02.591150
QCY: testing step2650   2023-07-19 10:39:04.535259
QCY: testing step2660   2023-07-19 10:39:06.511334
QCY: testing step2670   2023-07-19 10:39:08.448723
QCY: testing step2680   2023-07-19 10:39:10.432004
QCY: testing step2690   2023-07-19 10:39:12.418729
QCY: testing step2700   2023-07-19 10:39:14.481132
QCY: testing step2710   2023-07-19 10:39:16.512271
QCY: testing step2720   2023-07-19 10:39:18.555420
QCY: testing step2730   2023-07-19 10:39:20.603221
QCY: testing step2740   2023-07-19 10:39:22.663656
QCY: testing step2750   2023-07-19 10:39:24.708058
QCY: testing step2760   2023-07-19 10:39:26.766644
QCY: testing step2770   2023-07-19 10:39:28.880199
QCY: testing step2780   2023-07-19 10:39:30.936691
QCY: testing step2790   2023-07-19 10:39:33.037068
QCY: testing step2800   2023-07-19 10:39:35.112968
QCY: testing step2810   2023-07-19 10:39:37.267945
QCY: testing step2820   2023-07-19 10:39:39.389192
QCY: testing step2830   2023-07-19 10:39:41.517591
QCY: testing step2840   2023-07-19 10:39:43.671968
QCY: testing step2850   2023-07-19 10:39:45.822843
QCY: testing step2860   2023-07-19 10:39:47.928948
QCY: testing step2870   2023-07-19 10:39:50.016598
QCY: testing step2880   2023-07-19 10:39:52.152297
QCY: testing step2890   2023-07-19 10:39:54.302476
QCY: testing step2900   2023-07-19 10:39:56.554593
QCY: testing step2910   2023-07-19 10:39:58.734371
QCY: testing step2920   2023-07-19 10:40:01.047702
QCY: testing step2930   2023-07-19 10:40:03.305492
QCY: testing step2940   2023-07-19 10:40:05.667032
QCY: testing step2950   2023-07-19 10:40:07.900365
QCY: testing step2960   2023-07-19 10:40:10.136156
QCY: testing step2970   2023-07-19 10:40:12.403503
QCY: testing step2980   2023-07-19 10:40:14.630874
QCY: testing step2990   2023-07-19 10:40:16.909231
QCY: testing step3000   2023-07-19 10:40:19.147046
QCY: testing step3010   2023-07-19 10:40:21.428861
QCY: testing step3020   2023-07-19 10:40:23.664014
QCY: testing step3030   2023-07-19 10:40:25.932403
QCY: testing step3040   2023-07-19 10:40:28.316627
QCY: testing step3050   2023-07-19 10:40:30.719904
QCY: testing step3060   2023-07-19 10:40:33.018645
QCY: testing step3070   2023-07-19 10:40:35.374266
QCY: testing step3080   2023-07-19 10:40:37.644358
QCY: testing step3090   2023-07-19 10:40:39.955634
QCY: testing step3100   2023-07-19 10:40:42.346508
QCY: testing step3110   2023-07-19 10:40:44.697280
QCY: testing step3120   2023-07-19 10:40:47.064060
QCY: testing step3130   2023-07-19 10:40:49.477501
QCY: testing step3140   2023-07-19 10:40:51.877096
QCY: testing step3150   2023-07-19 10:40:54.261115
QCY: testing step3160   2023-07-19 10:40:56.613780
QCY: testing step3170   2023-07-19 10:40:58.956942
QCY: testing step3180   2023-07-19 10:41:01.291653
QCY: testing step3190   2023-07-19 10:41:03.679721
QCY: testing step3200   2023-07-19 10:41:06.100618
QCY: testing step3210   2023-07-19 10:41:08.559692
QCY: testing step3220   2023-07-19 10:41:10.955580
QCY: testing step3230   2023-07-19 10:41:13.308531
QCY: testing step3240   2023-07-19 10:41:15.647868
QCY: testing step3250   2023-07-19 10:41:17.987930
QCY: testing step3260   2023-07-19 10:41:20.323858
QCY: testing step3270   2023-07-19 10:41:22.642823
QCY: testing step3280   2023-07-19 10:41:25.004847
QCY: testing step3290   2023-07-19 10:41:27.371363
QCY: testing step3300   2023-07-19 10:41:29.738170
QCY: testing step3310   2023-07-19 10:41:32.107834
QCY: testing step3320   2023-07-19 10:41:34.450259
QCY: testing step3330   2023-07-19 10:41:36.825340
QCY: testing step3340   2023-07-19 10:41:39.184430
QCY: testing step3350   2023-07-19 10:41:41.545353
QCY: testing step3360   2023-07-19 10:41:43.938519
QCY: testing step3370   2023-07-19 10:41:46.405629
QCY: testing step3380   2023-07-19 10:41:48.786268
QCY: testing step3390   2023-07-19 10:41:51.088086
QCY: testing step3400   2023-07-19 10:41:53.363300
QCY: testing step3410   2023-07-19 10:41:55.787950
QCY: testing step3420   2023-07-19 10:41:58.612270
QCY: testing step3430   2023-07-19 10:42:00.993715
QCY: testing step3440   2023-07-19 10:42:03.356807
QCY: testing step3450   2023-07-19 10:42:05.705874
QCY: testing step3460   2023-07-19 10:42:08.105772
QCY: testing step3470   2023-07-19 10:42:10.491268
QCY: testing step3480   2023-07-19 10:42:12.847645
QCY: testing step3490   2023-07-19 10:42:15.259570
QCY: testing step3500   2023-07-19 10:42:17.682442
QCY: testing step3510   2023-07-19 10:42:20.108285
QCY: testing step3520   2023-07-19 10:42:22.543505
QCY: testing step3530   2023-07-19 10:42:25.006505
QCY: testing step3540   2023-07-19 10:42:27.449245
QCY: testing step3550   2023-07-19 10:42:29.751836
QCY: testing step3560   2023-07-19 10:42:32.054753
QCY: testing step3570   2023-07-19 10:42:34.393002
QCY: testing step3580   2023-07-19 10:42:36.710196
QCY: testing step3590   2023-07-19 10:42:39.036824
2023-07-19 10:42:41 (INFO): Final Travel Time is 631.4184, mean rewards: -3139.5038, queue: 64.2067, delay: 5.5537, throughput: 2885
2023-07-19 10:42:41 (INFO): Total time taken: 511.17989110946655
