nohup: ignoring input
QCY: cuda is not available
YQC: you will use sumo~
building world...
Connection ID debug
QCY: agent: SOTL Agent has no Network model
QCY: num_agent:  49
QCY: model_mapping setting name:  sotl
QCY: task_mapping:  {'base': <class 'task.task.BaseTask'>, 'tsc': <class 'task.task.TSCTask'>}
QCY: GPU: -1
QCY: model_mapping setting train_model:  False
QCY: model_mapping setting test_model:  True
QCY: testing step0   2023-07-19 10:32:41.752500
QCY: testing step10   2023-07-19 10:32:41.906594
QCY: testing step20   2023-07-19 10:32:42.035012
QCY: testing step30   2023-07-19 10:32:42.164587
QCY: testing step40   2023-07-19 10:32:42.297929
QCY: testing step50   2023-07-19 10:32:42.436248
QCY: testing step60   2023-07-19 10:32:42.579826
QCY: testing step70   2023-07-19 10:32:42.733640
QCY: testing step80   2023-07-19 10:32:42.891001
QCY: testing step90   2023-07-19 10:32:43.061711
QCY: testing step100   2023-07-19 10:32:43.238781
QCY: testing step110   2023-07-19 10:32:43.423124
QCY: testing step120   2023-07-19 10:32:43.604628
QCY: testing step130   2023-07-19 10:32:43.795822
QCY: testing step140   2023-07-19 10:32:43.991864
QCY: testing step150   2023-07-19 10:32:44.201098
QCY: testing step160   2023-07-19 10:32:44.408691
QCY: testing step170   2023-07-19 10:32:44.622174
QCY: testing step180   2023-07-19 10:32:44.843010
QCY: testing step190   2023-07-19 10:32:45.072062
QCY: testing step200   2023-07-19 10:32:45.312902
QCY: testing step210   2023-07-19 10:32:45.611672
QCY: testing step220   2023-07-19 10:32:45.857021
QCY: testing step230   2023-07-19 10:32:46.110687
QCY: testing step240   2023-07-19 10:32:46.377719
QCY: testing step250   2023-07-19 10:32:46.645070
QCY: testing step260   2023-07-19 10:32:46.920284
QCY: testing step270   2023-07-19 10:32:47.213538
QCY: testing step280   2023-07-19 10:32:47.504243
QCY: testing step290   2023-07-19 10:32:47.814234
QCY: testing step300   2023-07-19 10:32:48.118443
QCY: testing step310   2023-07-19 10:32:48.435265
QCY: testing step320   2023-07-19 10:32:48.746732
QCY: testing step330   2023-07-19 10:32:49.077150
QCY: testing step340   2023-07-19 10:32:49.409103
QCY: testing step350   2023-07-19 10:32:49.737757
QCY: testing step360   2023-07-19 10:32:50.079830
QCY: testing step370   2023-07-19 10:32:50.424262
QCY: testing step380   2023-07-19 10:32:50.780810
QCY: testing step390   2023-07-19 10:32:51.183941
QCY: testing step400   2023-07-19 10:32:51.571701
QCY: testing step410   2023-07-19 10:32:52.060847
QCY: testing step420   2023-07-19 10:32:52.493825
QCY: testing step430   2023-07-19 10:32:52.914696
QCY: testing step440   2023-07-19 10:32:53.342249
QCY: testing step450   2023-07-19 10:32:53.759614
QCY: testing step460   2023-07-19 10:32:54.201396
QCY: testing step470   2023-07-19 10:32:54.710410
QCY: testing step480   2023-07-19 10:32:55.153725
QCY: testing step490   2023-07-19 10:32:55.609609
QCY: testing step500   2023-07-19 10:32:56.072231
QCY: testing step510   2023-07-19 10:32:56.541470
QCY: testing step520   2023-07-19 10:32:57.019247
QCY: testing step530   2023-07-19 10:32:57.489158
QCY: testing step540   2023-07-19 10:32:57.957819
QCY: testing step550   2023-07-19 10:32:58.421986
QCY: testing step560   2023-07-19 10:32:58.928813
QCY: testing step570   2023-07-19 10:32:59.413299
QCY: testing step580   2023-07-19 10:32:59.906321
QCY: testing step590   2023-07-19 10:33:00.426720
QCY: testing step600   2023-07-19 10:33:00.937001
QCY: testing step610   2023-07-19 10:33:01.528715
QCY: testing step620   2023-07-19 10:33:02.054713
QCY: testing step630   2023-07-19 10:33:02.581222
QCY: testing step640   2023-07-19 10:33:03.119606
QCY: testing step650   2023-07-19 10:33:03.666688
QCY: testing step660   2023-07-19 10:33:04.210790
QCY: testing step670   2023-07-19 10:33:04.757415
QCY: testing step680   2023-07-19 10:33:05.313383
QCY: testing step690   2023-07-19 10:33:05.878821
QCY: testing step700   2023-07-19 10:33:06.419386
QCY: testing step710   2023-07-19 10:33:06.977569
QCY: testing step720   2023-07-19 10:33:07.577518
QCY: testing step730   2023-07-19 10:33:08.190715
QCY: testing step740   2023-07-19 10:33:08.827861
QCY: testing step750   2023-07-19 10:33:09.483490
QCY: testing step760   2023-07-19 10:33:10.122216
QCY: testing step770   2023-07-19 10:33:10.847930
QCY: testing step780   2023-07-19 10:33:11.509618
QCY: testing step790   2023-07-19 10:33:12.180113
QCY: testing step800   2023-07-19 10:33:12.851547
QCY: testing step810   2023-07-19 10:33:13.588750
QCY: testing step820   2023-07-19 10:33:14.274706
QCY: testing step830   2023-07-19 10:33:14.942859
QCY: testing step840   2023-07-19 10:33:15.648622
QCY: testing step850   2023-07-19 10:33:16.351401
QCY: testing step860   2023-07-19 10:33:17.050424
QCY: testing step870   2023-07-19 10:33:17.731461
QCY: testing step880   2023-07-19 10:33:18.425744
QCY: testing step890   2023-07-19 10:33:19.159830
QCY: testing step900   2023-07-19 10:33:19.888079
QCY: testing step910   2023-07-19 10:33:20.669986
QCY: testing step920   2023-07-19 10:33:21.433397
QCY: testing step930   2023-07-19 10:33:22.309894
QCY: testing step940   2023-07-19 10:33:23.108777
QCY: testing step950   2023-07-19 10:33:23.862176
QCY: testing step960   2023-07-19 10:33:24.633862
QCY: testing step970   2023-07-19 10:33:25.424046
QCY: testing step980   2023-07-19 10:33:26.214674
QCY: testing step990   2023-07-19 10:33:27.008209
QCY: testing step1000   2023-07-19 10:33:27.809776
QCY: testing step1010   2023-07-19 10:33:28.679647
QCY: testing step1020   2023-07-19 10:33:29.487704
QCY: testing step1030   2023-07-19 10:33:30.308372
QCY: testing step1040   2023-07-19 10:33:31.123574
QCY: testing step1050   2023-07-19 10:33:31.936169
QCY: testing step1060   2023-07-19 10:33:32.753755
QCY: testing step1070   2023-07-19 10:33:33.584268
QCY: testing step1080   2023-07-19 10:33:34.435668
QCY: testing step1090   2023-07-19 10:33:35.285529
QCY: testing step1100   2023-07-19 10:33:36.136508
QCY: testing step1110   2023-07-19 10:33:36.997369
QCY: testing step1120   2023-07-19 10:33:37.866602
QCY: testing step1130   2023-07-19 10:33:38.746198
QCY: testing step1140   2023-07-19 10:33:39.640915
QCY: testing step1150   2023-07-19 10:33:40.522646
QCY: testing step1160   2023-07-19 10:33:41.388019
QCY: testing step1170   2023-07-19 10:33:42.255565
QCY: testing step1180   2023-07-19 10:33:43.128489
QCY: testing step1190   2023-07-19 10:33:44.002018
QCY: testing step1200   2023-07-19 10:33:44.884114
QCY: testing step1210   2023-07-19 10:33:45.832059
QCY: testing step1220   2023-07-19 10:33:46.721701
QCY: testing step1230   2023-07-19 10:33:47.623011
QCY: testing step1240   2023-07-19 10:33:48.517343
QCY: testing step1250   2023-07-19 10:33:49.416795
QCY: testing step1260   2023-07-19 10:33:50.329002
QCY: testing step1270   2023-07-19 10:33:51.236571
QCY: testing step1280   2023-07-19 10:33:52.159270
QCY: testing step1290   2023-07-19 10:33:53.071524
QCY: testing step1300   2023-07-19 10:33:53.994375
QCY: testing step1310   2023-07-19 10:33:54.926449
QCY: testing step1320   2023-07-19 10:33:55.863727
QCY: testing step1330   2023-07-19 10:33:56.825889
QCY: testing step1340   2023-07-19 10:33:57.806993
QCY: testing step1350   2023-07-19 10:33:58.813651
QCY: testing step1360   2023-07-19 10:33:59.826728
QCY: testing step1370   2023-07-19 10:34:00.967206
QCY: testing step1380   2023-07-19 10:34:01.994939
QCY: testing step1390   2023-07-19 10:34:03.024060
QCY: testing step1400   2023-07-19 10:34:04.083889
QCY: testing step1410   2023-07-19 10:34:05.226455
QCY: testing step1420   2023-07-19 10:34:06.358432
QCY: testing step1430   2023-07-19 10:34:07.427267
QCY: testing step1440   2023-07-19 10:34:08.515509
QCY: testing step1450   2023-07-19 10:34:09.611839
QCY: testing step1460   2023-07-19 10:34:10.692935
QCY: testing step1470   2023-07-19 10:34:11.849186
QCY: testing step1480   2023-07-19 10:34:12.924747
QCY: testing step1490   2023-07-19 10:34:14.024952
QCY: testing step1500   2023-07-19 10:34:15.141172
QCY: testing step1510   2023-07-19 10:34:16.264860
QCY: testing step1520   2023-07-19 10:34:17.384904
QCY: testing step1530   2023-07-19 10:34:18.522800
QCY: testing step1540   2023-07-19 10:34:19.670422
QCY: testing step1550   2023-07-19 10:34:20.831668
QCY: testing step1560   2023-07-19 10:34:22.291306
QCY: testing step1570   2023-07-19 10:34:23.485967
QCY: testing step1580   2023-07-19 10:34:24.707253
QCY: testing step1590   2023-07-19 10:34:25.933077
QCY: testing step1600   2023-07-19 10:34:27.136539
QCY: testing step1610   2023-07-19 10:34:28.460460
QCY: testing step1620   2023-07-19 10:34:29.763114
QCY: testing step1630   2023-07-19 10:34:30.968929
QCY: testing step1640   2023-07-19 10:34:32.197818
QCY: testing step1650   2023-07-19 10:34:33.417986
QCY: testing step1660   2023-07-19 10:34:34.675027
QCY: testing step1670   2023-07-19 10:34:35.938231
QCY: testing step1680   2023-07-19 10:34:37.158784
QCY: testing step1690   2023-07-19 10:34:38.475786
QCY: testing step1700   2023-07-19 10:34:39.790065
QCY: testing step1710   2023-07-19 10:34:41.120187
QCY: testing step1720   2023-07-19 10:34:42.358627
QCY: testing step1730   2023-07-19 10:34:43.631464
QCY: testing step1740   2023-07-19 10:34:44.860402
QCY: testing step1750   2023-07-19 10:34:46.119936
QCY: testing step1760   2023-07-19 10:34:47.414983
QCY: testing step1770   2023-07-19 10:34:48.677485
QCY: testing step1780   2023-07-19 10:34:50.004894
QCY: testing step1790   2023-07-19 10:34:51.298609
QCY: testing step1800   2023-07-19 10:34:52.612641
QCY: testing step1810   2023-07-19 10:34:53.970668
QCY: testing step1820   2023-07-19 10:34:55.311458
QCY: testing step1830   2023-07-19 10:34:56.651709
QCY: testing step1840   2023-07-19 10:34:57.987436
QCY: testing step1850   2023-07-19 10:34:59.392381
QCY: testing step1860   2023-07-19 10:35:00.755341
QCY: testing step1870   2023-07-19 10:35:02.099885
QCY: testing step1880   2023-07-19 10:35:03.442528
QCY: testing step1890   2023-07-19 10:35:04.807937
QCY: testing step1900   2023-07-19 10:35:06.188295
QCY: testing step1910   2023-07-19 10:35:07.574044
QCY: testing step1920   2023-07-19 10:35:08.962381
QCY: testing step1930   2023-07-19 10:35:10.360156
QCY: testing step1940   2023-07-19 10:35:11.739267
QCY: testing step1950   2023-07-19 10:35:13.098836
QCY: testing step1960   2023-07-19 10:35:14.461008
QCY: testing step1970   2023-07-19 10:35:15.811419
QCY: testing step1980   2023-07-19 10:35:17.169628
QCY: testing step1990   2023-07-19 10:35:18.524794
QCY: testing step2000   2023-07-19 10:35:19.882374
QCY: testing step2010   2023-07-19 10:35:21.318045
QCY: testing step2020   2023-07-19 10:35:22.812999
QCY: testing step2030   2023-07-19 10:35:24.194100
QCY: testing step2040   2023-07-19 10:35:25.563296
QCY: testing step2050   2023-07-19 10:35:26.937899
QCY: testing step2060   2023-07-19 10:35:28.318823
QCY: testing step2070   2023-07-19 10:35:29.771392
QCY: testing step2080   2023-07-19 10:35:31.285696
QCY: testing step2090   2023-07-19 10:35:32.772068
QCY: testing step2100   2023-07-19 10:35:34.226786
QCY: testing step2110   2023-07-19 10:35:35.683383
QCY: testing step2120   2023-07-19 10:35:37.234141
QCY: testing step2130   2023-07-19 10:35:38.726806
QCY: testing step2140   2023-07-19 10:35:40.213495
QCY: testing step2150   2023-07-19 10:35:41.690319
QCY: testing step2160   2023-07-19 10:35:43.210143
QCY: testing step2170   2023-07-19 10:35:44.677645
QCY: testing step2180   2023-07-19 10:35:46.187902
QCY: testing step2190   2023-07-19 10:35:47.766347
QCY: testing step2200   2023-07-19 10:35:49.275921
QCY: testing step2210   2023-07-19 10:35:50.786828
QCY: testing step2220   2023-07-19 10:35:52.272981
QCY: testing step2230   2023-07-19 10:35:53.828656
QCY: testing step2240   2023-07-19 10:35:55.316909
QCY: testing step2250   2023-07-19 10:35:56.779568
QCY: testing step2260   2023-07-19 10:35:58.277800
QCY: testing step2270   2023-07-19 10:35:59.763937
QCY: testing step2280   2023-07-19 10:36:01.242844
QCY: testing step2290   2023-07-19 10:36:02.732612
QCY: testing step2300   2023-07-19 10:36:04.260068
QCY: testing step2310   2023-07-19 10:36:05.767401
QCY: testing step2320   2023-07-19 10:36:07.278062
QCY: testing step2330   2023-07-19 10:36:08.794406
QCY: testing step2340   2023-07-19 10:36:10.304529
QCY: testing step2350   2023-07-19 10:36:11.805679
QCY: testing step2360   2023-07-19 10:36:13.346876
QCY: testing step2370   2023-07-19 10:36:14.895794
QCY: testing step2380   2023-07-19 10:36:16.536671
QCY: testing step2390   2023-07-19 10:36:18.083595
QCY: testing step2400   2023-07-19 10:36:19.641837
QCY: testing step2410   2023-07-19 10:36:21.273755
QCY: testing step2420   2023-07-19 10:36:22.862871
QCY: testing step2430   2023-07-19 10:36:24.456025
QCY: testing step2440   2023-07-19 10:36:26.084591
QCY: testing step2450   2023-07-19 10:36:27.740010
QCY: testing step2460   2023-07-19 10:36:29.390074
QCY: testing step2470   2023-07-19 10:36:31.033028
QCY: testing step2480   2023-07-19 10:36:32.674272
QCY: testing step2490   2023-07-19 10:36:34.384594
QCY: testing step2500   2023-07-19 10:36:36.075255
QCY: testing step2510   2023-07-19 10:36:37.733270
QCY: testing step2520   2023-07-19 10:36:39.476918
QCY: testing step2530   2023-07-19 10:36:41.240251
QCY: testing step2540   2023-07-19 10:36:42.944608
QCY: testing step2550   2023-07-19 10:36:44.681642
QCY: testing step2560   2023-07-19 10:36:46.413029
QCY: testing step2570   2023-07-19 10:36:48.212622
QCY: testing step2580   2023-07-19 10:36:49.945850
QCY: testing step2590   2023-07-19 10:36:51.690330
QCY: testing step2600   2023-07-19 10:36:53.441279
QCY: testing step2610   2023-07-19 10:36:55.288690
QCY: testing step2620   2023-07-19 10:36:57.065893
QCY: testing step2630   2023-07-19 10:36:58.833472
QCY: testing step2640   2023-07-19 10:37:00.715169
QCY: testing step2650   2023-07-19 10:37:02.574267
QCY: testing step2660   2023-07-19 10:37:04.357694
QCY: testing step2670   2023-07-19 10:37:06.141559
QCY: testing step2680   2023-07-19 10:37:07.936953
QCY: testing step2690   2023-07-19 10:37:09.737100
QCY: testing step2700   2023-07-19 10:37:11.631737
QCY: testing step2710   2023-07-19 10:37:13.488591
QCY: testing step2720   2023-07-19 10:37:15.345197
QCY: testing step2730   2023-07-19 10:37:17.210901
QCY: testing step2740   2023-07-19 10:37:19.088445
QCY: testing step2750   2023-07-19 10:37:20.972577
QCY: testing step2760   2023-07-19 10:37:22.897469
QCY: testing step2770   2023-07-19 10:37:24.817465
QCY: testing step2780   2023-07-19 10:37:26.901593
QCY: testing step2790   2023-07-19 10:37:29.025588
QCY: testing step2800   2023-07-19 10:37:30.958999
QCY: testing step2810   2023-07-19 10:37:32.950672
QCY: testing step2820   2023-07-19 10:37:34.828557
QCY: testing step2830   2023-07-19 10:37:36.700532
QCY: testing step2840   2023-07-19 10:37:38.569694
QCY: testing step2850   2023-07-19 10:37:40.460141
QCY: testing step2860   2023-07-19 10:37:42.387853
QCY: testing step2870   2023-07-19 10:37:44.314572
QCY: testing step2880   2023-07-19 10:37:46.275991
QCY: testing step2890   2023-07-19 10:37:48.250643
QCY: testing step2900   2023-07-19 10:37:50.157183
QCY: testing step2910   2023-07-19 10:37:52.109780
QCY: testing step2920   2023-07-19 10:37:54.113270
QCY: testing step2930   2023-07-19 10:37:56.175034
QCY: testing step2940   2023-07-19 10:37:58.197706
QCY: testing step2950   2023-07-19 10:38:00.199897
QCY: testing step2960   2023-07-19 10:38:02.168198
QCY: testing step2970   2023-07-19 10:38:04.183730
QCY: testing step2980   2023-07-19 10:38:06.223036
QCY: testing step2990   2023-07-19 10:38:08.255274
QCY: testing step3000   2023-07-19 10:38:10.286258
QCY: testing step3010   2023-07-19 10:38:12.373004
QCY: testing step3020   2023-07-19 10:38:14.359900
QCY: testing step3030   2023-07-19 10:38:16.442720
QCY: testing step3040   2023-07-19 10:38:18.472695
QCY: testing step3050   2023-07-19 10:38:20.524147
QCY: testing step3060   2023-07-19 10:38:22.653978
QCY: testing step3070   2023-07-19 10:38:24.734431
QCY: testing step3080   2023-07-19 10:38:26.795407
QCY: testing step3090   2023-07-19 10:38:28.867859
QCY: testing step3100   2023-07-19 10:38:30.987283
QCY: testing step3110   2023-07-19 10:38:33.048090
QCY: testing step3120   2023-07-19 10:38:35.123135
QCY: testing step3130   2023-07-19 10:38:37.261819
QCY: testing step3140   2023-07-19 10:38:39.366760
QCY: testing step3150   2023-07-19 10:38:41.433061
QCY: testing step3160   2023-07-19 10:38:43.533254
QCY: testing step3170   2023-07-19 10:38:45.588232
QCY: testing step3180   2023-07-19 10:38:47.716240
QCY: testing step3190   2023-07-19 10:38:49.834152
QCY: testing step3200   2023-07-19 10:38:51.935067
QCY: testing step3210   2023-07-19 10:38:54.161876
QCY: testing step3220   2023-07-19 10:38:56.400842
QCY: testing step3230   2023-07-19 10:38:58.564283
QCY: testing step3240   2023-07-19 10:39:00.742516
QCY: testing step3250   2023-07-19 10:39:02.980485
QCY: testing step3260   2023-07-19 10:39:05.128996
QCY: testing step3270   2023-07-19 10:39:07.311188
QCY: testing step3280   2023-07-19 10:39:09.524667
QCY: testing step3290   2023-07-19 10:39:11.694111
QCY: testing step3300   2023-07-19 10:39:13.894802
QCY: testing step3310   2023-07-19 10:39:16.155315
QCY: testing step3320   2023-07-19 10:39:18.412532
QCY: testing step3330   2023-07-19 10:39:20.712651
QCY: testing step3340   2023-07-19 10:39:23.047430
QCY: testing step3350   2023-07-19 10:39:25.274233
QCY: testing step3360   2023-07-19 10:39:27.509255
QCY: testing step3370   2023-07-19 10:39:29.726871
QCY: testing step3380   2023-07-19 10:39:32.016049
QCY: testing step3390   2023-07-19 10:39:34.302324
QCY: testing step3400   2023-07-19 10:39:36.556939
QCY: testing step3410   2023-07-19 10:39:38.824533
QCY: testing step3420   2023-07-19 10:39:41.065966
QCY: testing step3430   2023-07-19 10:39:43.340017
QCY: testing step3440   2023-07-19 10:39:45.626320
QCY: testing step3450   2023-07-19 10:39:47.914362
QCY: testing step3460   2023-07-19 10:39:50.208425
QCY: testing step3470   2023-07-19 10:39:52.475996
QCY: testing step3480   2023-07-19 10:39:54.756620
QCY: testing step3490   2023-07-19 10:39:57.084991
QCY: testing step3500   2023-07-19 10:39:59.338282
QCY: testing step3510   2023-07-19 10:40:01.618346
QCY: testing step3520   2023-07-19 10:40:03.895637
QCY: testing step3530   2023-07-19 10:40:06.139696
QCY: testing step3540   2023-07-19 10:40:08.403113
QCY: testing step3550   2023-07-19 10:40:10.659740
QCY: testing step3560   2023-07-19 10:40:12.932449
QCY: testing step3570   2023-07-19 10:40:15.188006
QCY: testing step3580   2023-07-19 10:40:17.538124
QCY: testing step3590   2023-07-19 10:40:19.804876
2023-07-19 10:40:22 (INFO): Final Travel Time is 649.6729, mean rewards: -3036.4354, queue: 62.1020, delay: 5.4907, throughput: 3409
2023-07-19 10:40:22 (INFO): Total time taken: 460.9103558063507
